[0.110s] Invoking command in '/code/build/articubot_one': CMAKE_PREFIX_PATH=${CMAKE_PREFIX_PATH}:/opt/ros/humble /usr/bin/cmake /code/src/articubot_one -DCMAKE_INSTALL_PREFIX=/code/install/articubot_one
[0.696s] -- The C compiler identification is GNU 11.4.0
[1.093s] -- The CXX compiler identification is GNU 11.4.0
[1.152s] -- Detecting C compiler ABI info
[1.457s] -- Detecting C compiler ABI info - done
[1.475s] -- Check for working C compiler: /usr/bin/cc - skipped
[1.481s] -- Detecting C compile features
[1.484s] -- Detecting C compile features - done
[1.512s] -- Detecting CXX compiler ABI info
[1.818s] -- Detecting CXX compiler ABI info - done
[1.825s] -- Check for working CXX compiler: /usr/bin/c++ - skipped
[1.825s] -- Detecting CXX compile features
[1.826s] -- Detecting CXX compile features - done
[2.003s] -- Found ament_cmake: 1.3.12 (/opt/ros/humble/share/ament_cmake/cmake)
[2.320s] -- Found Python3: /usr/bin/python3 (found version "3.10.12") found components: Interpreter 
[2.594s] -- Found ament_lint_auto: 0.12.14 (/opt/ros/humble/share/ament_lint_auto/cmake)
[2.816s] -- Added test 'copyright' to check source files copyright and LICENSE
[2.843s] -- Added test 'flake8' to check Python code syntax and style conventions
[2.847s] -- Added test 'lint_cmake' to check CMake code style
[2.852s] -- Added test 'pep257' to check Python code against some of the docstring style conventions in PEP 257
[2.867s] -- Added test 'xmllint' to check XML markup files
[2.880s] -- Configuring done
[2.934s] -- Generating done
[2.951s] -- Build files have been written to: /code/build/articubot_one
[2.974s] Invoked command in '/code/build/articubot_one' returned '0': CMAKE_PREFIX_PATH=${CMAKE_PREFIX_PATH}:/opt/ros/humble /usr/bin/cmake /code/src/articubot_one -DCMAKE_INSTALL_PREFIX=/code/install/articubot_one
[2.983s] Invoking command in '/code/build/articubot_one': CMAKE_PREFIX_PATH=${CMAKE_PREFIX_PATH}:/opt/ros/humble /usr/bin/cmake --build /code/build/articubot_one -- -j12 -l12
[3.070s] Invoked command in '/code/build/articubot_one' returned '0': CMAKE_PREFIX_PATH=${CMAKE_PREFIX_PATH}:/opt/ros/humble /usr/bin/cmake --build /code/build/articubot_one -- -j12 -l12
[3.116s] Invoking command in '/code/build/articubot_one': CMAKE_PREFIX_PATH=${CMAKE_PREFIX_PATH}:/opt/ros/humble /usr/bin/cmake --install /code/build/articubot_one
[3.127s] -- Install configuration: ""
[3.129s] -- Installing: /code/install/articubot_one/share/articubot_one/config
[3.135s] -- Installing: /code/install/articubot_one/share/articubot_one/config/map.rviz
[3.138s] -- Installing: /code/install/articubot_one/share/articubot_one/config/view_bot.rviz
[3.139s] -- Installing: /code/install/articubot_one/share/articubot_one/config/main.rviz
[3.140s] -- Installing: /code/install/articubot_one/share/articubot_one/config/joystick.yaml
[3.142s] -- Installing: /code/install/articubot_one/share/articubot_one/config/ball_tracker_params_robot.yaml
[3.143s] -- Installing: /code/install/articubot_one/share/articubot_one/config/twist_mux.yaml
[3.154s] -- Installing: /code/install/articubot_one/share/articubot_one/config/empty.yaml
[3.159s] -- Installing: /code/install/articubot_one/share/articubot_one/config/gaz_ros2_ctl_use_sim.yaml
[3.160s] -- Installing: /code/install/articubot_one/share/articubot_one/config/drive_bot.rviz
[3.160s] -- Installing: /code/install/articubot_one/share/articubot_one/config/gazebo_params.yaml
[3.163s] -- Installing: /code/install/articubot_one/share/articubot_one/config/ball_tracker_params_sim.yaml
[3.164s] -- Installing: /code/install/articubot_one/share/articubot_one/config/nav2_params.yaml
[3.165s] -- Installing: /code/install/articubot_one/share/articubot_one/config/mapper_params_online_async.yaml
[3.167s] -- Installing: /code/install/articubot_one/share/articubot_one/config/my_controllers.yaml
[3.174s] -- Installing: /code/install/articubot_one/share/articubot_one/description
[3.174s] -- Installing: /code/install/articubot_one/share/articubot_one/description/face.xacro
[3.174s] -- Installing: /code/install/articubot_one/share/articubot_one/description/robot.urdf.xacro
[3.174s] -- Installing: /code/install/articubot_one/share/articubot_one/description/lidar.xacro
[3.174s] -- Installing: /code/install/articubot_one/share/articubot_one/description/ros2_control.xacro
[3.177s] -- Installing: /code/install/articubot_one/share/articubot_one/description/gazebo_control.xacro
[3.178s] -- Installing: /code/install/articubot_one/share/articubot_one/description/robot_core.xacro
[3.180s] -- Installing: /code/install/articubot_one/share/articubot_one/description/inertial_macros.xacro
[3.183s] -- Installing: /code/install/articubot_one/share/articubot_one/description/.lidar.xacro.swp
[3.190s] -- Installing: /code/install/articubot_one/share/articubot_one/description/camera.xacro
[3.192s] -- Installing: /code/install/articubot_one/share/articubot_one/description/depth_camera.xacro
[3.195s] -- Installing: /code/install/articubot_one/share/articubot_one/launch
[3.196s] -- Installing: /code/install/articubot_one/share/articubot_one/launch/navigation_launch.py
[3.200s] -- Installing: /code/install/articubot_one/share/articubot_one/launch/joystick.launch.py
[3.211s] -- Installing: /code/install/articubot_one/share/articubot_one/launch/camera.launch.py
[3.211s] -- Installing: /code/install/articubot_one/share/articubot_one/launch/launch_sim.launch.py
[3.211s] -- Installing: /code/install/articubot_one/share/articubot_one/launch/launch_robot.launch.py
[3.212s] -- Installing: /code/install/articubot_one/share/articubot_one/launch/rplidar.launch.py
[3.212s] -- Installing: /code/install/articubot_one/share/articubot_one/launch/.launch_sim.launch.py.swp
[3.218s] -- Installing: /code/install/articubot_one/share/articubot_one/launch/rsp.launch.py
[3.221s] -- Installing: /code/install/articubot_one/share/articubot_one/launch/online_async_launch.py
[3.222s] -- Installing: /code/install/articubot_one/share/articubot_one/launch/localization_launch.py
[3.223s] -- Installing: /code/install/articubot_one/share/articubot_one/launch/ball_tracker.launch.py
[3.224s] -- Installing: /code/install/articubot_one/share/articubot_one/worlds
[3.227s] -- Installing: /code/install/articubot_one/share/articubot_one/worlds/frames_2025-12-27_18.52.45.gv
[3.230s] -- Installing: /code/install/articubot_one/share/articubot_one/worlds/obstacles.sdf
[3.232s] -- Installing: /code/install/articubot_one/share/articubot_one/worlds/frames_2025-12-27_18.52.45.pdf
[3.234s] -- Installing: /code/install/articubot_one/share/articubot_one/worlds/empty.world
[3.235s] [31mCMake Error at cmake_install.cmake:46 (file):
[3.236s]   file INSTALL cannot find "/code/src/articubot_one/maps": No such file or
[3.236s]   directory.
[3.236s] 
[3.236s] [0m
[3.242s] Invoked command in '/code/build/articubot_one' returned '1': CMAKE_PREFIX_PATH=${CMAKE_PREFIX_PATH}:/opt/ros/humble /usr/bin/cmake --install /code/build/articubot_one
