[0.034s] Invoking command in '/code/build/articubot_one': CMAKE_PREFIX_PATH=/opt/ros/humble /usr/bin/cmake /code/src/articubot_one -DCMAKE_INSTALL_PREFIX=/code/install/articubot_one
[0.100s] -- The C compiler identification is GNU 11.4.0
[0.177s] -- The CXX compiler identification is GNU 11.4.0
[0.189s] -- Detecting C compiler ABI info
[0.285s] -- Detecting C compiler ABI info - done
[0.293s] -- Check for working C compiler: /usr/bin/cc - skipped
[0.293s] -- Detecting C compile features
[0.293s] -- Detecting C compile features - done
[0.297s] -- Detecting CXX compiler ABI info
[0.395s] -- Detecting CXX compiler ABI info - done
[0.400s] -- Check for working CXX compiler: /usr/bin/c++ - skipped
[0.401s] -- Detecting CXX compile features
[0.401s] -- Detecting CXX compile features - done
[0.408s] -- Found ament_cmake: 1.3.12 (/opt/ros/humble/share/ament_cmake/cmake)
[0.570s] -- Found Python3: /usr/bin/python3 (found version "3.10.12") found components: Interpreter 
[0.675s] -- Found ament_lint_auto: 0.12.14 (/opt/ros/humble/share/ament_lint_auto/cmake)
[0.756s] -- Added test 'copyright' to check source files copyright and LICENSE
[0.768s] -- Added test 'flake8' to check Python code syntax and style conventions
[0.770s] -- Added test 'lint_cmake' to check CMake code style
[0.771s] -- Added test 'pep257' to check Python code against some of the docstring style conventions in PEP 257
[0.777s] -- Added test 'xmllint' to check XML markup files
[0.780s] -- Configuring done
[0.789s] -- Generating done
[0.792s] -- Build files have been written to: /code/build/articubot_one
[0.798s] Invoked command in '/code/build/articubot_one' returned '0': CMAKE_PREFIX_PATH=/opt/ros/humble /usr/bin/cmake /code/src/articubot_one -DCMAKE_INSTALL_PREFIX=/code/install/articubot_one
[0.803s] Invoking command in '/code/build/articubot_one': CMAKE_PREFIX_PATH=/opt/ros/humble /usr/bin/cmake --build /code/build/articubot_one -- -j12 -l12
[0.848s] Invoked command in '/code/build/articubot_one' returned '0': CMAKE_PREFIX_PATH=/opt/ros/humble /usr/bin/cmake --build /code/build/articubot_one -- -j12 -l12
[0.861s] Invoking command in '/code/build/articubot_one': CMAKE_PREFIX_PATH=/opt/ros/humble /usr/bin/cmake --install /code/build/articubot_one
[0.868s] -- Install configuration: ""
[0.869s] -- Installing: /code/install/articubot_one/share/articubot_one/config
[0.870s] -- Installing: /code/install/articubot_one/share/articubot_one/config/map.rviz
[0.873s] -- Installing: /code/install/articubot_one/share/articubot_one/config/view_bot.rviz
[0.873s] -- Installing: /code/install/articubot_one/share/articubot_one/config/main.rviz
[0.873s] -- Installing: /code/install/articubot_one/share/articubot_one/config/joystick.yaml
[0.873s] -- Installing: /code/install/articubot_one/share/articubot_one/config/ball_tracker_params_robot.yaml
[0.873s] -- Installing: /code/install/articubot_one/share/articubot_one/config/twist_mux.yaml
[0.873s] -- Installing: /code/install/articubot_one/share/articubot_one/config/empty.yaml
[0.873s] -- Installing: /code/install/articubot_one/share/articubot_one/config/gaz_ros2_ctl_use_sim.yaml
[0.873s] -- Installing: /code/install/articubot_one/share/articubot_one/config/drive_bot.rviz
[0.873s] -- Installing: /code/install/articubot_one/share/articubot_one/config/gazebo_params.yaml
[0.873s] -- Installing: /code/install/articubot_one/share/articubot_one/config/ball_tracker_params_sim.yaml
[0.873s] -- Installing: /code/install/articubot_one/share/articubot_one/config/nav2_params.yaml
[0.873s] -- Installing: /code/install/articubot_one/share/articubot_one/config/mapper_params_online_async.yaml
[0.873s] -- Installing: /code/install/articubot_one/share/articubot_one/config/my_controllers.yaml
[0.873s] -- Installing: /code/install/articubot_one/share/articubot_one/description
[0.873s] -- Installing: /code/install/articubot_one/share/articubot_one/description/face.xacro
[0.874s] -- Installing: /code/install/articubot_one/share/articubot_one/description/robot.urdf.xacro
[0.874s] -- Installing: /code/install/articubot_one/share/articubot_one/description/lidar.xacro
[0.874s] -- Installing: /code/install/articubot_one/share/articubot_one/description/ros2_control.xacro
[0.874s] -- Installing: /code/install/articubot_one/share/articubot_one/description/gazebo_control.xacro
[0.875s] -- Installing: /code/install/articubot_one/share/articubot_one/description/robot_core.xacro
[0.875s] -- Installing: /code/install/articubot_one/share/articubot_one/description/inertial_macros.xacro
[0.875s] -- Installing: /code/install/articubot_one/share/articubot_one/description/camera.xacro
[0.875s] -- Installing: /code/install/articubot_one/share/articubot_one/description/depth_camera.xacro
[0.875s] -- Installing: /code/install/articubot_one/share/articubot_one/launch
[0.876s] -- Installing: /code/install/articubot_one/share/articubot_one/launch/navigation_launch.py
[0.876s] -- Installing: /code/install/articubot_one/share/articubot_one/launch/joystick.launch.py
[0.878s] -- Installing: /code/install/articubot_one/share/articubot_one/launch/camera.launch.py
[0.878s] -- Installing: /code/install/articubot_one/share/articubot_one/launch/launch_sim.launch.py
[0.879s] -- Installing: /code/install/articubot_one/share/articubot_one/launch/launch_robot.launch.py
[0.879s] -- Installing: /code/install/articubot_one/share/articubot_one/launch/rplidar.launch.py
[0.879s] -- Installing: /code/install/articubot_one/share/articubot_one/launch/rsp.launch.py
[0.880s] -- Installing: /code/install/articubot_one/share/articubot_one/launch/online_async_launch.py
[0.880s] -- Installing: /code/install/articubot_one/share/articubot_one/launch/localization_launch.py
[0.881s] -- Installing: /code/install/articubot_one/share/articubot_one/launch/ball_tracker.launch.py
[0.881s] -- Installing: /code/install/articubot_one/share/articubot_one/worlds
[0.882s] -- Installing: /code/install/articubot_one/share/articubot_one/worlds/empty.world
[0.882s] -- Installing: /code/install/articubot_one/share/articubot_one/worlds/obstacles.world
[0.884s] -- Installing: /code/install/articubot_one/share/ament_index/resource_index/package_run_dependencies/articubot_one
[0.884s] -- Installing: /code/install/articubot_one/share/ament_index/resource_index/parent_prefix_path/articubot_one
[0.885s] -- Installing: /code/install/articubot_one/share/articubot_one/environment/ament_prefix_path.sh
[0.885s] -- Installing: /code/install/articubot_one/share/articubot_one/environment/ament_prefix_path.dsv
[0.885s] -- Installing: /code/install/articubot_one/share/articubot_one/environment/path.sh
[0.886s] -- Installing: /code/install/articubot_one/share/articubot_one/environment/path.dsv
[0.886s] -- Installing: /code/install/articubot_one/share/articubot_one/local_setup.bash
[0.886s] -- Installing: /code/install/articubot_one/share/articubot_one/local_setup.sh
[0.887s] -- Installing: /code/install/articubot_one/share/articubot_one/local_setup.zsh
[0.887s] -- Installing: /code/install/articubot_one/share/articubot_one/local_setup.dsv
[0.887s] -- Installing: /code/install/articubot_one/share/articubot_one/package.dsv
[0.888s] -- Installing: /code/install/articubot_one/share/ament_index/resource_index/packages/articubot_one
[0.889s] -- Installing: /code/install/articubot_one/share/articubot_one/cmake/articubot_oneConfig.cmake
[0.890s] -- Installing: /code/install/articubot_one/share/articubot_one/cmake/articubot_oneConfig-version.cmake
[0.890s] -- Installing: /code/install/articubot_one/share/articubot_one/package.xml
[0.893s] Invoked command in '/code/build/articubot_one' returned '0': CMAKE_PREFIX_PATH=/opt/ros/humble /usr/bin/cmake --install /code/build/articubot_one
