-- Install configuration: ""
-- Up-to-date: /code/install/articubot_one/share/articubot_one/config
-- Up-to-date: /code/install/articubot_one/share/articubot_one/config/map.rviz
-- Up-to-date: /code/install/articubot_one/share/articubot_one/config/view_bot.rviz
-- Up-to-date: /code/install/articubot_one/share/articubot_one/config/main.rviz
-- Up-to-date: /code/install/articubot_one/share/articubot_one/config/joystick.yaml
-- Up-to-date: /code/install/articubot_one/share/articubot_one/config/ball_tracker_params_robot.yaml
-- Up-to-date: /code/install/articubot_one/share/articubot_one/config/twist_mux.yaml
-- Up-to-date: /code/install/articubot_one/share/articubot_one/config/empty.yaml
-- Up-to-date: /code/install/articubot_one/share/articubot_one/config/gaz_ros2_ctl_use_sim.yaml
-- Up-to-date: /code/install/articubot_one/share/articubot_one/config/drive_bot.rviz
-- Up-to-date: /code/install/articubot_one/share/articubot_one/config/gazebo_params.yaml
-- Up-to-date: /code/install/articubot_one/share/articubot_one/config/ball_tracker_params_sim.yaml
-- Up-to-date: /code/install/articubot_one/share/articubot_one/config/ekf.yaml
-- Up-to-date: /code/install/articubot_one/share/articubot_one/config/nav2_params.yaml
-- Up-to-date: /code/install/articubot_one/share/articubot_one/config/mapper_params_online_async.yaml
-- Up-to-date: /code/install/articubot_one/share/articubot_one/config/my_controllers.yaml
-- Up-to-date: /code/install/articubot_one/share/articubot_one/description
-- Up-to-date: /code/install/articubot_one/share/articubot_one/description/face.xacro
-- Up-to-date: /code/install/articubot_one/share/articubot_one/description/robot.urdf.xacro
-- Up-to-date: /code/install/articubot_one/share/articubot_one/description/lidar.xacro
-- Up-to-date: /code/install/articubot_one/share/articubot_one/description/ros2_control.xacro
-- Up-to-date: /code/install/articubot_one/share/articubot_one/description/gazebo_control.xacro
-- Up-to-date: /code/install/articubot_one/share/articubot_one/description/robot_core.xacro
-- Up-to-date: /code/install/articubot_one/share/articubot_one/description/inertial_macros.xacro
-- Up-to-date: /code/install/articubot_one/share/articubot_one/description/camera.xacro
-- Up-to-date: /code/install/articubot_one/share/articubot_one/description/depth_camera.xacro
-- Up-to-date: /code/install/articubot_one/share/articubot_one/launch
-- Up-to-date: /code/install/articubot_one/share/articubot_one/launch/navigation_launch.py
-- Up-to-date: /code/install/articubot_one/share/articubot_one/launch/joystick.launch.py
-- Up-to-date: /code/install/articubot_one/share/articubot_one/launch/camera.launch.py
-- Installing: /code/install/articubot_one/share/articubot_one/launch/launch_sim.launch.py
-- Up-to-date: /code/install/articubot_one/share/articubot_one/launch/launch_robot.launch.py
-- Up-to-date: /code/install/articubot_one/share/articubot_one/launch/rplidar.launch.py
-- Up-to-date: /code/install/articubot_one/share/articubot_one/launch/rsp.launch.py
-- Up-to-date: /code/install/articubot_one/share/articubot_one/launch/online_async_launch.py
-- Up-to-date: /code/install/articubot_one/share/articubot_one/launch/localization_launch.py
-- Up-to-date: /code/install/articubot_one/share/articubot_one/launch/ball_tracker.launch.py
-- Up-to-date: /code/install/articubot_one/share/articubot_one/worlds
-- Installing: /code/install/articubot_one/share/articubot_one/worlds/Dataset-of-Gazebo-Worlds-Models-and-Maps
-- Installing: /code/install/articubot_one/share/articubot_one/worlds/Dataset-of-Gazebo-Worlds-Models-and-Maps/.git
-- Installing: /code/install/articubot_one/share/articubot_one/worlds/Dataset-of-Gazebo-Worlds-Models-and-Maps/.git/description
-- Installing: /code/install/articubot_one/share/articubot_one/worlds/Dataset-of-Gazebo-Worlds-Models-and-Maps/.git/config
-- Installing: /code/install/articubot_one/share/articubot_one/worlds/Dataset-of-Gazebo-Worlds-Models-and-Maps/.git/packed-refs
-- Installing: /code/install/articubot_one/share/articubot_one/worlds/Dataset-of-Gazebo-Worlds-Models-and-Maps/.git/hooks
-- Installing: /code/install/articubot_one/share/articubot_one/worlds/Dataset-of-Gazebo-Worlds-Models-and-Maps/.git/hooks/push-to-checkout.sample
-- Installing: /code/install/articubot_one/share/articubot_one/worlds/Dataset-of-Gazebo-Worlds-Models-and-Maps/.git/hooks/applypatch-msg.sample
-- Installing: /code/install/articubot_one/share/articubot_one/worlds/Dataset-of-Gazebo-Worlds-Models-and-Maps/.git/hooks/pre-applypatch.sample
-- Installing: /code/install/articubot_one/share/articubot_one/worlds/Dataset-of-Gazebo-Worlds-Models-and-Maps/.git/hooks/pre-commit.sample
-- Installing: /code/install/articubot_one/share/articubot_one/worlds/Dataset-of-Gazebo-Worlds-Models-and-Maps/.git/hooks/post-update.sample
-- Installing: /code/install/articubot_one/share/articubot_one/worlds/Dataset-of-Gazebo-Worlds-Models-and-Maps/.git/hooks/commit-msg.sample
-- Installing: /code/install/articubot_one/share/articubot_one/worlds/Dataset-of-Gazebo-Worlds-Models-and-Maps/.git/hooks/update.sample
-- Installing: /code/install/articubot_one/share/articubot_one/worlds/Dataset-of-Gazebo-Worlds-Models-and-Maps/.git/hooks/pre-receive.sample
-- Installing: /code/install/articubot_one/share/articubot_one/worlds/Dataset-of-Gazebo-Worlds-Models-and-Maps/.git/hooks/pre-rebase.sample
-- Installing: /code/install/articubot_one/share/articubot_one/worlds/Dataset-of-Gazebo-Worlds-Models-and-Maps/.git/hooks/pre-push.sample
-- Installing: /code/install/articubot_one/share/articubot_one/worlds/Dataset-of-Gazebo-Worlds-Models-and-Maps/.git/hooks/fsmonitor-watchman.sample
-- Installing: /code/install/articubot_one/share/articubot_one/worlds/Dataset-of-Gazebo-Worlds-Models-and-Maps/.git/hooks/pre-merge-commit.sample
-- Installing: /code/install/articubot_one/share/articubot_one/worlds/Dataset-of-Gazebo-Worlds-Models-and-Maps/.git/hooks/prepare-commit-msg.sample
-- Installing: /code/install/articubot_one/share/articubot_one/worlds/Dataset-of-Gazebo-Worlds-Models-and-Maps/.git/objects
-- Installing: /code/install/articubot_one/share/articubot_one/worlds/Dataset-of-Gazebo-Worlds-Models-and-Maps/.git/objects/pack
-- Installing: /code/install/articubot_one/share/articubot_one/worlds/Dataset-of-Gazebo-Worlds-Models-and-Maps/.git/objects/pack/pack-4e75e6a0c1107a8a09b870742237608d1cc29bcf.idx
-- Installing: /code/install/articubot_one/share/articubot_one/worlds/Dataset-of-Gazebo-Worlds-Models-and-Maps/.git/objects/pack/pack-4e75e6a0c1107a8a09b870742237608d1cc29bcf.pack
-- Installing: /code/install/articubot_one/share/articubot_one/worlds/Dataset-of-Gazebo-Worlds-Models-and-Maps/.git/objects/info
-- Installing: /code/install/articubot_one/share/articubot_one/worlds/Dataset-of-Gazebo-Worlds-Models-and-Maps/.git/refs
-- Installing: /code/install/articubot_one/share/articubot_one/worlds/Dataset-of-Gazebo-Worlds-Models-and-Maps/.git/refs/heads
-- Installing: /code/install/articubot_one/share/articubot_one/worlds/Dataset-of-Gazebo-Worlds-Models-and-Maps/.git/refs/heads/master
-- Installing: /code/install/articubot_one/share/articubot_one/worlds/Dataset-of-Gazebo-Worlds-Models-and-Maps/.git/refs/tags
-- Installing: /code/install/articubot_one/share/articubot_one/worlds/Dataset-of-Gazebo-Worlds-Models-and-Maps/.git/refs/remotes
-- Installing: /code/install/articubot_one/share/articubot_one/worlds/Dataset-of-Gazebo-Worlds-Models-and-Maps/.git/refs/remotes/origin
-- Installing: /code/install/articubot_one/share/articubot_one/worlds/Dataset-of-Gazebo-Worlds-Models-and-Maps/.git/refs/remotes/origin/HEAD
-- Installing: /code/install/articubot_one/share/articubot_one/worlds/Dataset-of-Gazebo-Worlds-Models-and-Maps/.git/HEAD
-- Installing: /code/install/articubot_one/share/articubot_one/worlds/Dataset-of-Gazebo-Worlds-Models-and-Maps/.git/index
-- Installing: /code/install/articubot_one/share/articubot_one/worlds/Dataset-of-Gazebo-Worlds-Models-and-Maps/.git/branches
-- Installing: /code/install/articubot_one/share/articubot_one/worlds/Dataset-of-Gazebo-Worlds-Models-and-Maps/.git/logs
-- Installing: /code/install/articubot_one/share/articubot_one/worlds/Dataset-of-Gazebo-Worlds-Models-and-Maps/.git/logs/refs
-- Installing: /code/install/articubot_one/share/articubot_one/worlds/Dataset-of-Gazebo-Worlds-Models-and-Maps/.git/logs/refs/heads
-- Installing: /code/install/articubot_one/share/articubot_one/worlds/Dataset-of-Gazebo-Worlds-Models-and-Maps/.git/logs/refs/heads/master
-- Installing: /code/install/articubot_one/share/articubot_one/worlds/Dataset-of-Gazebo-Worlds-Models-and-Maps/.git/logs/refs/remotes
-- Installing: /code/install/articubot_one/share/articubot_one/worlds/Dataset-of-Gazebo-Worlds-Models-and-Maps/.git/logs/refs/remotes/origin
-- Installing: /code/install/articubot_one/share/articubot_one/worlds/Dataset-of-Gazebo-Worlds-Models-and-Maps/.git/logs/refs/remotes/origin/HEAD
-- Installing: /code/install/articubot_one/share/articubot_one/worlds/Dataset-of-Gazebo-Worlds-Models-and-Maps/.git/logs/HEAD
-- Installing: /code/install/articubot_one/share/articubot_one/worlds/Dataset-of-Gazebo-Worlds-Models-and-Maps/.git/info
-- Installing: /code/install/articubot_one/share/articubot_one/worlds/Dataset-of-Gazebo-Worlds-Models-and-Maps/.git/info/exclude
-- Installing: /code/install/articubot_one/share/articubot_one/worlds/Dataset-of-Gazebo-Worlds-Models-and-Maps/robots
-- Installing: /code/install/articubot_one/share/articubot_one/worlds/Dataset-of-Gazebo-Worlds-Models-and-Maps/robots/turtlebot3_burger
-- Installing: /code/install/articubot_one/share/articubot_one/worlds/Dataset-of-Gazebo-Worlds-Models-and-Maps/robots/turtlebot3_burger/meshes
-- Installing: /code/install/articubot_one/share/articubot_one/worlds/Dataset-of-Gazebo-Worlds-Models-and-Maps/robots/turtlebot3_burger/meshes/burger_base.dae
-- Installing: /code/install/articubot_one/share/articubot_one/worlds/Dataset-of-Gazebo-Worlds-Models-and-Maps/robots/turtlebot3_burger/meshes/lds.dae
-- Installing: /code/install/articubot_one/share/articubot_one/worlds/Dataset-of-Gazebo-Worlds-Models-and-Maps/robots/turtlebot3_burger/meshes/right_tire.dae
-- Installing: /code/install/articubot_one/share/articubot_one/worlds/Dataset-of-Gazebo-Worlds-Models-and-Maps/robots/turtlebot3_burger/meshes/left_tire.dae
-- Installing: /code/install/articubot_one/share/articubot_one/worlds/Dataset-of-Gazebo-Worlds-Models-and-Maps/robots/turtlebot3_burger/model.sdf
-- Installing: /code/install/articubot_one/share/articubot_one/worlds/Dataset-of-Gazebo-Worlds-Models-and-Maps/robots/turtlebot3_burger/model.config
-- Installing: /code/install/articubot_one/share/articubot_one/worlds/Dataset-of-Gazebo-Worlds-Models-and-Maps/robots/turtlebot3_burger/model-1_4.sdf
-- Installing: /code/install/articubot_one/share/articubot_one/worlds/Dataset-of-Gazebo-Worlds-Models-and-Maps/robots/turtlebot3_waffle_pi
-- Installing: /code/install/articubot_one/share/articubot_one/worlds/Dataset-of-Gazebo-Worlds-Models-and-Maps/robots/turtlebot3_waffle_pi/meshes
-- Installing: /code/install/articubot_one/share/articubot_one/worlds/Dataset-of-Gazebo-Worlds-Models-and-Maps/robots/turtlebot3_waffle_pi/meshes/lds.dae
-- Installing: /code/install/articubot_one/share/articubot_one/worlds/Dataset-of-Gazebo-Worlds-Models-and-Maps/robots/turtlebot3_waffle_pi/meshes/waffle_pi_base.dae
-- Installing: /code/install/articubot_one/share/articubot_one/worlds/Dataset-of-Gazebo-Worlds-Models-and-Maps/robots/turtlebot3_waffle_pi/meshes/right_tire.dae
-- Installing: /code/install/articubot_one/share/articubot_one/worlds/Dataset-of-Gazebo-Worlds-Models-and-Maps/robots/turtlebot3_waffle_pi/meshes/left_tire.dae
-- Installing: /code/install/articubot_one/share/articubot_one/worlds/Dataset-of-Gazebo-Worlds-Models-and-Maps/robots/turtlebot3_waffle_pi/model.sdf
-- Installing: /code/install/articubot_one/share/articubot_one/worlds/Dataset-of-Gazebo-Worlds-Models-and-Maps/robots/turtlebot3_waffle_pi/model.config
-- Installing: /code/install/articubot_one/share/articubot_one/worlds/Dataset-of-Gazebo-Worlds-Models-and-Maps/robots/turtlebot3_waffle_pi/model-1_4.sdf
-- Installing: /code/install/articubot_one/share/articubot_one/worlds/Dataset-of-Gazebo-Worlds-Models-and-Maps/robots/tb3_waffle_realsense_no_visuals
-- Installing: /code/install/articubot_one/share/articubot_one/worlds/Dataset-of-Gazebo-Worlds-Models-and-Maps/robots/tb3_waffle_realsense_no_visuals/model.sdf
-- Installing: /code/install/articubot_one/share/articubot_one/worlds/Dataset-of-Gazebo-Worlds-Models-and-Maps/robots/tb3_waffle_realsense_no_visuals/model.config
-- Installing: /code/install/articubot_one/share/articubot_one/worlds/Dataset-of-Gazebo-Worlds-Models-and-Maps/robots/turtlebot3_waffle
-- Installing: /code/install/articubot_one/share/articubot_one/worlds/Dataset-of-Gazebo-Worlds-Models-and-Maps/robots/turtlebot3_waffle/meshes
-- Installing: /code/install/articubot_one/share/articubot_one/worlds/Dataset-of-Gazebo-Worlds-Models-and-Maps/robots/turtlebot3_waffle/meshes/r200.dae
-- Installing: /code/install/articubot_one/share/articubot_one/worlds/Dataset-of-Gazebo-Worlds-Models-and-Maps/robots/turtlebot3_waffle/meshes/lds.dae
-- Installing: /code/install/articubot_one/share/articubot_one/worlds/Dataset-of-Gazebo-Worlds-Models-and-Maps/robots/turtlebot3_waffle/meshes/right_tire.dae
-- Installing: /code/install/articubot_one/share/articubot_one/worlds/Dataset-of-Gazebo-Worlds-Models-and-Maps/robots/turtlebot3_waffle/meshes/left_tire.dae
-- Installing: /code/install/articubot_one/share/articubot_one/worlds/Dataset-of-Gazebo-Worlds-Models-and-Maps/robots/turtlebot3_waffle/meshes/waffle_base.dae
-- Installing: /code/install/articubot_one/share/articubot_one/worlds/Dataset-of-Gazebo-Worlds-Models-and-Maps/robots/turtlebot3_waffle/model.sdf
-- Installing: /code/install/articubot_one/share/articubot_one/worlds/Dataset-of-Gazebo-Worlds-Models-and-Maps/robots/turtlebot3_waffle/model.config
-- Installing: /code/install/articubot_one/share/articubot_one/worlds/Dataset-of-Gazebo-Worlds-Models-and-Maps/robots/turtlebot3_waffle/model-1_4.sdf
-- Installing: /code/install/articubot_one/share/articubot_one/worlds/Dataset-of-Gazebo-Worlds-Models-and-Maps/worlds
-- Installing: /code/install/articubot_one/share/articubot_one/worlds/Dataset-of-Gazebo-Worlds-Models-and-Maps/worlds/hospital
-- Installing: /code/install/articubot_one/share/articubot_one/worlds/Dataset-of-Gazebo-Worlds-Models-and-Maps/worlds/hospital/models_part1.zip
-- Installing: /code/install/articubot_one/share/articubot_one/worlds/Dataset-of-Gazebo-Worlds-Models-and-Maps/worlds/hospital/models_part4.zip
-- Installing: /code/install/articubot_one/share/articubot_one/worlds/Dataset-of-Gazebo-Worlds-Models-and-Maps/worlds/hospital/hospital.world
-- Installing: /code/install/articubot_one/share/articubot_one/worlds/Dataset-of-Gazebo-Worlds-Models-and-Maps/worlds/hospital/models_part3.zip
-- Installing: /code/install/articubot_one/share/articubot_one/worlds/Dataset-of-Gazebo-Worlds-Models-and-Maps/worlds/hospital/hospital.png
-- Installing: /code/install/articubot_one/share/articubot_one/worlds/Dataset-of-Gazebo-Worlds-Models-and-Maps/worlds/hospital/photos
-- Installing: /code/install/articubot_one/share/articubot_one/worlds/Dataset-of-Gazebo-Worlds-Models-and-Maps/worlds/hospital/photos/PortraitE_02.jpg
-- Installing: /code/install/articubot_one/share/articubot_one/worlds/Dataset-of-Gazebo-Worlds-Models-and-Maps/worlds/hospital/photos/PortraitE_01.jpg
-- Installing: /code/install/articubot_one/share/articubot_one/worlds/Dataset-of-Gazebo-Worlds-Models-and-Maps/worlds/hospital/photos/PortraitD_01.jpg
-- Installing: /code/install/articubot_one/share/articubot_one/worlds/Dataset-of-Gazebo-Worlds-Models-and-Maps/worlds/hospital/photos/PortraitC_01.jpg
-- Installing: /code/install/articubot_one/share/articubot_one/worlds/Dataset-of-Gazebo-Worlds-Models-and-Maps/worlds/hospital/photos/PortraitA_01.jpg
-- Installing: /code/install/articubot_one/share/articubot_one/worlds/Dataset-of-Gazebo-Worlds-Models-and-Maps/worlds/hospital/photos/PortraitD_02.jpg
-- Installing: /code/install/articubot_one/share/articubot_one/worlds/Dataset-of-Gazebo-Worlds-Models-and-Maps/worlds/hospital/models_part2.zip
-- Installing: /code/install/articubot_one/share/articubot_one/worlds/Dataset-of-Gazebo-Worlds-Models-and-Maps/worlds/hospital/hospital_two_floors.world
-- Installing: /code/install/articubot_one/share/articubot_one/worlds/Dataset-of-Gazebo-Worlds-Models-and-Maps/worlds/hospital/two_floor.png
-- Installing: /code/install/articubot_one/share/articubot_one/worlds/Dataset-of-Gazebo-Worlds-Models-and-Maps/worlds/bookstore
-- Installing: /code/install/articubot_one/share/articubot_one/worlds/Dataset-of-Gazebo-Worlds-Models-and-Maps/worlds/bookstore/bookstore.jpg
-- Installing: /code/install/articubot_one/share/articubot_one/worlds/Dataset-of-Gazebo-Worlds-Models-and-Maps/worlds/bookstore/bookstore.zip
-- Installing: /code/install/articubot_one/share/articubot_one/worlds/Dataset-of-Gazebo-Worlds-Models-and-Maps/worlds/star_room_with_walls
-- Installing: /code/install/articubot_one/share/articubot_one/worlds/Dataset-of-Gazebo-Worlds-Models-and-Maps/worlds/star_room_with_walls/map.yaml
-- Installing: /code/install/articubot_one/share/articubot_one/worlds/Dataset-of-Gazebo-Worlds-Models-and-Maps/worlds/star_room_with_walls/room_with_walls_star
-- Installing: /code/install/articubot_one/share/articubot_one/worlds/Dataset-of-Gazebo-Worlds-Models-and-Maps/worlds/star_room_with_walls/room_with_walls_star/model.sdf
-- Installing: /code/install/articubot_one/share/articubot_one/worlds/Dataset-of-Gazebo-Worlds-Models-and-Maps/worlds/star_room_with_walls/room_with_walls_star/model.config
-- Installing: /code/install/articubot_one/share/articubot_one/worlds/Dataset-of-Gazebo-Worlds-Models-and-Maps/worlds/star_room_with_walls/map_0.1m-px.png
-- Installing: /code/install/articubot_one/share/articubot_one/worlds/Dataset-of-Gazebo-Worlds-Models-and-Maps/worlds/star_room_with_walls/map_0.05m-px.png
-- Installing: /code/install/articubot_one/share/articubot_one/worlds/Dataset-of-Gazebo-Worlds-Models-and-Maps/worlds/room_with_walls_1
-- Installing: /code/install/articubot_one/share/articubot_one/worlds/Dataset-of-Gazebo-Worlds-Models-and-Maps/worlds/room_with_walls_1/simple_rooms.png
-- Installing: /code/install/articubot_one/share/articubot_one/worlds/Dataset-of-Gazebo-Worlds-Models-and-Maps/worlds/room_with_walls_1/map.yaml
-- Installing: /code/install/articubot_one/share/articubot_one/worlds/Dataset-of-Gazebo-Worlds-Models-and-Maps/worlds/room_with_walls_1/room_with_walls_10x10
-- Installing: /code/install/articubot_one/share/articubot_one/worlds/Dataset-of-Gazebo-Worlds-Models-and-Maps/worlds/room_with_walls_1/room_with_walls_10x10/model.sdf
-- Installing: /code/install/articubot_one/share/articubot_one/worlds/Dataset-of-Gazebo-Worlds-Models-and-Maps/worlds/room_with_walls_1/room_with_walls_10x10/model.config
-- Installing: /code/install/articubot_one/share/articubot_one/worlds/Dataset-of-Gazebo-Worlds-Models-and-Maps/worlds/room_with_walls_1/map_0.1m-px.png
-- Installing: /code/install/articubot_one/share/articubot_one/worlds/Dataset-of-Gazebo-Worlds-Models-and-Maps/worlds/room_with_walls_1/map_0.05m-px.png
-- Installing: /code/install/articubot_one/share/articubot_one/worlds/Dataset-of-Gazebo-Worlds-Models-and-Maps/worlds/factory
-- Installing: /code/install/articubot_one/share/articubot_one/worlds/Dataset-of-Gazebo-Worlds-Models-and-Maps/worlds/factory/factory.model
-- Installing: /code/install/articubot_one/share/articubot_one/worlds/Dataset-of-Gazebo-Worlds-Models-and-Maps/worlds/factory/models
-- Installing: /code/install/articubot_one/share/articubot_one/worlds/Dataset-of-Gazebo-Worlds-Models-and-Maps/worlds/factory/models/conveyor_belt_tall_ariac
-- Installing: /code/install/articubot_one/share/articubot_one/worlds/Dataset-of-Gazebo-Worlds-Models-and-Maps/worlds/factory/models/conveyor_belt_tall_ariac/model.sdf
-- Installing: /code/install/articubot_one/share/articubot_one/worlds/Dataset-of-Gazebo-Worlds-Models-and-Maps/worlds/factory/models/conveyor_belt_tall_ariac/model.config
-- Installing: /code/install/articubot_one/share/articubot_one/worlds/Dataset-of-Gazebo-Worlds-Models-and-Maps/worlds/factory/models/disk_part_ariac
-- Installing: /code/install/articubot_one/share/articubot_one/worlds/Dataset-of-Gazebo-Worlds-Models-and-Maps/worlds/factory/models/disk_part_ariac/meshes
-- Installing: /code/install/articubot_one/share/articubot_one/worlds/Dataset-of-Gazebo-Worlds-Models-and-Maps/worlds/factory/models/disk_part_ariac/meshes/disk.dae
-- Installing: /code/install/articubot_one/share/articubot_one/worlds/Dataset-of-Gazebo-Worlds-Models-and-Maps/worlds/factory/models/disk_part_ariac/model.sdf
-- Installing: /code/install/articubot_one/share/articubot_one/worlds/Dataset-of-Gazebo-Worlds-Models-and-Maps/worlds/factory/models/disk_part_ariac/model.config
-- Installing: /code/install/articubot_one/share/articubot_one/worlds/Dataset-of-Gazebo-Worlds-Models-and-Maps/worlds/factory/models/open_box_ariac
-- Installing: /code/install/articubot_one/share/articubot_one/worlds/Dataset-of-Gazebo-Worlds-Models-and-Maps/worlds/factory/models/open_box_ariac/meshes
-- Installing: /code/install/articubot_one/share/articubot_one/worlds/Dataset-of-Gazebo-Worlds-Models-and-Maps/worlds/factory/models/open_box_ariac/meshes/open_box.mtl
-- Installing: /code/install/articubot_one/share/articubot_one/worlds/Dataset-of-Gazebo-Worlds-Models-and-Maps/worlds/factory/models/open_box_ariac/meshes/open_box.obj
-- Installing: /code/install/articubot_one/share/articubot_one/worlds/Dataset-of-Gazebo-Worlds-Models-and-Maps/worlds/factory/models/open_box_ariac/model.sdf
-- Installing: /code/install/articubot_one/share/articubot_one/worlds/Dataset-of-Gazebo-Worlds-Models-and-Maps/worlds/factory/models/open_box_ariac/materials
-- Installing: /code/install/articubot_one/share/articubot_one/worlds/Dataset-of-Gazebo-Worlds-Models-and-Maps/worlds/factory/models/open_box_ariac/materials/textures
-- Installing: /code/install/articubot_one/share/articubot_one/worlds/Dataset-of-Gazebo-Worlds-Models-and-Maps/worlds/factory/models/open_box_ariac/materials/textures/open_box.png
-- Installing: /code/install/articubot_one/share/articubot_one/worlds/Dataset-of-Gazebo-Worlds-Models-and-Maps/worlds/factory/models/open_box_ariac/model.config
-- Installing: /code/install/articubot_one/share/articubot_one/worlds/Dataset-of-Gazebo-Worlds-Models-and-Maps/worlds/factory/models/euro_pallet
-- Installing: /code/install/articubot_one/share/articubot_one/worlds/Dataset-of-Gazebo-Worlds-Models-and-Maps/worlds/factory/models/euro_pallet/meshes
-- Installing: /code/install/articubot_one/share/articubot_one/worlds/Dataset-of-Gazebo-Worlds-Models-and-Maps/worlds/factory/models/euro_pallet/meshes/pallet.dae
-- Installing: /code/install/articubot_one/share/articubot_one/worlds/Dataset-of-Gazebo-Worlds-Models-and-Maps/worlds/factory/models/euro_pallet/model.sdf
-- Installing: /code/install/articubot_one/share/articubot_one/worlds/Dataset-of-Gazebo-Worlds-Models-and-Maps/worlds/factory/models/euro_pallet/model.config
-- Installing: /code/install/articubot_one/share/articubot_one/worlds/Dataset-of-Gazebo-Worlds-Models-and-Maps/worlds/factory/models/gear_part_ariac
-- Installing: /code/install/articubot_one/share/articubot_one/worlds/Dataset-of-Gazebo-Worlds-Models-and-Maps/worlds/factory/models/gear_part_ariac/meshes
-- Installing: /code/install/articubot_one/share/articubot_one/worlds/Dataset-of-Gazebo-Worlds-Models-and-Maps/worlds/factory/models/gear_part_ariac/meshes/gear.dae
-- Installing: /code/install/articubot_one/share/articubot_one/worlds/Dataset-of-Gazebo-Worlds-Models-and-Maps/worlds/factory/models/gear_part_ariac/model.sdf
-- Installing: /code/install/articubot_one/share/articubot_one/worlds/Dataset-of-Gazebo-Worlds-Models-and-Maps/worlds/factory/models/gear_part_ariac/model.config
-- Installing: /code/install/articubot_one/share/articubot_one/worlds/Dataset-of-Gazebo-Worlds-Models-and-Maps/worlds/factory/models/construction_barrel
-- Installing: /code/install/articubot_one/share/articubot_one/worlds/Dataset-of-Gazebo-Worlds-Models-and-Maps/worlds/factory/models/construction_barrel/model-1_3.sdf
-- Installing: /code/install/articubot_one/share/articubot_one/worlds/Dataset-of-Gazebo-Worlds-Models-and-Maps/worlds/factory/models/construction_barrel/meshes
-- Installing: /code/install/articubot_one/share/articubot_one/worlds/Dataset-of-Gazebo-Worlds-Models-and-Maps/worlds/factory/models/construction_barrel/meshes/construction_barrel.dae
-- Installing: /code/install/articubot_one/share/articubot_one/worlds/Dataset-of-Gazebo-Worlds-Models-and-Maps/worlds/factory/models/construction_barrel/model.sdf
-- Installing: /code/install/articubot_one/share/articubot_one/worlds/Dataset-of-Gazebo-Worlds-Models-and-Maps/worlds/factory/models/construction_barrel/materials
-- Installing: /code/install/articubot_one/share/articubot_one/worlds/Dataset-of-Gazebo-Worlds-Models-and-Maps/worlds/factory/models/construction_barrel/materials/textures
-- Installing: /code/install/articubot_one/share/articubot_one/worlds/Dataset-of-Gazebo-Worlds-Models-and-Maps/worlds/factory/models/construction_barrel/materials/textures/Construction_Barrel_Spec.png
-- Installing: /code/install/articubot_one/share/articubot_one/worlds/Dataset-of-Gazebo-Worlds-Models-and-Maps/worlds/factory/models/construction_barrel/materials/textures/Construction_Barrel_Diffuse.png
-- Installing: /code/install/articubot_one/share/articubot_one/worlds/Dataset-of-Gazebo-Worlds-Models-and-Maps/worlds/factory/models/construction_barrel/model.config
-- Installing: /code/install/articubot_one/share/articubot_one/worlds/Dataset-of-Gazebo-Worlds-Models-and-Maps/worlds/factory/models/construction_barrel/model-1_4.sdf
-- Installing: /code/install/articubot_one/share/articubot_one/worlds/Dataset-of-Gazebo-Worlds-Models-and-Maps/worlds/factory/models/construction_cone
-- Installing: /code/install/articubot_one/share/articubot_one/worlds/Dataset-of-Gazebo-Worlds-Models-and-Maps/worlds/factory/models/construction_cone/model-1_3.sdf
-- Installing: /code/install/articubot_one/share/articubot_one/worlds/Dataset-of-Gazebo-Worlds-Models-and-Maps/worlds/factory/models/construction_cone/meshes
-- Installing: /code/install/articubot_one/share/articubot_one/worlds/Dataset-of-Gazebo-Worlds-Models-and-Maps/worlds/factory/models/construction_cone/meshes/construction_cone.dae
-- Installing: /code/install/articubot_one/share/articubot_one/worlds/Dataset-of-Gazebo-Worlds-Models-and-Maps/worlds/factory/models/construction_cone/model.sdf
-- Installing: /code/install/articubot_one/share/articubot_one/worlds/Dataset-of-Gazebo-Worlds-Models-and-Maps/worlds/factory/models/construction_cone/materials
-- Installing: /code/install/articubot_one/share/articubot_one/worlds/Dataset-of-Gazebo-Worlds-Models-and-Maps/worlds/factory/models/construction_cone/materials/textures
-- Installing: /code/install/articubot_one/share/articubot_one/worlds/Dataset-of-Gazebo-Worlds-Models-and-Maps/worlds/factory/models/construction_cone/materials/textures/Construction_Cone_Diffuse.png
-- Installing: /code/install/articubot_one/share/articubot_one/worlds/Dataset-of-Gazebo-Worlds-Models-and-Maps/worlds/factory/models/construction_cone/model.config
-- Installing: /code/install/articubot_one/share/articubot_one/worlds/Dataset-of-Gazebo-Worlds-Models-and-Maps/worlds/factory/models/construction_cone/model-1_4.sdf
-- Installing: /code/install/articubot_one/share/articubot_one/worlds/Dataset-of-Gazebo-Worlds-Models-and-Maps/worlds/factory/models/arm_part_ariac
-- Installing: /code/install/articubot_one/share/articubot_one/worlds/Dataset-of-Gazebo-Worlds-Models-and-Maps/worlds/factory/models/arm_part_ariac/meshes
-- Installing: /code/install/articubot_one/share/articubot_one/worlds/Dataset-of-Gazebo-Worlds-Models-and-Maps/worlds/factory/models/arm_part_ariac/meshes/arm.dae
-- Installing: /code/install/articubot_one/share/articubot_one/worlds/Dataset-of-Gazebo-Worlds-Models-and-Maps/worlds/factory/models/arm_part_ariac/model.sdf
-- Installing: /code/install/articubot_one/share/articubot_one/worlds/Dataset-of-Gazebo-Worlds-Models-and-Maps/worlds/factory/models/arm_part_ariac/materials
-- Installing: /code/install/articubot_one/share/articubot_one/worlds/Dataset-of-Gazebo-Worlds-Models-and-Maps/worlds/factory/models/arm_part_ariac/materials/textures
-- Installing: /code/install/articubot_one/share/articubot_one/worlds/Dataset-of-Gazebo-Worlds-Models-and-Maps/worlds/factory/models/arm_part_ariac/materials/textures/parts.png
-- Installing: /code/install/articubot_one/share/articubot_one/worlds/Dataset-of-Gazebo-Worlds-Models-and-Maps/worlds/factory/models/arm_part_ariac/materials/scripts
-- Installing: /code/install/articubot_one/share/articubot_one/worlds/Dataset-of-Gazebo-Worlds-Models-and-Maps/worlds/factory/models/arm_part_ariac/materials/scripts/arm_part.material
-- Installing: /code/install/articubot_one/share/articubot_one/worlds/Dataset-of-Gazebo-Worlds-Models-and-Maps/worlds/factory/models/arm_part_ariac/model.config
-- Installing: /code/install/articubot_one/share/articubot_one/worlds/Dataset-of-Gazebo-Worlds-Models-and-Maps/worlds/factory/models/workcell
-- Installing: /code/install/articubot_one/share/articubot_one/worlds/Dataset-of-Gazebo-Worlds-Models-and-Maps/worlds/factory/models/workcell/meshes
-- Installing: /code/install/articubot_one/share/articubot_one/worlds/Dataset-of-Gazebo-Worlds-Models-and-Maps/worlds/factory/models/workcell/meshes/mesh.dae
-- Installing: /code/install/articubot_one/share/articubot_one/worlds/Dataset-of-Gazebo-Worlds-Models-and-Maps/worlds/factory/models/workcell/model.sdf
-- Installing: /code/install/articubot_one/share/articubot_one/worlds/Dataset-of-Gazebo-Worlds-Models-and-Maps/worlds/factory/models/workcell/materials
-- Installing: /code/install/articubot_one/share/articubot_one/worlds/Dataset-of-Gazebo-Worlds-Models-and-Maps/worlds/factory/models/workcell/materials/textures
-- Installing: /code/install/articubot_one/share/articubot_one/worlds/Dataset-of-Gazebo-Worlds-Models-and-Maps/worlds/factory/models/workcell/materials/textures/Wall_Corrugated.png
-- Installing: /code/install/articubot_one/share/articubot_one/worlds/Dataset-of-Gazebo-Worlds-Models-and-Maps/worlds/factory/models/workcell/materials/textures/PalletWrap.png
-- Installing: /code/install/articubot_one/share/articubot_one/worlds/Dataset-of-Gazebo-Worlds-Models-and-Maps/worlds/factory/models/workcell/materials/textures/WorkCell_Render.png
-- Installing: /code/install/articubot_one/share/articubot_one/worlds/Dataset-of-Gazebo-Worlds-Models-and-Maps/worlds/factory/models/workcell/materials/textures/Stairs.png
-- Installing: /code/install/articubot_one/share/articubot_one/worlds/Dataset-of-Gazebo-Worlds-Models-and-Maps/worlds/factory/models/workcell/materials/textures/Bin.png
-- Installing: /code/install/articubot_one/share/articubot_one/worlds/Dataset-of-Gazebo-Worlds-Models-and-Maps/worlds/factory/models/workcell/materials/textures/ControlPanel.png
-- Installing: /code/install/articubot_one/share/articubot_one/worlds/Dataset-of-Gazebo-Worlds-Models-and-Maps/worlds/factory/models/workcell/materials/textures/RubberMat.png
-- Installing: /code/install/articubot_one/share/articubot_one/worlds/Dataset-of-Gazebo-Worlds-Models-and-Maps/worlds/factory/models/workcell/materials/textures/Conveyor.png
-- Installing: /code/install/articubot_one/share/articubot_one/worlds/Dataset-of-Gazebo-Worlds-Models-and-Maps/worlds/factory/models/workcell/materials/textures/RollupDoor.png
-- Installing: /code/install/articubot_one/share/articubot_one/worlds/Dataset-of-Gazebo-Worlds-Models-and-Maps/worlds/factory/models/workcell/materials/textures/Plywood.png
-- Installing: /code/install/articubot_one/share/articubot_one/worlds/Dataset-of-Gazebo-Worlds-Models-and-Maps/worlds/factory/models/workcell/materials/textures/Pallet.png
-- Installing: /code/install/articubot_one/share/articubot_one/worlds/Dataset-of-Gazebo-Worlds-Models-and-Maps/worlds/factory/models/workcell/materials/textures/Yellow.png
-- Installing: /code/install/articubot_one/share/articubot_one/worlds/Dataset-of-Gazebo-Worlds-Models-and-Maps/worlds/factory/models/workcell/materials/textures/Shelves.png
-- Installing: /code/install/articubot_one/share/articubot_one/worlds/Dataset-of-Gazebo-Worlds-Models-and-Maps/worlds/factory/models/workcell/materials/textures/Door_Window.png
-- Installing: /code/install/articubot_one/share/articubot_one/worlds/Dataset-of-Gazebo-Worlds-Models-and-Maps/worlds/factory/models/workcell/materials/textures/Wall_Concrete.png
-- Installing: /code/install/articubot_one/share/articubot_one/worlds/Dataset-of-Gazebo-Worlds-Models-and-Maps/worlds/factory/models/workcell/materials/textures/CardboardBoxes.png
-- Installing: /code/install/articubot_one/share/articubot_one/worlds/Dataset-of-Gazebo-Worlds-Models-and-Maps/worlds/factory/models/workcell/materials/textures/Pillar.png
-- Installing: /code/install/articubot_one/share/articubot_one/worlds/Dataset-of-Gazebo-Worlds-Models-and-Maps/worlds/factory/models/workcell/materials/textures/Floor.png
-- Installing: /code/install/articubot_one/share/articubot_one/worlds/Dataset-of-Gazebo-Worlds-Models-and-Maps/worlds/factory/models/workcell/materials/textures/Mesh.png
-- Installing: /code/install/articubot_one/share/articubot_one/worlds/Dataset-of-Gazebo-Worlds-Models-and-Maps/worlds/factory/models/workcell/model.config
-- Installing: /code/install/articubot_one/share/articubot_one/worlds/Dataset-of-Gazebo-Worlds-Models-and-Maps/worlds/factory/models/wooden_case
-- Installing: /code/install/articubot_one/share/articubot_one/worlds/Dataset-of-Gazebo-Worlds-Models-and-Maps/worlds/factory/models/wooden_case/model.sdf
-- Installing: /code/install/articubot_one/share/articubot_one/worlds/Dataset-of-Gazebo-Worlds-Models-and-Maps/worlds/factory/models/wooden_case/model.config
-- Installing: /code/install/articubot_one/share/articubot_one/worlds/Dataset-of-Gazebo-Worlds-Models-and-Maps/worlds/factory/models/wooden_case/model.rsdf
-- Installing: /code/install/articubot_one/share/articubot_one/worlds/Dataset-of-Gazebo-Worlds-Models-and-Maps/worlds/factory/models/gasket_part_ariac
-- Installing: /code/install/articubot_one/share/articubot_one/worlds/Dataset-of-Gazebo-Worlds-Models-and-Maps/worlds/factory/models/gasket_part_ariac/meshes
-- Installing: /code/install/articubot_one/share/articubot_one/worlds/Dataset-of-Gazebo-Worlds-Models-and-Maps/worlds/factory/models/gasket_part_ariac/meshes/gasket.dae
-- Installing: /code/install/articubot_one/share/articubot_one/worlds/Dataset-of-Gazebo-Worlds-Models-and-Maps/worlds/factory/models/gasket_part_ariac/model.sdf
-- Installing: /code/install/articubot_one/share/articubot_one/worlds/Dataset-of-Gazebo-Worlds-Models-and-Maps/worlds/factory/models/gasket_part_ariac/model.config
-- Installing: /code/install/articubot_one/share/articubot_one/worlds/Dataset-of-Gazebo-Worlds-Models-and-Maps/worlds/factory/models/ground_plane
-- Installing: /code/install/articubot_one/share/articubot_one/worlds/Dataset-of-Gazebo-Worlds-Models-and-Maps/worlds/factory/models/ground_plane/model-1_3.sdf
-- Installing: /code/install/articubot_one/share/articubot_one/worlds/Dataset-of-Gazebo-Worlds-Models-and-Maps/worlds/factory/models/ground_plane/model.sdf
-- Installing: /code/install/articubot_one/share/articubot_one/worlds/Dataset-of-Gazebo-Worlds-Models-and-Maps/worlds/factory/models/ground_plane/model-1_2.sdf
-- Installing: /code/install/articubot_one/share/articubot_one/worlds/Dataset-of-Gazebo-Worlds-Models-and-Maps/worlds/factory/models/ground_plane/model.config
-- Installing: /code/install/articubot_one/share/articubot_one/worlds/Dataset-of-Gazebo-Worlds-Models-and-Maps/worlds/factory/models/ground_plane/model-1_4.sdf
-- Installing: /code/install/articubot_one/share/articubot_one/worlds/Dataset-of-Gazebo-Worlds-Models-and-Maps/worlds/factory/models/part1_ariac
-- Installing: /code/install/articubot_one/share/articubot_one/worlds/Dataset-of-Gazebo-Worlds-Models-and-Maps/worlds/factory/models/part1_ariac/model.sdf
-- Installing: /code/install/articubot_one/share/articubot_one/worlds/Dataset-of-Gazebo-Worlds-Models-and-Maps/worlds/factory/models/part1_ariac/model.config
-- Installing: /code/install/articubot_one/share/articubot_one/worlds/Dataset-of-Gazebo-Worlds-Models-and-Maps/worlds/factory/models/warehouse_robot_ariac
-- Installing: /code/install/articubot_one/share/articubot_one/worlds/Dataset-of-Gazebo-Worlds-Models-and-Maps/worlds/factory/models/warehouse_robot_ariac/meshes
-- Installing: /code/install/articubot_one/share/articubot_one/worlds/Dataset-of-Gazebo-Worlds-Models-and-Maps/worlds/factory/models/warehouse_robot_ariac/meshes/robot.dae
-- Installing: /code/install/articubot_one/share/articubot_one/worlds/Dataset-of-Gazebo-Worlds-Models-and-Maps/worlds/factory/models/warehouse_robot_ariac/model.sdf
-- Installing: /code/install/articubot_one/share/articubot_one/worlds/Dataset-of-Gazebo-Worlds-Models-and-Maps/worlds/factory/models/warehouse_robot_ariac/materials
-- Installing: /code/install/articubot_one/share/articubot_one/worlds/Dataset-of-Gazebo-Worlds-Models-and-Maps/worlds/factory/models/warehouse_robot_ariac/materials/textures
-- Installing: /code/install/articubot_one/share/articubot_one/worlds/Dataset-of-Gazebo-Worlds-Models-and-Maps/worlds/factory/models/warehouse_robot_ariac/materials/textures/robot.png
-- Installing: /code/install/articubot_one/share/articubot_one/worlds/Dataset-of-Gazebo-Worlds-Models-and-Maps/worlds/factory/models/warehouse_robot_ariac/model.config
-- Installing: /code/install/articubot_one/share/articubot_one/worlds/Dataset-of-Gazebo-Worlds-Models-and-Maps/worlds/factory/models/first_2015_trash_can
-- Installing: /code/install/articubot_one/share/articubot_one/worlds/Dataset-of-Gazebo-Worlds-Models-and-Maps/worlds/factory/models/first_2015_trash_can/meshes
-- Installing: /code/install/articubot_one/share/articubot_one/worlds/Dataset-of-Gazebo-Worlds-Models-and-Maps/worlds/factory/models/first_2015_trash_can/meshes/trash_can.dae
-- Installing: /code/install/articubot_one/share/articubot_one/worlds/Dataset-of-Gazebo-Worlds-Models-and-Maps/worlds/factory/models/first_2015_trash_can/model.sdf
-- Installing: /code/install/articubot_one/share/articubot_one/worlds/Dataset-of-Gazebo-Worlds-Models-and-Maps/worlds/factory/models/first_2015_trash_can/model.config
-- Installing: /code/install/articubot_one/share/articubot_one/worlds/Dataset-of-Gazebo-Worlds-Models-and-Maps/worlds/factory/models/drone_with_box_ariac
-- Installing: /code/install/articubot_one/share/articubot_one/worlds/Dataset-of-Gazebo-Worlds-Models-and-Maps/worlds/factory/models/drone_with_box_ariac/model.sdf
-- Installing: /code/install/articubot_one/share/articubot_one/worlds/Dataset-of-Gazebo-Worlds-Models-and-Maps/worlds/factory/models/drone_with_box_ariac/model.config
-- Installing: /code/install/articubot_one/share/articubot_one/worlds/Dataset-of-Gazebo-Worlds-Models-and-Maps/worlds/factory/models/workcell_bin
-- Installing: /code/install/articubot_one/share/articubot_one/worlds/Dataset-of-Gazebo-Worlds-Models-and-Maps/worlds/factory/models/workcell_bin/meshes
-- Installing: /code/install/articubot_one/share/articubot_one/worlds/Dataset-of-Gazebo-Worlds-Models-and-Maps/worlds/factory/models/workcell_bin/meshes/bin.dae
-- Installing: /code/install/articubot_one/share/articubot_one/worlds/Dataset-of-Gazebo-Worlds-Models-and-Maps/worlds/factory/models/workcell_bin/model.sdf
-- Installing: /code/install/articubot_one/share/articubot_one/worlds/Dataset-of-Gazebo-Worlds-Models-and-Maps/worlds/factory/models/workcell_bin/materials
-- Installing: /code/install/articubot_one/share/articubot_one/worlds/Dataset-of-Gazebo-Worlds-Models-and-Maps/worlds/factory/models/workcell_bin/materials/textures
-- Installing: /code/install/articubot_one/share/articubot_one/worlds/Dataset-of-Gazebo-Worlds-Models-and-Maps/worlds/factory/models/workcell_bin/materials/textures/bin.png
-- Installing: /code/install/articubot_one/share/articubot_one/worlds/Dataset-of-Gazebo-Worlds-Models-and-Maps/worlds/factory/models/workcell_bin/model.config
-- Installing: /code/install/articubot_one/share/articubot_one/worlds/Dataset-of-Gazebo-Worlds-Models-and-Maps/worlds/factory/models/deletion_wall
-- Installing: /code/install/articubot_one/share/articubot_one/worlds/Dataset-of-Gazebo-Worlds-Models-and-Maps/worlds/factory/models/deletion_wall/model.sdf
-- Installing: /code/install/articubot_one/share/articubot_one/worlds/Dataset-of-Gazebo-Worlds-Models-and-Maps/worlds/factory/models/deletion_wall/model.config
-- Installing: /code/install/articubot_one/share/articubot_one/worlds/Dataset-of-Gazebo-Worlds-Models-and-Maps/worlds/factory/models/kit_tray_ariac
-- Installing: /code/install/articubot_one/share/articubot_one/worlds/Dataset-of-Gazebo-Worlds-Models-and-Maps/worlds/factory/models/kit_tray_ariac/model.sdf
-- Installing: /code/install/articubot_one/share/articubot_one/worlds/Dataset-of-Gazebo-Worlds-Models-and-Maps/worlds/factory/models/kit_tray_ariac/model.config
-- Installing: /code/install/articubot_one/share/articubot_one/worlds/Dataset-of-Gazebo-Worlds-Models-and-Maps/worlds/factory/models/dumpster
-- Installing: /code/install/articubot_one/share/articubot_one/worlds/Dataset-of-Gazebo-Worlds-Models-and-Maps/worlds/factory/models/dumpster/model-1_3.sdf
-- Installing: /code/install/articubot_one/share/articubot_one/worlds/Dataset-of-Gazebo-Worlds-Models-and-Maps/worlds/factory/models/dumpster/meshes
-- Installing: /code/install/articubot_one/share/articubot_one/worlds/Dataset-of-Gazebo-Worlds-Models-and-Maps/worlds/factory/models/dumpster/meshes/dumpster.dae
-- Installing: /code/install/articubot_one/share/articubot_one/worlds/Dataset-of-Gazebo-Worlds-Models-and-Maps/worlds/factory/models/dumpster/model.sdf
-- Installing: /code/install/articubot_one/share/articubot_one/worlds/Dataset-of-Gazebo-Worlds-Models-and-Maps/worlds/factory/models/dumpster/materials
-- Installing: /code/install/articubot_one/share/articubot_one/worlds/Dataset-of-Gazebo-Worlds-Models-and-Maps/worlds/factory/models/dumpster/materials/textures
-- Installing: /code/install/articubot_one/share/articubot_one/worlds/Dataset-of-Gazebo-Worlds-Models-and-Maps/worlds/factory/models/dumpster/materials/textures/Dumpster_Spec.png
-- Installing: /code/install/articubot_one/share/articubot_one/worlds/Dataset-of-Gazebo-Worlds-Models-and-Maps/worlds/factory/models/dumpster/materials/textures/Dumpster_Diffuse.png
-- Installing: /code/install/articubot_one/share/articubot_one/worlds/Dataset-of-Gazebo-Worlds-Models-and-Maps/worlds/factory/models/dumpster/materials/scripts
-- Installing: /code/install/articubot_one/share/articubot_one/worlds/Dataset-of-Gazebo-Worlds-Models-and-Maps/worlds/factory/models/dumpster/materials/scripts/dumpster.material
-- Installing: /code/install/articubot_one/share/articubot_one/worlds/Dataset-of-Gazebo-Worlds-Models-and-Maps/worlds/factory/models/dumpster/model.config
-- Installing: /code/install/articubot_one/share/articubot_one/worlds/Dataset-of-Gazebo-Worlds-Models-and-Maps/worlds/factory/models/dumpster/model-1_4.sdf
-- Installing: /code/install/articubot_one/share/articubot_one/worlds/Dataset-of-Gazebo-Worlds-Models-and-Maps/worlds/factory/models/cordless_drill
-- Installing: /code/install/articubot_one/share/articubot_one/worlds/Dataset-of-Gazebo-Worlds-Models-and-Maps/worlds/factory/models/cordless_drill/model-1_3.sdf
-- Installing: /code/install/articubot_one/share/articubot_one/worlds/Dataset-of-Gazebo-Worlds-Models-and-Maps/worlds/factory/models/cordless_drill/meshes
-- Installing: /code/install/articubot_one/share/articubot_one/worlds/Dataset-of-Gazebo-Worlds-Models-and-Maps/worlds/factory/models/cordless_drill/meshes/cordless_drill.dae
-- Installing: /code/install/articubot_one/share/articubot_one/worlds/Dataset-of-Gazebo-Worlds-Models-and-Maps/worlds/factory/models/cordless_drill/meshes/cordless_drill.stl
-- Installing: /code/install/articubot_one/share/articubot_one/worlds/Dataset-of-Gazebo-Worlds-Models-and-Maps/worlds/factory/models/cordless_drill/model.sdf
-- Installing: /code/install/articubot_one/share/articubot_one/worlds/Dataset-of-Gazebo-Worlds-Models-and-Maps/worlds/factory/models/cordless_drill/model-1_2.sdf
-- Installing: /code/install/articubot_one/share/articubot_one/worlds/Dataset-of-Gazebo-Worlds-Models-and-Maps/worlds/factory/models/cordless_drill/materials
-- Installing: /code/install/articubot_one/share/articubot_one/worlds/Dataset-of-Gazebo-Worlds-Models-and-Maps/worlds/factory/models/cordless_drill/materials/textures
-- Installing: /code/install/articubot_one/share/articubot_one/worlds/Dataset-of-Gazebo-Worlds-Models-and-Maps/worlds/factory/models/cordless_drill/materials/textures/cordless_drill.png
-- Installing: /code/install/articubot_one/share/articubot_one/worlds/Dataset-of-Gazebo-Worlds-Models-and-Maps/worlds/factory/models/cordless_drill/model.config
-- Installing: /code/install/articubot_one/share/articubot_one/worlds/Dataset-of-Gazebo-Worlds-Models-and-Maps/worlds/factory/models/cordless_drill/model-1_4.sdf
-- Installing: /code/install/articubot_one/share/articubot_one/worlds/Dataset-of-Gazebo-Worlds-Models-and-Maps/worlds/factory/models/part3_ariac
-- Installing: /code/install/articubot_one/share/articubot_one/worlds/Dataset-of-Gazebo-Worlds-Models-and-Maps/worlds/factory/models/part3_ariac/model.sdf
-- Installing: /code/install/articubot_one/share/articubot_one/worlds/Dataset-of-Gazebo-Worlds-Models-and-Maps/worlds/factory/models/part3_ariac/model.config
-- Installing: /code/install/articubot_one/share/articubot_one/worlds/Dataset-of-Gazebo-Worlds-Models-and-Maps/worlds/factory/models/ladder_75deg_0rails
-- Installing: /code/install/articubot_one/share/articubot_one/worlds/Dataset-of-Gazebo-Worlds-Models-and-Maps/worlds/factory/models/ladder_75deg_0rails/model.sdf
-- Installing: /code/install/articubot_one/share/articubot_one/worlds/Dataset-of-Gazebo-Worlds-Models-and-Maps/worlds/factory/models/ladder_75deg_0rails/model.config
-- Installing: /code/install/articubot_one/share/articubot_one/worlds/Dataset-of-Gazebo-Worlds-Models-and-Maps/worlds/factory/models/ladder_75deg_0rails/model.rsdf
-- Installing: /code/install/articubot_one/share/articubot_one/worlds/Dataset-of-Gazebo-Worlds-Models-and-Maps/worlds/factory/models/plastic_cup
-- Installing: /code/install/articubot_one/share/articubot_one/worlds/Dataset-of-Gazebo-Worlds-Models-and-Maps/worlds/factory/models/plastic_cup/meshes
-- Installing: /code/install/articubot_one/share/articubot_one/worlds/Dataset-of-Gazebo-Worlds-Models-and-Maps/worlds/factory/models/plastic_cup/meshes/plastic_cup.dae
-- Installing: /code/install/articubot_one/share/articubot_one/worlds/Dataset-of-Gazebo-Worlds-Models-and-Maps/worlds/factory/models/plastic_cup/model.sdf
-- Installing: /code/install/articubot_one/share/articubot_one/worlds/Dataset-of-Gazebo-Worlds-Models-and-Maps/worlds/factory/models/plastic_cup/model.config
-- Installing: /code/install/articubot_one/share/articubot_one/worlds/Dataset-of-Gazebo-Worlds-Models-and-Maps/worlds/factory/models/plastic_cup/model.rsdf
-- Installing: /code/install/articubot_one/share/articubot_one/worlds/Dataset-of-Gazebo-Worlds-Models-and-Maps/worlds/factory/models/swissranger_camera_ariac
-- Installing: /code/install/articubot_one/share/articubot_one/worlds/Dataset-of-Gazebo-Worlds-Models-and-Maps/worlds/factory/models/swissranger_camera_ariac/meshes
-- Installing: /code/install/articubot_one/share/articubot_one/worlds/Dataset-of-Gazebo-Worlds-Models-and-Maps/worlds/factory/models/swissranger_camera_ariac/meshes/SR4000.stl
-- Installing: /code/install/articubot_one/share/articubot_one/worlds/Dataset-of-Gazebo-Worlds-Models-and-Maps/worlds/factory/models/swissranger_camera_ariac/meshes/collada
-- Installing: /code/install/articubot_one/share/articubot_one/worlds/Dataset-of-Gazebo-Worlds-Models-and-Maps/worlds/factory/models/swissranger_camera_ariac/meshes/collada/SR4000.dae
-- Installing: /code/install/articubot_one/share/articubot_one/worlds/Dataset-of-Gazebo-Worlds-Models-and-Maps/worlds/factory/models/swissranger_camera_ariac/model.sdf
-- Installing: /code/install/articubot_one/share/articubot_one/worlds/Dataset-of-Gazebo-Worlds-Models-and-Maps/worlds/factory/models/swissranger_camera_ariac/model.config
-- Installing: /code/install/articubot_one/share/articubot_one/worlds/Dataset-of-Gazebo-Worlds-Models-and-Maps/worlds/factory/models/drone_ariac
-- Installing: /code/install/articubot_one/share/articubot_one/worlds/Dataset-of-Gazebo-Worlds-Models-and-Maps/worlds/factory/models/drone_ariac/meshes
-- Installing: /code/install/articubot_one/share/articubot_one/worlds/Dataset-of-Gazebo-Worlds-Models-and-Maps/worlds/factory/models/drone_ariac/meshes/Drone.dae
-- Installing: /code/install/articubot_one/share/articubot_one/worlds/Dataset-of-Gazebo-Worlds-Models-and-Maps/worlds/factory/models/drone_ariac/model.sdf
-- Installing: /code/install/articubot_one/share/articubot_one/worlds/Dataset-of-Gazebo-Worlds-Models-and-Maps/worlds/factory/models/drone_ariac/materials
-- Installing: /code/install/articubot_one/share/articubot_one/worlds/Dataset-of-Gazebo-Worlds-Models-and-Maps/worlds/factory/models/drone_ariac/materials/textures
-- Installing: /code/install/articubot_one/share/articubot_one/worlds/Dataset-of-Gazebo-Worlds-Models-and-Maps/worlds/factory/models/drone_ariac/materials/textures/Drone.png
-- Installing: /code/install/articubot_one/share/articubot_one/worlds/Dataset-of-Gazebo-Worlds-Models-and-Maps/worlds/factory/models/drone_ariac/model.config~HEAD
-- Installing: /code/install/articubot_one/share/articubot_one/worlds/Dataset-of-Gazebo-Worlds-Models-and-Maps/worlds/factory/models/drone_ariac/model.config
-- Installing: /code/install/articubot_one/share/articubot_one/worlds/Dataset-of-Gazebo-Worlds-Models-and-Maps/worlds/factory/models/conveyor_belt_ariac
-- Installing: /code/install/articubot_one/share/articubot_one/worlds/Dataset-of-Gazebo-Worlds-Models-and-Maps/worlds/factory/models/conveyor_belt_ariac/model.sdf
-- Installing: /code/install/articubot_one/share/articubot_one/worlds/Dataset-of-Gazebo-Worlds-Models-and-Maps/worlds/factory/models/conveyor_belt_ariac/model.config
-- Installing: /code/install/articubot_one/share/articubot_one/worlds/Dataset-of-Gazebo-Worlds-Models-and-Maps/worlds/factory/models/shipping_container_ariac
-- Installing: /code/install/articubot_one/share/articubot_one/worlds/Dataset-of-Gazebo-Worlds-Models-and-Maps/worlds/factory/models/shipping_container_ariac/meshes
-- Installing: /code/install/articubot_one/share/articubot_one/worlds/Dataset-of-Gazebo-Worlds-Models-and-Maps/worlds/factory/models/shipping_container_ariac/meshes/ShippingContainer_Textured.mtl
-- Installing: /code/install/articubot_one/share/articubot_one/worlds/Dataset-of-Gazebo-Worlds-Models-and-Maps/worlds/factory/models/shipping_container_ariac/meshes/ShippingContainer_Textured.obj
-- Installing: /code/install/articubot_one/share/articubot_one/worlds/Dataset-of-Gazebo-Worlds-Models-and-Maps/worlds/factory/models/shipping_container_ariac/model.sdf
-- Installing: /code/install/articubot_one/share/articubot_one/worlds/Dataset-of-Gazebo-Worlds-Models-and-Maps/worlds/factory/models/shipping_container_ariac/materials
-- Installing: /code/install/articubot_one/share/articubot_one/worlds/Dataset-of-Gazebo-Worlds-Models-and-Maps/worlds/factory/models/shipping_container_ariac/materials/textures
-- Installing: /code/install/articubot_one/share/articubot_one/worlds/Dataset-of-Gazebo-Worlds-Models-and-Maps/worlds/factory/models/shipping_container_ariac/materials/textures/ShippingContainer.png
-- Installing: /code/install/articubot_one/share/articubot_one/worlds/Dataset-of-Gazebo-Worlds-Models-and-Maps/worlds/factory/models/shipping_container_ariac/model.config
-- Installing: /code/install/articubot_one/share/articubot_one/worlds/Dataset-of-Gazebo-Worlds-Models-and-Maps/worlds/factory/models/table
-- Installing: /code/install/articubot_one/share/articubot_one/worlds/Dataset-of-Gazebo-Worlds-Models-and-Maps/worlds/factory/models/table/model-1_3.sdf
-- Installing: /code/install/articubot_one/share/articubot_one/worlds/Dataset-of-Gazebo-Worlds-Models-and-Maps/worlds/factory/models/table/model.sdf
-- Installing: /code/install/articubot_one/share/articubot_one/worlds/Dataset-of-Gazebo-Worlds-Models-and-Maps/worlds/factory/models/table/model-1_2.sdf
-- Installing: /code/install/articubot_one/share/articubot_one/worlds/Dataset-of-Gazebo-Worlds-Models-and-Maps/worlds/factory/models/table/model.config
-- Installing: /code/install/articubot_one/share/articubot_one/worlds/Dataset-of-Gazebo-Worlds-Models-and-Maps/worlds/factory/models/table/model-1_4.sdf
-- Installing: /code/install/articubot_one/share/articubot_one/worlds/Dataset-of-Gazebo-Worlds-Models-and-Maps/worlds/factory/models/shipping_container_conveyor_ariac
-- Installing: /code/install/articubot_one/share/articubot_one/worlds/Dataset-of-Gazebo-Worlds-Models-and-Maps/worlds/factory/models/shipping_container_conveyor_ariac/meshes
-- Installing: /code/install/articubot_one/share/articubot_one/worlds/Dataset-of-Gazebo-Worlds-Models-and-Maps/worlds/factory/models/shipping_container_conveyor_ariac/meshes/ShippingContainer_Textured.mtl
-- Installing: /code/install/articubot_one/share/articubot_one/worlds/Dataset-of-Gazebo-Worlds-Models-and-Maps/worlds/factory/models/shipping_container_conveyor_ariac/meshes/ShippingContainer_Textured.obj
-- Installing: /code/install/articubot_one/share/articubot_one/worlds/Dataset-of-Gazebo-Worlds-Models-and-Maps/worlds/factory/models/shipping_container_conveyor_ariac/model.sdf
-- Installing: /code/install/articubot_one/share/articubot_one/worlds/Dataset-of-Gazebo-Worlds-Models-and-Maps/worlds/factory/models/shipping_container_conveyor_ariac/materials
-- Installing: /code/install/articubot_one/share/articubot_one/worlds/Dataset-of-Gazebo-Worlds-Models-and-Maps/worlds/factory/models/shipping_container_conveyor_ariac/materials/textures
-- Installing: /code/install/articubot_one/share/articubot_one/worlds/Dataset-of-Gazebo-Worlds-Models-and-Maps/worlds/factory/models/shipping_container_conveyor_ariac/materials/textures/ShippingContainer.png
-- Installing: /code/install/articubot_one/share/articubot_one/worlds/Dataset-of-Gazebo-Worlds-Models-and-Maps/worlds/factory/models/shipping_container_conveyor_ariac/model.config
-- Installing: /code/install/articubot_one/share/articubot_one/worlds/Dataset-of-Gazebo-Worlds-Models-and-Maps/worlds/factory/models/closed_box_ariac
-- Installing: /code/install/articubot_one/share/articubot_one/worlds/Dataset-of-Gazebo-Worlds-Models-and-Maps/worlds/factory/models/closed_box_ariac/meshes
-- Installing: /code/install/articubot_one/share/articubot_one/worlds/Dataset-of-Gazebo-Worlds-Models-and-Maps/worlds/factory/models/closed_box_ariac/meshes/closed_box.mtl
-- Installing: /code/install/articubot_one/share/articubot_one/worlds/Dataset-of-Gazebo-Worlds-Models-and-Maps/worlds/factory/models/closed_box_ariac/meshes/closed_box.obj
-- Installing: /code/install/articubot_one/share/articubot_one/worlds/Dataset-of-Gazebo-Worlds-Models-and-Maps/worlds/factory/models/closed_box_ariac/model.sdf
-- Installing: /code/install/articubot_one/share/articubot_one/worlds/Dataset-of-Gazebo-Worlds-Models-and-Maps/worlds/factory/models/closed_box_ariac/materials
-- Installing: /code/install/articubot_one/share/articubot_one/worlds/Dataset-of-Gazebo-Worlds-Models-and-Maps/worlds/factory/models/closed_box_ariac/materials/textures
-- Installing: /code/install/articubot_one/share/articubot_one/worlds/Dataset-of-Gazebo-Worlds-Models-and-Maps/worlds/factory/models/closed_box_ariac/materials/textures/closed_box.png
-- Installing: /code/install/articubot_one/share/articubot_one/worlds/Dataset-of-Gazebo-Worlds-Models-and-Maps/worlds/factory/models/closed_box_ariac/model.config
-- Installing: /code/install/articubot_one/share/articubot_one/worlds/Dataset-of-Gazebo-Worlds-Models-and-Maps/worlds/factory/models/grey_wall
-- Installing: /code/install/articubot_one/share/articubot_one/worlds/Dataset-of-Gazebo-Worlds-Models-and-Maps/worlds/factory/models/grey_wall/model-1_3.sdf
-- Installing: /code/install/articubot_one/share/articubot_one/worlds/Dataset-of-Gazebo-Worlds-Models-and-Maps/worlds/factory/models/grey_wall/model.sdf
-- Installing: /code/install/articubot_one/share/articubot_one/worlds/Dataset-of-Gazebo-Worlds-Models-and-Maps/worlds/factory/models/grey_wall/materials
-- Installing: /code/install/articubot_one/share/articubot_one/worlds/Dataset-of-Gazebo-Worlds-Models-and-Maps/worlds/factory/models/grey_wall/materials/textures
-- Installing: /code/install/articubot_one/share/articubot_one/worlds/Dataset-of-Gazebo-Worlds-Models-and-Maps/worlds/factory/models/grey_wall/materials/textures/grey_wall.png
-- Installing: /code/install/articubot_one/share/articubot_one/worlds/Dataset-of-Gazebo-Worlds-Models-and-Maps/worlds/factory/models/grey_wall/materials/scripts
-- Installing: /code/install/articubot_one/share/articubot_one/worlds/Dataset-of-Gazebo-Worlds-Models-and-Maps/worlds/factory/models/grey_wall/materials/scripts/grey_wall.material
-- Installing: /code/install/articubot_one/share/articubot_one/worlds/Dataset-of-Gazebo-Worlds-Models-and-Maps/worlds/factory/models/grey_wall/model.config
-- Installing: /code/install/articubot_one/share/articubot_one/worlds/Dataset-of-Gazebo-Worlds-Models-and-Maps/worlds/factory/models/grey_wall/model-1_4.sdf
-- Installing: /code/install/articubot_one/share/articubot_one/worlds/Dataset-of-Gazebo-Worlds-Models-and-Maps/worlds/factory/models/sun
-- Installing: /code/install/articubot_one/share/articubot_one/worlds/Dataset-of-Gazebo-Worlds-Models-and-Maps/worlds/factory/models/sun/model-1_3.sdf
-- Installing: /code/install/articubot_one/share/articubot_one/worlds/Dataset-of-Gazebo-Worlds-Models-and-Maps/worlds/factory/models/sun/model.sdf
-- Installing: /code/install/articubot_one/share/articubot_one/worlds/Dataset-of-Gazebo-Worlds-Models-and-Maps/worlds/factory/models/sun/model-1_2.sdf
-- Installing: /code/install/articubot_one/share/articubot_one/worlds/Dataset-of-Gazebo-Worlds-Models-and-Maps/worlds/factory/models/sun/model.config
-- Installing: /code/install/articubot_one/share/articubot_one/worlds/Dataset-of-Gazebo-Worlds-Models-and-Maps/worlds/factory/models/sun/model-1_4.sdf
-- Installing: /code/install/articubot_one/share/articubot_one/worlds/Dataset-of-Gazebo-Worlds-Models-and-Maps/worlds/factory/models/drone_collection_zone_ariac
-- Installing: /code/install/articubot_one/share/articubot_one/worlds/Dataset-of-Gazebo-Worlds-Models-and-Maps/worlds/factory/models/drone_collection_zone_ariac/model.sdf
-- Installing: /code/install/articubot_one/share/articubot_one/worlds/Dataset-of-Gazebo-Worlds-Models-and-Maps/worlds/factory/models/drone_collection_zone_ariac/model.config
-- Installing: /code/install/articubot_one/share/articubot_one/worlds/Dataset-of-Gazebo-Worlds-Models-and-Maps/worlds/factory/models/control_console
-- Installing: /code/install/articubot_one/share/articubot_one/worlds/Dataset-of-Gazebo-Worlds-Models-and-Maps/worlds/factory/models/control_console/meshes
-- Installing: /code/install/articubot_one/share/articubot_one/worlds/Dataset-of-Gazebo-Worlds-Models-and-Maps/worlds/factory/models/control_console/meshes/console.dae
-- Installing: /code/install/articubot_one/share/articubot_one/worlds/Dataset-of-Gazebo-Worlds-Models-and-Maps/worlds/factory/models/control_console/model.sdf
-- Installing: /code/install/articubot_one/share/articubot_one/worlds/Dataset-of-Gazebo-Worlds-Models-and-Maps/worlds/factory/models/control_console/materials
-- Installing: /code/install/articubot_one/share/articubot_one/worlds/Dataset-of-Gazebo-Worlds-Models-and-Maps/worlds/factory/models/control_console/materials/textures
-- Installing: /code/install/articubot_one/share/articubot_one/worlds/Dataset-of-Gazebo-Worlds-Models-and-Maps/worlds/factory/models/control_console/materials/textures/console.png
-- Installing: /code/install/articubot_one/share/articubot_one/worlds/Dataset-of-Gazebo-Worlds-Models-and-Maps/worlds/factory/models/control_console/materials/textures/light.png
-- Installing: /code/install/articubot_one/share/articubot_one/worlds/Dataset-of-Gazebo-Worlds-Models-and-Maps/worlds/factory/models/control_console/model.config
-- Installing: /code/install/articubot_one/share/articubot_one/worlds/Dataset-of-Gazebo-Worlds-Models-and-Maps/worlds/factory/models/cabinet
-- Installing: /code/install/articubot_one/share/articubot_one/worlds/Dataset-of-Gazebo-Worlds-Models-and-Maps/worlds/factory/models/cabinet/model-1_3.sdf
-- Installing: /code/install/articubot_one/share/articubot_one/worlds/Dataset-of-Gazebo-Worlds-Models-and-Maps/worlds/factory/models/cabinet/model.sdf
-- Installing: /code/install/articubot_one/share/articubot_one/worlds/Dataset-of-Gazebo-Worlds-Models-and-Maps/worlds/factory/models/cabinet/model-1_2.sdf
-- Installing: /code/install/articubot_one/share/articubot_one/worlds/Dataset-of-Gazebo-Worlds-Models-and-Maps/worlds/factory/models/cabinet/model.config
-- Installing: /code/install/articubot_one/share/articubot_one/worlds/Dataset-of-Gazebo-Worlds-Models-and-Maps/worlds/factory/models/cabinet/model-1_4.sdf
-- Installing: /code/install/articubot_one/share/articubot_one/worlds/Dataset-of-Gazebo-Worlds-Models-and-Maps/worlds/factory/models/tube_2_25cm
-- Installing: /code/install/articubot_one/share/articubot_one/worlds/Dataset-of-Gazebo-Worlds-Models-and-Maps/worlds/factory/models/tube_2_25cm/meshes
-- Installing: /code/install/articubot_one/share/articubot_one/worlds/Dataset-of-Gazebo-Worlds-Models-and-Maps/worlds/factory/models/tube_2_25cm/meshes/tube_2_25.dae
-- Installing: /code/install/articubot_one/share/articubot_one/worlds/Dataset-of-Gazebo-Worlds-Models-and-Maps/worlds/factory/models/tube_2_25cm/model.sdf
-- Installing: /code/install/articubot_one/share/articubot_one/worlds/Dataset-of-Gazebo-Worlds-Models-and-Maps/worlds/factory/models/tube_2_25cm/model.config
-- Installing: /code/install/articubot_one/share/articubot_one/worlds/Dataset-of-Gazebo-Worlds-Models-and-Maps/worlds/factory/models/tube_2_25cm/model.rsdf
-- Installing: /code/install/articubot_one/share/articubot_one/worlds/Dataset-of-Gazebo-Worlds-Models-and-Maps/worlds/factory/models/part4_ariac
-- Installing: /code/install/articubot_one/share/articubot_one/worlds/Dataset-of-Gazebo-Worlds-Models-and-Maps/worlds/factory/models/part4_ariac/model.sdf
-- Installing: /code/install/articubot_one/share/articubot_one/worlds/Dataset-of-Gazebo-Worlds-Models-and-Maps/worlds/factory/models/part4_ariac/model.config
-- Installing: /code/install/articubot_one/share/articubot_one/worlds/Dataset-of-Gazebo-Worlds-Models-and-Maps/worlds/factory/models/shipping_container_conveyor_tall_ariac
-- Installing: /code/install/articubot_one/share/articubot_one/worlds/Dataset-of-Gazebo-Worlds-Models-and-Maps/worlds/factory/models/shipping_container_conveyor_tall_ariac/meshes
-- Installing: /code/install/articubot_one/share/articubot_one/worlds/Dataset-of-Gazebo-Worlds-Models-and-Maps/worlds/factory/models/shipping_container_conveyor_tall_ariac/meshes/ShippingContainer_Textured.mtl
-- Installing: /code/install/articubot_one/share/articubot_one/worlds/Dataset-of-Gazebo-Worlds-Models-and-Maps/worlds/factory/models/shipping_container_conveyor_tall_ariac/meshes/ShippingContainer_Textured.obj
-- Installing: /code/install/articubot_one/share/articubot_one/worlds/Dataset-of-Gazebo-Worlds-Models-and-Maps/worlds/factory/models/shipping_container_conveyor_tall_ariac/model.sdf
-- Installing: /code/install/articubot_one/share/articubot_one/worlds/Dataset-of-Gazebo-Worlds-Models-and-Maps/worlds/factory/models/shipping_container_conveyor_tall_ariac/materials
-- Installing: /code/install/articubot_one/share/articubot_one/worlds/Dataset-of-Gazebo-Worlds-Models-and-Maps/worlds/factory/models/shipping_container_conveyor_tall_ariac/materials/textures
-- Installing: /code/install/articubot_one/share/articubot_one/worlds/Dataset-of-Gazebo-Worlds-Models-and-Maps/worlds/factory/models/shipping_container_conveyor_tall_ariac/materials/textures/ShippingContainer.png
-- Installing: /code/install/articubot_one/share/articubot_one/worlds/Dataset-of-Gazebo-Worlds-Models-and-Maps/worlds/factory/models/shipping_container_conveyor_tall_ariac/model.config
-- Installing: /code/install/articubot_one/share/articubot_one/worlds/Dataset-of-Gazebo-Worlds-Models-and-Maps/worlds/factory/models/pulley_part_ariac
-- Installing: /code/install/articubot_one/share/articubot_one/worlds/Dataset-of-Gazebo-Worlds-Models-and-Maps/worlds/factory/models/pulley_part_ariac/meshes
-- Installing: /code/install/articubot_one/share/articubot_one/worlds/Dataset-of-Gazebo-Worlds-Models-and-Maps/worlds/factory/models/pulley_part_ariac/meshes/pulley.dae
-- Installing: /code/install/articubot_one/share/articubot_one/worlds/Dataset-of-Gazebo-Worlds-Models-and-Maps/worlds/factory/models/pulley_part_ariac/model.sdf
-- Installing: /code/install/articubot_one/share/articubot_one/worlds/Dataset-of-Gazebo-Worlds-Models-and-Maps/worlds/factory/models/pulley_part_ariac/model.config
-- Installing: /code/install/articubot_one/share/articubot_one/worlds/Dataset-of-Gazebo-Worlds-Models-and-Maps/worlds/factory/models/piston_rod_part_ariac
-- Installing: /code/install/articubot_one/share/articubot_one/worlds/Dataset-of-Gazebo-Worlds-Models-and-Maps/worlds/factory/models/piston_rod_part_ariac/meshes
-- Installing: /code/install/articubot_one/share/articubot_one/worlds/Dataset-of-Gazebo-Worlds-Models-and-Maps/worlds/factory/models/piston_rod_part_ariac/meshes/piston_rod.dae
-- Installing: /code/install/articubot_one/share/articubot_one/worlds/Dataset-of-Gazebo-Worlds-Models-and-Maps/worlds/factory/models/piston_rod_part_ariac/model.sdf
-- Installing: /code/install/articubot_one/share/articubot_one/worlds/Dataset-of-Gazebo-Worlds-Models-and-Maps/worlds/factory/models/piston_rod_part_ariac/model.config
-- Installing: /code/install/articubot_one/share/articubot_one/worlds/Dataset-of-Gazebo-Worlds-Models-and-Maps/worlds/factory/models/part2_ariac
-- Installing: /code/install/articubot_one/share/articubot_one/worlds/Dataset-of-Gazebo-Worlds-Models-and-Maps/worlds/factory/models/part2_ariac/model.sdf
-- Installing: /code/install/articubot_one/share/articubot_one/worlds/Dataset-of-Gazebo-Worlds-Models-and-Maps/worlds/factory/models/part2_ariac/model.config
-- Installing: /code/install/articubot_one/share/articubot_one/worlds/Dataset-of-Gazebo-Worlds-Models-and-Maps/worlds/factory/models/yellow_bin_ariac
-- Installing: /code/install/articubot_one/share/articubot_one/worlds/Dataset-of-Gazebo-Worlds-Models-and-Maps/worlds/factory/models/yellow_bin_ariac/meshes
-- Installing: /code/install/articubot_one/share/articubot_one/worlds/Dataset-of-Gazebo-Worlds-Models-and-Maps/worlds/factory/models/yellow_bin_ariac/meshes/yellow_bin.mtl
-- Installing: /code/install/articubot_one/share/articubot_one/worlds/Dataset-of-Gazebo-Worlds-Models-and-Maps/worlds/factory/models/yellow_bin_ariac/meshes/yellow_bin.obj
-- Installing: /code/install/articubot_one/share/articubot_one/worlds/Dataset-of-Gazebo-Worlds-Models-and-Maps/worlds/factory/models/yellow_bin_ariac/model.sdf
-- Installing: /code/install/articubot_one/share/articubot_one/worlds/Dataset-of-Gazebo-Worlds-Models-and-Maps/worlds/factory/models/yellow_bin_ariac/materials
-- Installing: /code/install/articubot_one/share/articubot_one/worlds/Dataset-of-Gazebo-Worlds-Models-and-Maps/worlds/factory/models/yellow_bin_ariac/materials/textures
-- Installing: /code/install/articubot_one/share/articubot_one/worlds/Dataset-of-Gazebo-Worlds-Models-and-Maps/worlds/factory/models/yellow_bin_ariac/materials/textures/yellow_bin.png
-- Installing: /code/install/articubot_one/share/articubot_one/worlds/Dataset-of-Gazebo-Worlds-Models-and-Maps/worlds/factory/models/yellow_bin_ariac/model.config
-- Installing: /code/install/articubot_one/share/articubot_one/worlds/Dataset-of-Gazebo-Worlds-Models-and-Maps/worlds/factory/models/logical_camera_ariac
-- Installing: /code/install/articubot_one/share/articubot_one/worlds/Dataset-of-Gazebo-Worlds-Models-and-Maps/worlds/factory/models/logical_camera_ariac/meshes
-- Installing: /code/install/articubot_one/share/articubot_one/worlds/Dataset-of-Gazebo-Worlds-Models-and-Maps/worlds/factory/models/logical_camera_ariac/meshes/camera.dae
-- Installing: /code/install/articubot_one/share/articubot_one/worlds/Dataset-of-Gazebo-Worlds-Models-and-Maps/worlds/factory/models/logical_camera_ariac/model.sdf
-- Installing: /code/install/articubot_one/share/articubot_one/worlds/Dataset-of-Gazebo-Worlds-Models-and-Maps/worlds/factory/models/logical_camera_ariac/materials
-- Installing: /code/install/articubot_one/share/articubot_one/worlds/Dataset-of-Gazebo-Worlds-Models-and-Maps/worlds/factory/models/logical_camera_ariac/materials/textures
-- Installing: /code/install/articubot_one/share/articubot_one/worlds/Dataset-of-Gazebo-Worlds-Models-and-Maps/worlds/factory/models/logical_camera_ariac/materials/textures/camera.png
-- Installing: /code/install/articubot_one/share/articubot_one/worlds/Dataset-of-Gazebo-Worlds-Models-and-Maps/worlds/factory/models/logical_camera_ariac/model.config
-- Installing: /code/install/articubot_one/share/articubot_one/worlds/Dataset-of-Gazebo-Worlds-Models-and-Maps/worlds/factory/models/shipping_container_short_ariac
-- Installing: /code/install/articubot_one/share/articubot_one/worlds/Dataset-of-Gazebo-Worlds-Models-and-Maps/worlds/factory/models/shipping_container_short_ariac/meshes
-- Installing: /code/install/articubot_one/share/articubot_one/worlds/Dataset-of-Gazebo-Worlds-Models-and-Maps/worlds/factory/models/shipping_container_short_ariac/meshes/ShippingContainer_Textured.mtl
-- Installing: /code/install/articubot_one/share/articubot_one/worlds/Dataset-of-Gazebo-Worlds-Models-and-Maps/worlds/factory/models/shipping_container_short_ariac/meshes/ShippingContainer_Textured.obj
-- Installing: /code/install/articubot_one/share/articubot_one/worlds/Dataset-of-Gazebo-Worlds-Models-and-Maps/worlds/factory/models/shipping_container_short_ariac/model.sdf
-- Installing: /code/install/articubot_one/share/articubot_one/worlds/Dataset-of-Gazebo-Worlds-Models-and-Maps/worlds/factory/models/shipping_container_short_ariac/materials
-- Installing: /code/install/articubot_one/share/articubot_one/worlds/Dataset-of-Gazebo-Worlds-Models-and-Maps/worlds/factory/models/shipping_container_short_ariac/materials/textures
-- Installing: /code/install/articubot_one/share/articubot_one/worlds/Dataset-of-Gazebo-Worlds-Models-and-Maps/worlds/factory/models/shipping_container_short_ariac/materials/textures/ShippingContainer.png
-- Installing: /code/install/articubot_one/share/articubot_one/worlds/Dataset-of-Gazebo-Worlds-Models-and-Maps/worlds/factory/models/shipping_container_short_ariac/model.config
-- Installing: /code/install/articubot_one/share/articubot_one/worlds/Dataset-of-Gazebo-Worlds-Models-and-Maps/worlds/factory/models/hokuyo_ariac
-- Installing: /code/install/articubot_one/share/articubot_one/worlds/Dataset-of-Gazebo-Worlds-Models-and-Maps/worlds/factory/models/hokuyo_ariac/meshes
-- Installing: /code/install/articubot_one/share/articubot_one/worlds/Dataset-of-Gazebo-Worlds-Models-and-Maps/worlds/factory/models/hokuyo_ariac/meshes/hokuyo_convex.stl
-- Installing: /code/install/articubot_one/share/articubot_one/worlds/Dataset-of-Gazebo-Worlds-Models-and-Maps/worlds/factory/models/hokuyo_ariac/meshes/hokuyo.dae
-- Installing: /code/install/articubot_one/share/articubot_one/worlds/Dataset-of-Gazebo-Worlds-Models-and-Maps/worlds/factory/models/hokuyo_ariac/model.sdf
-- Installing: /code/install/articubot_one/share/articubot_one/worlds/Dataset-of-Gazebo-Worlds-Models-and-Maps/worlds/factory/models/hokuyo_ariac/model.config
-- Installing: /code/install/articubot_one/share/articubot_one/worlds/Dataset-of-Gazebo-Worlds-Models-and-Maps/worlds/factory/factory.jpg
-- Installing: /code/install/articubot_one/share/articubot_one/worlds/Dataset-of-Gazebo-Worlds-Models-and-Maps/worlds/dynamic_obstacle
-- Installing: /code/install/articubot_one/share/articubot_one/worlds/Dataset-of-Gazebo-Worlds-Models-and-Maps/worlds/dynamic_obstacle/model.sdf
-- Installing: /code/install/articubot_one/share/articubot_one/worlds/Dataset-of-Gazebo-Worlds-Models-and-Maps/worlds/dynamic_obstacle/model.config
-- Installing: /code/install/articubot_one/share/articubot_one/worlds/Dataset-of-Gazebo-Worlds-Models-and-Maps/worlds/dynamic_world
-- Installing: /code/install/articubot_one/share/articubot_one/worlds/Dataset-of-Gazebo-Worlds-Models-and-Maps/worlds/dynamic_world/dynamic_room.jpg
-- Installing: /code/install/articubot_one/share/articubot_one/worlds/Dataset-of-Gazebo-Worlds-Models-and-Maps/worlds/dynamic_world/world.model
-- Installing: /code/install/articubot_one/share/articubot_one/worlds/Dataset-of-Gazebo-Worlds-Models-and-Maps/worlds/room_with_walls_2
-- Installing: /code/install/articubot_one/share/articubot_one/worlds/Dataset-of-Gazebo-Worlds-Models-and-Maps/worlds/room_with_walls_2/map.yaml
-- Installing: /code/install/articubot_one/share/articubot_one/worlds/Dataset-of-Gazebo-Worlds-Models-and-Maps/worlds/room_with_walls_2/room3
-- Installing: /code/install/articubot_one/share/articubot_one/worlds/Dataset-of-Gazebo-Worlds-Models-and-Maps/worlds/room_with_walls_2/room3/model.sdf
-- Installing: /code/install/articubot_one/share/articubot_one/worlds/Dataset-of-Gazebo-Worlds-Models-and-Maps/worlds/room_with_walls_2/room3/model.config
-- Installing: /code/install/articubot_one/share/articubot_one/worlds/Dataset-of-Gazebo-Worlds-Models-and-Maps/worlds/room_with_walls_2/map_0.1m-px.png
-- Installing: /code/install/articubot_one/share/articubot_one/worlds/Dataset-of-Gazebo-Worlds-Models-and-Maps/worlds/room_with_walls_2/map_0.05m-px.png
-- Installing: /code/install/articubot_one/share/articubot_one/worlds/Dataset-of-Gazebo-Worlds-Models-and-Maps/worlds/empty_room
-- Installing: /code/install/articubot_one/share/articubot_one/worlds/Dataset-of-Gazebo-Worlds-Models-and-Maps/worlds/empty_room/model.sdf
-- Installing: /code/install/articubot_one/share/articubot_one/worlds/Dataset-of-Gazebo-Worlds-Models-and-Maps/worlds/empty_room/maps
-- Installing: /code/install/articubot_one/share/articubot_one/worlds/Dataset-of-Gazebo-Worlds-Models-and-Maps/worlds/empty_room/maps/empty_room.pgm
-- Installing: /code/install/articubot_one/share/articubot_one/worlds/Dataset-of-Gazebo-Worlds-Models-and-Maps/worlds/empty_room/maps/empty_room.png
-- Installing: /code/install/articubot_one/share/articubot_one/worlds/Dataset-of-Gazebo-Worlds-Models-and-Maps/worlds/empty_room/model.config
-- Installing: /code/install/articubot_one/share/articubot_one/worlds/Dataset-of-Gazebo-Worlds-Models-and-Maps/worlds/experiment_rooms
-- Installing: /code/install/articubot_one/share/articubot_one/worlds/Dataset-of-Gazebo-Worlds-Models-and-Maps/worlds/experiment_rooms/pics
-- Installing: /code/install/articubot_one/share/articubot_one/worlds/Dataset-of-Gazebo-Worlds-Models-and-Maps/worlds/experiment_rooms/pics/room1.png
-- Installing: /code/install/articubot_one/share/articubot_one/worlds/Dataset-of-Gazebo-Worlds-Models-and-Maps/worlds/experiment_rooms/pics/room4.png
-- Installing: /code/install/articubot_one/share/articubot_one/worlds/Dataset-of-Gazebo-Worlds-Models-and-Maps/worlds/experiment_rooms/pics/room2.png
-- Installing: /code/install/articubot_one/share/articubot_one/worlds/Dataset-of-Gazebo-Worlds-Models-and-Maps/worlds/experiment_rooms/pics/room3.png
-- Installing: /code/install/articubot_one/share/articubot_one/worlds/Dataset-of-Gazebo-Worlds-Models-and-Maps/worlds/experiment_rooms/worlds
-- Installing: /code/install/articubot_one/share/articubot_one/worlds/Dataset-of-Gazebo-Worlds-Models-and-Maps/worlds/experiment_rooms/worlds/room3
-- Installing: /code/install/articubot_one/share/articubot_one/worlds/Dataset-of-Gazebo-Worlds-Models-and-Maps/worlds/experiment_rooms/worlds/room3/map
-- Installing: /code/install/articubot_one/share/articubot_one/worlds/Dataset-of-Gazebo-Worlds-Models-and-Maps/worlds/experiment_rooms/worlds/room3/map/room3.png
-- Installing: /code/install/articubot_one/share/articubot_one/worlds/Dataset-of-Gazebo-Worlds-Models-and-Maps/worlds/experiment_rooms/worlds/room3/map/room3.yaml
-- Installing: /code/install/articubot_one/share/articubot_one/worlds/Dataset-of-Gazebo-Worlds-Models-and-Maps/worlds/experiment_rooms/worlds/room3/room3.png
-- Installing: /code/install/articubot_one/share/articubot_one/worlds/Dataset-of-Gazebo-Worlds-Models-and-Maps/worlds/experiment_rooms/worlds/room3/world_dynamic.model
-- Installing: /code/install/articubot_one/share/articubot_one/worlds/Dataset-of-Gazebo-Worlds-Models-and-Maps/worlds/experiment_rooms/worlds/room3/world.model
-- Installing: /code/install/articubot_one/share/articubot_one/worlds/Dataset-of-Gazebo-Worlds-Models-and-Maps/worlds/experiment_rooms/worlds/room4
-- Installing: /code/install/articubot_one/share/articubot_one/worlds/Dataset-of-Gazebo-Worlds-Models-and-Maps/worlds/experiment_rooms/worlds/room4/room4.png
-- Installing: /code/install/articubot_one/share/articubot_one/worlds/Dataset-of-Gazebo-Worlds-Models-and-Maps/worlds/experiment_rooms/worlds/room4/map
-- Installing: /code/install/articubot_one/share/articubot_one/worlds/Dataset-of-Gazebo-Worlds-Models-and-Maps/worlds/experiment_rooms/worlds/room4/map/room4.png
-- Installing: /code/install/articubot_one/share/articubot_one/worlds/Dataset-of-Gazebo-Worlds-Models-and-Maps/worlds/experiment_rooms/worlds/room4/map/room4.yaml
-- Installing: /code/install/articubot_one/share/articubot_one/worlds/Dataset-of-Gazebo-Worlds-Models-and-Maps/worlds/experiment_rooms/worlds/room4/world_dynamic.model
-- Installing: /code/install/articubot_one/share/articubot_one/worlds/Dataset-of-Gazebo-Worlds-Models-and-Maps/worlds/experiment_rooms/worlds/room4/world.model
-- Installing: /code/install/articubot_one/share/articubot_one/worlds/Dataset-of-Gazebo-Worlds-Models-and-Maps/worlds/experiment_rooms/worlds/room1
-- Installing: /code/install/articubot_one/share/articubot_one/worlds/Dataset-of-Gazebo-Worlds-Models-and-Maps/worlds/experiment_rooms/worlds/room1/map
-- Installing: /code/install/articubot_one/share/articubot_one/worlds/Dataset-of-Gazebo-Worlds-Models-and-Maps/worlds/experiment_rooms/worlds/room1/map/room1.png
-- Installing: /code/install/articubot_one/share/articubot_one/worlds/Dataset-of-Gazebo-Worlds-Models-and-Maps/worlds/experiment_rooms/worlds/room1/map/room1.yaml
-- Installing: /code/install/articubot_one/share/articubot_one/worlds/Dataset-of-Gazebo-Worlds-Models-and-Maps/worlds/experiment_rooms/worlds/room1/world.model
-- Installing: /code/install/articubot_one/share/articubot_one/worlds/Dataset-of-Gazebo-Worlds-Models-and-Maps/worlds/experiment_rooms/worlds/room2
-- Installing: /code/install/articubot_one/share/articubot_one/worlds/Dataset-of-Gazebo-Worlds-Models-and-Maps/worlds/experiment_rooms/worlds/room2/map
-- Installing: /code/install/articubot_one/share/articubot_one/worlds/Dataset-of-Gazebo-Worlds-Models-and-Maps/worlds/experiment_rooms/worlds/room2/map/room2.png
-- Installing: /code/install/articubot_one/share/articubot_one/worlds/Dataset-of-Gazebo-Worlds-Models-and-Maps/worlds/experiment_rooms/worlds/room2/map/room2.yaml
-- Installing: /code/install/articubot_one/share/articubot_one/worlds/Dataset-of-Gazebo-Worlds-Models-and-Maps/worlds/experiment_rooms/worlds/room2/world_dynamic.model
-- Installing: /code/install/articubot_one/share/articubot_one/worlds/Dataset-of-Gazebo-Worlds-Models-and-Maps/worlds/experiment_rooms/worlds/room2/world.model
-- Installing: /code/install/articubot_one/share/articubot_one/worlds/Dataset-of-Gazebo-Worlds-Models-and-Maps/worlds/experiment_rooms/README.md
-- Installing: /code/install/articubot_one/share/articubot_one/worlds/Dataset-of-Gazebo-Worlds-Models-and-Maps/worlds/experiment_rooms/models
-- Installing: /code/install/articubot_one/share/articubot_one/worlds/Dataset-of-Gazebo-Worlds-Models-and-Maps/worlds/experiment_rooms/models/dynamic_obstacle
-- Installing: /code/install/articubot_one/share/articubot_one/worlds/Dataset-of-Gazebo-Worlds-Models-and-Maps/worlds/experiment_rooms/models/dynamic_obstacle/model.sdf
-- Installing: /code/install/articubot_one/share/articubot_one/worlds/Dataset-of-Gazebo-Worlds-Models-and-Maps/worlds/experiment_rooms/models/dynamic_obstacle/model.config
-- Installing: /code/install/articubot_one/share/articubot_one/worlds/Dataset-of-Gazebo-Worlds-Models-and-Maps/worlds/experiment_rooms/models/exp_empty_rooms
-- Installing: /code/install/articubot_one/share/articubot_one/worlds/Dataset-of-Gazebo-Worlds-Models-and-Maps/worlds/experiment_rooms/models/exp_empty_rooms/model.sdf
-- Installing: /code/install/articubot_one/share/articubot_one/worlds/Dataset-of-Gazebo-Worlds-Models-and-Maps/worlds/experiment_rooms/models/exp_empty_rooms/model.config
-- Installing: /code/install/articubot_one/share/articubot_one/worlds/Dataset-of-Gazebo-Worlds-Models-and-Maps/worlds/experiment_rooms/experiment_rooms.png
-- Installing: /code/install/articubot_one/share/articubot_one/worlds/Dataset-of-Gazebo-Worlds-Models-and-Maps/worlds/random_world
-- Installing: /code/install/articubot_one/share/articubot_one/worlds/Dataset-of-Gazebo-Worlds-Models-and-Maps/worlds/random_world/media
-- Installing: /code/install/articubot_one/share/articubot_one/worlds/Dataset-of-Gazebo-Worlds-Models-and-Maps/worlds/random_world/media/materials
-- Installing: /code/install/articubot_one/share/articubot_one/worlds/Dataset-of-Gazebo-Worlds-Models-and-Maps/worlds/random_world/media/materials/texture
-- Installing: /code/install/articubot_one/share/articubot_one/worlds/Dataset-of-Gazebo-Worlds-Models-and-Maps/worlds/random_world/media/materials/texture/random_world.png
-- Installing: /code/install/articubot_one/share/articubot_one/worlds/Dataset-of-Gazebo-Worlds-Models-and-Maps/worlds/random_world/random_world.jpg
-- Installing: /code/install/articubot_one/share/articubot_one/worlds/Dataset-of-Gazebo-Worlds-Models-and-Maps/worlds/random_world/model.sdf
-- Installing: /code/install/articubot_one/share/articubot_one/worlds/Dataset-of-Gazebo-Worlds-Models-and-Maps/worlds/random_world/model.config
-- Installing: /code/install/articubot_one/share/articubot_one/worlds/Dataset-of-Gazebo-Worlds-Models-and-Maps/worlds/office
-- Installing: /code/install/articubot_one/share/articubot_one/worlds/Dataset-of-Gazebo-Worlds-Models-and-Maps/worlds/office/office_part2.zip
-- Installing: /code/install/articubot_one/share/articubot_one/worlds/Dataset-of-Gazebo-Worlds-Models-and-Maps/worlds/office/office.jpg
-- Installing: /code/install/articubot_one/share/articubot_one/worlds/Dataset-of-Gazebo-Worlds-Models-and-Maps/worlds/office/office_part1.zip
-- Installing: /code/install/articubot_one/share/articubot_one/worlds/Dataset-of-Gazebo-Worlds-Models-and-Maps/worlds/turtlebot3_world
-- Installing: /code/install/articubot_one/share/articubot_one/worlds/Dataset-of-Gazebo-Worlds-Models-and-Maps/worlds/turtlebot3_world/meshes
-- Installing: /code/install/articubot_one/share/articubot_one/worlds/Dataset-of-Gazebo-Worlds-Models-and-Maps/worlds/turtlebot3_world/meshes/hexagon.dae
-- Installing: /code/install/articubot_one/share/articubot_one/worlds/Dataset-of-Gazebo-Worlds-Models-and-Maps/worlds/turtlebot3_world/meshes/wall.dae
-- Installing: /code/install/articubot_one/share/articubot_one/worlds/Dataset-of-Gazebo-Worlds-Models-and-Maps/worlds/turtlebot3_world/model.sdf
-- Installing: /code/install/articubot_one/share/articubot_one/worlds/Dataset-of-Gazebo-Worlds-Models-and-Maps/worlds/turtlebot3_world/maps
-- Installing: /code/install/articubot_one/share/articubot_one/worlds/Dataset-of-Gazebo-Worlds-Models-and-Maps/worlds/turtlebot3_world/maps/turtlebot3_world.pgm
-- Installing: /code/install/articubot_one/share/articubot_one/worlds/Dataset-of-Gazebo-Worlds-Models-and-Maps/worlds/turtlebot3_world/maps/turtlebot3_world.yaml
-- Installing: /code/install/articubot_one/share/articubot_one/worlds/Dataset-of-Gazebo-Worlds-Models-and-Maps/worlds/turtlebot3_world/tb_world.jpg
-- Installing: /code/install/articubot_one/share/articubot_one/worlds/Dataset-of-Gazebo-Worlds-Models-and-Maps/worlds/turtlebot3_world/model.config
-- Installing: /code/install/articubot_one/share/articubot_one/worlds/Dataset-of-Gazebo-Worlds-Models-and-Maps/worlds/turtlebot3_world/model-1_4.sdf
-- Installing: /code/install/articubot_one/share/articubot_one/worlds/Dataset-of-Gazebo-Worlds-Models-and-Maps/worlds/small_house
-- Installing: /code/install/articubot_one/share/articubot_one/worlds/Dataset-of-Gazebo-Worlds-Models-and-Maps/worlds/small_house/small_house.zip
-- Installing: /code/install/articubot_one/share/articubot_one/worlds/Dataset-of-Gazebo-Worlds-Models-and-Maps/worlds/small_house/small_house.jpg
-- Installing: /code/install/articubot_one/share/articubot_one/worlds/Dataset-of-Gazebo-Worlds-Models-and-Maps/README.md
-- Up-to-date: /code/install/articubot_one/share/articubot_one/worlds/obstacles.sdf
-- Up-to-date: /code/install/articubot_one/share/articubot_one/worlds/empty.world
-- Up-to-date: /code/install/articubot_one/share/articubot_one/worlds/obstacles.world
-- Up-to-date: /code/install/articubot_one/share/ament_index/resource_index/package_run_dependencies/articubot_one
-- Up-to-date: /code/install/articubot_one/share/ament_index/resource_index/parent_prefix_path/articubot_one
-- Up-to-date: /code/install/articubot_one/share/articubot_one/environment/ament_prefix_path.sh
-- Up-to-date: /code/install/articubot_one/share/articubot_one/environment/ament_prefix_path.dsv
-- Up-to-date: /code/install/articubot_one/share/articubot_one/environment/path.sh
-- Up-to-date: /code/install/articubot_one/share/articubot_one/environment/path.dsv
-- Up-to-date: /code/install/articubot_one/share/articubot_one/local_setup.bash
-- Up-to-date: /code/install/articubot_one/share/articubot_one/local_setup.sh
-- Up-to-date: /code/install/articubot_one/share/articubot_one/local_setup.zsh
-- Up-to-date: /code/install/articubot_one/share/articubot_one/local_setup.dsv
-- Installing: /code/install/articubot_one/share/articubot_one/package.dsv
-- Up-to-date: /code/install/articubot_one/share/ament_index/resource_index/packages/articubot_one
-- Up-to-date: /code/install/articubot_one/share/articubot_one/cmake/articubot_oneConfig.cmake
-- Up-to-date: /code/install/articubot_one/share/articubot_one/cmake/articubot_oneConfig-version.cmake
-- Up-to-date: /code/install/articubot_one/share/articubot_one/package.xml
