[0.050s] Invoking command in '/code/build/articubot_one': CMAKE_PREFIX_PATH=${CMAKE_PREFIX_PATH}:/opt/ros/humble /usr/bin/cmake --build /code/build/articubot_one -- -j12 -l12
[0.145s] Invoked command in '/code/build/articubot_one' returned '0': CMAKE_PREFIX_PATH=${CMAKE_PREFIX_PATH}:/opt/ros/humble /usr/bin/cmake --build /code/build/articubot_one -- -j12 -l12
[0.167s] Invoking command in '/code/build/articubot_one': CMAKE_PREFIX_PATH=${CMAKE_PREFIX_PATH}:/opt/ros/humble /usr/bin/cmake --install /code/build/articubot_one
[0.179s] -- Install configuration: ""
[0.181s] -- Up-to-date: /code/install/articubot_one/share/articubot_one/config
[0.181s] -- Up-to-date: /code/install/articubot_one/share/articubot_one/config/map.rviz
[0.181s] -- Up-to-date: /code/install/articubot_one/share/articubot_one/config/view_bot.rviz
[0.181s] -- Up-to-date: /code/install/articubot_one/share/articubot_one/config/main.rviz
[0.181s] -- Up-to-date: /code/install/articubot_one/share/articubot_one/config/joystick.yaml
[0.181s] -- Up-to-date: /code/install/articubot_one/share/articubot_one/config/ball_tracker_params_robot.yaml
[0.181s] -- Up-to-date: /code/install/articubot_one/share/articubot_one/config/twist_mux.yaml
[0.185s] -- Up-to-date: /code/install/articubot_one/share/articubot_one/config/empty.yaml
[0.185s] -- Up-to-date: /code/install/articubot_one/share/articubot_one/config/gaz_ros2_ctl_use_sim.yaml
[0.185s] -- Up-to-date: /code/install/articubot_one/share/articubot_one/config/drive_bot.rviz
[0.185s] -- Up-to-date: /code/install/articubot_one/share/articubot_one/config/gazebo_params.yaml
[0.185s] -- Up-to-date: /code/install/articubot_one/share/articubot_one/config/ball_tracker_params_sim.yaml
[0.185s] -- Up-to-date: /code/install/articubot_one/share/articubot_one/config/ekf.yaml
[0.185s] -- Up-to-date: /code/install/articubot_one/share/articubot_one/config/nav2_params.yaml
[0.185s] -- Up-to-date: /code/install/articubot_one/share/articubot_one/config/mapper_params_online_async.yaml
[0.185s] -- Up-to-date: /code/install/articubot_one/share/articubot_one/config/my_controllers.yaml
[0.185s] -- Up-to-date: /code/install/articubot_one/share/articubot_one/description
[0.185s] -- Up-to-date: /code/install/articubot_one/share/articubot_one/description/face.xacro
[0.185s] -- Up-to-date: /code/install/articubot_one/share/articubot_one/description/robot.urdf.xacro
[0.185s] -- Up-to-date: /code/install/articubot_one/share/articubot_one/description/lidar.xacro
[0.185s] -- Up-to-date: /code/install/articubot_one/share/articubot_one/description/ros2_control.xacro
[0.185s] -- Up-to-date: /code/install/articubot_one/share/articubot_one/description/gazebo_control.xacro
[0.185s] -- Up-to-date: /code/install/articubot_one/share/articubot_one/description/robot_core.xacro
[0.186s] -- Up-to-date: /code/install/articubot_one/share/articubot_one/description/inertial_macros.xacro
[0.186s] -- Up-to-date: /code/install/articubot_one/share/articubot_one/description/camera.xacro
[0.186s] -- Up-to-date: /code/install/articubot_one/share/articubot_one/description/depth_camera.xacro
[0.186s] -- Up-to-date: /code/install/articubot_one/share/articubot_one/launch
[0.186s] -- Up-to-date: /code/install/articubot_one/share/articubot_one/launch/navigation_launch.py
[0.186s] -- Up-to-date: /code/install/articubot_one/share/articubot_one/launch/joystick.launch.py
[0.186s] -- Up-to-date: /code/install/articubot_one/share/articubot_one/launch/camera.launch.py
[0.186s] -- Installing: /code/install/articubot_one/share/articubot_one/launch/launch_sim.launch.py
[0.187s] -- Up-to-date: /code/install/articubot_one/share/articubot_one/launch/launch_robot.launch.py
[0.189s] -- Up-to-date: /code/install/articubot_one/share/articubot_one/launch/rplidar.launch.py
[0.189s] -- Up-to-date: /code/install/articubot_one/share/articubot_one/launch/rsp.launch.py
[0.189s] -- Up-to-date: /code/install/articubot_one/share/articubot_one/launch/online_async_launch.py
[0.189s] -- Up-to-date: /code/install/articubot_one/share/articubot_one/launch/localization_launch.py
[0.189s] -- Up-to-date: /code/install/articubot_one/share/articubot_one/launch/ball_tracker.launch.py
[0.189s] -- Up-to-date: /code/install/articubot_one/share/articubot_one/worlds
[0.194s] -- Installing: /code/install/articubot_one/share/articubot_one/worlds/Dataset-of-Gazebo-Worlds-Models-and-Maps
[0.194s] -- Installing: /code/install/articubot_one/share/articubot_one/worlds/Dataset-of-Gazebo-Worlds-Models-and-Maps/.git
[0.194s] -- Installing: /code/install/articubot_one/share/articubot_one/worlds/Dataset-of-Gazebo-Worlds-Models-and-Maps/.git/description
[0.200s] -- Installing: /code/install/articubot_one/share/articubot_one/worlds/Dataset-of-Gazebo-Worlds-Models-and-Maps/.git/config
[0.200s] -- Installing: /code/install/articubot_one/share/articubot_one/worlds/Dataset-of-Gazebo-Worlds-Models-and-Maps/.git/packed-refs
[0.205s] -- Installing: /code/install/articubot_one/share/articubot_one/worlds/Dataset-of-Gazebo-Worlds-Models-and-Maps/.git/hooks
[0.206s] -- Installing: /code/install/articubot_one/share/articubot_one/worlds/Dataset-of-Gazebo-Worlds-Models-and-Maps/.git/hooks/push-to-checkout.sample
[0.206s] -- Installing: /code/install/articubot_one/share/articubot_one/worlds/Dataset-of-Gazebo-Worlds-Models-and-Maps/.git/hooks/applypatch-msg.sample
[0.206s] -- Installing: /code/install/articubot_one/share/articubot_one/worlds/Dataset-of-Gazebo-Worlds-Models-and-Maps/.git/hooks/pre-applypatch.sample
[0.208s] -- Installing: /code/install/articubot_one/share/articubot_one/worlds/Dataset-of-Gazebo-Worlds-Models-and-Maps/.git/hooks/pre-commit.sample
[0.209s] -- Installing: /code/install/articubot_one/share/articubot_one/worlds/Dataset-of-Gazebo-Worlds-Models-and-Maps/.git/hooks/post-update.sample
[0.210s] -- Installing: /code/install/articubot_one/share/articubot_one/worlds/Dataset-of-Gazebo-Worlds-Models-and-Maps/.git/hooks/commit-msg.sample
[0.211s] -- Installing: /code/install/articubot_one/share/articubot_one/worlds/Dataset-of-Gazebo-Worlds-Models-and-Maps/.git/hooks/update.sample
[0.212s] -- Installing: /code/install/articubot_one/share/articubot_one/worlds/Dataset-of-Gazebo-Worlds-Models-and-Maps/.git/hooks/pre-receive.sample
[0.214s] -- Installing: /code/install/articubot_one/share/articubot_one/worlds/Dataset-of-Gazebo-Worlds-Models-and-Maps/.git/hooks/pre-rebase.sample
[0.215s] -- Installing: /code/install/articubot_one/share/articubot_one/worlds/Dataset-of-Gazebo-Worlds-Models-and-Maps/.git/hooks/pre-push.sample
[0.216s] -- Installing: /code/install/articubot_one/share/articubot_one/worlds/Dataset-of-Gazebo-Worlds-Models-and-Maps/.git/hooks/fsmonitor-watchman.sample
[0.217s] -- Installing: /code/install/articubot_one/share/articubot_one/worlds/Dataset-of-Gazebo-Worlds-Models-and-Maps/.git/hooks/pre-merge-commit.sample
[0.218s] -- Installing: /code/install/articubot_one/share/articubot_one/worlds/Dataset-of-Gazebo-Worlds-Models-and-Maps/.git/hooks/prepare-commit-msg.sample
[0.219s] -- Installing: /code/install/articubot_one/share/articubot_one/worlds/Dataset-of-Gazebo-Worlds-Models-and-Maps/.git/objects
[0.220s] -- Installing: /code/install/articubot_one/share/articubot_one/worlds/Dataset-of-Gazebo-Worlds-Models-and-Maps/.git/objects/pack
[0.222s] -- Installing: /code/install/articubot_one/share/articubot_one/worlds/Dataset-of-Gazebo-Worlds-Models-and-Maps/.git/objects/pack/pack-4e75e6a0c1107a8a09b870742237608d1cc29bcf.idx
[0.223s] -- Installing: /code/install/articubot_one/share/articubot_one/worlds/Dataset-of-Gazebo-Worlds-Models-and-Maps/.git/objects/pack/pack-4e75e6a0c1107a8a09b870742237608d1cc29bcf.pack
[1.620s] -- Installing: /code/install/articubot_one/share/articubot_one/worlds/Dataset-of-Gazebo-Worlds-Models-and-Maps/.git/objects/info
[1.621s] -- Installing: /code/install/articubot_one/share/articubot_one/worlds/Dataset-of-Gazebo-Worlds-Models-and-Maps/.git/refs
[1.623s] -- Installing: /code/install/articubot_one/share/articubot_one/worlds/Dataset-of-Gazebo-Worlds-Models-and-Maps/.git/refs/heads
[1.624s] -- Installing: /code/install/articubot_one/share/articubot_one/worlds/Dataset-of-Gazebo-Worlds-Models-and-Maps/.git/refs/heads/master
[1.625s] -- Installing: /code/install/articubot_one/share/articubot_one/worlds/Dataset-of-Gazebo-Worlds-Models-and-Maps/.git/refs/tags
[1.626s] -- Installing: /code/install/articubot_one/share/articubot_one/worlds/Dataset-of-Gazebo-Worlds-Models-and-Maps/.git/refs/remotes
[1.626s] -- Installing: /code/install/articubot_one/share/articubot_one/worlds/Dataset-of-Gazebo-Worlds-Models-and-Maps/.git/refs/remotes/origin
[1.627s] -- Installing: /code/install/articubot_one/share/articubot_one/worlds/Dataset-of-Gazebo-Worlds-Models-and-Maps/.git/refs/remotes/origin/HEAD
[1.628s] -- Installing: /code/install/articubot_one/share/articubot_one/worlds/Dataset-of-Gazebo-Worlds-Models-and-Maps/.git/HEAD
[1.630s] -- Installing: /code/install/articubot_one/share/articubot_one/worlds/Dataset-of-Gazebo-Worlds-Models-and-Maps/.git/index
[1.631s] -- Installing: /code/install/articubot_one/share/articubot_one/worlds/Dataset-of-Gazebo-Worlds-Models-and-Maps/.git/branches
[1.632s] -- Installing: /code/install/articubot_one/share/articubot_one/worlds/Dataset-of-Gazebo-Worlds-Models-and-Maps/.git/logs
[1.635s] -- Installing: /code/install/articubot_one/share/articubot_one/worlds/Dataset-of-Gazebo-Worlds-Models-and-Maps/.git/logs/refs
[1.639s] -- Installing: /code/install/articubot_one/share/articubot_one/worlds/Dataset-of-Gazebo-Worlds-Models-and-Maps/.git/logs/refs/heads
[1.641s] -- Installing: /code/install/articubot_one/share/articubot_one/worlds/Dataset-of-Gazebo-Worlds-Models-and-Maps/.git/logs/refs/heads/master
[1.642s] -- Installing: /code/install/articubot_one/share/articubot_one/worlds/Dataset-of-Gazebo-Worlds-Models-and-Maps/.git/logs/refs/remotes
[1.644s] -- Installing: /code/install/articubot_one/share/articubot_one/worlds/Dataset-of-Gazebo-Worlds-Models-and-Maps/.git/logs/refs/remotes/origin
[1.645s] -- Installing: /code/install/articubot_one/share/articubot_one/worlds/Dataset-of-Gazebo-Worlds-Models-and-Maps/.git/logs/refs/remotes/origin/HEAD
[1.646s] -- Installing: /code/install/articubot_one/share/articubot_one/worlds/Dataset-of-Gazebo-Worlds-Models-and-Maps/.git/logs/HEAD
[1.647s] -- Installing: /code/install/articubot_one/share/articubot_one/worlds/Dataset-of-Gazebo-Worlds-Models-and-Maps/.git/info
[1.648s] -- Installing: /code/install/articubot_one/share/articubot_one/worlds/Dataset-of-Gazebo-Worlds-Models-and-Maps/.git/info/exclude
[1.648s] -- Installing: /code/install/articubot_one/share/articubot_one/worlds/Dataset-of-Gazebo-Worlds-Models-and-Maps/robots
[1.649s] -- Installing: /code/install/articubot_one/share/articubot_one/worlds/Dataset-of-Gazebo-Worlds-Models-and-Maps/robots/turtlebot3_burger
[1.651s] -- Installing: /code/install/articubot_one/share/articubot_one/worlds/Dataset-of-Gazebo-Worlds-Models-and-Maps/robots/turtlebot3_burger/meshes
[1.651s] -- Installing: /code/install/articubot_one/share/articubot_one/worlds/Dataset-of-Gazebo-Worlds-Models-and-Maps/robots/turtlebot3_burger/meshes/burger_base.dae
[1.684s] -- Installing: /code/install/articubot_one/share/articubot_one/worlds/Dataset-of-Gazebo-Worlds-Models-and-Maps/robots/turtlebot3_burger/meshes/lds.dae
[1.690s] -- Installing: /code/install/articubot_one/share/articubot_one/worlds/Dataset-of-Gazebo-Worlds-Models-and-Maps/robots/turtlebot3_burger/meshes/right_tire.dae
[1.704s] -- Installing: /code/install/articubot_one/share/articubot_one/worlds/Dataset-of-Gazebo-Worlds-Models-and-Maps/robots/turtlebot3_burger/meshes/left_tire.dae
[1.713s] -- Installing: /code/install/articubot_one/share/articubot_one/worlds/Dataset-of-Gazebo-Worlds-Models-and-Maps/robots/turtlebot3_burger/model.sdf
[1.714s] -- Installing: /code/install/articubot_one/share/articubot_one/worlds/Dataset-of-Gazebo-Worlds-Models-and-Maps/robots/turtlebot3_burger/model.config
[1.717s] -- Installing: /code/install/articubot_one/share/articubot_one/worlds/Dataset-of-Gazebo-Worlds-Models-and-Maps/robots/turtlebot3_burger/model-1_4.sdf
[1.717s] -- Installing: /code/install/articubot_one/share/articubot_one/worlds/Dataset-of-Gazebo-Worlds-Models-and-Maps/robots/turtlebot3_waffle_pi
[1.718s] -- Installing: /code/install/articubot_one/share/articubot_one/worlds/Dataset-of-Gazebo-Worlds-Models-and-Maps/robots/turtlebot3_waffle_pi/meshes
[1.719s] -- Installing: /code/install/articubot_one/share/articubot_one/worlds/Dataset-of-Gazebo-Worlds-Models-and-Maps/robots/turtlebot3_waffle_pi/meshes/lds.dae
[1.724s] -- Installing: /code/install/articubot_one/share/articubot_one/worlds/Dataset-of-Gazebo-Worlds-Models-and-Maps/robots/turtlebot3_waffle_pi/meshes/waffle_pi_base.dae
[1.827s] -- Installing: /code/install/articubot_one/share/articubot_one/worlds/Dataset-of-Gazebo-Worlds-Models-and-Maps/robots/turtlebot3_waffle_pi/meshes/right_tire.dae
[1.837s] -- Installing: /code/install/articubot_one/share/articubot_one/worlds/Dataset-of-Gazebo-Worlds-Models-and-Maps/robots/turtlebot3_waffle_pi/meshes/left_tire.dae
[1.847s] -- Installing: /code/install/articubot_one/share/articubot_one/worlds/Dataset-of-Gazebo-Worlds-Models-and-Maps/robots/turtlebot3_waffle_pi/model.sdf
[1.848s] -- Installing: /code/install/articubot_one/share/articubot_one/worlds/Dataset-of-Gazebo-Worlds-Models-and-Maps/robots/turtlebot3_waffle_pi/model.config
[1.849s] -- Installing: /code/install/articubot_one/share/articubot_one/worlds/Dataset-of-Gazebo-Worlds-Models-and-Maps/robots/turtlebot3_waffle_pi/model-1_4.sdf
[1.849s] -- Installing: /code/install/articubot_one/share/articubot_one/worlds/Dataset-of-Gazebo-Worlds-Models-and-Maps/robots/tb3_waffle_realsense_no_visuals
[1.851s] -- Installing: /code/install/articubot_one/share/articubot_one/worlds/Dataset-of-Gazebo-Worlds-Models-and-Maps/robots/tb3_waffle_realsense_no_visuals/model.sdf
[1.855s] -- Installing: /code/install/articubot_one/share/articubot_one/worlds/Dataset-of-Gazebo-Worlds-Models-and-Maps/robots/tb3_waffle_realsense_no_visuals/model.config
[1.856s] -- Installing: /code/install/articubot_one/share/articubot_one/worlds/Dataset-of-Gazebo-Worlds-Models-and-Maps/robots/turtlebot3_waffle
[1.863s] -- Installing: /code/install/articubot_one/share/articubot_one/worlds/Dataset-of-Gazebo-Worlds-Models-and-Maps/robots/turtlebot3_waffle/meshes
[1.864s] -- Installing: /code/install/articubot_one/share/articubot_one/worlds/Dataset-of-Gazebo-Worlds-Models-and-Maps/robots/turtlebot3_waffle/meshes/r200.dae
[1.866s] -- Installing: /code/install/articubot_one/share/articubot_one/worlds/Dataset-of-Gazebo-Worlds-Models-and-Maps/robots/turtlebot3_waffle/meshes/lds.dae
[1.872s] -- Installing: /code/install/articubot_one/share/articubot_one/worlds/Dataset-of-Gazebo-Worlds-Models-and-Maps/robots/turtlebot3_waffle/meshes/right_tire.dae
[1.883s] -- Installing: /code/install/articubot_one/share/articubot_one/worlds/Dataset-of-Gazebo-Worlds-Models-and-Maps/robots/turtlebot3_waffle/meshes/left_tire.dae
[1.895s] -- Installing: /code/install/articubot_one/share/articubot_one/worlds/Dataset-of-Gazebo-Worlds-Models-and-Maps/robots/turtlebot3_waffle/meshes/waffle_base.dae
[2.008s] -- Installing: /code/install/articubot_one/share/articubot_one/worlds/Dataset-of-Gazebo-Worlds-Models-and-Maps/robots/turtlebot3_waffle/model.sdf
[2.009s] -- Installing: /code/install/articubot_one/share/articubot_one/worlds/Dataset-of-Gazebo-Worlds-Models-and-Maps/robots/turtlebot3_waffle/model.config
[2.010s] -- Installing: /code/install/articubot_one/share/articubot_one/worlds/Dataset-of-Gazebo-Worlds-Models-and-Maps/robots/turtlebot3_waffle/model-1_4.sdf
[2.012s] -- Installing: /code/install/articubot_one/share/articubot_one/worlds/Dataset-of-Gazebo-Worlds-Models-and-Maps/worlds
[2.013s] -- Installing: /code/install/articubot_one/share/articubot_one/worlds/Dataset-of-Gazebo-Worlds-Models-and-Maps/worlds/hospital
[2.014s] -- Installing: /code/install/articubot_one/share/articubot_one/worlds/Dataset-of-Gazebo-Worlds-Models-and-Maps/worlds/hospital/models_part1.zip
[2.127s] -- Installing: /code/install/articubot_one/share/articubot_one/worlds/Dataset-of-Gazebo-Worlds-Models-and-Maps/worlds/hospital/models_part4.zip
[2.301s] -- Installing: /code/install/articubot_one/share/articubot_one/worlds/Dataset-of-Gazebo-Worlds-Models-and-Maps/worlds/hospital/hospital.world
[2.301s] -- Installing: /code/install/articubot_one/share/articubot_one/worlds/Dataset-of-Gazebo-Worlds-Models-and-Maps/worlds/hospital/models_part3.zip
[2.441s] -- Installing: /code/install/articubot_one/share/articubot_one/worlds/Dataset-of-Gazebo-Worlds-Models-and-Maps/worlds/hospital/hospital.png
[2.441s] -- Installing: /code/install/articubot_one/share/articubot_one/worlds/Dataset-of-Gazebo-Worlds-Models-and-Maps/worlds/hospital/photos
[2.441s] -- Installing: /code/install/articubot_one/share/articubot_one/worlds/Dataset-of-Gazebo-Worlds-Models-and-Maps/worlds/hospital/photos/PortraitE_02.jpg
[2.441s] -- Installing: /code/install/articubot_one/share/articubot_one/worlds/Dataset-of-Gazebo-Worlds-Models-and-Maps/worlds/hospital/photos/PortraitE_01.jpg
[2.445s] -- Installing: /code/install/articubot_one/share/articubot_one/worlds/Dataset-of-Gazebo-Worlds-Models-and-Maps/worlds/hospital/photos/PortraitD_01.jpg
[2.445s] -- Installing: /code/install/articubot_one/share/articubot_one/worlds/Dataset-of-Gazebo-Worlds-Models-and-Maps/worlds/hospital/photos/PortraitC_01.jpg
[2.448s] -- Installing: /code/install/articubot_one/share/articubot_one/worlds/Dataset-of-Gazebo-Worlds-Models-and-Maps/worlds/hospital/photos/PortraitA_01.jpg
[2.458s] -- Installing: /code/install/articubot_one/share/articubot_one/worlds/Dataset-of-Gazebo-Worlds-Models-and-Maps/worlds/hospital/photos/PortraitD_02.jpg
[2.460s] -- Installing: /code/install/articubot_one/share/articubot_one/worlds/Dataset-of-Gazebo-Worlds-Models-and-Maps/worlds/hospital/models_part2.zip
[2.616s] -- Installing: /code/install/articubot_one/share/articubot_one/worlds/Dataset-of-Gazebo-Worlds-Models-and-Maps/worlds/hospital/hospital_two_floors.world
[2.619s] -- Installing: /code/install/articubot_one/share/articubot_one/worlds/Dataset-of-Gazebo-Worlds-Models-and-Maps/worlds/hospital/two_floor.png
[2.624s] -- Installing: /code/install/articubot_one/share/articubot_one/worlds/Dataset-of-Gazebo-Worlds-Models-and-Maps/worlds/bookstore
[2.634s] -- Installing: /code/install/articubot_one/share/articubot_one/worlds/Dataset-of-Gazebo-Worlds-Models-and-Maps/worlds/bookstore/bookstore.jpg
[2.641s] -- Installing: /code/install/articubot_one/share/articubot_one/worlds/Dataset-of-Gazebo-Worlds-Models-and-Maps/worlds/bookstore/bookstore.zip
[2.814s] -- Installing: /code/install/articubot_one/share/articubot_one/worlds/Dataset-of-Gazebo-Worlds-Models-and-Maps/worlds/star_room_with_walls
[2.816s] -- Installing: /code/install/articubot_one/share/articubot_one/worlds/Dataset-of-Gazebo-Worlds-Models-and-Maps/worlds/star_room_with_walls/map.yaml
[2.818s] -- Installing: /code/install/articubot_one/share/articubot_one/worlds/Dataset-of-Gazebo-Worlds-Models-and-Maps/worlds/star_room_with_walls/room_with_walls_star
[2.821s] -- Installing: /code/install/articubot_one/share/articubot_one/worlds/Dataset-of-Gazebo-Worlds-Models-and-Maps/worlds/star_room_with_walls/room_with_walls_star/model.sdf
[2.825s] -- Installing: /code/install/articubot_one/share/articubot_one/worlds/Dataset-of-Gazebo-Worlds-Models-and-Maps/worlds/star_room_with_walls/room_with_walls_star/model.config
[2.825s] -- Installing: /code/install/articubot_one/share/articubot_one/worlds/Dataset-of-Gazebo-Worlds-Models-and-Maps/worlds/star_room_with_walls/map_0.1m-px.png
[2.825s] -- Installing: /code/install/articubot_one/share/articubot_one/worlds/Dataset-of-Gazebo-Worlds-Models-and-Maps/worlds/star_room_with_walls/map_0.05m-px.png
[2.825s] -- Installing: /code/install/articubot_one/share/articubot_one/worlds/Dataset-of-Gazebo-Worlds-Models-and-Maps/worlds/room_with_walls_1
[2.826s] -- Installing: /code/install/articubot_one/share/articubot_one/worlds/Dataset-of-Gazebo-Worlds-Models-and-Maps/worlds/room_with_walls_1/simple_rooms.png
[2.828s] -- Installing: /code/install/articubot_one/share/articubot_one/worlds/Dataset-of-Gazebo-Worlds-Models-and-Maps/worlds/room_with_walls_1/map.yaml
[2.829s] -- Installing: /code/install/articubot_one/share/articubot_one/worlds/Dataset-of-Gazebo-Worlds-Models-and-Maps/worlds/room_with_walls_1/room_with_walls_10x10
[2.830s] -- Installing: /code/install/articubot_one/share/articubot_one/worlds/Dataset-of-Gazebo-Worlds-Models-and-Maps/worlds/room_with_walls_1/room_with_walls_10x10/model.sdf
[2.832s] -- Installing: /code/install/articubot_one/share/articubot_one/worlds/Dataset-of-Gazebo-Worlds-Models-and-Maps/worlds/room_with_walls_1/room_with_walls_10x10/model.config
[2.832s] -- Installing: /code/install/articubot_one/share/articubot_one/worlds/Dataset-of-Gazebo-Worlds-Models-and-Maps/worlds/room_with_walls_1/map_0.1m-px.png
[2.834s] -- Installing: /code/install/articubot_one/share/articubot_one/worlds/Dataset-of-Gazebo-Worlds-Models-and-Maps/worlds/room_with_walls_1/map_0.05m-px.png
[2.835s] -- Installing: /code/install/articubot_one/share/articubot_one/worlds/Dataset-of-Gazebo-Worlds-Models-and-Maps/worlds/factory
[2.837s] -- Installing: /code/install/articubot_one/share/articubot_one/worlds/Dataset-of-Gazebo-Worlds-Models-and-Maps/worlds/factory/factory.model
[2.839s] -- Installing: /code/install/articubot_one/share/articubot_one/worlds/Dataset-of-Gazebo-Worlds-Models-and-Maps/worlds/factory/models
[2.841s] -- Installing: /code/install/articubot_one/share/articubot_one/worlds/Dataset-of-Gazebo-Worlds-Models-and-Maps/worlds/factory/models/conveyor_belt_tall_ariac
[2.842s] -- Installing: /code/install/articubot_one/share/articubot_one/worlds/Dataset-of-Gazebo-Worlds-Models-and-Maps/worlds/factory/models/conveyor_belt_tall_ariac/model.sdf
[2.843s] -- Installing: /code/install/articubot_one/share/articubot_one/worlds/Dataset-of-Gazebo-Worlds-Models-and-Maps/worlds/factory/models/conveyor_belt_tall_ariac/model.config
[2.844s] -- Installing: /code/install/articubot_one/share/articubot_one/worlds/Dataset-of-Gazebo-Worlds-Models-and-Maps/worlds/factory/models/disk_part_ariac
[2.846s] -- Installing: /code/install/articubot_one/share/articubot_one/worlds/Dataset-of-Gazebo-Worlds-Models-and-Maps/worlds/factory/models/disk_part_ariac/meshes
[2.848s] -- Installing: /code/install/articubot_one/share/articubot_one/worlds/Dataset-of-Gazebo-Worlds-Models-and-Maps/worlds/factory/models/disk_part_ariac/meshes/disk.dae
[2.848s] -- Installing: /code/install/articubot_one/share/articubot_one/worlds/Dataset-of-Gazebo-Worlds-Models-and-Maps/worlds/factory/models/disk_part_ariac/model.sdf
[2.853s] -- Installing: /code/install/articubot_one/share/articubot_one/worlds/Dataset-of-Gazebo-Worlds-Models-and-Maps/worlds/factory/models/disk_part_ariac/model.config
[2.855s] -- Installing: /code/install/articubot_one/share/articubot_one/worlds/Dataset-of-Gazebo-Worlds-Models-and-Maps/worlds/factory/models/open_box_ariac
[2.856s] -- Installing: /code/install/articubot_one/share/articubot_one/worlds/Dataset-of-Gazebo-Worlds-Models-and-Maps/worlds/factory/models/open_box_ariac/meshes
[2.858s] -- Installing: /code/install/articubot_one/share/articubot_one/worlds/Dataset-of-Gazebo-Worlds-Models-and-Maps/worlds/factory/models/open_box_ariac/meshes/open_box.mtl
[2.859s] -- Installing: /code/install/articubot_one/share/articubot_one/worlds/Dataset-of-Gazebo-Worlds-Models-and-Maps/worlds/factory/models/open_box_ariac/meshes/open_box.obj
[2.861s] -- Installing: /code/install/articubot_one/share/articubot_one/worlds/Dataset-of-Gazebo-Worlds-Models-and-Maps/worlds/factory/models/open_box_ariac/model.sdf
[2.863s] -- Installing: /code/install/articubot_one/share/articubot_one/worlds/Dataset-of-Gazebo-Worlds-Models-and-Maps/worlds/factory/models/open_box_ariac/materials
[2.863s] -- Installing: /code/install/articubot_one/share/articubot_one/worlds/Dataset-of-Gazebo-Worlds-Models-and-Maps/worlds/factory/models/open_box_ariac/materials/textures
[2.865s] -- Installing: /code/install/articubot_one/share/articubot_one/worlds/Dataset-of-Gazebo-Worlds-Models-and-Maps/worlds/factory/models/open_box_ariac/materials/textures/open_box.png
[2.867s] -- Installing: /code/install/articubot_one/share/articubot_one/worlds/Dataset-of-Gazebo-Worlds-Models-and-Maps/worlds/factory/models/open_box_ariac/model.config
[2.869s] -- Installing: /code/install/articubot_one/share/articubot_one/worlds/Dataset-of-Gazebo-Worlds-Models-and-Maps/worlds/factory/models/euro_pallet
[2.870s] -- Installing: /code/install/articubot_one/share/articubot_one/worlds/Dataset-of-Gazebo-Worlds-Models-and-Maps/worlds/factory/models/euro_pallet/meshes
[2.871s] -- Installing: /code/install/articubot_one/share/articubot_one/worlds/Dataset-of-Gazebo-Worlds-Models-and-Maps/worlds/factory/models/euro_pallet/meshes/pallet.dae
[2.871s] -- Installing: /code/install/articubot_one/share/articubot_one/worlds/Dataset-of-Gazebo-Worlds-Models-and-Maps/worlds/factory/models/euro_pallet/model.sdf
[2.872s] -- Installing: /code/install/articubot_one/share/articubot_one/worlds/Dataset-of-Gazebo-Worlds-Models-and-Maps/worlds/factory/models/euro_pallet/model.config
[2.872s] -- Installing: /code/install/articubot_one/share/articubot_one/worlds/Dataset-of-Gazebo-Worlds-Models-and-Maps/worlds/factory/models/gear_part_ariac
[2.873s] -- Installing: /code/install/articubot_one/share/articubot_one/worlds/Dataset-of-Gazebo-Worlds-Models-and-Maps/worlds/factory/models/gear_part_ariac/meshes
[2.874s] -- Installing: /code/install/articubot_one/share/articubot_one/worlds/Dataset-of-Gazebo-Worlds-Models-and-Maps/worlds/factory/models/gear_part_ariac/meshes/gear.dae
[2.875s] -- Installing: /code/install/articubot_one/share/articubot_one/worlds/Dataset-of-Gazebo-Worlds-Models-and-Maps/worlds/factory/models/gear_part_ariac/model.sdf
[2.876s] -- Installing: /code/install/articubot_one/share/articubot_one/worlds/Dataset-of-Gazebo-Worlds-Models-and-Maps/worlds/factory/models/gear_part_ariac/model.config
[2.877s] -- Installing: /code/install/articubot_one/share/articubot_one/worlds/Dataset-of-Gazebo-Worlds-Models-and-Maps/worlds/factory/models/construction_barrel
[2.879s] -- Installing: /code/install/articubot_one/share/articubot_one/worlds/Dataset-of-Gazebo-Worlds-Models-and-Maps/worlds/factory/models/construction_barrel/model-1_3.sdf
[2.880s] -- Installing: /code/install/articubot_one/share/articubot_one/worlds/Dataset-of-Gazebo-Worlds-Models-and-Maps/worlds/factory/models/construction_barrel/meshes
[2.884s] -- Installing: /code/install/articubot_one/share/articubot_one/worlds/Dataset-of-Gazebo-Worlds-Models-and-Maps/worlds/factory/models/construction_barrel/meshes/construction_barrel.dae
[2.889s] -- Installing: /code/install/articubot_one/share/articubot_one/worlds/Dataset-of-Gazebo-Worlds-Models-and-Maps/worlds/factory/models/construction_barrel/model.sdf
[2.893s] -- Installing: /code/install/articubot_one/share/articubot_one/worlds/Dataset-of-Gazebo-Worlds-Models-and-Maps/worlds/factory/models/construction_barrel/materials
[2.893s] -- Installing: /code/install/articubot_one/share/articubot_one/worlds/Dataset-of-Gazebo-Worlds-Models-and-Maps/worlds/factory/models/construction_barrel/materials/textures
[2.895s] -- Installing: /code/install/articubot_one/share/articubot_one/worlds/Dataset-of-Gazebo-Worlds-Models-and-Maps/worlds/factory/models/construction_barrel/materials/textures/Construction_Barrel_Spec.png
[2.896s] -- Installing: /code/install/articubot_one/share/articubot_one/worlds/Dataset-of-Gazebo-Worlds-Models-and-Maps/worlds/factory/models/construction_barrel/materials/textures/Construction_Barrel_Diffuse.png
[2.900s] -- Installing: /code/install/articubot_one/share/articubot_one/worlds/Dataset-of-Gazebo-Worlds-Models-and-Maps/worlds/factory/models/construction_barrel/model.config
[2.901s] -- Installing: /code/install/articubot_one/share/articubot_one/worlds/Dataset-of-Gazebo-Worlds-Models-and-Maps/worlds/factory/models/construction_barrel/model-1_4.sdf
[2.905s] -- Installing: /code/install/articubot_one/share/articubot_one/worlds/Dataset-of-Gazebo-Worlds-Models-and-Maps/worlds/factory/models/construction_cone
[2.905s] -- Installing: /code/install/articubot_one/share/articubot_one/worlds/Dataset-of-Gazebo-Worlds-Models-and-Maps/worlds/factory/models/construction_cone/model-1_3.sdf
[2.905s] -- Installing: /code/install/articubot_one/share/articubot_one/worlds/Dataset-of-Gazebo-Worlds-Models-and-Maps/worlds/factory/models/construction_cone/meshes
[2.905s] -- Installing: /code/install/articubot_one/share/articubot_one/worlds/Dataset-of-Gazebo-Worlds-Models-and-Maps/worlds/factory/models/construction_cone/meshes/construction_cone.dae
[2.905s] -- Installing: /code/install/articubot_one/share/articubot_one/worlds/Dataset-of-Gazebo-Worlds-Models-and-Maps/worlds/factory/models/construction_cone/model.sdf
[2.909s] -- Installing: /code/install/articubot_one/share/articubot_one/worlds/Dataset-of-Gazebo-Worlds-Models-and-Maps/worlds/factory/models/construction_cone/materials
[2.909s] -- Installing: /code/install/articubot_one/share/articubot_one/worlds/Dataset-of-Gazebo-Worlds-Models-and-Maps/worlds/factory/models/construction_cone/materials/textures
[2.909s] -- Installing: /code/install/articubot_one/share/articubot_one/worlds/Dataset-of-Gazebo-Worlds-Models-and-Maps/worlds/factory/models/construction_cone/materials/textures/Construction_Cone_Diffuse.png
[2.910s] -- Installing: /code/install/articubot_one/share/articubot_one/worlds/Dataset-of-Gazebo-Worlds-Models-and-Maps/worlds/factory/models/construction_cone/model.config
[2.911s] -- Installing: /code/install/articubot_one/share/articubot_one/worlds/Dataset-of-Gazebo-Worlds-Models-and-Maps/worlds/factory/models/construction_cone/model-1_4.sdf
[2.912s] -- Installing: /code/install/articubot_one/share/articubot_one/worlds/Dataset-of-Gazebo-Worlds-Models-and-Maps/worlds/factory/models/arm_part_ariac
[2.918s] -- Installing: /code/install/articubot_one/share/articubot_one/worlds/Dataset-of-Gazebo-Worlds-Models-and-Maps/worlds/factory/models/arm_part_ariac/meshes
[2.919s] -- Installing: /code/install/articubot_one/share/articubot_one/worlds/Dataset-of-Gazebo-Worlds-Models-and-Maps/worlds/factory/models/arm_part_ariac/meshes/arm.dae
[2.922s] -- Installing: /code/install/articubot_one/share/articubot_one/worlds/Dataset-of-Gazebo-Worlds-Models-and-Maps/worlds/factory/models/arm_part_ariac/model.sdf
[2.922s] -- Installing: /code/install/articubot_one/share/articubot_one/worlds/Dataset-of-Gazebo-Worlds-Models-and-Maps/worlds/factory/models/arm_part_ariac/materials
[2.925s] -- Installing: /code/install/articubot_one/share/articubot_one/worlds/Dataset-of-Gazebo-Worlds-Models-and-Maps/worlds/factory/models/arm_part_ariac/materials/textures
[2.927s] -- Installing: /code/install/articubot_one/share/articubot_one/worlds/Dataset-of-Gazebo-Worlds-Models-and-Maps/worlds/factory/models/arm_part_ariac/materials/textures/parts.png
[2.931s] -- Installing: /code/install/articubot_one/share/articubot_one/worlds/Dataset-of-Gazebo-Worlds-Models-and-Maps/worlds/factory/models/arm_part_ariac/materials/scripts
[2.933s] -- Installing: /code/install/articubot_one/share/articubot_one/worlds/Dataset-of-Gazebo-Worlds-Models-and-Maps/worlds/factory/models/arm_part_ariac/materials/scripts/arm_part.material
[2.933s] -- Installing: /code/install/articubot_one/share/articubot_one/worlds/Dataset-of-Gazebo-Worlds-Models-and-Maps/worlds/factory/models/arm_part_ariac/model.config
[2.934s] -- Installing: /code/install/articubot_one/share/articubot_one/worlds/Dataset-of-Gazebo-Worlds-Models-and-Maps/worlds/factory/models/workcell
[2.935s] -- Installing: /code/install/articubot_one/share/articubot_one/worlds/Dataset-of-Gazebo-Worlds-Models-and-Maps/worlds/factory/models/workcell/meshes
[2.937s] -- Installing: /code/install/articubot_one/share/articubot_one/worlds/Dataset-of-Gazebo-Worlds-Models-and-Maps/worlds/factory/models/workcell/meshes/mesh.dae
[2.948s] -- Installing: /code/install/articubot_one/share/articubot_one/worlds/Dataset-of-Gazebo-Worlds-Models-and-Maps/worlds/factory/models/workcell/model.sdf
[2.950s] -- Installing: /code/install/articubot_one/share/articubot_one/worlds/Dataset-of-Gazebo-Worlds-Models-and-Maps/worlds/factory/models/workcell/materials
[2.952s] -- Installing: /code/install/articubot_one/share/articubot_one/worlds/Dataset-of-Gazebo-Worlds-Models-and-Maps/worlds/factory/models/workcell/materials/textures
[2.954s] -- Installing: /code/install/articubot_one/share/articubot_one/worlds/Dataset-of-Gazebo-Worlds-Models-and-Maps/worlds/factory/models/workcell/materials/textures/Wall_Corrugated.png
[2.955s] -- Installing: /code/install/articubot_one/share/articubot_one/worlds/Dataset-of-Gazebo-Worlds-Models-and-Maps/worlds/factory/models/workcell/materials/textures/PalletWrap.png
[2.957s] -- Installing: /code/install/articubot_one/share/articubot_one/worlds/Dataset-of-Gazebo-Worlds-Models-and-Maps/worlds/factory/models/workcell/materials/textures/WorkCell_Render.png
[2.965s] -- Installing: /code/install/articubot_one/share/articubot_one/worlds/Dataset-of-Gazebo-Worlds-Models-and-Maps/worlds/factory/models/workcell/materials/textures/Stairs.png
[2.967s] -- Installing: /code/install/articubot_one/share/articubot_one/worlds/Dataset-of-Gazebo-Worlds-Models-and-Maps/worlds/factory/models/workcell/materials/textures/Bin.png
[2.969s] -- Installing: /code/install/articubot_one/share/articubot_one/worlds/Dataset-of-Gazebo-Worlds-Models-and-Maps/worlds/factory/models/workcell/materials/textures/ControlPanel.png
[2.972s] -- Installing: /code/install/articubot_one/share/articubot_one/worlds/Dataset-of-Gazebo-Worlds-Models-and-Maps/worlds/factory/models/workcell/materials/textures/RubberMat.png
[2.973s] -- Installing: /code/install/articubot_one/share/articubot_one/worlds/Dataset-of-Gazebo-Worlds-Models-and-Maps/worlds/factory/models/workcell/materials/textures/Conveyor.png
[2.974s] -- Installing: /code/install/articubot_one/share/articubot_one/worlds/Dataset-of-Gazebo-Worlds-Models-and-Maps/worlds/factory/models/workcell/materials/textures/RollupDoor.png
[2.982s] -- Installing: /code/install/articubot_one/share/articubot_one/worlds/Dataset-of-Gazebo-Worlds-Models-and-Maps/worlds/factory/models/workcell/materials/textures/Plywood.png
[2.983s] -- Installing: /code/install/articubot_one/share/articubot_one/worlds/Dataset-of-Gazebo-Worlds-Models-and-Maps/worlds/factory/models/workcell/materials/textures/Pallet.png
[2.984s] -- Installing: /code/install/articubot_one/share/articubot_one/worlds/Dataset-of-Gazebo-Worlds-Models-and-Maps/worlds/factory/models/workcell/materials/textures/Yellow.png
[2.985s] -- Installing: /code/install/articubot_one/share/articubot_one/worlds/Dataset-of-Gazebo-Worlds-Models-and-Maps/worlds/factory/models/workcell/materials/textures/Shelves.png
[2.989s] -- Installing: /code/install/articubot_one/share/articubot_one/worlds/Dataset-of-Gazebo-Worlds-Models-and-Maps/worlds/factory/models/workcell/materials/textures/Door_Window.png
[2.989s] -- Installing: /code/install/articubot_one/share/articubot_one/worlds/Dataset-of-Gazebo-Worlds-Models-and-Maps/worlds/factory/models/workcell/materials/textures/Wall_Concrete.png
[2.989s] -- Installing: /code/install/articubot_one/share/articubot_one/worlds/Dataset-of-Gazebo-Worlds-Models-and-Maps/worlds/factory/models/workcell/materials/textures/CardboardBoxes.png
[2.991s] -- Installing: /code/install/articubot_one/share/articubot_one/worlds/Dataset-of-Gazebo-Worlds-Models-and-Maps/worlds/factory/models/workcell/materials/textures/Pillar.png
[2.996s] -- Installing: /code/install/articubot_one/share/articubot_one/worlds/Dataset-of-Gazebo-Worlds-Models-and-Maps/worlds/factory/models/workcell/materials/textures/Floor.png
[2.999s] -- Installing: /code/install/articubot_one/share/articubot_one/worlds/Dataset-of-Gazebo-Worlds-Models-and-Maps/worlds/factory/models/workcell/materials/textures/Mesh.png
[3.002s] -- Installing: /code/install/articubot_one/share/articubot_one/worlds/Dataset-of-Gazebo-Worlds-Models-and-Maps/worlds/factory/models/workcell/model.config
[3.004s] -- Installing: /code/install/articubot_one/share/articubot_one/worlds/Dataset-of-Gazebo-Worlds-Models-and-Maps/worlds/factory/models/wooden_case
[3.005s] -- Installing: /code/install/articubot_one/share/articubot_one/worlds/Dataset-of-Gazebo-Worlds-Models-and-Maps/worlds/factory/models/wooden_case/model.sdf
[3.007s] -- Installing: /code/install/articubot_one/share/articubot_one/worlds/Dataset-of-Gazebo-Worlds-Models-and-Maps/worlds/factory/models/wooden_case/model.config
[3.007s] -- Installing: /code/install/articubot_one/share/articubot_one/worlds/Dataset-of-Gazebo-Worlds-Models-and-Maps/worlds/factory/models/wooden_case/model.rsdf
[3.008s] -- Installing: /code/install/articubot_one/share/articubot_one/worlds/Dataset-of-Gazebo-Worlds-Models-and-Maps/worlds/factory/models/gasket_part_ariac
[3.014s] -- Installing: /code/install/articubot_one/share/articubot_one/worlds/Dataset-of-Gazebo-Worlds-Models-and-Maps/worlds/factory/models/gasket_part_ariac/meshes
[3.016s] -- Installing: /code/install/articubot_one/share/articubot_one/worlds/Dataset-of-Gazebo-Worlds-Models-and-Maps/worlds/factory/models/gasket_part_ariac/meshes/gasket.dae
[3.016s] -- Installing: /code/install/articubot_one/share/articubot_one/worlds/Dataset-of-Gazebo-Worlds-Models-and-Maps/worlds/factory/models/gasket_part_ariac/model.sdf
[3.018s] -- Installing: /code/install/articubot_one/share/articubot_one/worlds/Dataset-of-Gazebo-Worlds-Models-and-Maps/worlds/factory/models/gasket_part_ariac/model.config
[3.020s] -- Installing: /code/install/articubot_one/share/articubot_one/worlds/Dataset-of-Gazebo-Worlds-Models-and-Maps/worlds/factory/models/ground_plane
[3.021s] -- Installing: /code/install/articubot_one/share/articubot_one/worlds/Dataset-of-Gazebo-Worlds-Models-and-Maps/worlds/factory/models/ground_plane/model-1_3.sdf
[3.023s] -- Installing: /code/install/articubot_one/share/articubot_one/worlds/Dataset-of-Gazebo-Worlds-Models-and-Maps/worlds/factory/models/ground_plane/model.sdf
[3.025s] -- Installing: /code/install/articubot_one/share/articubot_one/worlds/Dataset-of-Gazebo-Worlds-Models-and-Maps/worlds/factory/models/ground_plane/model-1_2.sdf
[3.026s] -- Installing: /code/install/articubot_one/share/articubot_one/worlds/Dataset-of-Gazebo-Worlds-Models-and-Maps/worlds/factory/models/ground_plane/model.config
[3.028s] -- Installing: /code/install/articubot_one/share/articubot_one/worlds/Dataset-of-Gazebo-Worlds-Models-and-Maps/worlds/factory/models/ground_plane/model-1_4.sdf
[3.028s] -- Installing: /code/install/articubot_one/share/articubot_one/worlds/Dataset-of-Gazebo-Worlds-Models-and-Maps/worlds/factory/models/part1_ariac
[3.030s] -- Installing: /code/install/articubot_one/share/articubot_one/worlds/Dataset-of-Gazebo-Worlds-Models-and-Maps/worlds/factory/models/part1_ariac/model.sdf
[3.030s] -- Installing: /code/install/articubot_one/share/articubot_one/worlds/Dataset-of-Gazebo-Worlds-Models-and-Maps/worlds/factory/models/part1_ariac/model.config
[3.030s] -- Installing: /code/install/articubot_one/share/articubot_one/worlds/Dataset-of-Gazebo-Worlds-Models-and-Maps/worlds/factory/models/warehouse_robot_ariac
[3.032s] -- Installing: /code/install/articubot_one/share/articubot_one/worlds/Dataset-of-Gazebo-Worlds-Models-and-Maps/worlds/factory/models/warehouse_robot_ariac/meshes
[3.033s] -- Installing: /code/install/articubot_one/share/articubot_one/worlds/Dataset-of-Gazebo-Worlds-Models-and-Maps/worlds/factory/models/warehouse_robot_ariac/meshes/robot.dae
[3.035s] -- Installing: /code/install/articubot_one/share/articubot_one/worlds/Dataset-of-Gazebo-Worlds-Models-and-Maps/worlds/factory/models/warehouse_robot_ariac/model.sdf
[3.037s] -- Installing: /code/install/articubot_one/share/articubot_one/worlds/Dataset-of-Gazebo-Worlds-Models-and-Maps/worlds/factory/models/warehouse_robot_ariac/materials
[3.038s] -- Installing: /code/install/articubot_one/share/articubot_one/worlds/Dataset-of-Gazebo-Worlds-Models-and-Maps/worlds/factory/models/warehouse_robot_ariac/materials/textures
[3.045s] -- Installing: /code/install/articubot_one/share/articubot_one/worlds/Dataset-of-Gazebo-Worlds-Models-and-Maps/worlds/factory/models/warehouse_robot_ariac/materials/textures/robot.png
[3.048s] -- Installing: /code/install/articubot_one/share/articubot_one/worlds/Dataset-of-Gazebo-Worlds-Models-and-Maps/worlds/factory/models/warehouse_robot_ariac/model.config
[3.048s] -- Installing: /code/install/articubot_one/share/articubot_one/worlds/Dataset-of-Gazebo-Worlds-Models-and-Maps/worlds/factory/models/first_2015_trash_can
[3.051s] -- Installing: /code/install/articubot_one/share/articubot_one/worlds/Dataset-of-Gazebo-Worlds-Models-and-Maps/worlds/factory/models/first_2015_trash_can/meshes
[3.052s] -- Installing: /code/install/articubot_one/share/articubot_one/worlds/Dataset-of-Gazebo-Worlds-Models-and-Maps/worlds/factory/models/first_2015_trash_can/meshes/trash_can.dae
[3.055s] -- Installing: /code/install/articubot_one/share/articubot_one/worlds/Dataset-of-Gazebo-Worlds-Models-and-Maps/worlds/factory/models/first_2015_trash_can/model.sdf
[3.056s] -- Installing: /code/install/articubot_one/share/articubot_one/worlds/Dataset-of-Gazebo-Worlds-Models-and-Maps/worlds/factory/models/first_2015_trash_can/model.config
[3.058s] -- Installing: /code/install/articubot_one/share/articubot_one/worlds/Dataset-of-Gazebo-Worlds-Models-and-Maps/worlds/factory/models/drone_with_box_ariac
[3.059s] -- Installing: /code/install/articubot_one/share/articubot_one/worlds/Dataset-of-Gazebo-Worlds-Models-and-Maps/worlds/factory/models/drone_with_box_ariac/model.sdf
[3.060s] -- Installing: /code/install/articubot_one/share/articubot_one/worlds/Dataset-of-Gazebo-Worlds-Models-and-Maps/worlds/factory/models/drone_with_box_ariac/model.config
[3.061s] -- Installing: /code/install/articubot_one/share/articubot_one/worlds/Dataset-of-Gazebo-Worlds-Models-and-Maps/worlds/factory/models/workcell_bin
[3.062s] -- Installing: /code/install/articubot_one/share/articubot_one/worlds/Dataset-of-Gazebo-Worlds-Models-and-Maps/worlds/factory/models/workcell_bin/meshes
[3.063s] -- Installing: /code/install/articubot_one/share/articubot_one/worlds/Dataset-of-Gazebo-Worlds-Models-and-Maps/worlds/factory/models/workcell_bin/meshes/bin.dae
[3.066s] -- Installing: /code/install/articubot_one/share/articubot_one/worlds/Dataset-of-Gazebo-Worlds-Models-and-Maps/worlds/factory/models/workcell_bin/model.sdf
[3.066s] -- Installing: /code/install/articubot_one/share/articubot_one/worlds/Dataset-of-Gazebo-Worlds-Models-and-Maps/worlds/factory/models/workcell_bin/materials
[3.067s] -- Installing: /code/install/articubot_one/share/articubot_one/worlds/Dataset-of-Gazebo-Worlds-Models-and-Maps/worlds/factory/models/workcell_bin/materials/textures
[3.068s] -- Installing: /code/install/articubot_one/share/articubot_one/worlds/Dataset-of-Gazebo-Worlds-Models-and-Maps/worlds/factory/models/workcell_bin/materials/textures/bin.png
[3.070s] -- Installing: /code/install/articubot_one/share/articubot_one/worlds/Dataset-of-Gazebo-Worlds-Models-and-Maps/worlds/factory/models/workcell_bin/model.config
[3.071s] -- Installing: /code/install/articubot_one/share/articubot_one/worlds/Dataset-of-Gazebo-Worlds-Models-and-Maps/worlds/factory/models/deletion_wall
[3.074s] -- Installing: /code/install/articubot_one/share/articubot_one/worlds/Dataset-of-Gazebo-Worlds-Models-and-Maps/worlds/factory/models/deletion_wall/model.sdf
[3.075s] -- Installing: /code/install/articubot_one/share/articubot_one/worlds/Dataset-of-Gazebo-Worlds-Models-and-Maps/worlds/factory/models/deletion_wall/model.config
[3.075s] -- Installing: /code/install/articubot_one/share/articubot_one/worlds/Dataset-of-Gazebo-Worlds-Models-and-Maps/worlds/factory/models/kit_tray_ariac
[3.078s] -- Installing: /code/install/articubot_one/share/articubot_one/worlds/Dataset-of-Gazebo-Worlds-Models-and-Maps/worlds/factory/models/kit_tray_ariac/model.sdf
[3.078s] -- Installing: /code/install/articubot_one/share/articubot_one/worlds/Dataset-of-Gazebo-Worlds-Models-and-Maps/worlds/factory/models/kit_tray_ariac/model.config
[3.078s] -- Installing: /code/install/articubot_one/share/articubot_one/worlds/Dataset-of-Gazebo-Worlds-Models-and-Maps/worlds/factory/models/dumpster
[3.079s] -- Installing: /code/install/articubot_one/share/articubot_one/worlds/Dataset-of-Gazebo-Worlds-Models-and-Maps/worlds/factory/models/dumpster/model-1_3.sdf
[3.080s] -- Installing: /code/install/articubot_one/share/articubot_one/worlds/Dataset-of-Gazebo-Worlds-Models-and-Maps/worlds/factory/models/dumpster/meshes
[3.081s] -- Installing: /code/install/articubot_one/share/articubot_one/worlds/Dataset-of-Gazebo-Worlds-Models-and-Maps/worlds/factory/models/dumpster/meshes/dumpster.dae
[3.082s] -- Installing: /code/install/articubot_one/share/articubot_one/worlds/Dataset-of-Gazebo-Worlds-Models-and-Maps/worlds/factory/models/dumpster/model.sdf
[3.084s] -- Installing: /code/install/articubot_one/share/articubot_one/worlds/Dataset-of-Gazebo-Worlds-Models-and-Maps/worlds/factory/models/dumpster/materials
[3.085s] -- Installing: /code/install/articubot_one/share/articubot_one/worlds/Dataset-of-Gazebo-Worlds-Models-and-Maps/worlds/factory/models/dumpster/materials/textures
[3.086s] -- Installing: /code/install/articubot_one/share/articubot_one/worlds/Dataset-of-Gazebo-Worlds-Models-and-Maps/worlds/factory/models/dumpster/materials/textures/Dumpster_Spec.png
[3.089s] -- Installing: /code/install/articubot_one/share/articubot_one/worlds/Dataset-of-Gazebo-Worlds-Models-and-Maps/worlds/factory/models/dumpster/materials/textures/Dumpster_Diffuse.png
[3.094s] -- Installing: /code/install/articubot_one/share/articubot_one/worlds/Dataset-of-Gazebo-Worlds-Models-and-Maps/worlds/factory/models/dumpster/materials/scripts
[3.095s] -- Installing: /code/install/articubot_one/share/articubot_one/worlds/Dataset-of-Gazebo-Worlds-Models-and-Maps/worlds/factory/models/dumpster/materials/scripts/dumpster.material
[3.096s] -- Installing: /code/install/articubot_one/share/articubot_one/worlds/Dataset-of-Gazebo-Worlds-Models-and-Maps/worlds/factory/models/dumpster/model.config
[3.097s] -- Installing: /code/install/articubot_one/share/articubot_one/worlds/Dataset-of-Gazebo-Worlds-Models-and-Maps/worlds/factory/models/dumpster/model-1_4.sdf
[3.098s] -- Installing: /code/install/articubot_one/share/articubot_one/worlds/Dataset-of-Gazebo-Worlds-Models-and-Maps/worlds/factory/models/cordless_drill
[3.099s] -- Installing: /code/install/articubot_one/share/articubot_one/worlds/Dataset-of-Gazebo-Worlds-Models-and-Maps/worlds/factory/models/cordless_drill/model-1_3.sdf
[3.100s] -- Installing: /code/install/articubot_one/share/articubot_one/worlds/Dataset-of-Gazebo-Worlds-Models-and-Maps/worlds/factory/models/cordless_drill/meshes
[3.101s] -- Installing: /code/install/articubot_one/share/articubot_one/worlds/Dataset-of-Gazebo-Worlds-Models-and-Maps/worlds/factory/models/cordless_drill/meshes/cordless_drill.dae
[3.103s] -- Installing: /code/install/articubot_one/share/articubot_one/worlds/Dataset-of-Gazebo-Worlds-Models-and-Maps/worlds/factory/models/cordless_drill/meshes/cordless_drill.stl
[3.111s] -- Installing: /code/install/articubot_one/share/articubot_one/worlds/Dataset-of-Gazebo-Worlds-Models-and-Maps/worlds/factory/models/cordless_drill/model.sdf
[3.113s] -- Installing: /code/install/articubot_one/share/articubot_one/worlds/Dataset-of-Gazebo-Worlds-Models-and-Maps/worlds/factory/models/cordless_drill/model-1_2.sdf
[3.113s] -- Installing: /code/install/articubot_one/share/articubot_one/worlds/Dataset-of-Gazebo-Worlds-Models-and-Maps/worlds/factory/models/cordless_drill/materials
[3.114s] -- Installing: /code/install/articubot_one/share/articubot_one/worlds/Dataset-of-Gazebo-Worlds-Models-and-Maps/worlds/factory/models/cordless_drill/materials/textures
[3.115s] -- Installing: /code/install/articubot_one/share/articubot_one/worlds/Dataset-of-Gazebo-Worlds-Models-and-Maps/worlds/factory/models/cordless_drill/materials/textures/cordless_drill.png
[3.121s] -- Installing: /code/install/articubot_one/share/articubot_one/worlds/Dataset-of-Gazebo-Worlds-Models-and-Maps/worlds/factory/models/cordless_drill/model.config
[3.121s] -- Installing: /code/install/articubot_one/share/articubot_one/worlds/Dataset-of-Gazebo-Worlds-Models-and-Maps/worlds/factory/models/cordless_drill/model-1_4.sdf
[3.122s] -- Installing: /code/install/articubot_one/share/articubot_one/worlds/Dataset-of-Gazebo-Worlds-Models-and-Maps/worlds/factory/models/part3_ariac
[3.123s] -- Installing: /code/install/articubot_one/share/articubot_one/worlds/Dataset-of-Gazebo-Worlds-Models-and-Maps/worlds/factory/models/part3_ariac/model.sdf
[3.124s] -- Installing: /code/install/articubot_one/share/articubot_one/worlds/Dataset-of-Gazebo-Worlds-Models-and-Maps/worlds/factory/models/part3_ariac/model.config
[3.126s] -- Installing: /code/install/articubot_one/share/articubot_one/worlds/Dataset-of-Gazebo-Worlds-Models-and-Maps/worlds/factory/models/ladder_75deg_0rails
[3.128s] -- Installing: /code/install/articubot_one/share/articubot_one/worlds/Dataset-of-Gazebo-Worlds-Models-and-Maps/worlds/factory/models/ladder_75deg_0rails/model.sdf
[3.129s] -- Installing: /code/install/articubot_one/share/articubot_one/worlds/Dataset-of-Gazebo-Worlds-Models-and-Maps/worlds/factory/models/ladder_75deg_0rails/model.config
[3.130s] -- Installing: /code/install/articubot_one/share/articubot_one/worlds/Dataset-of-Gazebo-Worlds-Models-and-Maps/worlds/factory/models/ladder_75deg_0rails/model.rsdf
[3.130s] -- Installing: /code/install/articubot_one/share/articubot_one/worlds/Dataset-of-Gazebo-Worlds-Models-and-Maps/worlds/factory/models/plastic_cup
[3.132s] -- Installing: /code/install/articubot_one/share/articubot_one/worlds/Dataset-of-Gazebo-Worlds-Models-and-Maps/worlds/factory/models/plastic_cup/meshes
[3.134s] -- Installing: /code/install/articubot_one/share/articubot_one/worlds/Dataset-of-Gazebo-Worlds-Models-and-Maps/worlds/factory/models/plastic_cup/meshes/plastic_cup.dae
[3.139s] -- Installing: /code/install/articubot_one/share/articubot_one/worlds/Dataset-of-Gazebo-Worlds-Models-and-Maps/worlds/factory/models/plastic_cup/model.sdf
[3.145s] -- Installing: /code/install/articubot_one/share/articubot_one/worlds/Dataset-of-Gazebo-Worlds-Models-and-Maps/worlds/factory/models/plastic_cup/model.config
[3.145s] -- Installing: /code/install/articubot_one/share/articubot_one/worlds/Dataset-of-Gazebo-Worlds-Models-and-Maps/worlds/factory/models/plastic_cup/model.rsdf
[3.146s] -- Installing: /code/install/articubot_one/share/articubot_one/worlds/Dataset-of-Gazebo-Worlds-Models-and-Maps/worlds/factory/models/swissranger_camera_ariac
[3.147s] -- Installing: /code/install/articubot_one/share/articubot_one/worlds/Dataset-of-Gazebo-Worlds-Models-and-Maps/worlds/factory/models/swissranger_camera_ariac/meshes
[3.153s] -- Installing: /code/install/articubot_one/share/articubot_one/worlds/Dataset-of-Gazebo-Worlds-Models-and-Maps/worlds/factory/models/swissranger_camera_ariac/meshes/SR4000.stl
[3.153s] -- Installing: /code/install/articubot_one/share/articubot_one/worlds/Dataset-of-Gazebo-Worlds-Models-and-Maps/worlds/factory/models/swissranger_camera_ariac/meshes/collada
[3.153s] -- Installing: /code/install/articubot_one/share/articubot_one/worlds/Dataset-of-Gazebo-Worlds-Models-and-Maps/worlds/factory/models/swissranger_camera_ariac/meshes/collada/SR4000.dae
[3.153s] -- Installing: /code/install/articubot_one/share/articubot_one/worlds/Dataset-of-Gazebo-Worlds-Models-and-Maps/worlds/factory/models/swissranger_camera_ariac/model.sdf
[3.157s] -- Installing: /code/install/articubot_one/share/articubot_one/worlds/Dataset-of-Gazebo-Worlds-Models-and-Maps/worlds/factory/models/swissranger_camera_ariac/model.config
[3.157s] -- Installing: /code/install/articubot_one/share/articubot_one/worlds/Dataset-of-Gazebo-Worlds-Models-and-Maps/worlds/factory/models/drone_ariac
[3.157s] -- Installing: /code/install/articubot_one/share/articubot_one/worlds/Dataset-of-Gazebo-Worlds-Models-and-Maps/worlds/factory/models/drone_ariac/meshes
[3.157s] -- Installing: /code/install/articubot_one/share/articubot_one/worlds/Dataset-of-Gazebo-Worlds-Models-and-Maps/worlds/factory/models/drone_ariac/meshes/Drone.dae
[3.159s] -- Installing: /code/install/articubot_one/share/articubot_one/worlds/Dataset-of-Gazebo-Worlds-Models-and-Maps/worlds/factory/models/drone_ariac/model.sdf
[3.160s] -- Installing: /code/install/articubot_one/share/articubot_one/worlds/Dataset-of-Gazebo-Worlds-Models-and-Maps/worlds/factory/models/drone_ariac/materials
[3.162s] -- Installing: /code/install/articubot_one/share/articubot_one/worlds/Dataset-of-Gazebo-Worlds-Models-and-Maps/worlds/factory/models/drone_ariac/materials/textures
[3.164s] -- Installing: /code/install/articubot_one/share/articubot_one/worlds/Dataset-of-Gazebo-Worlds-Models-and-Maps/worlds/factory/models/drone_ariac/materials/textures/Drone.png
[3.168s] -- Installing: /code/install/articubot_one/share/articubot_one/worlds/Dataset-of-Gazebo-Worlds-Models-and-Maps/worlds/factory/models/drone_ariac/model.config~HEAD
[3.171s] -- Installing: /code/install/articubot_one/share/articubot_one/worlds/Dataset-of-Gazebo-Worlds-Models-and-Maps/worlds/factory/models/drone_ariac/model.config
[3.174s] -- Installing: /code/install/articubot_one/share/articubot_one/worlds/Dataset-of-Gazebo-Worlds-Models-and-Maps/worlds/factory/models/conveyor_belt_ariac
[3.176s] -- Installing: /code/install/articubot_one/share/articubot_one/worlds/Dataset-of-Gazebo-Worlds-Models-and-Maps/worlds/factory/models/conveyor_belt_ariac/model.sdf
[3.178s] -- Installing: /code/install/articubot_one/share/articubot_one/worlds/Dataset-of-Gazebo-Worlds-Models-and-Maps/worlds/factory/models/conveyor_belt_ariac/model.config
[3.179s] -- Installing: /code/install/articubot_one/share/articubot_one/worlds/Dataset-of-Gazebo-Worlds-Models-and-Maps/worlds/factory/models/shipping_container_ariac
[3.179s] -- Installing: /code/install/articubot_one/share/articubot_one/worlds/Dataset-of-Gazebo-Worlds-Models-and-Maps/worlds/factory/models/shipping_container_ariac/meshes
[3.180s] -- Installing: /code/install/articubot_one/share/articubot_one/worlds/Dataset-of-Gazebo-Worlds-Models-and-Maps/worlds/factory/models/shipping_container_ariac/meshes/ShippingContainer_Textured.mtl
[3.181s] -- Installing: /code/install/articubot_one/share/articubot_one/worlds/Dataset-of-Gazebo-Worlds-Models-and-Maps/worlds/factory/models/shipping_container_ariac/meshes/ShippingContainer_Textured.obj
[3.183s] -- Installing: /code/install/articubot_one/share/articubot_one/worlds/Dataset-of-Gazebo-Worlds-Models-and-Maps/worlds/factory/models/shipping_container_ariac/model.sdf
[3.184s] -- Installing: /code/install/articubot_one/share/articubot_one/worlds/Dataset-of-Gazebo-Worlds-Models-and-Maps/worlds/factory/models/shipping_container_ariac/materials
[3.186s] -- Installing: /code/install/articubot_one/share/articubot_one/worlds/Dataset-of-Gazebo-Worlds-Models-and-Maps/worlds/factory/models/shipping_container_ariac/materials/textures
[3.187s] -- Installing: /code/install/articubot_one/share/articubot_one/worlds/Dataset-of-Gazebo-Worlds-Models-and-Maps/worlds/factory/models/shipping_container_ariac/materials/textures/ShippingContainer.png
[3.188s] -- Installing: /code/install/articubot_one/share/articubot_one/worlds/Dataset-of-Gazebo-Worlds-Models-and-Maps/worlds/factory/models/shipping_container_ariac/model.config
[3.190s] -- Installing: /code/install/articubot_one/share/articubot_one/worlds/Dataset-of-Gazebo-Worlds-Models-and-Maps/worlds/factory/models/table
[3.191s] -- Installing: /code/install/articubot_one/share/articubot_one/worlds/Dataset-of-Gazebo-Worlds-Models-and-Maps/worlds/factory/models/table/model-1_3.sdf
[3.192s] -- Installing: /code/install/articubot_one/share/articubot_one/worlds/Dataset-of-Gazebo-Worlds-Models-and-Maps/worlds/factory/models/table/model.sdf
[3.194s] -- Installing: /code/install/articubot_one/share/articubot_one/worlds/Dataset-of-Gazebo-Worlds-Models-and-Maps/worlds/factory/models/table/model-1_2.sdf
[3.195s] -- Installing: /code/install/articubot_one/share/articubot_one/worlds/Dataset-of-Gazebo-Worlds-Models-and-Maps/worlds/factory/models/table/model.config
[3.196s] -- Installing: /code/install/articubot_one/share/articubot_one/worlds/Dataset-of-Gazebo-Worlds-Models-and-Maps/worlds/factory/models/table/model-1_4.sdf
[3.199s] -- Installing: /code/install/articubot_one/share/articubot_one/worlds/Dataset-of-Gazebo-Worlds-Models-and-Maps/worlds/factory/models/shipping_container_conveyor_ariac
[3.200s] -- Installing: /code/install/articubot_one/share/articubot_one/worlds/Dataset-of-Gazebo-Worlds-Models-and-Maps/worlds/factory/models/shipping_container_conveyor_ariac/meshes
[3.203s] -- Installing: /code/install/articubot_one/share/articubot_one/worlds/Dataset-of-Gazebo-Worlds-Models-and-Maps/worlds/factory/models/shipping_container_conveyor_ariac/meshes/ShippingContainer_Textured.mtl
[3.206s] -- Installing: /code/install/articubot_one/share/articubot_one/worlds/Dataset-of-Gazebo-Worlds-Models-and-Maps/worlds/factory/models/shipping_container_conveyor_ariac/meshes/ShippingContainer_Textured.obj
[3.209s] -- Installing: /code/install/articubot_one/share/articubot_one/worlds/Dataset-of-Gazebo-Worlds-Models-and-Maps/worlds/factory/models/shipping_container_conveyor_ariac/model.sdf
[3.211s] -- Installing: /code/install/articubot_one/share/articubot_one/worlds/Dataset-of-Gazebo-Worlds-Models-and-Maps/worlds/factory/models/shipping_container_conveyor_ariac/materials
[3.213s] -- Installing: /code/install/articubot_one/share/articubot_one/worlds/Dataset-of-Gazebo-Worlds-Models-and-Maps/worlds/factory/models/shipping_container_conveyor_ariac/materials/textures
[3.215s] -- Installing: /code/install/articubot_one/share/articubot_one/worlds/Dataset-of-Gazebo-Worlds-Models-and-Maps/worlds/factory/models/shipping_container_conveyor_ariac/materials/textures/ShippingContainer.png
[3.215s] -- Installing: /code/install/articubot_one/share/articubot_one/worlds/Dataset-of-Gazebo-Worlds-Models-and-Maps/worlds/factory/models/shipping_container_conveyor_ariac/model.config
[3.218s] -- Installing: /code/install/articubot_one/share/articubot_one/worlds/Dataset-of-Gazebo-Worlds-Models-and-Maps/worlds/factory/models/closed_box_ariac
[3.220s] -- Installing: /code/install/articubot_one/share/articubot_one/worlds/Dataset-of-Gazebo-Worlds-Models-and-Maps/worlds/factory/models/closed_box_ariac/meshes
[3.221s] -- Installing: /code/install/articubot_one/share/articubot_one/worlds/Dataset-of-Gazebo-Worlds-Models-and-Maps/worlds/factory/models/closed_box_ariac/meshes/closed_box.mtl
[3.222s] -- Installing: /code/install/articubot_one/share/articubot_one/worlds/Dataset-of-Gazebo-Worlds-Models-and-Maps/worlds/factory/models/closed_box_ariac/meshes/closed_box.obj
[3.223s] -- Installing: /code/install/articubot_one/share/articubot_one/worlds/Dataset-of-Gazebo-Worlds-Models-and-Maps/worlds/factory/models/closed_box_ariac/model.sdf
[3.224s] -- Installing: /code/install/articubot_one/share/articubot_one/worlds/Dataset-of-Gazebo-Worlds-Models-and-Maps/worlds/factory/models/closed_box_ariac/materials
[3.227s] -- Installing: /code/install/articubot_one/share/articubot_one/worlds/Dataset-of-Gazebo-Worlds-Models-and-Maps/worlds/factory/models/closed_box_ariac/materials/textures
[3.228s] -- Installing: /code/install/articubot_one/share/articubot_one/worlds/Dataset-of-Gazebo-Worlds-Models-and-Maps/worlds/factory/models/closed_box_ariac/materials/textures/closed_box.png
[3.229s] -- Installing: /code/install/articubot_one/share/articubot_one/worlds/Dataset-of-Gazebo-Worlds-Models-and-Maps/worlds/factory/models/closed_box_ariac/model.config
[3.233s] -- Installing: /code/install/articubot_one/share/articubot_one/worlds/Dataset-of-Gazebo-Worlds-Models-and-Maps/worlds/factory/models/grey_wall
[3.238s] -- Installing: /code/install/articubot_one/share/articubot_one/worlds/Dataset-of-Gazebo-Worlds-Models-and-Maps/worlds/factory/models/grey_wall/model-1_3.sdf
[3.242s] -- Installing: /code/install/articubot_one/share/articubot_one/worlds/Dataset-of-Gazebo-Worlds-Models-and-Maps/worlds/factory/models/grey_wall/model.sdf
[3.242s] -- Installing: /code/install/articubot_one/share/articubot_one/worlds/Dataset-of-Gazebo-Worlds-Models-and-Maps/worlds/factory/models/grey_wall/materials
[3.245s] -- Installing: /code/install/articubot_one/share/articubot_one/worlds/Dataset-of-Gazebo-Worlds-Models-and-Maps/worlds/factory/models/grey_wall/materials/textures
[3.245s] -- Installing: /code/install/articubot_one/share/articubot_one/worlds/Dataset-of-Gazebo-Worlds-Models-and-Maps/worlds/factory/models/grey_wall/materials/textures/grey_wall.png
[3.256s] -- Installing: /code/install/articubot_one/share/articubot_one/worlds/Dataset-of-Gazebo-Worlds-Models-and-Maps/worlds/factory/models/grey_wall/materials/scripts
[3.261s] -- Installing: /code/install/articubot_one/share/articubot_one/worlds/Dataset-of-Gazebo-Worlds-Models-and-Maps/worlds/factory/models/grey_wall/materials/scripts/grey_wall.material
[3.261s] -- Installing: /code/install/articubot_one/share/articubot_one/worlds/Dataset-of-Gazebo-Worlds-Models-and-Maps/worlds/factory/models/grey_wall/model.config
[3.261s] -- Installing: /code/install/articubot_one/share/articubot_one/worlds/Dataset-of-Gazebo-Worlds-Models-and-Maps/worlds/factory/models/grey_wall/model-1_4.sdf
[3.261s] -- Installing: /code/install/articubot_one/share/articubot_one/worlds/Dataset-of-Gazebo-Worlds-Models-and-Maps/worlds/factory/models/sun
[3.265s] -- Installing: /code/install/articubot_one/share/articubot_one/worlds/Dataset-of-Gazebo-Worlds-Models-and-Maps/worlds/factory/models/sun/model-1_3.sdf
[3.267s] -- Installing: /code/install/articubot_one/share/articubot_one/worlds/Dataset-of-Gazebo-Worlds-Models-and-Maps/worlds/factory/models/sun/model.sdf
[3.271s] -- Installing: /code/install/articubot_one/share/articubot_one/worlds/Dataset-of-Gazebo-Worlds-Models-and-Maps/worlds/factory/models/sun/model-1_2.sdf
[3.277s] -- Installing: /code/install/articubot_one/share/articubot_one/worlds/Dataset-of-Gazebo-Worlds-Models-and-Maps/worlds/factory/models/sun/model.config
[3.277s] -- Installing: /code/install/articubot_one/share/articubot_one/worlds/Dataset-of-Gazebo-Worlds-Models-and-Maps/worlds/factory/models/sun/model-1_4.sdf
[3.277s] -- Installing: /code/install/articubot_one/share/articubot_one/worlds/Dataset-of-Gazebo-Worlds-Models-and-Maps/worlds/factory/models/drone_collection_zone_ariac
[3.277s] -- Installing: /code/install/articubot_one/share/articubot_one/worlds/Dataset-of-Gazebo-Worlds-Models-and-Maps/worlds/factory/models/drone_collection_zone_ariac/model.sdf
[3.278s] -- Installing: /code/install/articubot_one/share/articubot_one/worlds/Dataset-of-Gazebo-Worlds-Models-and-Maps/worlds/factory/models/drone_collection_zone_ariac/model.config
[3.281s] -- Installing: /code/install/articubot_one/share/articubot_one/worlds/Dataset-of-Gazebo-Worlds-Models-and-Maps/worlds/factory/models/control_console
[3.281s] -- Installing: /code/install/articubot_one/share/articubot_one/worlds/Dataset-of-Gazebo-Worlds-Models-and-Maps/worlds/factory/models/control_console/meshes
[3.282s] -- Installing: /code/install/articubot_one/share/articubot_one/worlds/Dataset-of-Gazebo-Worlds-Models-and-Maps/worlds/factory/models/control_console/meshes/console.dae
[3.284s] -- Installing: /code/install/articubot_one/share/articubot_one/worlds/Dataset-of-Gazebo-Worlds-Models-and-Maps/worlds/factory/models/control_console/model.sdf
[3.285s] -- Installing: /code/install/articubot_one/share/articubot_one/worlds/Dataset-of-Gazebo-Worlds-Models-and-Maps/worlds/factory/models/control_console/materials
[3.287s] -- Installing: /code/install/articubot_one/share/articubot_one/worlds/Dataset-of-Gazebo-Worlds-Models-and-Maps/worlds/factory/models/control_console/materials/textures
[3.288s] -- Installing: /code/install/articubot_one/share/articubot_one/worlds/Dataset-of-Gazebo-Worlds-Models-and-Maps/worlds/factory/models/control_console/materials/textures/console.png
[3.291s] -- Installing: /code/install/articubot_one/share/articubot_one/worlds/Dataset-of-Gazebo-Worlds-Models-and-Maps/worlds/factory/models/control_console/materials/textures/light.png
[3.293s] -- Installing: /code/install/articubot_one/share/articubot_one/worlds/Dataset-of-Gazebo-Worlds-Models-and-Maps/worlds/factory/models/control_console/model.config
[3.294s] -- Installing: /code/install/articubot_one/share/articubot_one/worlds/Dataset-of-Gazebo-Worlds-Models-and-Maps/worlds/factory/models/cabinet
[3.299s] -- Installing: /code/install/articubot_one/share/articubot_one/worlds/Dataset-of-Gazebo-Worlds-Models-and-Maps/worlds/factory/models/cabinet/model-1_3.sdf
[3.303s] -- Installing: /code/install/articubot_one/share/articubot_one/worlds/Dataset-of-Gazebo-Worlds-Models-and-Maps/worlds/factory/models/cabinet/model.sdf
[3.304s] -- Installing: /code/install/articubot_one/share/articubot_one/worlds/Dataset-of-Gazebo-Worlds-Models-and-Maps/worlds/factory/models/cabinet/model-1_2.sdf
[3.304s] -- Installing: /code/install/articubot_one/share/articubot_one/worlds/Dataset-of-Gazebo-Worlds-Models-and-Maps/worlds/factory/models/cabinet/model.config
[3.306s] -- Installing: /code/install/articubot_one/share/articubot_one/worlds/Dataset-of-Gazebo-Worlds-Models-and-Maps/worlds/factory/models/cabinet/model-1_4.sdf
[3.307s] -- Installing: /code/install/articubot_one/share/articubot_one/worlds/Dataset-of-Gazebo-Worlds-Models-and-Maps/worlds/factory/models/tube_2_25cm
[3.308s] -- Installing: /code/install/articubot_one/share/articubot_one/worlds/Dataset-of-Gazebo-Worlds-Models-and-Maps/worlds/factory/models/tube_2_25cm/meshes
[3.309s] -- Installing: /code/install/articubot_one/share/articubot_one/worlds/Dataset-of-Gazebo-Worlds-Models-and-Maps/worlds/factory/models/tube_2_25cm/meshes/tube_2_25.dae
[3.310s] -- Installing: /code/install/articubot_one/share/articubot_one/worlds/Dataset-of-Gazebo-Worlds-Models-and-Maps/worlds/factory/models/tube_2_25cm/model.sdf
[3.312s] -- Installing: /code/install/articubot_one/share/articubot_one/worlds/Dataset-of-Gazebo-Worlds-Models-and-Maps/worlds/factory/models/tube_2_25cm/model.config
[3.314s] -- Installing: /code/install/articubot_one/share/articubot_one/worlds/Dataset-of-Gazebo-Worlds-Models-and-Maps/worlds/factory/models/tube_2_25cm/model.rsdf
[3.315s] -- Installing: /code/install/articubot_one/share/articubot_one/worlds/Dataset-of-Gazebo-Worlds-Models-and-Maps/worlds/factory/models/part4_ariac
[3.317s] -- Installing: /code/install/articubot_one/share/articubot_one/worlds/Dataset-of-Gazebo-Worlds-Models-and-Maps/worlds/factory/models/part4_ariac/model.sdf
[3.319s] -- Installing: /code/install/articubot_one/share/articubot_one/worlds/Dataset-of-Gazebo-Worlds-Models-and-Maps/worlds/factory/models/part4_ariac/model.config
[3.321s] -- Installing: /code/install/articubot_one/share/articubot_one/worlds/Dataset-of-Gazebo-Worlds-Models-and-Maps/worlds/factory/models/shipping_container_conveyor_tall_ariac
[3.322s] -- Installing: /code/install/articubot_one/share/articubot_one/worlds/Dataset-of-Gazebo-Worlds-Models-and-Maps/worlds/factory/models/shipping_container_conveyor_tall_ariac/meshes
[3.324s] -- Installing: /code/install/articubot_one/share/articubot_one/worlds/Dataset-of-Gazebo-Worlds-Models-and-Maps/worlds/factory/models/shipping_container_conveyor_tall_ariac/meshes/ShippingContainer_Textured.mtl
[3.324s] -- Installing: /code/install/articubot_one/share/articubot_one/worlds/Dataset-of-Gazebo-Worlds-Models-and-Maps/worlds/factory/models/shipping_container_conveyor_tall_ariac/meshes/ShippingContainer_Textured.obj
[3.331s] -- Installing: /code/install/articubot_one/share/articubot_one/worlds/Dataset-of-Gazebo-Worlds-Models-and-Maps/worlds/factory/models/shipping_container_conveyor_tall_ariac/model.sdf
[3.335s] -- Installing: /code/install/articubot_one/share/articubot_one/worlds/Dataset-of-Gazebo-Worlds-Models-and-Maps/worlds/factory/models/shipping_container_conveyor_tall_ariac/materials
[3.336s] -- Installing: /code/install/articubot_one/share/articubot_one/worlds/Dataset-of-Gazebo-Worlds-Models-and-Maps/worlds/factory/models/shipping_container_conveyor_tall_ariac/materials/textures
[3.338s] -- Installing: /code/install/articubot_one/share/articubot_one/worlds/Dataset-of-Gazebo-Worlds-Models-and-Maps/worlds/factory/models/shipping_container_conveyor_tall_ariac/materials/textures/ShippingContainer.png
[3.341s] -- Installing: /code/install/articubot_one/share/articubot_one/worlds/Dataset-of-Gazebo-Worlds-Models-and-Maps/worlds/factory/models/shipping_container_conveyor_tall_ariac/model.config
[3.342s] -- Installing: /code/install/articubot_one/share/articubot_one/worlds/Dataset-of-Gazebo-Worlds-Models-and-Maps/worlds/factory/models/pulley_part_ariac
[3.344s] -- Installing: /code/install/articubot_one/share/articubot_one/worlds/Dataset-of-Gazebo-Worlds-Models-and-Maps/worlds/factory/models/pulley_part_ariac/meshes
[3.345s] -- Installing: /code/install/articubot_one/share/articubot_one/worlds/Dataset-of-Gazebo-Worlds-Models-and-Maps/worlds/factory/models/pulley_part_ariac/meshes/pulley.dae
[3.347s] -- Installing: /code/install/articubot_one/share/articubot_one/worlds/Dataset-of-Gazebo-Worlds-Models-and-Maps/worlds/factory/models/pulley_part_ariac/model.sdf
[3.348s] -- Installing: /code/install/articubot_one/share/articubot_one/worlds/Dataset-of-Gazebo-Worlds-Models-and-Maps/worlds/factory/models/pulley_part_ariac/model.config
[3.349s] -- Installing: /code/install/articubot_one/share/articubot_one/worlds/Dataset-of-Gazebo-Worlds-Models-and-Maps/worlds/factory/models/piston_rod_part_ariac
[3.350s] -- Installing: /code/install/articubot_one/share/articubot_one/worlds/Dataset-of-Gazebo-Worlds-Models-and-Maps/worlds/factory/models/piston_rod_part_ariac/meshes
[3.352s] -- Installing: /code/install/articubot_one/share/articubot_one/worlds/Dataset-of-Gazebo-Worlds-Models-and-Maps/worlds/factory/models/piston_rod_part_ariac/meshes/piston_rod.dae
[3.353s] -- Installing: /code/install/articubot_one/share/articubot_one/worlds/Dataset-of-Gazebo-Worlds-Models-and-Maps/worlds/factory/models/piston_rod_part_ariac/model.sdf
[3.354s] -- Installing: /code/install/articubot_one/share/articubot_one/worlds/Dataset-of-Gazebo-Worlds-Models-and-Maps/worlds/factory/models/piston_rod_part_ariac/model.config
[3.355s] -- Installing: /code/install/articubot_one/share/articubot_one/worlds/Dataset-of-Gazebo-Worlds-Models-and-Maps/worlds/factory/models/part2_ariac
[3.358s] -- Installing: /code/install/articubot_one/share/articubot_one/worlds/Dataset-of-Gazebo-Worlds-Models-and-Maps/worlds/factory/models/part2_ariac/model.sdf
[3.358s] -- Installing: /code/install/articubot_one/share/articubot_one/worlds/Dataset-of-Gazebo-Worlds-Models-and-Maps/worlds/factory/models/part2_ariac/model.config
[3.360s] -- Installing: /code/install/articubot_one/share/articubot_one/worlds/Dataset-of-Gazebo-Worlds-Models-and-Maps/worlds/factory/models/yellow_bin_ariac
[3.365s] -- Installing: /code/install/articubot_one/share/articubot_one/worlds/Dataset-of-Gazebo-Worlds-Models-and-Maps/worlds/factory/models/yellow_bin_ariac/meshes
[3.367s] -- Installing: /code/install/articubot_one/share/articubot_one/worlds/Dataset-of-Gazebo-Worlds-Models-and-Maps/worlds/factory/models/yellow_bin_ariac/meshes/yellow_bin.mtl
[3.367s] -- Installing: /code/install/articubot_one/share/articubot_one/worlds/Dataset-of-Gazebo-Worlds-Models-and-Maps/worlds/factory/models/yellow_bin_ariac/meshes/yellow_bin.obj
[3.369s] -- Installing: /code/install/articubot_one/share/articubot_one/worlds/Dataset-of-Gazebo-Worlds-Models-and-Maps/worlds/factory/models/yellow_bin_ariac/model.sdf
[3.370s] -- Installing: /code/install/articubot_one/share/articubot_one/worlds/Dataset-of-Gazebo-Worlds-Models-and-Maps/worlds/factory/models/yellow_bin_ariac/materials
[3.371s] -- Installing: /code/install/articubot_one/share/articubot_one/worlds/Dataset-of-Gazebo-Worlds-Models-and-Maps/worlds/factory/models/yellow_bin_ariac/materials/textures
[3.372s] -- Installing: /code/install/articubot_one/share/articubot_one/worlds/Dataset-of-Gazebo-Worlds-Models-and-Maps/worlds/factory/models/yellow_bin_ariac/materials/textures/yellow_bin.png
[3.374s] -- Installing: /code/install/articubot_one/share/articubot_one/worlds/Dataset-of-Gazebo-Worlds-Models-and-Maps/worlds/factory/models/yellow_bin_ariac/model.config
[3.374s] -- Installing: /code/install/articubot_one/share/articubot_one/worlds/Dataset-of-Gazebo-Worlds-Models-and-Maps/worlds/factory/models/logical_camera_ariac
[3.375s] -- Installing: /code/install/articubot_one/share/articubot_one/worlds/Dataset-of-Gazebo-Worlds-Models-and-Maps/worlds/factory/models/logical_camera_ariac/meshes
[3.376s] -- Installing: /code/install/articubot_one/share/articubot_one/worlds/Dataset-of-Gazebo-Worlds-Models-and-Maps/worlds/factory/models/logical_camera_ariac/meshes/camera.dae
[3.377s] -- Installing: /code/install/articubot_one/share/articubot_one/worlds/Dataset-of-Gazebo-Worlds-Models-and-Maps/worlds/factory/models/logical_camera_ariac/model.sdf
[3.378s] -- Installing: /code/install/articubot_one/share/articubot_one/worlds/Dataset-of-Gazebo-Worlds-Models-and-Maps/worlds/factory/models/logical_camera_ariac/materials
[3.380s] -- Installing: /code/install/articubot_one/share/articubot_one/worlds/Dataset-of-Gazebo-Worlds-Models-and-Maps/worlds/factory/models/logical_camera_ariac/materials/textures
[3.381s] -- Installing: /code/install/articubot_one/share/articubot_one/worlds/Dataset-of-Gazebo-Worlds-Models-and-Maps/worlds/factory/models/logical_camera_ariac/materials/textures/camera.png
[3.384s] -- Installing: /code/install/articubot_one/share/articubot_one/worlds/Dataset-of-Gazebo-Worlds-Models-and-Maps/worlds/factory/models/logical_camera_ariac/model.config
[3.385s] -- Installing: /code/install/articubot_one/share/articubot_one/worlds/Dataset-of-Gazebo-Worlds-Models-and-Maps/worlds/factory/models/shipping_container_short_ariac
[3.386s] -- Installing: /code/install/articubot_one/share/articubot_one/worlds/Dataset-of-Gazebo-Worlds-Models-and-Maps/worlds/factory/models/shipping_container_short_ariac/meshes
[3.389s] -- Installing: /code/install/articubot_one/share/articubot_one/worlds/Dataset-of-Gazebo-Worlds-Models-and-Maps/worlds/factory/models/shipping_container_short_ariac/meshes/ShippingContainer_Textured.mtl
[3.389s] -- Installing: /code/install/articubot_one/share/articubot_one/worlds/Dataset-of-Gazebo-Worlds-Models-and-Maps/worlds/factory/models/shipping_container_short_ariac/meshes/ShippingContainer_Textured.obj
[3.392s] -- Installing: /code/install/articubot_one/share/articubot_one/worlds/Dataset-of-Gazebo-Worlds-Models-and-Maps/worlds/factory/models/shipping_container_short_ariac/model.sdf
[3.395s] -- Installing: /code/install/articubot_one/share/articubot_one/worlds/Dataset-of-Gazebo-Worlds-Models-and-Maps/worlds/factory/models/shipping_container_short_ariac/materials
[3.398s] -- Installing: /code/install/articubot_one/share/articubot_one/worlds/Dataset-of-Gazebo-Worlds-Models-and-Maps/worlds/factory/models/shipping_container_short_ariac/materials/textures
[3.401s] -- Installing: /code/install/articubot_one/share/articubot_one/worlds/Dataset-of-Gazebo-Worlds-Models-and-Maps/worlds/factory/models/shipping_container_short_ariac/materials/textures/ShippingContainer.png
[3.401s] -- Installing: /code/install/articubot_one/share/articubot_one/worlds/Dataset-of-Gazebo-Worlds-Models-and-Maps/worlds/factory/models/shipping_container_short_ariac/model.config
[3.401s] -- Installing: /code/install/articubot_one/share/articubot_one/worlds/Dataset-of-Gazebo-Worlds-Models-and-Maps/worlds/factory/models/hokuyo_ariac
[3.401s] -- Installing: /code/install/articubot_one/share/articubot_one/worlds/Dataset-of-Gazebo-Worlds-Models-and-Maps/worlds/factory/models/hokuyo_ariac/meshes
[3.402s] -- Installing: /code/install/articubot_one/share/articubot_one/worlds/Dataset-of-Gazebo-Worlds-Models-and-Maps/worlds/factory/models/hokuyo_ariac/meshes/hokuyo_convex.stl
[3.405s] -- Installing: /code/install/articubot_one/share/articubot_one/worlds/Dataset-of-Gazebo-Worlds-Models-and-Maps/worlds/factory/models/hokuyo_ariac/meshes/hokuyo.dae
[3.405s] -- Installing: /code/install/articubot_one/share/articubot_one/worlds/Dataset-of-Gazebo-Worlds-Models-and-Maps/worlds/factory/models/hokuyo_ariac/model.sdf
[3.409s] -- Installing: /code/install/articubot_one/share/articubot_one/worlds/Dataset-of-Gazebo-Worlds-Models-and-Maps/worlds/factory/models/hokuyo_ariac/model.config
[3.409s] -- Installing: /code/install/articubot_one/share/articubot_one/worlds/Dataset-of-Gazebo-Worlds-Models-and-Maps/worlds/factory/factory.jpg
[3.409s] -- Installing: /code/install/articubot_one/share/articubot_one/worlds/Dataset-of-Gazebo-Worlds-Models-and-Maps/worlds/dynamic_obstacle
[3.409s] -- Installing: /code/install/articubot_one/share/articubot_one/worlds/Dataset-of-Gazebo-Worlds-Models-and-Maps/worlds/dynamic_obstacle/model.sdf
[3.409s] -- Installing: /code/install/articubot_one/share/articubot_one/worlds/Dataset-of-Gazebo-Worlds-Models-and-Maps/worlds/dynamic_obstacle/model.config
[3.409s] -- Installing: /code/install/articubot_one/share/articubot_one/worlds/Dataset-of-Gazebo-Worlds-Models-and-Maps/worlds/dynamic_world
[3.409s] -- Installing: /code/install/articubot_one/share/articubot_one/worlds/Dataset-of-Gazebo-Worlds-Models-and-Maps/worlds/dynamic_world/dynamic_room.jpg
[3.412s] -- Installing: /code/install/articubot_one/share/articubot_one/worlds/Dataset-of-Gazebo-Worlds-Models-and-Maps/worlds/dynamic_world/world.model
[3.412s] -- Installing: /code/install/articubot_one/share/articubot_one/worlds/Dataset-of-Gazebo-Worlds-Models-and-Maps/worlds/room_with_walls_2
[3.412s] -- Installing: /code/install/articubot_one/share/articubot_one/worlds/Dataset-of-Gazebo-Worlds-Models-and-Maps/worlds/room_with_walls_2/map.yaml
[3.412s] -- Installing: /code/install/articubot_one/share/articubot_one/worlds/Dataset-of-Gazebo-Worlds-Models-and-Maps/worlds/room_with_walls_2/room3
[3.413s] -- Installing: /code/install/articubot_one/share/articubot_one/worlds/Dataset-of-Gazebo-Worlds-Models-and-Maps/worlds/room_with_walls_2/room3/model.sdf
[3.414s] -- Installing: /code/install/articubot_one/share/articubot_one/worlds/Dataset-of-Gazebo-Worlds-Models-and-Maps/worlds/room_with_walls_2/room3/model.config
[3.417s] -- Installing: /code/install/articubot_one/share/articubot_one/worlds/Dataset-of-Gazebo-Worlds-Models-and-Maps/worlds/room_with_walls_2/map_0.1m-px.png
[3.417s] -- Installing: /code/install/articubot_one/share/articubot_one/worlds/Dataset-of-Gazebo-Worlds-Models-and-Maps/worlds/room_with_walls_2/map_0.05m-px.png
[3.417s] -- Installing: /code/install/articubot_one/share/articubot_one/worlds/Dataset-of-Gazebo-Worlds-Models-and-Maps/worlds/empty_room
[3.417s] -- Installing: /code/install/articubot_one/share/articubot_one/worlds/Dataset-of-Gazebo-Worlds-Models-and-Maps/worlds/empty_room/model.sdf
[3.421s] -- Installing: /code/install/articubot_one/share/articubot_one/worlds/Dataset-of-Gazebo-Worlds-Models-and-Maps/worlds/empty_room/maps
[3.421s] -- Installing: /code/install/articubot_one/share/articubot_one/worlds/Dataset-of-Gazebo-Worlds-Models-and-Maps/worlds/empty_room/maps/empty_room.pgm
[3.421s] -- Installing: /code/install/articubot_one/share/articubot_one/worlds/Dataset-of-Gazebo-Worlds-Models-and-Maps/worlds/empty_room/maps/empty_room.png
[3.423s] -- Installing: /code/install/articubot_one/share/articubot_one/worlds/Dataset-of-Gazebo-Worlds-Models-and-Maps/worlds/empty_room/model.config
[3.425s] -- Installing: /code/install/articubot_one/share/articubot_one/worlds/Dataset-of-Gazebo-Worlds-Models-and-Maps/worlds/experiment_rooms
[3.425s] -- Installing: /code/install/articubot_one/share/articubot_one/worlds/Dataset-of-Gazebo-Worlds-Models-and-Maps/worlds/experiment_rooms/pics
[3.427s] -- Installing: /code/install/articubot_one/share/articubot_one/worlds/Dataset-of-Gazebo-Worlds-Models-and-Maps/worlds/experiment_rooms/pics/room1.png
[3.428s] -- Installing: /code/install/articubot_one/share/articubot_one/worlds/Dataset-of-Gazebo-Worlds-Models-and-Maps/worlds/experiment_rooms/pics/room4.png
[3.433s] -- Installing: /code/install/articubot_one/share/articubot_one/worlds/Dataset-of-Gazebo-Worlds-Models-and-Maps/worlds/experiment_rooms/pics/room2.png
[3.433s] -- Installing: /code/install/articubot_one/share/articubot_one/worlds/Dataset-of-Gazebo-Worlds-Models-and-Maps/worlds/experiment_rooms/pics/room3.png
[3.437s] -- Installing: /code/install/articubot_one/share/articubot_one/worlds/Dataset-of-Gazebo-Worlds-Models-and-Maps/worlds/experiment_rooms/worlds
[3.437s] -- Installing: /code/install/articubot_one/share/articubot_one/worlds/Dataset-of-Gazebo-Worlds-Models-and-Maps/worlds/experiment_rooms/worlds/room3
[3.441s] -- Installing: /code/install/articubot_one/share/articubot_one/worlds/Dataset-of-Gazebo-Worlds-Models-and-Maps/worlds/experiment_rooms/worlds/room3/map
[3.441s] -- Installing: /code/install/articubot_one/share/articubot_one/worlds/Dataset-of-Gazebo-Worlds-Models-and-Maps/worlds/experiment_rooms/worlds/room3/map/room3.png
[3.441s] -- Installing: /code/install/articubot_one/share/articubot_one/worlds/Dataset-of-Gazebo-Worlds-Models-and-Maps/worlds/experiment_rooms/worlds/room3/map/room3.yaml
[3.441s] -- Installing: /code/install/articubot_one/share/articubot_one/worlds/Dataset-of-Gazebo-Worlds-Models-and-Maps/worlds/experiment_rooms/worlds/room3/room3.png
[3.445s] -- Installing: /code/install/articubot_one/share/articubot_one/worlds/Dataset-of-Gazebo-Worlds-Models-and-Maps/worlds/experiment_rooms/worlds/room3/world_dynamic.model
[3.445s] -- Installing: /code/install/articubot_one/share/articubot_one/worlds/Dataset-of-Gazebo-Worlds-Models-and-Maps/worlds/experiment_rooms/worlds/room3/world.model
[3.451s] -- Installing: /code/install/articubot_one/share/articubot_one/worlds/Dataset-of-Gazebo-Worlds-Models-and-Maps/worlds/experiment_rooms/worlds/room4
[3.451s] -- Installing: /code/install/articubot_one/share/articubot_one/worlds/Dataset-of-Gazebo-Worlds-Models-and-Maps/worlds/experiment_rooms/worlds/room4/room4.png
[3.451s] -- Installing: /code/install/articubot_one/share/articubot_one/worlds/Dataset-of-Gazebo-Worlds-Models-and-Maps/worlds/experiment_rooms/worlds/room4/map
[3.451s] -- Installing: /code/install/articubot_one/share/articubot_one/worlds/Dataset-of-Gazebo-Worlds-Models-and-Maps/worlds/experiment_rooms/worlds/room4/map/room4.png
[3.452s] -- Installing: /code/install/articubot_one/share/articubot_one/worlds/Dataset-of-Gazebo-Worlds-Models-and-Maps/worlds/experiment_rooms/worlds/room4/map/room4.yaml
[3.457s] -- Installing: /code/install/articubot_one/share/articubot_one/worlds/Dataset-of-Gazebo-Worlds-Models-and-Maps/worlds/experiment_rooms/worlds/room4/world_dynamic.model
[3.457s] -- Installing: /code/install/articubot_one/share/articubot_one/worlds/Dataset-of-Gazebo-Worlds-Models-and-Maps/worlds/experiment_rooms/worlds/room4/world.model
[3.459s] -- Installing: /code/install/articubot_one/share/articubot_one/worlds/Dataset-of-Gazebo-Worlds-Models-and-Maps/worlds/experiment_rooms/worlds/room1
[3.463s] -- Installing: /code/install/articubot_one/share/articubot_one/worlds/Dataset-of-Gazebo-Worlds-Models-and-Maps/worlds/experiment_rooms/worlds/room1/map
[3.465s] -- Installing: /code/install/articubot_one/share/articubot_one/worlds/Dataset-of-Gazebo-Worlds-Models-and-Maps/worlds/experiment_rooms/worlds/room1/map/room1.png
[3.465s] -- Installing: /code/install/articubot_one/share/articubot_one/worlds/Dataset-of-Gazebo-Worlds-Models-and-Maps/worlds/experiment_rooms/worlds/room1/map/room1.yaml
[3.465s] -- Installing: /code/install/articubot_one/share/articubot_one/worlds/Dataset-of-Gazebo-Worlds-Models-and-Maps/worlds/experiment_rooms/worlds/room1/world.model
[3.466s] -- Installing: /code/install/articubot_one/share/articubot_one/worlds/Dataset-of-Gazebo-Worlds-Models-and-Maps/worlds/experiment_rooms/worlds/room2
[3.473s] -- Installing: /code/install/articubot_one/share/articubot_one/worlds/Dataset-of-Gazebo-Worlds-Models-and-Maps/worlds/experiment_rooms/worlds/room2/map
[3.473s] -- Installing: /code/install/articubot_one/share/articubot_one/worlds/Dataset-of-Gazebo-Worlds-Models-and-Maps/worlds/experiment_rooms/worlds/room2/map/room2.png
[3.473s] -- Installing: /code/install/articubot_one/share/articubot_one/worlds/Dataset-of-Gazebo-Worlds-Models-and-Maps/worlds/experiment_rooms/worlds/room2/map/room2.yaml
[3.473s] -- Installing: /code/install/articubot_one/share/articubot_one/worlds/Dataset-of-Gazebo-Worlds-Models-and-Maps/worlds/experiment_rooms/worlds/room2/world_dynamic.model
[3.473s] -- Installing: /code/install/articubot_one/share/articubot_one/worlds/Dataset-of-Gazebo-Worlds-Models-and-Maps/worlds/experiment_rooms/worlds/room2/world.model
[3.473s] -- Installing: /code/install/articubot_one/share/articubot_one/worlds/Dataset-of-Gazebo-Worlds-Models-and-Maps/worlds/experiment_rooms/README.md
[3.473s] -- Installing: /code/install/articubot_one/share/articubot_one/worlds/Dataset-of-Gazebo-Worlds-Models-and-Maps/worlds/experiment_rooms/models
[3.473s] -- Installing: /code/install/articubot_one/share/articubot_one/worlds/Dataset-of-Gazebo-Worlds-Models-and-Maps/worlds/experiment_rooms/models/dynamic_obstacle
[3.474s] -- Installing: /code/install/articubot_one/share/articubot_one/worlds/Dataset-of-Gazebo-Worlds-Models-and-Maps/worlds/experiment_rooms/models/dynamic_obstacle/model.sdf
[3.475s] -- Installing: /code/install/articubot_one/share/articubot_one/worlds/Dataset-of-Gazebo-Worlds-Models-and-Maps/worlds/experiment_rooms/models/dynamic_obstacle/model.config
[3.475s] -- Installing: /code/install/articubot_one/share/articubot_one/worlds/Dataset-of-Gazebo-Worlds-Models-and-Maps/worlds/experiment_rooms/models/exp_empty_rooms
[3.476s] -- Installing: /code/install/articubot_one/share/articubot_one/worlds/Dataset-of-Gazebo-Worlds-Models-and-Maps/worlds/experiment_rooms/models/exp_empty_rooms/model.sdf
[3.477s] -- Installing: /code/install/articubot_one/share/articubot_one/worlds/Dataset-of-Gazebo-Worlds-Models-and-Maps/worlds/experiment_rooms/models/exp_empty_rooms/model.config
[3.478s] -- Installing: /code/install/articubot_one/share/articubot_one/worlds/Dataset-of-Gazebo-Worlds-Models-and-Maps/worlds/experiment_rooms/experiment_rooms.png
[3.480s] -- Installing: /code/install/articubot_one/share/articubot_one/worlds/Dataset-of-Gazebo-Worlds-Models-and-Maps/worlds/random_world
[3.481s] -- Installing: /code/install/articubot_one/share/articubot_one/worlds/Dataset-of-Gazebo-Worlds-Models-and-Maps/worlds/random_world/media
[3.482s] -- Installing: /code/install/articubot_one/share/articubot_one/worlds/Dataset-of-Gazebo-Worlds-Models-and-Maps/worlds/random_world/media/materials
[3.483s] -- Installing: /code/install/articubot_one/share/articubot_one/worlds/Dataset-of-Gazebo-Worlds-Models-and-Maps/worlds/random_world/media/materials/texture
[3.484s] -- Installing: /code/install/articubot_one/share/articubot_one/worlds/Dataset-of-Gazebo-Worlds-Models-and-Maps/worlds/random_world/media/materials/texture/random_world.png
[3.484s] -- Installing: /code/install/articubot_one/share/articubot_one/worlds/Dataset-of-Gazebo-Worlds-Models-and-Maps/worlds/random_world/random_world.jpg
[3.487s] -- Installing: /code/install/articubot_one/share/articubot_one/worlds/Dataset-of-Gazebo-Worlds-Models-and-Maps/worlds/random_world/model.sdf
[3.488s] -- Installing: /code/install/articubot_one/share/articubot_one/worlds/Dataset-of-Gazebo-Worlds-Models-and-Maps/worlds/random_world/model.config
[3.494s] -- Installing: /code/install/articubot_one/share/articubot_one/worlds/Dataset-of-Gazebo-Worlds-Models-and-Maps/worlds/office
[3.495s] -- Installing: /code/install/articubot_one/share/articubot_one/worlds/Dataset-of-Gazebo-Worlds-Models-and-Maps/worlds/office/office_part2.zip
[3.680s] -- Installing: /code/install/articubot_one/share/articubot_one/worlds/Dataset-of-Gazebo-Worlds-Models-and-Maps/worlds/office/office.jpg
[3.683s] -- Installing: /code/install/articubot_one/share/articubot_one/worlds/Dataset-of-Gazebo-Worlds-Models-and-Maps/worlds/office/office_part1.zip
[3.868s] -- Installing: /code/install/articubot_one/share/articubot_one/worlds/Dataset-of-Gazebo-Worlds-Models-and-Maps/worlds/turtlebot3_world
[3.871s] -- Installing: /code/install/articubot_one/share/articubot_one/worlds/Dataset-of-Gazebo-Worlds-Models-and-Maps/worlds/turtlebot3_world/meshes
[3.871s] -- Installing: /code/install/articubot_one/share/articubot_one/worlds/Dataset-of-Gazebo-Worlds-Models-and-Maps/worlds/turtlebot3_world/meshes/hexagon.dae
[3.871s] -- Installing: /code/install/articubot_one/share/articubot_one/worlds/Dataset-of-Gazebo-Worlds-Models-and-Maps/worlds/turtlebot3_world/meshes/wall.dae
[3.872s] -- Installing: /code/install/articubot_one/share/articubot_one/worlds/Dataset-of-Gazebo-Worlds-Models-and-Maps/worlds/turtlebot3_world/model.sdf
[3.874s] -- Installing: /code/install/articubot_one/share/articubot_one/worlds/Dataset-of-Gazebo-Worlds-Models-and-Maps/worlds/turtlebot3_world/maps
[3.874s] -- Installing: /code/install/articubot_one/share/articubot_one/worlds/Dataset-of-Gazebo-Worlds-Models-and-Maps/worlds/turtlebot3_world/maps/turtlebot3_world.pgm
[3.877s] -- Installing: /code/install/articubot_one/share/articubot_one/worlds/Dataset-of-Gazebo-Worlds-Models-and-Maps/worlds/turtlebot3_world/maps/turtlebot3_world.yaml
[3.877s] -- Installing: /code/install/articubot_one/share/articubot_one/worlds/Dataset-of-Gazebo-Worlds-Models-and-Maps/worlds/turtlebot3_world/tb_world.jpg
[3.881s] -- Installing: /code/install/articubot_one/share/articubot_one/worlds/Dataset-of-Gazebo-Worlds-Models-and-Maps/worlds/turtlebot3_world/model.config
[3.881s] -- Installing: /code/install/articubot_one/share/articubot_one/worlds/Dataset-of-Gazebo-Worlds-Models-and-Maps/worlds/turtlebot3_world/model-1_4.sdf
[3.881s] -- Installing: /code/install/articubot_one/share/articubot_one/worlds/Dataset-of-Gazebo-Worlds-Models-and-Maps/worlds/small_house
[3.881s] -- Installing: /code/install/articubot_one/share/articubot_one/worlds/Dataset-of-Gazebo-Worlds-Models-and-Maps/worlds/small_house/small_house.zip
[4.135s] -- Installing: /code/install/articubot_one/share/articubot_one/worlds/Dataset-of-Gazebo-Worlds-Models-and-Maps/worlds/small_house/small_house.jpg
[4.137s] -- Installing: /code/install/articubot_one/share/articubot_one/worlds/Dataset-of-Gazebo-Worlds-Models-and-Maps/README.md
[4.137s] -- Up-to-date: /code/install/articubot_one/share/articubot_one/worlds/obstacles.sdf
[4.142s] -- Up-to-date: /code/install/articubot_one/share/articubot_one/worlds/empty.world
[4.142s] -- Up-to-date: /code/install/articubot_one/share/articubot_one/worlds/obstacles.world
[4.142s] -- Up-to-date: /code/install/articubot_one/share/ament_index/resource_index/package_run_dependencies/articubot_one
[4.142s] -- Up-to-date: /code/install/articubot_one/share/ament_index/resource_index/parent_prefix_path/articubot_one
[4.143s] -- Up-to-date: /code/install/articubot_one/share/articubot_one/environment/ament_prefix_path.sh
[4.143s] -- Up-to-date: /code/install/articubot_one/share/articubot_one/environment/ament_prefix_path.dsv
[4.143s] -- Up-to-date: /code/install/articubot_one/share/articubot_one/environment/path.sh
[4.144s] -- Up-to-date: /code/install/articubot_one/share/articubot_one/environment/path.dsv
[4.144s] -- Up-to-date: /code/install/articubot_one/share/articubot_one/local_setup.bash
[4.144s] -- Up-to-date: /code/install/articubot_one/share/articubot_one/local_setup.sh
[4.149s] -- Up-to-date: /code/install/articubot_one/share/articubot_one/local_setup.zsh
[4.149s] -- Up-to-date: /code/install/articubot_one/share/articubot_one/local_setup.dsv
[4.149s] -- Installing: /code/install/articubot_one/share/articubot_one/package.dsv
[4.149s] -- Up-to-date: /code/install/articubot_one/share/ament_index/resource_index/packages/articubot_one
[4.149s] -- Up-to-date: /code/install/articubot_one/share/articubot_one/cmake/articubot_oneConfig.cmake
[4.149s] -- Up-to-date: /code/install/articubot_one/share/articubot_one/cmake/articubot_oneConfig-version.cmake
[4.150s] -- Up-to-date: /code/install/articubot_one/share/articubot_one/package.xml
[4.157s] Invoked command in '/code/build/articubot_one' returned '0': CMAKE_PREFIX_PATH=${CMAKE_PREFIX_PATH}:/opt/ros/humble /usr/bin/cmake --install /code/build/articubot_one
