[0.175s] Invoking command in '/code/articubot_one/build/articubot_one': CMAKE_PREFIX_PATH=${CMAKE_PREFIX_PATH}:/opt/ros/foxy /usr/bin/cmake --build /code/articubot_one/build/articubot_one -- -j12 -l12
[0.369s] Invoked command in '/code/articubot_one/build/articubot_one' returned '0': CMAKE_PREFIX_PATH=${CMAKE_PREFIX_PATH}:/opt/ros/foxy /usr/bin/cmake --build /code/articubot_one/build/articubot_one -- -j12 -l12
[0.421s] Invoking command in '/code/articubot_one/build/articubot_one': CMAKE_PREFIX_PATH=${CMAKE_PREFIX_PATH}:/opt/ros/foxy /usr/bin/cmake --install /code/articubot_one/build/articubot_one
[0.443s] -- Install configuration: ""
[0.450s] -- Up-to-date: /code/articubot_one/install/articubot_one/share/articubot_one/config
[0.481s] -- Up-to-date: /code/articubot_one/install/articubot_one/share/articubot_one/config/drive_bot.rviz
[0.502s] -- Up-to-date: /code/articubot_one/install/articubot_one/share/articubot_one/config/empty.yaml
[0.523s] -- Up-to-date: /code/articubot_one/install/articubot_one/share/articubot_one/config/gaz_ros2_ctl_use_sim.yaml
[0.542s] -- Up-to-date: /code/articubot_one/install/articubot_one/share/articubot_one/config/joystick.yaml
[0.561s] -- Up-to-date: /code/articubot_one/install/articubot_one/share/articubot_one/config/main.rviz
[0.585s] -- Up-to-date: /code/articubot_one/install/articubot_one/share/articubot_one/config/map.rviz
[0.608s] -- Installing: /code/articubot_one/install/articubot_one/share/articubot_one/config/mapper_params_online_async.yaml
[0.705s] -- Up-to-date: /code/articubot_one/install/articubot_one/share/articubot_one/config/my_controllers.yaml
[0.728s] -- Up-to-date: /code/articubot_one/install/articubot_one/share/articubot_one/config/twist_mux.yaml
[0.753s] -- Up-to-date: /code/articubot_one/install/articubot_one/share/articubot_one/config/view_bot.rviz
[0.775s] -- Up-to-date: /code/articubot_one/install/articubot_one/share/articubot_one/description
[0.808s] -- Up-to-date: /code/articubot_one/install/articubot_one/share/articubot_one/description/.robot_core.xacro.swp
[0.832s] -- Up-to-date: /code/articubot_one/install/articubot_one/share/articubot_one/description/camera.xacro
[0.856s] -- Up-to-date: /code/articubot_one/install/articubot_one/share/articubot_one/description/depth_camera.xacro
[0.881s] -- Up-to-date: /code/articubot_one/install/articubot_one/share/articubot_one/description/face.xacro
[0.903s] -- Up-to-date: /code/articubot_one/install/articubot_one/share/articubot_one/description/gazebo_control.xacro
[0.927s] -- Up-to-date: /code/articubot_one/install/articubot_one/share/articubot_one/description/inertial_macros.xacro
[0.953s] -- Up-to-date: /code/articubot_one/install/articubot_one/share/articubot_one/description/lidar.xacro
[0.973s] -- Up-to-date: /code/articubot_one/install/articubot_one/share/articubot_one/description/robot.urdf.xacro
[0.993s] -- Up-to-date: /code/articubot_one/install/articubot_one/share/articubot_one/description/robot_core.xacro
[1.014s] -- Up-to-date: /code/articubot_one/install/articubot_one/share/articubot_one/description/ros2_control.xacro
[1.032s] -- Up-to-date: /code/articubot_one/install/articubot_one/share/articubot_one/launch
[1.065s] -- Up-to-date: /code/articubot_one/install/articubot_one/share/articubot_one/launch/ball_tracker.launch.py
[1.087s] -- Up-to-date: /code/articubot_one/install/articubot_one/share/articubot_one/launch/camera.launch.py
[1.108s] -- Up-to-date: /code/articubot_one/install/articubot_one/share/articubot_one/launch/joystick.launch.py
[1.134s] -- Up-to-date: /code/articubot_one/install/articubot_one/share/articubot_one/launch/launch_robot.launch.py
[1.164s] -- Up-to-date: /code/articubot_one/install/articubot_one/share/articubot_one/launch/launch_sim.launch.py
[1.191s] -- Up-to-date: /code/articubot_one/install/articubot_one/share/articubot_one/launch/online_async_launch.py
[1.215s] -- Up-to-date: /code/articubot_one/install/articubot_one/share/articubot_one/launch/rplidar.launch.py
[1.244s] -- Up-to-date: /code/articubot_one/install/articubot_one/share/articubot_one/launch/rsp.launch.py
[1.265s] -- Up-to-date: /code/articubot_one/install/articubot_one/share/articubot_one/worlds
[1.295s] -- Up-to-date: /code/articubot_one/install/articubot_one/share/articubot_one/worlds/empty.world
[1.319s] -- Up-to-date: /code/articubot_one/install/articubot_one/share/articubot_one/worlds/obstacles.world
[1.373s] -- Up-to-date: /code/articubot_one/install/articubot_one/share/ament_index/resource_index/package_run_dependencies/articubot_one
[1.450s] -- Up-to-date: /code/articubot_one/install/articubot_one/share/ament_index/resource_index/parent_prefix_path/articubot_one
[1.474s] -- Up-to-date: /code/articubot_one/install/articubot_one/share/articubot_one/environment/ament_prefix_path.sh
[1.510s] -- Up-to-date: /code/articubot_one/install/articubot_one/share/articubot_one/environment/ament_prefix_path.dsv
[1.537s] -- Up-to-date: /code/articubot_one/install/articubot_one/share/articubot_one/environment/path.sh
[1.568s] -- Up-to-date: /code/articubot_one/install/articubot_one/share/articubot_one/environment/path.dsv
[1.596s] -- Up-to-date: /code/articubot_one/install/articubot_one/share/articubot_one/local_setup.bash
[1.621s] -- Up-to-date: /code/articubot_one/install/articubot_one/share/articubot_one/local_setup.sh
[1.650s] -- Up-to-date: /code/articubot_one/install/articubot_one/share/articubot_one/local_setup.zsh
[1.681s] -- Up-to-date: /code/articubot_one/install/articubot_one/share/articubot_one/local_setup.dsv
[1.739s] -- Installing: /code/articubot_one/install/articubot_one/share/articubot_one/package.dsv
[1.856s] -- Up-to-date: /code/articubot_one/install/articubot_one/share/ament_index/resource_index/packages/articubot_one
[1.890s] -- Up-to-date: /code/articubot_one/install/articubot_one/share/articubot_one/cmake/articubot_oneConfig.cmake
[1.920s] -- Up-to-date: /code/articubot_one/install/articubot_one/share/articubot_one/cmake/articubot_oneConfig-version.cmake
[1.948s] -- Up-to-date: /code/articubot_one/install/articubot_one/share/articubot_one/package.xml
[1.972s] Invoked command in '/code/articubot_one/build/articubot_one' returned '0': CMAKE_PREFIX_PATH=${CMAKE_PREFIX_PATH}:/opt/ros/foxy /usr/bin/cmake --install /code/articubot_one/build/articubot_one
