[0.179s] Invoking command in '/code/articubot_one/build/articubot_one': CMAKE_PREFIX_PATH=${CMAKE_PREFIX_PATH}:/opt/ros/foxy /usr/bin/cmake --build /code/articubot_one/build/articubot_one -- -j12 -l12
[0.339s] Invoked command in '/code/articubot_one/build/articubot_one' returned '0': CMAKE_PREFIX_PATH=${CMAKE_PREFIX_PATH}:/opt/ros/foxy /usr/bin/cmake --build /code/articubot_one/build/articubot_one -- -j12 -l12
[0.386s] Invoking command in '/code/articubot_one/build/articubot_one': CMAKE_PREFIX_PATH=${CMAKE_PREFIX_PATH}:/opt/ros/foxy /usr/bin/cmake --install /code/articubot_one/build/articubot_one
[0.402s] -- Install configuration: ""
[0.411s] -- Up-to-date: /code/articubot_one/install/articubot_one/share/articubot_one/config
[0.435s] -- Up-to-date: /code/articubot_one/install/articubot_one/share/articubot_one/config/drive_bot.rviz
[0.450s] -- Up-to-date: /code/articubot_one/install/articubot_one/share/articubot_one/config/empty.yaml
[0.469s] -- Up-to-date: /code/articubot_one/install/articubot_one/share/articubot_one/config/gaz_ros2_ctl_use_sim.yaml
[0.487s] -- Up-to-date: /code/articubot_one/install/articubot_one/share/articubot_one/config/joystick.yaml
[0.503s] -- Up-to-date: /code/articubot_one/install/articubot_one/share/articubot_one/config/main.rviz
[0.524s] -- Up-to-date: /code/articubot_one/install/articubot_one/share/articubot_one/config/map.rviz
[0.541s] -- Up-to-date: /code/articubot_one/install/articubot_one/share/articubot_one/config/my_controllers.yaml
[0.558s] -- Up-to-date: /code/articubot_one/install/articubot_one/share/articubot_one/config/twist_mux.yaml
[0.577s] -- Up-to-date: /code/articubot_one/install/articubot_one/share/articubot_one/config/view_bot.rviz
[0.592s] -- Up-to-date: /code/articubot_one/install/articubot_one/share/articubot_one/description
[0.619s] -- Up-to-date: /code/articubot_one/install/articubot_one/share/articubot_one/description/camera.xacro
[0.639s] -- Up-to-date: /code/articubot_one/install/articubot_one/share/articubot_one/description/depth_camera.xacro
[0.657s] -- Up-to-date: /code/articubot_one/install/articubot_one/share/articubot_one/description/face.xacro
[0.676s] -- Up-to-date: /code/articubot_one/install/articubot_one/share/articubot_one/description/gazebo_control.xacro
[0.693s] -- Up-to-date: /code/articubot_one/install/articubot_one/share/articubot_one/description/inertial_macros.xacro
[0.710s] -- Up-to-date: /code/articubot_one/install/articubot_one/share/articubot_one/description/lidar.xacro
[0.729s] -- Up-to-date: /code/articubot_one/install/articubot_one/share/articubot_one/description/robot.urdf.xacro
[0.746s] -- Up-to-date: /code/articubot_one/install/articubot_one/share/articubot_one/description/robot_core.xacro
[0.764s] -- Up-to-date: /code/articubot_one/install/articubot_one/share/articubot_one/description/ros2_control.xacro
[0.775s] -- Up-to-date: /code/articubot_one/install/articubot_one/share/articubot_one/launch
[0.799s] -- Up-to-date: /code/articubot_one/install/articubot_one/share/articubot_one/launch/ball_tracker.launch.py
[0.818s] -- Up-to-date: /code/articubot_one/install/articubot_one/share/articubot_one/launch/camera.launch.py
[0.835s] -- Up-to-date: /code/articubot_one/install/articubot_one/share/articubot_one/launch/joystick.launch.py
[0.855s] -- Up-to-date: /code/articubot_one/install/articubot_one/share/articubot_one/launch/launch_robot.launch.py
[0.874s] -- Up-to-date: /code/articubot_one/install/articubot_one/share/articubot_one/launch/launch_sim.launch.py
[0.892s] -- Up-to-date: /code/articubot_one/install/articubot_one/share/articubot_one/launch/rplidar.launch.py
[0.908s] -- Up-to-date: /code/articubot_one/install/articubot_one/share/articubot_one/launch/rsp.launch.py
[0.925s] -- Up-to-date: /code/articubot_one/install/articubot_one/share/articubot_one/worlds
[0.951s] -- Up-to-date: /code/articubot_one/install/articubot_one/share/articubot_one/worlds/empty.world
[0.972s] -- Up-to-date: /code/articubot_one/install/articubot_one/share/articubot_one/worlds/obstacles.world
[1.013s] -- Up-to-date: /code/articubot_one/install/articubot_one/share/ament_index/resource_index/package_run_dependencies/articubot_one
[1.059s] -- Up-to-date: /code/articubot_one/install/articubot_one/share/ament_index/resource_index/parent_prefix_path/articubot_one
[1.080s] -- Up-to-date: /code/articubot_one/install/articubot_one/share/articubot_one/environment/ament_prefix_path.sh
[1.106s] -- Up-to-date: /code/articubot_one/install/articubot_one/share/articubot_one/environment/ament_prefix_path.dsv
[1.125s] -- Up-to-date: /code/articubot_one/install/articubot_one/share/articubot_one/environment/path.sh
[1.151s] -- Up-to-date: /code/articubot_one/install/articubot_one/share/articubot_one/environment/path.dsv
[1.174s] -- Up-to-date: /code/articubot_one/install/articubot_one/share/articubot_one/local_setup.bash
[1.194s] -- Up-to-date: /code/articubot_one/install/articubot_one/share/articubot_one/local_setup.sh
[1.216s] -- Up-to-date: /code/articubot_one/install/articubot_one/share/articubot_one/local_setup.zsh
[1.242s] -- Up-to-date: /code/articubot_one/install/articubot_one/share/articubot_one/local_setup.dsv
[1.267s] -- Installing: /code/articubot_one/install/articubot_one/share/articubot_one/package.dsv
[1.369s] -- Up-to-date: /code/articubot_one/install/articubot_one/share/ament_index/resource_index/packages/articubot_one
[1.398s] -- Up-to-date: /code/articubot_one/install/articubot_one/share/articubot_one/cmake/articubot_oneConfig.cmake
[1.420s] -- Up-to-date: /code/articubot_one/install/articubot_one/share/articubot_one/cmake/articubot_oneConfig-version.cmake
[1.443s] -- Up-to-date: /code/articubot_one/install/articubot_one/share/articubot_one/package.xml
[1.466s] Invoked command in '/code/articubot_one/build/articubot_one' returned '0': CMAKE_PREFIX_PATH=${CMAKE_PREFIX_PATH}:/opt/ros/foxy /usr/bin/cmake --install /code/articubot_one/build/articubot_one
