[0.000000] (-) TimerEvent: {}
[0.000495] (articubot_one) JobQueued: {'identifier': 'articubot_one', 'dependencies': OrderedDict()}
[0.001145] (articubot_one) JobStarted: {'identifier': 'articubot_one'}
[0.071359] (articubot_one) JobProgress: {'identifier': 'articubot_one', 'progress': 'cmake'}
[0.091213] (-) TimerEvent: {}
[0.097502] (articubot_one) JobProgress: {'identifier': 'articubot_one', 'progress': 'build'}
[0.104523] (articubot_one) Command: {'cmd': ['/usr/bin/cmake', '--build', '/code/articubot_one/build/articubot_one', '--', '-j12', '-l12'], 'cwd': '/code/articubot_one/build/articubot_one', 'env': OrderedDict([('HOSTNAME', 'a7a037cba3ff'), ('SHLVL', '1'), ('LD_LIBRARY_PATH', '/usr/lib/aarch64-linux-gnu/gazebo-11/plugins:/opt/ros/foxy/opt/yaml_cpp_vendor/lib:/opt/ros/foxy/opt/rviz_ogre_vendor/lib:/opt/ros/foxy/lib/aarch64-linux-gnu:/opt/ros/foxy/lib'), ('HOME', '/root'), ('OLDPWD', '/code/articubot_one'), ('ROS_PYTHON_VERSION', '3'), ('COLCON_PREFIX_PATH', '/code/articubot_one/install'), ('ROS_DISTRO', 'foxy'), ('_', '/usr/bin/colcon'), ('ROS_VERSION', '2'), ('TERM', 'xterm'), ('ROS_LOCALHOST_ONLY', '0'), ('PATH', '/opt/ros/foxy/bin:/usr/local/sbin:/usr/local/bin:/usr/sbin:/usr/bin:/sbin:/bin'), ('DISPLAY', '10.22.48.243:0.0'), ('LANG', 'en_US.UTF-8'), ('AMENT_PREFIX_PATH', '/code/articubot_one/install/articubot_one:/opt/ros/foxy'), ('DEBIAN_FRONTEND', 'noninteractive'), ('PWD', '/code/articubot_one/build/articubot_one'), ('PYTHONPATH', '/opt/ros/foxy/lib/python3.8/site-packages'), ('COLCON', '1'), ('CMAKE_PREFIX_PATH', '/code/articubot_one/install/articubot_one:/opt/ros/foxy')]), 'shell': False}
[0.192512] (-) TimerEvent: {}
[0.271731] (articubot_one) CommandEnded: {'returncode': 0}
[0.292851] (-) TimerEvent: {}
[0.298117] (articubot_one) JobProgress: {'identifier': 'articubot_one', 'progress': 'install'}
[0.317934] (articubot_one) Command: {'cmd': ['/usr/bin/cmake', '--install', '/code/articubot_one/build/articubot_one'], 'cwd': '/code/articubot_one/build/articubot_one', 'env': OrderedDict([('HOSTNAME', 'a7a037cba3ff'), ('SHLVL', '1'), ('LD_LIBRARY_PATH', '/usr/lib/aarch64-linux-gnu/gazebo-11/plugins:/opt/ros/foxy/opt/yaml_cpp_vendor/lib:/opt/ros/foxy/opt/rviz_ogre_vendor/lib:/opt/ros/foxy/lib/aarch64-linux-gnu:/opt/ros/foxy/lib'), ('HOME', '/root'), ('OLDPWD', '/code/articubot_one'), ('ROS_PYTHON_VERSION', '3'), ('COLCON_PREFIX_PATH', '/code/articubot_one/install'), ('ROS_DISTRO', 'foxy'), ('_', '/usr/bin/colcon'), ('ROS_VERSION', '2'), ('TERM', 'xterm'), ('ROS_LOCALHOST_ONLY', '0'), ('PATH', '/opt/ros/foxy/bin:/usr/local/sbin:/usr/local/bin:/usr/sbin:/usr/bin:/sbin:/bin'), ('DISPLAY', '10.22.48.243:0.0'), ('LANG', 'en_US.UTF-8'), ('AMENT_PREFIX_PATH', '/code/articubot_one/install/articubot_one:/opt/ros/foxy'), ('DEBIAN_FRONTEND', 'noninteractive'), ('PWD', '/code/articubot_one/build/articubot_one'), ('PYTHONPATH', '/opt/ros/foxy/lib/python3.8/site-packages'), ('COLCON', '1'), ('CMAKE_PREFIX_PATH', '/code/articubot_one/install/articubot_one:/opt/ros/foxy')]), 'shell': False}
[0.334474] (articubot_one) StdoutLine: {'line': b'-- Install configuration: ""\n'}
[0.343138] (articubot_one) StdoutLine: {'line': b'-- Up-to-date: /code/articubot_one/install/articubot_one/share/articubot_one/config\n'}
[0.355222] (articubot_one) StdoutLine: {'line': b'-- Up-to-date: /code/articubot_one/install/articubot_one/share/articubot_one/config/.mapper_params_online_async.yaml.swp\n'}
[0.369086] (articubot_one) StdoutLine: {'line': b'-- Up-to-date: /code/articubot_one/install/articubot_one/share/articubot_one/config/drive_bot.rviz\n'}
[0.383310] (articubot_one) StdoutLine: {'line': b'-- Up-to-date: /code/articubot_one/install/articubot_one/share/articubot_one/config/empty.yaml\n'}
[0.393176] (-) TimerEvent: {}
[0.403057] (articubot_one) StdoutLine: {'line': b'-- Up-to-date: /code/articubot_one/install/articubot_one/share/articubot_one/config/gaz_ros2_ctl_use_sim.yaml\n'}
[0.419241] (articubot_one) StdoutLine: {'line': b'-- Up-to-date: /code/articubot_one/install/articubot_one/share/articubot_one/config/joystick.yaml\n'}
[0.438304] (articubot_one) StdoutLine: {'line': b'-- Up-to-date: /code/articubot_one/install/articubot_one/share/articubot_one/config/main.rviz\n'}
[0.454428] (articubot_one) StdoutLine: {'line': b'-- Up-to-date: /code/articubot_one/install/articubot_one/share/articubot_one/config/map.rviz\n'}
[0.471544] (articubot_one) StdoutLine: {'line': b'-- Up-to-date: /code/articubot_one/install/articubot_one/share/articubot_one/config/mapper_params_online_async.yaml\n'}
[0.485281] (articubot_one) StdoutLine: {'line': b'-- Up-to-date: /code/articubot_one/install/articubot_one/share/articubot_one/config/my_controllers.yaml\n'}
[0.493819] (-) TimerEvent: {}
[0.499025] (articubot_one) StdoutLine: {'line': b'-- Up-to-date: /code/articubot_one/install/articubot_one/share/articubot_one/config/twist_mux.yaml\n'}
[0.516247] (articubot_one) StdoutLine: {'line': b'-- Up-to-date: /code/articubot_one/install/articubot_one/share/articubot_one/config/view_bot.rviz\n'}
[0.526348] (articubot_one) StdoutLine: {'line': b'-- Up-to-date: /code/articubot_one/install/articubot_one/share/articubot_one/description\n'}
[0.541957] (articubot_one) StdoutLine: {'line': b'-- Up-to-date: /code/articubot_one/install/articubot_one/share/articubot_one/description/.robot_core.xacro.swp\n'}
[0.558300] (articubot_one) StdoutLine: {'line': b'-- Up-to-date: /code/articubot_one/install/articubot_one/share/articubot_one/description/camera.xacro\n'}
[0.580235] (articubot_one) StdoutLine: {'line': b'-- Up-to-date: /code/articubot_one/install/articubot_one/share/articubot_one/description/depth_camera.xacro\n'}
[0.595105] (-) TimerEvent: {}
[0.603148] (articubot_one) StdoutLine: {'line': b'-- Up-to-date: /code/articubot_one/install/articubot_one/share/articubot_one/description/face.xacro\n'}
[0.620444] (articubot_one) StdoutLine: {'line': b'-- Up-to-date: /code/articubot_one/install/articubot_one/share/articubot_one/description/gazebo_control.xacro\n'}
[0.665750] (articubot_one) StdoutLine: {'line': b'-- Up-to-date: /code/articubot_one/install/articubot_one/share/articubot_one/description/inertial_macros.xacro\n'}
[0.683415] (articubot_one) StdoutLine: {'line': b'-- Up-to-date: /code/articubot_one/install/articubot_one/share/articubot_one/description/lidar.xacro\n'}
[0.696145] (-) TimerEvent: {}
[0.703237] (articubot_one) StdoutLine: {'line': b'-- Up-to-date: /code/articubot_one/install/articubot_one/share/articubot_one/description/robot.urdf.xacro\n'}
[0.720772] (articubot_one) StdoutLine: {'line': b'-- Up-to-date: /code/articubot_one/install/articubot_one/share/articubot_one/description/robot_core.xacro\n'}
[0.736282] (articubot_one) StdoutLine: {'line': b'-- Up-to-date: /code/articubot_one/install/articubot_one/share/articubot_one/description/ros2_control.xacro\n'}
[0.749423] (articubot_one) StdoutLine: {'line': b'-- Up-to-date: /code/articubot_one/install/articubot_one/share/articubot_one/launch\n'}
[0.772974] (articubot_one) StdoutLine: {'line': b'-- Up-to-date: /code/articubot_one/install/articubot_one/share/articubot_one/launch/ball_tracker.launch.py\n'}
[0.795750] (articubot_one) StdoutLine: {'line': b'-- Up-to-date: /code/articubot_one/install/articubot_one/share/articubot_one/launch/camera.launch.py\n'}
[0.797121] (-) TimerEvent: {}
[0.818998] (articubot_one) StdoutLine: {'line': b'-- Up-to-date: /code/articubot_one/install/articubot_one/share/articubot_one/launch/joystick.launch.py\n'}
[0.835853] (articubot_one) StdoutLine: {'line': b'-- Up-to-date: /code/articubot_one/install/articubot_one/share/articubot_one/launch/launch_robot.launch.py\n'}
[0.856231] (articubot_one) StdoutLine: {'line': b'-- Up-to-date: /code/articubot_one/install/articubot_one/share/articubot_one/launch/launch_sim.launch.py\n'}
[0.873313] (articubot_one) StdoutLine: {'line': b'-- Up-to-date: /code/articubot_one/install/articubot_one/share/articubot_one/launch/online_async_launch.py\n'}
[0.889948] (articubot_one) StdoutLine: {'line': b'-- Up-to-date: /code/articubot_one/install/articubot_one/share/articubot_one/launch/rplidar.launch.py\n'}
[0.897731] (-) TimerEvent: {}
[0.912113] (articubot_one) StdoutLine: {'line': b'-- Up-to-date: /code/articubot_one/install/articubot_one/share/articubot_one/launch/rsp.launch.py\n'}
[0.927552] (articubot_one) StdoutLine: {'line': b'-- Up-to-date: /code/articubot_one/install/articubot_one/share/articubot_one/worlds\n'}
[0.956852] (articubot_one) StdoutLine: {'line': b'-- Up-to-date: /code/articubot_one/install/articubot_one/share/articubot_one/worlds/empty.world\n'}
[0.985007] (articubot_one) StdoutLine: {'line': b'-- Up-to-date: /code/articubot_one/install/articubot_one/share/articubot_one/worlds/obstacles.world\n'}
[0.998893] (-) TimerEvent: {}
[1.025940] (articubot_one) StdoutLine: {'line': b'-- Up-to-date: /code/articubot_one/install/articubot_one/share/ament_index/resource_index/package_run_dependencies/articubot_one\n'}
[1.068138] (articubot_one) StdoutLine: {'line': b'-- Up-to-date: /code/articubot_one/install/articubot_one/share/ament_index/resource_index/parent_prefix_path/articubot_one\n'}
[1.079198] (articubot_one) StdoutLine: {'line': b'-- Up-to-date: /code/articubot_one/install/articubot_one/share/articubot_one/environment/ament_prefix_path.sh\n'}
[1.100631] (-) TimerEvent: {}
[1.102531] (articubot_one) StdoutLine: {'line': b'-- Up-to-date: /code/articubot_one/install/articubot_one/share/articubot_one/environment/ament_prefix_path.dsv\n'}
[1.119191] (articubot_one) StdoutLine: {'line': b'-- Up-to-date: /code/articubot_one/install/articubot_one/share/articubot_one/environment/path.sh\n'}
[1.145585] (articubot_one) StdoutLine: {'line': b'-- Up-to-date: /code/articubot_one/install/articubot_one/share/articubot_one/environment/path.dsv\n'}
[1.169923] (articubot_one) StdoutLine: {'line': b'-- Up-to-date: /code/articubot_one/install/articubot_one/share/articubot_one/local_setup.bash\n'}
[1.189059] (articubot_one) StdoutLine: {'line': b'-- Up-to-date: /code/articubot_one/install/articubot_one/share/articubot_one/local_setup.sh\n'}
[1.200954] (-) TimerEvent: {}
[1.234398] (articubot_one) StdoutLine: {'line': b'-- Up-to-date: /code/articubot_one/install/articubot_one/share/articubot_one/local_setup.zsh\n'}
[1.262741] (articubot_one) StdoutLine: {'line': b'-- Up-to-date: /code/articubot_one/install/articubot_one/share/articubot_one/local_setup.dsv\n'}
[1.285463] (articubot_one) StdoutLine: {'line': b'-- Installing: /code/articubot_one/install/articubot_one/share/articubot_one/package.dsv\n'}
[1.302286] (-) TimerEvent: {}
[1.371789] (articubot_one) StdoutLine: {'line': b'-- Up-to-date: /code/articubot_one/install/articubot_one/share/ament_index/resource_index/packages/articubot_one\n'}
[1.391447] (articubot_one) StdoutLine: {'line': b'-- Up-to-date: /code/articubot_one/install/articubot_one/share/articubot_one/cmake/articubot_oneConfig.cmake\n'}
[1.402974] (-) TimerEvent: {}
[1.407786] (articubot_one) StdoutLine: {'line': b'-- Up-to-date: /code/articubot_one/install/articubot_one/share/articubot_one/cmake/articubot_oneConfig-version.cmake\n'}
[1.426581] (articubot_one) StdoutLine: {'line': b'-- Up-to-date: /code/articubot_one/install/articubot_one/share/articubot_one/package.xml\n'}
[1.440584] (articubot_one) CommandEnded: {'returncode': 0}
[1.506183] (-) TimerEvent: {}
[1.609374] (-) TimerEvent: {}
[1.714882] (-) TimerEvent: {}
[1.821305] (-) TimerEvent: {}
[1.922806] (-) TimerEvent: {}
[1.970076] (articubot_one) JobEnded: {'identifier': 'articubot_one', 'rc': 0}
[2.001001] (-) EventReactorShutdown: {}
