[0.128s] Invoking command in '/code/articubot_one/build/articubot_one': CMAKE_PREFIX_PATH=${CMAKE_PREFIX_PATH}:/opt/ros/foxy /usr/bin/cmake --build /code/articubot_one/build/articubot_one -- -j12 -l12
[0.309s] Invoked command in '/code/articubot_one/build/articubot_one' returned '0': CMAKE_PREFIX_PATH=${CMAKE_PREFIX_PATH}:/opt/ros/foxy /usr/bin/cmake --build /code/articubot_one/build/articubot_one -- -j12 -l12
[0.356s] Invoking command in '/code/articubot_one/build/articubot_one': CMAKE_PREFIX_PATH=${CMAKE_PREFIX_PATH}:/opt/ros/foxy /usr/bin/cmake --install /code/articubot_one/build/articubot_one
[0.374s] -- Install configuration: ""
[0.385s] -- Up-to-date: /code/articubot_one/install/articubot_one/share/articubot_one/config
[0.426s] -- Up-to-date: /code/articubot_one/install/articubot_one/share/articubot_one/config/drive_bot.rviz
[0.456s] -- Up-to-date: /code/articubot_one/install/articubot_one/share/articubot_one/config/empty.yaml
[0.482s] -- Up-to-date: /code/articubot_one/install/articubot_one/share/articubot_one/config/gaz_ros2_ctl_use_sim.yaml
[0.510s] -- Up-to-date: /code/articubot_one/install/articubot_one/share/articubot_one/config/joystick.yaml
[0.526s] -- Up-to-date: /code/articubot_one/install/articubot_one/share/articubot_one/config/main.rviz
[0.547s] -- Up-to-date: /code/articubot_one/install/articubot_one/share/articubot_one/config/map.rviz
[0.566s] -- Up-to-date: /code/articubot_one/install/articubot_one/share/articubot_one/config/mapper_params_online_async.yaml
[0.586s] -- Up-to-date: /code/articubot_one/install/articubot_one/share/articubot_one/config/my_controllers.yaml
[0.606s] -- Up-to-date: /code/articubot_one/install/articubot_one/share/articubot_one/config/twist_mux.yaml
[0.623s] -- Up-to-date: /code/articubot_one/install/articubot_one/share/articubot_one/config/view_bot.rviz
[0.634s] -- Up-to-date: /code/articubot_one/install/articubot_one/share/articubot_one/description
[0.653s] -- Up-to-date: /code/articubot_one/install/articubot_one/share/articubot_one/description/camera.xacro
[0.668s] -- Up-to-date: /code/articubot_one/install/articubot_one/share/articubot_one/description/depth_camera.xacro
[0.683s] -- Up-to-date: /code/articubot_one/install/articubot_one/share/articubot_one/description/face.xacro
[0.697s] -- Up-to-date: /code/articubot_one/install/articubot_one/share/articubot_one/description/gazebo_control.xacro
[0.710s] -- Up-to-date: /code/articubot_one/install/articubot_one/share/articubot_one/description/inertial_macros.xacro
[0.726s] -- Up-to-date: /code/articubot_one/install/articubot_one/share/articubot_one/description/lidar.xacro
[0.743s] -- Up-to-date: /code/articubot_one/install/articubot_one/share/articubot_one/description/robot.urdf.xacro
[0.762s] -- Up-to-date: /code/articubot_one/install/articubot_one/share/articubot_one/description/robot_core.xacro
[0.781s] -- Up-to-date: /code/articubot_one/install/articubot_one/share/articubot_one/description/ros2_control.xacro
[0.804s] -- Up-to-date: /code/articubot_one/install/articubot_one/share/articubot_one/launch
[0.840s] -- Up-to-date: /code/articubot_one/install/articubot_one/share/articubot_one/launch/ball_tracker.launch.py
[0.864s] -- Up-to-date: /code/articubot_one/install/articubot_one/share/articubot_one/launch/camera.launch.py
[0.894s] -- Up-to-date: /code/articubot_one/install/articubot_one/share/articubot_one/launch/joystick.launch.py
[0.928s] -- Up-to-date: /code/articubot_one/install/articubot_one/share/articubot_one/launch/launch_robot.launch.py
[0.953s] -- Up-to-date: /code/articubot_one/install/articubot_one/share/articubot_one/launch/launch_sim.launch.py
[0.974s] -- Up-to-date: /code/articubot_one/install/articubot_one/share/articubot_one/launch/online_async_launch.py
[0.998s] -- Up-to-date: /code/articubot_one/install/articubot_one/share/articubot_one/launch/rplidar.launch.py
[1.023s] -- Up-to-date: /code/articubot_one/install/articubot_one/share/articubot_one/launch/rsp.launch.py
[1.036s] -- Up-to-date: /code/articubot_one/install/articubot_one/share/articubot_one/worlds
[1.064s] -- Up-to-date: /code/articubot_one/install/articubot_one/share/articubot_one/worlds/empty.world
[1.087s] -- Up-to-date: /code/articubot_one/install/articubot_one/share/articubot_one/worlds/obstacles.world
[1.128s] -- Up-to-date: /code/articubot_one/install/articubot_one/share/ament_index/resource_index/package_run_dependencies/articubot_one
[1.177s] -- Up-to-date: /code/articubot_one/install/articubot_one/share/ament_index/resource_index/parent_prefix_path/articubot_one
[1.200s] -- Up-to-date: /code/articubot_one/install/articubot_one/share/articubot_one/environment/ament_prefix_path.sh
[1.227s] -- Up-to-date: /code/articubot_one/install/articubot_one/share/articubot_one/environment/ament_prefix_path.dsv
[1.245s] -- Up-to-date: /code/articubot_one/install/articubot_one/share/articubot_one/environment/path.sh
[1.270s] -- Up-to-date: /code/articubot_one/install/articubot_one/share/articubot_one/environment/path.dsv
[1.293s] -- Up-to-date: /code/articubot_one/install/articubot_one/share/articubot_one/local_setup.bash
[1.313s] -- Up-to-date: /code/articubot_one/install/articubot_one/share/articubot_one/local_setup.sh
[1.334s] -- Up-to-date: /code/articubot_one/install/articubot_one/share/articubot_one/local_setup.zsh
[1.353s] -- Up-to-date: /code/articubot_one/install/articubot_one/share/articubot_one/local_setup.dsv
[1.371s] -- Installing: /code/articubot_one/install/articubot_one/share/articubot_one/package.dsv
[1.466s] -- Up-to-date: /code/articubot_one/install/articubot_one/share/ament_index/resource_index/packages/articubot_one
[1.493s] -- Up-to-date: /code/articubot_one/install/articubot_one/share/articubot_one/cmake/articubot_oneConfig.cmake
[1.522s] -- Up-to-date: /code/articubot_one/install/articubot_one/share/articubot_one/cmake/articubot_oneConfig-version.cmake
[1.548s] -- Up-to-date: /code/articubot_one/install/articubot_one/share/articubot_one/package.xml
[1.569s] Invoked command in '/code/articubot_one/build/articubot_one' returned '0': CMAKE_PREFIX_PATH=${CMAKE_PREFIX_PATH}:/opt/ros/foxy /usr/bin/cmake --install /code/articubot_one/build/articubot_one
