[0.018s] Invoking command in '/code/build/articubot_one': CMAKE_PREFIX_PATH=/opt/ros/humble /usr/bin/cmake --build /code/build/articubot_one -- -j12 -l12
[0.078s] Invoked command in '/code/build/articubot_one' returned '0': CMAKE_PREFIX_PATH=/opt/ros/humble /usr/bin/cmake --build /code/build/articubot_one -- -j12 -l12
[0.089s] Invoking command in '/code/build/articubot_one': CMAKE_PREFIX_PATH=/opt/ros/humble /usr/bin/cmake --install /code/build/articubot_one
[0.104s] -- Install configuration: ""
[0.112s] -- Up-to-date: /code/install/articubot_one/share/articubot_one/config
[0.112s] -- Up-to-date: /code/install/articubot_one/share/articubot_one/config/map.rviz
[0.112s] -- Up-to-date: /code/install/articubot_one/share/articubot_one/config/view_bot.rviz
[0.112s] -- Up-to-date: /code/install/articubot_one/share/articubot_one/config/main.rviz
[0.112s] -- Up-to-date: /code/install/articubot_one/share/articubot_one/config/joystick.yaml
[0.112s] -- Up-to-date: /code/install/articubot_one/share/articubot_one/config/ball_tracker_params_robot.yaml
[0.112s] -- Up-to-date: /code/install/articubot_one/share/articubot_one/config/twist_mux.yaml
[0.112s] -- Up-to-date: /code/install/articubot_one/share/articubot_one/config/empty.yaml
[0.112s] -- Up-to-date: /code/install/articubot_one/share/articubot_one/config/gaz_ros2_ctl_use_sim.yaml
[0.112s] -- Up-to-date: /code/install/articubot_one/share/articubot_one/config/drive_bot.rviz
[0.112s] -- Up-to-date: /code/install/articubot_one/share/articubot_one/config/gazebo_params.yaml
[0.112s] -- Up-to-date: /code/install/articubot_one/share/articubot_one/config/ball_tracker_params_sim.yaml
[0.112s] -- Up-to-date: /code/install/articubot_one/share/articubot_one/config/ekf.yaml
[0.112s] -- Up-to-date: /code/install/articubot_one/share/articubot_one/config/nav2_params.yaml
[0.112s] -- Up-to-date: /code/install/articubot_one/share/articubot_one/config/mapper_params_online_async.yaml
[0.112s] -- Up-to-date: /code/install/articubot_one/share/articubot_one/config/my_controllers.yaml
[0.112s] -- Up-to-date: /code/install/articubot_one/share/articubot_one/description
[0.113s] -- Up-to-date: /code/install/articubot_one/share/articubot_one/description/face.xacro
[0.113s] -- Up-to-date: /code/install/articubot_one/share/articubot_one/description/robot.urdf.xacro
[0.113s] -- Up-to-date: /code/install/articubot_one/share/articubot_one/description/lidar.xacro
[0.113s] -- Up-to-date: /code/install/articubot_one/share/articubot_one/description/ros2_control.xacro
[0.113s] -- Up-to-date: /code/install/articubot_one/share/articubot_one/description/gazebo_control.xacro
[0.113s] -- Up-to-date: /code/install/articubot_one/share/articubot_one/description/robot_core.xacro
[0.113s] -- Up-to-date: /code/install/articubot_one/share/articubot_one/description/inertial_macros.xacro
[0.113s] -- Up-to-date: /code/install/articubot_one/share/articubot_one/description/camera.xacro
[0.113s] -- Up-to-date: /code/install/articubot_one/share/articubot_one/description/depth_camera.xacro
[0.113s] -- Up-to-date: /code/install/articubot_one/share/articubot_one/launch
[0.113s] -- Up-to-date: /code/install/articubot_one/share/articubot_one/launch/navigation_launch.py
[0.113s] -- Up-to-date: /code/install/articubot_one/share/articubot_one/launch/joystick.launch.py
[0.113s] -- Up-to-date: /code/install/articubot_one/share/articubot_one/launch/camera.launch.py
[0.113s] -- Up-to-date: /code/install/articubot_one/share/articubot_one/launch/launch_robot.launch.py
[0.113s] -- Up-to-date: /code/install/articubot_one/share/articubot_one/launch/rplidar.launch.py
[0.113s] -- Up-to-date: /code/install/articubot_one/share/articubot_one/launch/rsp.launch.py
[0.113s] -- Up-to-date: /code/install/articubot_one/share/articubot_one/launch/online_async_launch.py
[0.113s] -- Up-to-date: /code/install/articubot_one/share/articubot_one/launch/localization_launch.py
[0.113s] -- Up-to-date: /code/install/articubot_one/share/articubot_one/launch/ball_tracker.launch.py
[0.113s] -- Up-to-date: /code/install/articubot_one/share/articubot_one/worlds
[0.113s] -- Up-to-date: /code/install/articubot_one/share/articubot_one/worlds/Dataset-of-Gazebo-Worlds-Models-and-Maps
[0.113s] -- Up-to-date: /code/install/articubot_one/share/articubot_one/worlds/Dataset-of-Gazebo-Worlds-Models-and-Maps/.git
[0.113s] -- Up-to-date: /code/install/articubot_one/share/articubot_one/worlds/Dataset-of-Gazebo-Worlds-Models-and-Maps/.git/description
[0.113s] -- Up-to-date: /code/install/articubot_one/share/articubot_one/worlds/Dataset-of-Gazebo-Worlds-Models-and-Maps/.git/config
[0.113s] -- Up-to-date: /code/install/articubot_one/share/articubot_one/worlds/Dataset-of-Gazebo-Worlds-Models-and-Maps/.git/packed-refs
[0.113s] -- Up-to-date: /code/install/articubot_one/share/articubot_one/worlds/Dataset-of-Gazebo-Worlds-Models-and-Maps/.git/hooks
[0.116s] -- Up-to-date: /code/install/articubot_one/share/articubot_one/worlds/Dataset-of-Gazebo-Worlds-Models-and-Maps/.git/hooks/push-to-checkout.sample
[0.117s] -- Up-to-date: /code/install/articubot_one/share/articubot_one/worlds/Dataset-of-Gazebo-Worlds-Models-and-Maps/.git/hooks/applypatch-msg.sample
[0.117s] -- Up-to-date: /code/install/articubot_one/share/articubot_one/worlds/Dataset-of-Gazebo-Worlds-Models-and-Maps/.git/hooks/pre-applypatch.sample
[0.117s] -- Up-to-date: /code/install/articubot_one/share/articubot_one/worlds/Dataset-of-Gazebo-Worlds-Models-and-Maps/.git/hooks/pre-commit.sample
[0.117s] -- Up-to-date: /code/install/articubot_one/share/articubot_one/worlds/Dataset-of-Gazebo-Worlds-Models-and-Maps/.git/hooks/post-update.sample
[0.118s] -- Up-to-date: /code/install/articubot_one/share/articubot_one/worlds/Dataset-of-Gazebo-Worlds-Models-and-Maps/.git/hooks/commit-msg.sample
[0.118s] -- Up-to-date: /code/install/articubot_one/share/articubot_one/worlds/Dataset-of-Gazebo-Worlds-Models-and-Maps/.git/hooks/update.sample
[0.118s] -- Up-to-date: /code/install/articubot_one/share/articubot_one/worlds/Dataset-of-Gazebo-Worlds-Models-and-Maps/.git/hooks/pre-receive.sample
[0.119s] -- Up-to-date: /code/install/articubot_one/share/articubot_one/worlds/Dataset-of-Gazebo-Worlds-Models-and-Maps/.git/hooks/pre-rebase.sample
[0.119s] -- Up-to-date: /code/install/articubot_one/share/articubot_one/worlds/Dataset-of-Gazebo-Worlds-Models-and-Maps/.git/hooks/pre-push.sample
[0.119s] -- Up-to-date: /code/install/articubot_one/share/articubot_one/worlds/Dataset-of-Gazebo-Worlds-Models-and-Maps/.git/hooks/fsmonitor-watchman.sample
[0.119s] -- Up-to-date: /code/install/articubot_one/share/articubot_one/worlds/Dataset-of-Gazebo-Worlds-Models-and-Maps/.git/hooks/pre-merge-commit.sample
[0.119s] -- Up-to-date: /code/install/articubot_one/share/articubot_one/worlds/Dataset-of-Gazebo-Worlds-Models-and-Maps/.git/hooks/prepare-commit-msg.sample
[0.120s] -- Up-to-date: /code/install/articubot_one/share/articubot_one/worlds/Dataset-of-Gazebo-Worlds-Models-and-Maps/.git/objects
[0.120s] -- Up-to-date: /code/install/articubot_one/share/articubot_one/worlds/Dataset-of-Gazebo-Worlds-Models-and-Maps/.git/objects/pack
[0.120s] -- Up-to-date: /code/install/articubot_one/share/articubot_one/worlds/Dataset-of-Gazebo-Worlds-Models-and-Maps/.git/objects/pack/pack-4e75e6a0c1107a8a09b870742237608d1cc29bcf.idx
[0.120s] -- Up-to-date: /code/install/articubot_one/share/articubot_one/worlds/Dataset-of-Gazebo-Worlds-Models-and-Maps/.git/objects/pack/pack-4e75e6a0c1107a8a09b870742237608d1cc29bcf.pack
[0.120s] -- Up-to-date: /code/install/articubot_one/share/articubot_one/worlds/Dataset-of-Gazebo-Worlds-Models-and-Maps/.git/objects/info
[0.120s] -- Up-to-date: /code/install/articubot_one/share/articubot_one/worlds/Dataset-of-Gazebo-Worlds-Models-and-Maps/.git/refs
[0.120s] -- Up-to-date: /code/install/articubot_one/share/articubot_one/worlds/Dataset-of-Gazebo-Worlds-Models-and-Maps/.git/refs/heads
[0.121s] -- Up-to-date: /code/install/articubot_one/share/articubot_one/worlds/Dataset-of-Gazebo-Worlds-Models-and-Maps/.git/refs/heads/master
[0.121s] -- Up-to-date: /code/install/articubot_one/share/articubot_one/worlds/Dataset-of-Gazebo-Worlds-Models-and-Maps/.git/refs/tags
[0.121s] -- Up-to-date: /code/install/articubot_one/share/articubot_one/worlds/Dataset-of-Gazebo-Worlds-Models-and-Maps/.git/refs/remotes
[0.121s] -- Up-to-date: /code/install/articubot_one/share/articubot_one/worlds/Dataset-of-Gazebo-Worlds-Models-and-Maps/.git/refs/remotes/origin
[0.121s] -- Up-to-date: /code/install/articubot_one/share/articubot_one/worlds/Dataset-of-Gazebo-Worlds-Models-and-Maps/.git/refs/remotes/origin/HEAD
[0.121s] -- Up-to-date: /code/install/articubot_one/share/articubot_one/worlds/Dataset-of-Gazebo-Worlds-Models-and-Maps/.git/HEAD
[0.121s] -- Up-to-date: /code/install/articubot_one/share/articubot_one/worlds/Dataset-of-Gazebo-Worlds-Models-and-Maps/.git/index
[0.121s] -- Up-to-date: /code/install/articubot_one/share/articubot_one/worlds/Dataset-of-Gazebo-Worlds-Models-and-Maps/.git/branches
[0.121s] -- Up-to-date: /code/install/articubot_one/share/articubot_one/worlds/Dataset-of-Gazebo-Worlds-Models-and-Maps/.git/logs
[0.121s] -- Up-to-date: /code/install/articubot_one/share/articubot_one/worlds/Dataset-of-Gazebo-Worlds-Models-and-Maps/.git/logs/refs
[0.121s] -- Up-to-date: /code/install/articubot_one/share/articubot_one/worlds/Dataset-of-Gazebo-Worlds-Models-and-Maps/.git/logs/refs/heads
[0.121s] -- Up-to-date: /code/install/articubot_one/share/articubot_one/worlds/Dataset-of-Gazebo-Worlds-Models-and-Maps/.git/logs/refs/heads/master
[0.121s] -- Up-to-date: /code/install/articubot_one/share/articubot_one/worlds/Dataset-of-Gazebo-Worlds-Models-and-Maps/.git/logs/refs/remotes
[0.121s] -- Up-to-date: /code/install/articubot_one/share/articubot_one/worlds/Dataset-of-Gazebo-Worlds-Models-and-Maps/.git/logs/refs/remotes/origin
[0.121s] -- Up-to-date: /code/install/articubot_one/share/articubot_one/worlds/Dataset-of-Gazebo-Worlds-Models-and-Maps/.git/logs/refs/remotes/origin/HEAD
[0.121s] -- Up-to-date: /code/install/articubot_one/share/articubot_one/worlds/Dataset-of-Gazebo-Worlds-Models-and-Maps/.git/logs/HEAD
[0.121s] -- Up-to-date: /code/install/articubot_one/share/articubot_one/worlds/Dataset-of-Gazebo-Worlds-Models-and-Maps/.git/info
[0.121s] -- Up-to-date: /code/install/articubot_one/share/articubot_one/worlds/Dataset-of-Gazebo-Worlds-Models-and-Maps/.git/info/exclude
[0.122s] -- Up-to-date: /code/install/articubot_one/share/articubot_one/worlds/Dataset-of-Gazebo-Worlds-Models-and-Maps/robots
[0.122s] -- Up-to-date: /code/install/articubot_one/share/articubot_one/worlds/Dataset-of-Gazebo-Worlds-Models-and-Maps/robots/turtlebot3_burger
[0.122s] -- Up-to-date: /code/install/articubot_one/share/articubot_one/worlds/Dataset-of-Gazebo-Worlds-Models-and-Maps/robots/turtlebot3_burger/meshes
[0.122s] -- Up-to-date: /code/install/articubot_one/share/articubot_one/worlds/Dataset-of-Gazebo-Worlds-Models-and-Maps/robots/turtlebot3_burger/meshes/burger_base.dae
[0.122s] -- Up-to-date: /code/install/articubot_one/share/articubot_one/worlds/Dataset-of-Gazebo-Worlds-Models-and-Maps/robots/turtlebot3_burger/meshes/lds.dae
[0.122s] -- Up-to-date: /code/install/articubot_one/share/articubot_one/worlds/Dataset-of-Gazebo-Worlds-Models-and-Maps/robots/turtlebot3_burger/meshes/right_tire.dae
[0.122s] -- Up-to-date: /code/install/articubot_one/share/articubot_one/worlds/Dataset-of-Gazebo-Worlds-Models-and-Maps/robots/turtlebot3_burger/meshes/left_tire.dae
[0.122s] -- Up-to-date: /code/install/articubot_one/share/articubot_one/worlds/Dataset-of-Gazebo-Worlds-Models-and-Maps/robots/turtlebot3_burger/model.sdf
[0.122s] -- Up-to-date: /code/install/articubot_one/share/articubot_one/worlds/Dataset-of-Gazebo-Worlds-Models-and-Maps/robots/turtlebot3_burger/model.config
[0.122s] -- Up-to-date: /code/install/articubot_one/share/articubot_one/worlds/Dataset-of-Gazebo-Worlds-Models-and-Maps/robots/turtlebot3_burger/model-1_4.sdf
[0.122s] -- Up-to-date: /code/install/articubot_one/share/articubot_one/worlds/Dataset-of-Gazebo-Worlds-Models-and-Maps/robots/turtlebot3_waffle_pi
[0.122s] -- Up-to-date: /code/install/articubot_one/share/articubot_one/worlds/Dataset-of-Gazebo-Worlds-Models-and-Maps/robots/turtlebot3_waffle_pi/meshes
[0.122s] -- Up-to-date: /code/install/articubot_one/share/articubot_one/worlds/Dataset-of-Gazebo-Worlds-Models-and-Maps/robots/turtlebot3_waffle_pi/meshes/lds.dae
[0.122s] -- Up-to-date: /code/install/articubot_one/share/articubot_one/worlds/Dataset-of-Gazebo-Worlds-Models-and-Maps/robots/turtlebot3_waffle_pi/meshes/waffle_pi_base.dae
[0.122s] -- Up-to-date: /code/install/articubot_one/share/articubot_one/worlds/Dataset-of-Gazebo-Worlds-Models-and-Maps/robots/turtlebot3_waffle_pi/meshes/right_tire.dae
[0.122s] -- Up-to-date: /code/install/articubot_one/share/articubot_one/worlds/Dataset-of-Gazebo-Worlds-Models-and-Maps/robots/turtlebot3_waffle_pi/meshes/left_tire.dae
[0.122s] -- Up-to-date: /code/install/articubot_one/share/articubot_one/worlds/Dataset-of-Gazebo-Worlds-Models-and-Maps/robots/turtlebot3_waffle_pi/model.sdf
[0.122s] -- Up-to-date: /code/install/articubot_one/share/articubot_one/worlds/Dataset-of-Gazebo-Worlds-Models-and-Maps/robots/turtlebot3_waffle_pi/model.config
[0.122s] -- Up-to-date: /code/install/articubot_one/share/articubot_one/worlds/Dataset-of-Gazebo-Worlds-Models-and-Maps/robots/turtlebot3_waffle_pi/model-1_4.sdf
[0.122s] -- Up-to-date: /code/install/articubot_one/share/articubot_one/worlds/Dataset-of-Gazebo-Worlds-Models-and-Maps/robots/tb3_waffle_realsense_no_visuals
[0.122s] -- Up-to-date: /code/install/articubot_one/share/articubot_one/worlds/Dataset-of-Gazebo-Worlds-Models-and-Maps/robots/tb3_waffle_realsense_no_visuals/model.sdf
[0.122s] -- Up-to-date: /code/install/articubot_one/share/articubot_one/worlds/Dataset-of-Gazebo-Worlds-Models-and-Maps/robots/tb3_waffle_realsense_no_visuals/model.config
[0.122s] -- Up-to-date: /code/install/articubot_one/share/articubot_one/worlds/Dataset-of-Gazebo-Worlds-Models-and-Maps/robots/turtlebot3_waffle
[0.122s] -- Up-to-date: /code/install/articubot_one/share/articubot_one/worlds/Dataset-of-Gazebo-Worlds-Models-and-Maps/robots/turtlebot3_waffle/meshes
[0.122s] -- Up-to-date: /code/install/articubot_one/share/articubot_one/worlds/Dataset-of-Gazebo-Worlds-Models-and-Maps/robots/turtlebot3_waffle/meshes/r200.dae
[0.123s] -- Up-to-date: /code/install/articubot_one/share/articubot_one/worlds/Dataset-of-Gazebo-Worlds-Models-and-Maps/robots/turtlebot3_waffle/meshes/lds.dae
[0.123s] -- Up-to-date: /code/install/articubot_one/share/articubot_one/worlds/Dataset-of-Gazebo-Worlds-Models-and-Maps/robots/turtlebot3_waffle/meshes/right_tire.dae
[0.123s] -- Up-to-date: /code/install/articubot_one/share/articubot_one/worlds/Dataset-of-Gazebo-Worlds-Models-and-Maps/robots/turtlebot3_waffle/meshes/left_tire.dae
[0.123s] -- Up-to-date: /code/install/articubot_one/share/articubot_one/worlds/Dataset-of-Gazebo-Worlds-Models-and-Maps/robots/turtlebot3_waffle/meshes/waffle_base.dae
[0.123s] -- Up-to-date: /code/install/articubot_one/share/articubot_one/worlds/Dataset-of-Gazebo-Worlds-Models-and-Maps/robots/turtlebot3_waffle/model.sdf
[0.123s] -- Up-to-date: /code/install/articubot_one/share/articubot_one/worlds/Dataset-of-Gazebo-Worlds-Models-and-Maps/robots/turtlebot3_waffle/model.config
[0.123s] -- Up-to-date: /code/install/articubot_one/share/articubot_one/worlds/Dataset-of-Gazebo-Worlds-Models-and-Maps/robots/turtlebot3_waffle/model-1_4.sdf
[0.123s] -- Up-to-date: /code/install/articubot_one/share/articubot_one/worlds/Dataset-of-Gazebo-Worlds-Models-and-Maps/worlds
[0.123s] -- Up-to-date: /code/install/articubot_one/share/articubot_one/worlds/Dataset-of-Gazebo-Worlds-Models-and-Maps/worlds/hospital
[0.123s] -- Up-to-date: /code/install/articubot_one/share/articubot_one/worlds/Dataset-of-Gazebo-Worlds-Models-and-Maps/worlds/hospital/models_part1.zip
[0.123s] -- Up-to-date: /code/install/articubot_one/share/articubot_one/worlds/Dataset-of-Gazebo-Worlds-Models-and-Maps/worlds/hospital/models_part4.zip
[0.123s] -- Up-to-date: /code/install/articubot_one/share/articubot_one/worlds/Dataset-of-Gazebo-Worlds-Models-and-Maps/worlds/hospital/hospital.world
[0.123s] -- Up-to-date: /code/install/articubot_one/share/articubot_one/worlds/Dataset-of-Gazebo-Worlds-Models-and-Maps/worlds/hospital/models_part3.zip
[0.124s] -- Up-to-date: /code/install/articubot_one/share/articubot_one/worlds/Dataset-of-Gazebo-Worlds-Models-and-Maps/worlds/hospital/hospital.png
[0.124s] -- Up-to-date: /code/install/articubot_one/share/articubot_one/worlds/Dataset-of-Gazebo-Worlds-Models-and-Maps/worlds/hospital/photos
[0.125s] -- Up-to-date: /code/install/articubot_one/share/articubot_one/worlds/Dataset-of-Gazebo-Worlds-Models-and-Maps/worlds/hospital/photos/PortraitE_02.jpg
[0.125s] -- Up-to-date: /code/install/articubot_one/share/articubot_one/worlds/Dataset-of-Gazebo-Worlds-Models-and-Maps/worlds/hospital/photos/PortraitE_01.jpg
[0.125s] -- Up-to-date: /code/install/articubot_one/share/articubot_one/worlds/Dataset-of-Gazebo-Worlds-Models-and-Maps/worlds/hospital/photos/PortraitD_01.jpg
[0.125s] -- Up-to-date: /code/install/articubot_one/share/articubot_one/worlds/Dataset-of-Gazebo-Worlds-Models-and-Maps/worlds/hospital/photos/PortraitC_01.jpg
[0.125s] -- Up-to-date: /code/install/articubot_one/share/articubot_one/worlds/Dataset-of-Gazebo-Worlds-Models-and-Maps/worlds/hospital/photos/PortraitA_01.jpg
[0.125s] -- Up-to-date: /code/install/articubot_one/share/articubot_one/worlds/Dataset-of-Gazebo-Worlds-Models-and-Maps/worlds/hospital/photos/PortraitD_02.jpg
[0.125s] -- Up-to-date: /code/install/articubot_one/share/articubot_one/worlds/Dataset-of-Gazebo-Worlds-Models-and-Maps/worlds/hospital/models_part2.zip
[0.125s] -- Up-to-date: /code/install/articubot_one/share/articubot_one/worlds/Dataset-of-Gazebo-Worlds-Models-and-Maps/worlds/hospital/hospital_two_floors.world
[0.125s] -- Up-to-date: /code/install/articubot_one/share/articubot_one/worlds/Dataset-of-Gazebo-Worlds-Models-and-Maps/worlds/hospital/two_floor.png
[0.125s] -- Up-to-date: /code/install/articubot_one/share/articubot_one/worlds/Dataset-of-Gazebo-Worlds-Models-and-Maps/worlds/bookstore
[0.126s] -- Up-to-date: /code/install/articubot_one/share/articubot_one/worlds/Dataset-of-Gazebo-Worlds-Models-and-Maps/worlds/bookstore/bookstore.jpg
[0.126s] -- Up-to-date: /code/install/articubot_one/share/articubot_one/worlds/Dataset-of-Gazebo-Worlds-Models-and-Maps/worlds/bookstore/bookstore.zip
[0.126s] -- Up-to-date: /code/install/articubot_one/share/articubot_one/worlds/Dataset-of-Gazebo-Worlds-Models-and-Maps/worlds/star_room_with_walls
[0.126s] -- Up-to-date: /code/install/articubot_one/share/articubot_one/worlds/Dataset-of-Gazebo-Worlds-Models-and-Maps/worlds/star_room_with_walls/map.yaml
[0.126s] -- Up-to-date: /code/install/articubot_one/share/articubot_one/worlds/Dataset-of-Gazebo-Worlds-Models-and-Maps/worlds/star_room_with_walls/room_with_walls_star
[0.126s] -- Up-to-date: /code/install/articubot_one/share/articubot_one/worlds/Dataset-of-Gazebo-Worlds-Models-and-Maps/worlds/star_room_with_walls/room_with_walls_star/model.sdf
[0.126s] -- Up-to-date: /code/install/articubot_one/share/articubot_one/worlds/Dataset-of-Gazebo-Worlds-Models-and-Maps/worlds/star_room_with_walls/room_with_walls_star/model.config
[0.126s] -- Up-to-date: /code/install/articubot_one/share/articubot_one/worlds/Dataset-of-Gazebo-Worlds-Models-and-Maps/worlds/star_room_with_walls/map_0.1m-px.png
[0.126s] -- Up-to-date: /code/install/articubot_one/share/articubot_one/worlds/Dataset-of-Gazebo-Worlds-Models-and-Maps/worlds/star_room_with_walls/map_0.05m-px.png
[0.126s] -- Up-to-date: /code/install/articubot_one/share/articubot_one/worlds/Dataset-of-Gazebo-Worlds-Models-and-Maps/worlds/room_with_walls_1
[0.126s] -- Up-to-date: /code/install/articubot_one/share/articubot_one/worlds/Dataset-of-Gazebo-Worlds-Models-and-Maps/worlds/room_with_walls_1/simple_rooms.png
[0.126s] -- Up-to-date: /code/install/articubot_one/share/articubot_one/worlds/Dataset-of-Gazebo-Worlds-Models-and-Maps/worlds/room_with_walls_1/map.yaml
[0.126s] -- Up-to-date: /code/install/articubot_one/share/articubot_one/worlds/Dataset-of-Gazebo-Worlds-Models-and-Maps/worlds/room_with_walls_1/room_with_walls_10x10
[0.126s] -- Up-to-date: /code/install/articubot_one/share/articubot_one/worlds/Dataset-of-Gazebo-Worlds-Models-and-Maps/worlds/room_with_walls_1/room_with_walls_10x10/model.sdf
[0.126s] -- Up-to-date: /code/install/articubot_one/share/articubot_one/worlds/Dataset-of-Gazebo-Worlds-Models-and-Maps/worlds/room_with_walls_1/room_with_walls_10x10/model.config
[0.126s] -- Up-to-date: /code/install/articubot_one/share/articubot_one/worlds/Dataset-of-Gazebo-Worlds-Models-and-Maps/worlds/room_with_walls_1/map_0.1m-px.png
[0.126s] -- Up-to-date: /code/install/articubot_one/share/articubot_one/worlds/Dataset-of-Gazebo-Worlds-Models-and-Maps/worlds/room_with_walls_1/map_0.05m-px.png
[0.126s] -- Up-to-date: /code/install/articubot_one/share/articubot_one/worlds/Dataset-of-Gazebo-Worlds-Models-and-Maps/worlds/factory
[0.126s] -- Up-to-date: /code/install/articubot_one/share/articubot_one/worlds/Dataset-of-Gazebo-Worlds-Models-and-Maps/worlds/factory/factory.model
[0.126s] -- Up-to-date: /code/install/articubot_one/share/articubot_one/worlds/Dataset-of-Gazebo-Worlds-Models-and-Maps/worlds/factory/models
[0.126s] -- Up-to-date: /code/install/articubot_one/share/articubot_one/worlds/Dataset-of-Gazebo-Worlds-Models-and-Maps/worlds/factory/models/conveyor_belt_tall_ariac
[0.127s] -- Up-to-date: /code/install/articubot_one/share/articubot_one/worlds/Dataset-of-Gazebo-Worlds-Models-and-Maps/worlds/factory/models/conveyor_belt_tall_ariac/model.sdf
[0.127s] -- Up-to-date: /code/install/articubot_one/share/articubot_one/worlds/Dataset-of-Gazebo-Worlds-Models-and-Maps/worlds/factory/models/conveyor_belt_tall_ariac/model.config
[0.127s] -- Up-to-date: /code/install/articubot_one/share/articubot_one/worlds/Dataset-of-Gazebo-Worlds-Models-and-Maps/worlds/factory/models/disk_part_ariac
[0.127s] -- Up-to-date: /code/install/articubot_one/share/articubot_one/worlds/Dataset-of-Gazebo-Worlds-Models-and-Maps/worlds/factory/models/disk_part_ariac/meshes
[0.127s] -- Up-to-date: /code/install/articubot_one/share/articubot_one/worlds/Dataset-of-Gazebo-Worlds-Models-and-Maps/worlds/factory/models/disk_part_ariac/meshes/disk.dae
[0.127s] -- Up-to-date: /code/install/articubot_one/share/articubot_one/worlds/Dataset-of-Gazebo-Worlds-Models-and-Maps/worlds/factory/models/disk_part_ariac/model.sdf
[0.127s] -- Up-to-date: /code/install/articubot_one/share/articubot_one/worlds/Dataset-of-Gazebo-Worlds-Models-and-Maps/worlds/factory/models/disk_part_ariac/model.config
[0.127s] -- Up-to-date: /code/install/articubot_one/share/articubot_one/worlds/Dataset-of-Gazebo-Worlds-Models-and-Maps/worlds/factory/models/open_box_ariac
[0.127s] -- Up-to-date: /code/install/articubot_one/share/articubot_one/worlds/Dataset-of-Gazebo-Worlds-Models-and-Maps/worlds/factory/models/open_box_ariac/meshes
[0.127s] -- Up-to-date: /code/install/articubot_one/share/articubot_one/worlds/Dataset-of-Gazebo-Worlds-Models-and-Maps/worlds/factory/models/open_box_ariac/meshes/open_box.mtl
[0.128s] -- Up-to-date: /code/install/articubot_one/share/articubot_one/worlds/Dataset-of-Gazebo-Worlds-Models-and-Maps/worlds/factory/models/open_box_ariac/meshes/open_box.obj
[0.128s] -- Up-to-date: /code/install/articubot_one/share/articubot_one/worlds/Dataset-of-Gazebo-Worlds-Models-and-Maps/worlds/factory/models/open_box_ariac/model.sdf
[0.128s] -- Up-to-date: /code/install/articubot_one/share/articubot_one/worlds/Dataset-of-Gazebo-Worlds-Models-and-Maps/worlds/factory/models/open_box_ariac/materials
[0.128s] -- Up-to-date: /code/install/articubot_one/share/articubot_one/worlds/Dataset-of-Gazebo-Worlds-Models-and-Maps/worlds/factory/models/open_box_ariac/materials/textures
[0.128s] -- Up-to-date: /code/install/articubot_one/share/articubot_one/worlds/Dataset-of-Gazebo-Worlds-Models-and-Maps/worlds/factory/models/open_box_ariac/materials/textures/open_box.png
[0.128s] -- Up-to-date: /code/install/articubot_one/share/articubot_one/worlds/Dataset-of-Gazebo-Worlds-Models-and-Maps/worlds/factory/models/open_box_ariac/model.config
[0.128s] -- Up-to-date: /code/install/articubot_one/share/articubot_one/worlds/Dataset-of-Gazebo-Worlds-Models-and-Maps/worlds/factory/models/euro_pallet
[0.128s] -- Up-to-date: /code/install/articubot_one/share/articubot_one/worlds/Dataset-of-Gazebo-Worlds-Models-and-Maps/worlds/factory/models/euro_pallet/meshes
[0.128s] -- Up-to-date: /code/install/articubot_one/share/articubot_one/worlds/Dataset-of-Gazebo-Worlds-Models-and-Maps/worlds/factory/models/euro_pallet/meshes/pallet.dae
[0.128s] -- Up-to-date: /code/install/articubot_one/share/articubot_one/worlds/Dataset-of-Gazebo-Worlds-Models-and-Maps/worlds/factory/models/euro_pallet/model.sdf
[0.128s] -- Up-to-date: /code/install/articubot_one/share/articubot_one/worlds/Dataset-of-Gazebo-Worlds-Models-and-Maps/worlds/factory/models/euro_pallet/model.config
[0.128s] -- Up-to-date: /code/install/articubot_one/share/articubot_one/worlds/Dataset-of-Gazebo-Worlds-Models-and-Maps/worlds/factory/models/gear_part_ariac
[0.129s] -- Up-to-date: /code/install/articubot_one/share/articubot_one/worlds/Dataset-of-Gazebo-Worlds-Models-and-Maps/worlds/factory/models/gear_part_ariac/meshes
[0.129s] -- Up-to-date: /code/install/articubot_one/share/articubot_one/worlds/Dataset-of-Gazebo-Worlds-Models-and-Maps/worlds/factory/models/gear_part_ariac/meshes/gear.dae
[0.129s] -- Up-to-date: /code/install/articubot_one/share/articubot_one/worlds/Dataset-of-Gazebo-Worlds-Models-and-Maps/worlds/factory/models/gear_part_ariac/model.sdf
[0.129s] -- Up-to-date: /code/install/articubot_one/share/articubot_one/worlds/Dataset-of-Gazebo-Worlds-Models-and-Maps/worlds/factory/models/gear_part_ariac/model.config
[0.129s] -- Up-to-date: /code/install/articubot_one/share/articubot_one/worlds/Dataset-of-Gazebo-Worlds-Models-and-Maps/worlds/factory/models/construction_barrel
[0.130s] -- Up-to-date: /code/install/articubot_one/share/articubot_one/worlds/Dataset-of-Gazebo-Worlds-Models-and-Maps/worlds/factory/models/construction_barrel/model-1_3.sdf
[0.130s] -- Up-to-date: /code/install/articubot_one/share/articubot_one/worlds/Dataset-of-Gazebo-Worlds-Models-and-Maps/worlds/factory/models/construction_barrel/meshes
[0.130s] -- Up-to-date: /code/install/articubot_one/share/articubot_one/worlds/Dataset-of-Gazebo-Worlds-Models-and-Maps/worlds/factory/models/construction_barrel/meshes/construction_barrel.dae
[0.130s] -- Up-to-date: /code/install/articubot_one/share/articubot_one/worlds/Dataset-of-Gazebo-Worlds-Models-and-Maps/worlds/factory/models/construction_barrel/model.sdf
[0.130s] -- Up-to-date: /code/install/articubot_one/share/articubot_one/worlds/Dataset-of-Gazebo-Worlds-Models-and-Maps/worlds/factory/models/construction_barrel/materials
[0.130s] -- Up-to-date: /code/install/articubot_one/share/articubot_one/worlds/Dataset-of-Gazebo-Worlds-Models-and-Maps/worlds/factory/models/construction_barrel/materials/textures
[0.130s] -- Up-to-date: /code/install/articubot_one/share/articubot_one/worlds/Dataset-of-Gazebo-Worlds-Models-and-Maps/worlds/factory/models/construction_barrel/materials/textures/Construction_Barrel_Spec.png
[0.130s] -- Up-to-date: /code/install/articubot_one/share/articubot_one/worlds/Dataset-of-Gazebo-Worlds-Models-and-Maps/worlds/factory/models/construction_barrel/materials/textures/Construction_Barrel_Diffuse.png
[0.130s] -- Up-to-date: /code/install/articubot_one/share/articubot_one/worlds/Dataset-of-Gazebo-Worlds-Models-and-Maps/worlds/factory/models/construction_barrel/model.config
[0.130s] -- Up-to-date: /code/install/articubot_one/share/articubot_one/worlds/Dataset-of-Gazebo-Worlds-Models-and-Maps/worlds/factory/models/construction_barrel/model-1_4.sdf
[0.130s] -- Up-to-date: /code/install/articubot_one/share/articubot_one/worlds/Dataset-of-Gazebo-Worlds-Models-and-Maps/worlds/factory/models/construction_cone
[0.130s] -- Up-to-date: /code/install/articubot_one/share/articubot_one/worlds/Dataset-of-Gazebo-Worlds-Models-and-Maps/worlds/factory/models/construction_cone/model-1_3.sdf
[0.130s] -- Up-to-date: /code/install/articubot_one/share/articubot_one/worlds/Dataset-of-Gazebo-Worlds-Models-and-Maps/worlds/factory/models/construction_cone/meshes
[0.130s] -- Up-to-date: /code/install/articubot_one/share/articubot_one/worlds/Dataset-of-Gazebo-Worlds-Models-and-Maps/worlds/factory/models/construction_cone/meshes/construction_cone.dae
[0.130s] -- Up-to-date: /code/install/articubot_one/share/articubot_one/worlds/Dataset-of-Gazebo-Worlds-Models-and-Maps/worlds/factory/models/construction_cone/model.sdf
[0.130s] -- Up-to-date: /code/install/articubot_one/share/articubot_one/worlds/Dataset-of-Gazebo-Worlds-Models-and-Maps/worlds/factory/models/construction_cone/materials
[0.130s] -- Up-to-date: /code/install/articubot_one/share/articubot_one/worlds/Dataset-of-Gazebo-Worlds-Models-and-Maps/worlds/factory/models/construction_cone/materials/textures
[0.130s] -- Up-to-date: /code/install/articubot_one/share/articubot_one/worlds/Dataset-of-Gazebo-Worlds-Models-and-Maps/worlds/factory/models/construction_cone/materials/textures/Construction_Cone_Diffuse.png
[0.130s] -- Up-to-date: /code/install/articubot_one/share/articubot_one/worlds/Dataset-of-Gazebo-Worlds-Models-and-Maps/worlds/factory/models/construction_cone/model.config
[0.130s] -- Up-to-date: /code/install/articubot_one/share/articubot_one/worlds/Dataset-of-Gazebo-Worlds-Models-and-Maps/worlds/factory/models/construction_cone/model-1_4.sdf
[0.130s] -- Up-to-date: /code/install/articubot_one/share/articubot_one/worlds/Dataset-of-Gazebo-Worlds-Models-and-Maps/worlds/factory/models/arm_part_ariac
[0.131s] -- Up-to-date: /code/install/articubot_one/share/articubot_one/worlds/Dataset-of-Gazebo-Worlds-Models-and-Maps/worlds/factory/models/arm_part_ariac/meshes
[0.131s] -- Up-to-date: /code/install/articubot_one/share/articubot_one/worlds/Dataset-of-Gazebo-Worlds-Models-and-Maps/worlds/factory/models/arm_part_ariac/meshes/arm.dae
[0.131s] -- Up-to-date: /code/install/articubot_one/share/articubot_one/worlds/Dataset-of-Gazebo-Worlds-Models-and-Maps/worlds/factory/models/arm_part_ariac/model.sdf
[0.131s] -- Up-to-date: /code/install/articubot_one/share/articubot_one/worlds/Dataset-of-Gazebo-Worlds-Models-and-Maps/worlds/factory/models/arm_part_ariac/materials
[0.133s] -- Up-to-date: /code/install/articubot_one/share/articubot_one/worlds/Dataset-of-Gazebo-Worlds-Models-and-Maps/worlds/factory/models/arm_part_ariac/materials/textures
[0.133s] -- Up-to-date: /code/install/articubot_one/share/articubot_one/worlds/Dataset-of-Gazebo-Worlds-Models-and-Maps/worlds/factory/models/arm_part_ariac/materials/textures/parts.png
[0.133s] -- Up-to-date: /code/install/articubot_one/share/articubot_one/worlds/Dataset-of-Gazebo-Worlds-Models-and-Maps/worlds/factory/models/arm_part_ariac/materials/scripts
[0.133s] -- Up-to-date: /code/install/articubot_one/share/articubot_one/worlds/Dataset-of-Gazebo-Worlds-Models-and-Maps/worlds/factory/models/arm_part_ariac/materials/scripts/arm_part.material
[0.133s] -- Up-to-date: /code/install/articubot_one/share/articubot_one/worlds/Dataset-of-Gazebo-Worlds-Models-and-Maps/worlds/factory/models/arm_part_ariac/model.config
[0.134s] -- Up-to-date: /code/install/articubot_one/share/articubot_one/worlds/Dataset-of-Gazebo-Worlds-Models-and-Maps/worlds/factory/models/workcell
[0.134s] -- Up-to-date: /code/install/articubot_one/share/articubot_one/worlds/Dataset-of-Gazebo-Worlds-Models-and-Maps/worlds/factory/models/workcell/meshes
[0.134s] -- Up-to-date: /code/install/articubot_one/share/articubot_one/worlds/Dataset-of-Gazebo-Worlds-Models-and-Maps/worlds/factory/models/workcell/meshes/mesh.dae
[0.134s] -- Up-to-date: /code/install/articubot_one/share/articubot_one/worlds/Dataset-of-Gazebo-Worlds-Models-and-Maps/worlds/factory/models/workcell/model.sdf
[0.134s] -- Up-to-date: /code/install/articubot_one/share/articubot_one/worlds/Dataset-of-Gazebo-Worlds-Models-and-Maps/worlds/factory/models/workcell/materials
[0.135s] -- Up-to-date: /code/install/articubot_one/share/articubot_one/worlds/Dataset-of-Gazebo-Worlds-Models-and-Maps/worlds/factory/models/workcell/materials/textures
[0.135s] -- Up-to-date: /code/install/articubot_one/share/articubot_one/worlds/Dataset-of-Gazebo-Worlds-Models-and-Maps/worlds/factory/models/workcell/materials/textures/Wall_Corrugated.png
[0.135s] -- Up-to-date: /code/install/articubot_one/share/articubot_one/worlds/Dataset-of-Gazebo-Worlds-Models-and-Maps/worlds/factory/models/workcell/materials/textures/PalletWrap.png
[0.135s] -- Up-to-date: /code/install/articubot_one/share/articubot_one/worlds/Dataset-of-Gazebo-Worlds-Models-and-Maps/worlds/factory/models/workcell/materials/textures/WorkCell_Render.png
[0.135s] -- Up-to-date: /code/install/articubot_one/share/articubot_one/worlds/Dataset-of-Gazebo-Worlds-Models-and-Maps/worlds/factory/models/workcell/materials/textures/Stairs.png
[0.135s] -- Up-to-date: /code/install/articubot_one/share/articubot_one/worlds/Dataset-of-Gazebo-Worlds-Models-and-Maps/worlds/factory/models/workcell/materials/textures/Bin.png
[0.136s] -- Up-to-date: /code/install/articubot_one/share/articubot_one/worlds/Dataset-of-Gazebo-Worlds-Models-and-Maps/worlds/factory/models/workcell/materials/textures/ControlPanel.png
[0.137s] -- Up-to-date: /code/install/articubot_one/share/articubot_one/worlds/Dataset-of-Gazebo-Worlds-Models-and-Maps/worlds/factory/models/workcell/materials/textures/RubberMat.png
[0.137s] -- Up-to-date: /code/install/articubot_one/share/articubot_one/worlds/Dataset-of-Gazebo-Worlds-Models-and-Maps/worlds/factory/models/workcell/materials/textures/Conveyor.png
[0.137s] -- Up-to-date: /code/install/articubot_one/share/articubot_one/worlds/Dataset-of-Gazebo-Worlds-Models-and-Maps/worlds/factory/models/workcell/materials/textures/RollupDoor.png
[0.137s] -- Up-to-date: /code/install/articubot_one/share/articubot_one/worlds/Dataset-of-Gazebo-Worlds-Models-and-Maps/worlds/factory/models/workcell/materials/textures/Plywood.png
[0.138s] -- Up-to-date: /code/install/articubot_one/share/articubot_one/worlds/Dataset-of-Gazebo-Worlds-Models-and-Maps/worlds/factory/models/workcell/materials/textures/Pallet.png
[0.138s] -- Up-to-date: /code/install/articubot_one/share/articubot_one/worlds/Dataset-of-Gazebo-Worlds-Models-and-Maps/worlds/factory/models/workcell/materials/textures/Yellow.png
[0.138s] -- Up-to-date: /code/install/articubot_one/share/articubot_one/worlds/Dataset-of-Gazebo-Worlds-Models-and-Maps/worlds/factory/models/workcell/materials/textures/Shelves.png
[0.138s] -- Up-to-date: /code/install/articubot_one/share/articubot_one/worlds/Dataset-of-Gazebo-Worlds-Models-and-Maps/worlds/factory/models/workcell/materials/textures/Door_Window.png
[0.138s] -- Up-to-date: /code/install/articubot_one/share/articubot_one/worlds/Dataset-of-Gazebo-Worlds-Models-and-Maps/worlds/factory/models/workcell/materials/textures/Wall_Concrete.png
[0.138s] -- Up-to-date: /code/install/articubot_one/share/articubot_one/worlds/Dataset-of-Gazebo-Worlds-Models-and-Maps/worlds/factory/models/workcell/materials/textures/CardboardBoxes.png
[0.138s] -- Up-to-date: /code/install/articubot_one/share/articubot_one/worlds/Dataset-of-Gazebo-Worlds-Models-and-Maps/worlds/factory/models/workcell/materials/textures/Pillar.png
[0.138s] -- Up-to-date: /code/install/articubot_one/share/articubot_one/worlds/Dataset-of-Gazebo-Worlds-Models-and-Maps/worlds/factory/models/workcell/materials/textures/Floor.png
[0.138s] -- Up-to-date: /code/install/articubot_one/share/articubot_one/worlds/Dataset-of-Gazebo-Worlds-Models-and-Maps/worlds/factory/models/workcell/materials/textures/Mesh.png
[0.138s] -- Up-to-date: /code/install/articubot_one/share/articubot_one/worlds/Dataset-of-Gazebo-Worlds-Models-and-Maps/worlds/factory/models/workcell/model.config
[0.139s] -- Up-to-date: /code/install/articubot_one/share/articubot_one/worlds/Dataset-of-Gazebo-Worlds-Models-and-Maps/worlds/factory/models/wooden_case
[0.139s] -- Up-to-date: /code/install/articubot_one/share/articubot_one/worlds/Dataset-of-Gazebo-Worlds-Models-and-Maps/worlds/factory/models/wooden_case/model.sdf
[0.140s] -- Up-to-date: /code/install/articubot_one/share/articubot_one/worlds/Dataset-of-Gazebo-Worlds-Models-and-Maps/worlds/factory/models/wooden_case/model.config
[0.140s] -- Up-to-date: /code/install/articubot_one/share/articubot_one/worlds/Dataset-of-Gazebo-Worlds-Models-and-Maps/worlds/factory/models/wooden_case/model.rsdf
[0.140s] -- Up-to-date: /code/install/articubot_one/share/articubot_one/worlds/Dataset-of-Gazebo-Worlds-Models-and-Maps/worlds/factory/models/gasket_part_ariac
[0.140s] -- Up-to-date: /code/install/articubot_one/share/articubot_one/worlds/Dataset-of-Gazebo-Worlds-Models-and-Maps/worlds/factory/models/gasket_part_ariac/meshes
[0.140s] -- Up-to-date: /code/install/articubot_one/share/articubot_one/worlds/Dataset-of-Gazebo-Worlds-Models-and-Maps/worlds/factory/models/gasket_part_ariac/meshes/gasket.dae
[0.140s] -- Up-to-date: /code/install/articubot_one/share/articubot_one/worlds/Dataset-of-Gazebo-Worlds-Models-and-Maps/worlds/factory/models/gasket_part_ariac/model.sdf
[0.140s] -- Up-to-date: /code/install/articubot_one/share/articubot_one/worlds/Dataset-of-Gazebo-Worlds-Models-and-Maps/worlds/factory/models/gasket_part_ariac/model.config
[0.140s] -- Up-to-date: /code/install/articubot_one/share/articubot_one/worlds/Dataset-of-Gazebo-Worlds-Models-and-Maps/worlds/factory/models/ground_plane
[0.140s] -- Up-to-date: /code/install/articubot_one/share/articubot_one/worlds/Dataset-of-Gazebo-Worlds-Models-and-Maps/worlds/factory/models/ground_plane/model-1_3.sdf
[0.140s] -- Up-to-date: /code/install/articubot_one/share/articubot_one/worlds/Dataset-of-Gazebo-Worlds-Models-and-Maps/worlds/factory/models/ground_plane/model.sdf
[0.140s] -- Up-to-date: /code/install/articubot_one/share/articubot_one/worlds/Dataset-of-Gazebo-Worlds-Models-and-Maps/worlds/factory/models/ground_plane/model-1_2.sdf
[0.140s] -- Up-to-date: /code/install/articubot_one/share/articubot_one/worlds/Dataset-of-Gazebo-Worlds-Models-and-Maps/worlds/factory/models/ground_plane/model.config
[0.140s] -- Up-to-date: /code/install/articubot_one/share/articubot_one/worlds/Dataset-of-Gazebo-Worlds-Models-and-Maps/worlds/factory/models/ground_plane/model-1_4.sdf
[0.140s] -- Up-to-date: /code/install/articubot_one/share/articubot_one/worlds/Dataset-of-Gazebo-Worlds-Models-and-Maps/worlds/factory/models/part1_ariac
[0.140s] -- Up-to-date: /code/install/articubot_one/share/articubot_one/worlds/Dataset-of-Gazebo-Worlds-Models-and-Maps/worlds/factory/models/part1_ariac/model.sdf
[0.140s] -- Up-to-date: /code/install/articubot_one/share/articubot_one/worlds/Dataset-of-Gazebo-Worlds-Models-and-Maps/worlds/factory/models/part1_ariac/model.config
[0.141s] -- Up-to-date: /code/install/articubot_one/share/articubot_one/worlds/Dataset-of-Gazebo-Worlds-Models-and-Maps/worlds/factory/models/warehouse_robot_ariac
[0.141s] -- Up-to-date: /code/install/articubot_one/share/articubot_one/worlds/Dataset-of-Gazebo-Worlds-Models-and-Maps/worlds/factory/models/warehouse_robot_ariac/meshes
[0.141s] -- Up-to-date: /code/install/articubot_one/share/articubot_one/worlds/Dataset-of-Gazebo-Worlds-Models-and-Maps/worlds/factory/models/warehouse_robot_ariac/meshes/robot.dae
[0.141s] -- Up-to-date: /code/install/articubot_one/share/articubot_one/worlds/Dataset-of-Gazebo-Worlds-Models-and-Maps/worlds/factory/models/warehouse_robot_ariac/model.sdf
[0.141s] -- Up-to-date: /code/install/articubot_one/share/articubot_one/worlds/Dataset-of-Gazebo-Worlds-Models-and-Maps/worlds/factory/models/warehouse_robot_ariac/materials
[0.141s] -- Up-to-date: /code/install/articubot_one/share/articubot_one/worlds/Dataset-of-Gazebo-Worlds-Models-and-Maps/worlds/factory/models/warehouse_robot_ariac/materials/textures
[0.141s] -- Up-to-date: /code/install/articubot_one/share/articubot_one/worlds/Dataset-of-Gazebo-Worlds-Models-and-Maps/worlds/factory/models/warehouse_robot_ariac/materials/textures/robot.png
[0.141s] -- Up-to-date: /code/install/articubot_one/share/articubot_one/worlds/Dataset-of-Gazebo-Worlds-Models-and-Maps/worlds/factory/models/warehouse_robot_ariac/model.config
[0.141s] -- Up-to-date: /code/install/articubot_one/share/articubot_one/worlds/Dataset-of-Gazebo-Worlds-Models-and-Maps/worlds/factory/models/first_2015_trash_can
[0.141s] -- Up-to-date: /code/install/articubot_one/share/articubot_one/worlds/Dataset-of-Gazebo-Worlds-Models-and-Maps/worlds/factory/models/first_2015_trash_can/meshes
[0.141s] -- Up-to-date: /code/install/articubot_one/share/articubot_one/worlds/Dataset-of-Gazebo-Worlds-Models-and-Maps/worlds/factory/models/first_2015_trash_can/meshes/trash_can.dae
[0.141s] -- Up-to-date: /code/install/articubot_one/share/articubot_one/worlds/Dataset-of-Gazebo-Worlds-Models-and-Maps/worlds/factory/models/first_2015_trash_can/model.sdf
[0.141s] -- Up-to-date: /code/install/articubot_one/share/articubot_one/worlds/Dataset-of-Gazebo-Worlds-Models-and-Maps/worlds/factory/models/first_2015_trash_can/model.config
[0.141s] -- Up-to-date: /code/install/articubot_one/share/articubot_one/worlds/Dataset-of-Gazebo-Worlds-Models-and-Maps/worlds/factory/models/drone_with_box_ariac
[0.141s] -- Up-to-date: /code/install/articubot_one/share/articubot_one/worlds/Dataset-of-Gazebo-Worlds-Models-and-Maps/worlds/factory/models/drone_with_box_ariac/model.sdf
[0.141s] -- Up-to-date: /code/install/articubot_one/share/articubot_one/worlds/Dataset-of-Gazebo-Worlds-Models-and-Maps/worlds/factory/models/drone_with_box_ariac/model.config
[0.141s] -- Up-to-date: /code/install/articubot_one/share/articubot_one/worlds/Dataset-of-Gazebo-Worlds-Models-and-Maps/worlds/factory/models/workcell_bin
[0.141s] -- Up-to-date: /code/install/articubot_one/share/articubot_one/worlds/Dataset-of-Gazebo-Worlds-Models-and-Maps/worlds/factory/models/workcell_bin/meshes
[0.141s] -- Up-to-date: /code/install/articubot_one/share/articubot_one/worlds/Dataset-of-Gazebo-Worlds-Models-and-Maps/worlds/factory/models/workcell_bin/meshes/bin.dae
[0.141s] -- Up-to-date: /code/install/articubot_one/share/articubot_one/worlds/Dataset-of-Gazebo-Worlds-Models-and-Maps/worlds/factory/models/workcell_bin/model.sdf
[0.141s] -- Up-to-date: /code/install/articubot_one/share/articubot_one/worlds/Dataset-of-Gazebo-Worlds-Models-and-Maps/worlds/factory/models/workcell_bin/materials
[0.141s] -- Up-to-date: /code/install/articubot_one/share/articubot_one/worlds/Dataset-of-Gazebo-Worlds-Models-and-Maps/worlds/factory/models/workcell_bin/materials/textures
[0.141s] -- Up-to-date: /code/install/articubot_one/share/articubot_one/worlds/Dataset-of-Gazebo-Worlds-Models-and-Maps/worlds/factory/models/workcell_bin/materials/textures/bin.png
[0.141s] -- Up-to-date: /code/install/articubot_one/share/articubot_one/worlds/Dataset-of-Gazebo-Worlds-Models-and-Maps/worlds/factory/models/workcell_bin/model.config
[0.141s] -- Up-to-date: /code/install/articubot_one/share/articubot_one/worlds/Dataset-of-Gazebo-Worlds-Models-and-Maps/worlds/factory/models/deletion_wall
[0.141s] -- Up-to-date: /code/install/articubot_one/share/articubot_one/worlds/Dataset-of-Gazebo-Worlds-Models-and-Maps/worlds/factory/models/deletion_wall/model.sdf
[0.141s] -- Up-to-date: /code/install/articubot_one/share/articubot_one/worlds/Dataset-of-Gazebo-Worlds-Models-and-Maps/worlds/factory/models/deletion_wall/model.config
[0.142s] -- Up-to-date: /code/install/articubot_one/share/articubot_one/worlds/Dataset-of-Gazebo-Worlds-Models-and-Maps/worlds/factory/models/kit_tray_ariac
[0.142s] -- Up-to-date: /code/install/articubot_one/share/articubot_one/worlds/Dataset-of-Gazebo-Worlds-Models-and-Maps/worlds/factory/models/kit_tray_ariac/model.sdf
[0.142s] -- Up-to-date: /code/install/articubot_one/share/articubot_one/worlds/Dataset-of-Gazebo-Worlds-Models-and-Maps/worlds/factory/models/kit_tray_ariac/model.config
[0.142s] -- Up-to-date: /code/install/articubot_one/share/articubot_one/worlds/Dataset-of-Gazebo-Worlds-Models-and-Maps/worlds/factory/models/dumpster
[0.142s] -- Up-to-date: /code/install/articubot_one/share/articubot_one/worlds/Dataset-of-Gazebo-Worlds-Models-and-Maps/worlds/factory/models/dumpster/model-1_3.sdf
[0.142s] -- Up-to-date: /code/install/articubot_one/share/articubot_one/worlds/Dataset-of-Gazebo-Worlds-Models-and-Maps/worlds/factory/models/dumpster/meshes
[0.142s] -- Up-to-date: /code/install/articubot_one/share/articubot_one/worlds/Dataset-of-Gazebo-Worlds-Models-and-Maps/worlds/factory/models/dumpster/meshes/dumpster.dae
[0.142s] -- Up-to-date: /code/install/articubot_one/share/articubot_one/worlds/Dataset-of-Gazebo-Worlds-Models-and-Maps/worlds/factory/models/dumpster/model.sdf
[0.142s] -- Up-to-date: /code/install/articubot_one/share/articubot_one/worlds/Dataset-of-Gazebo-Worlds-Models-and-Maps/worlds/factory/models/dumpster/materials
[0.142s] -- Up-to-date: /code/install/articubot_one/share/articubot_one/worlds/Dataset-of-Gazebo-Worlds-Models-and-Maps/worlds/factory/models/dumpster/materials/textures
[0.142s] -- Up-to-date: /code/install/articubot_one/share/articubot_one/worlds/Dataset-of-Gazebo-Worlds-Models-and-Maps/worlds/factory/models/dumpster/materials/textures/Dumpster_Spec.png
[0.142s] -- Up-to-date: /code/install/articubot_one/share/articubot_one/worlds/Dataset-of-Gazebo-Worlds-Models-and-Maps/worlds/factory/models/dumpster/materials/textures/Dumpster_Diffuse.png
[0.142s] -- Up-to-date: /code/install/articubot_one/share/articubot_one/worlds/Dataset-of-Gazebo-Worlds-Models-and-Maps/worlds/factory/models/dumpster/materials/scripts
[0.142s] -- Up-to-date: /code/install/articubot_one/share/articubot_one/worlds/Dataset-of-Gazebo-Worlds-Models-and-Maps/worlds/factory/models/dumpster/materials/scripts/dumpster.material
[0.143s] -- Up-to-date: /code/install/articubot_one/share/articubot_one/worlds/Dataset-of-Gazebo-Worlds-Models-and-Maps/worlds/factory/models/dumpster/model.config
[0.143s] -- Up-to-date: /code/install/articubot_one/share/articubot_one/worlds/Dataset-of-Gazebo-Worlds-Models-and-Maps/worlds/factory/models/dumpster/model-1_4.sdf
[0.143s] -- Up-to-date: /code/install/articubot_one/share/articubot_one/worlds/Dataset-of-Gazebo-Worlds-Models-and-Maps/worlds/factory/models/cordless_drill
[0.143s] -- Up-to-date: /code/install/articubot_one/share/articubot_one/worlds/Dataset-of-Gazebo-Worlds-Models-and-Maps/worlds/factory/models/cordless_drill/model-1_3.sdf
[0.143s] -- Up-to-date: /code/install/articubot_one/share/articubot_one/worlds/Dataset-of-Gazebo-Worlds-Models-and-Maps/worlds/factory/models/cordless_drill/meshes
[0.143s] -- Up-to-date: /code/install/articubot_one/share/articubot_one/worlds/Dataset-of-Gazebo-Worlds-Models-and-Maps/worlds/factory/models/cordless_drill/meshes/cordless_drill.dae
[0.143s] -- Up-to-date: /code/install/articubot_one/share/articubot_one/worlds/Dataset-of-Gazebo-Worlds-Models-and-Maps/worlds/factory/models/cordless_drill/meshes/cordless_drill.stl
[0.143s] -- Up-to-date: /code/install/articubot_one/share/articubot_one/worlds/Dataset-of-Gazebo-Worlds-Models-and-Maps/worlds/factory/models/cordless_drill/model.sdf
[0.143s] -- Up-to-date: /code/install/articubot_one/share/articubot_one/worlds/Dataset-of-Gazebo-Worlds-Models-and-Maps/worlds/factory/models/cordless_drill/model-1_2.sdf
[0.143s] -- Up-to-date: /code/install/articubot_one/share/articubot_one/worlds/Dataset-of-Gazebo-Worlds-Models-and-Maps/worlds/factory/models/cordless_drill/materials
[0.143s] -- Up-to-date: /code/install/articubot_one/share/articubot_one/worlds/Dataset-of-Gazebo-Worlds-Models-and-Maps/worlds/factory/models/cordless_drill/materials/textures
[0.143s] -- Up-to-date: /code/install/articubot_one/share/articubot_one/worlds/Dataset-of-Gazebo-Worlds-Models-and-Maps/worlds/factory/models/cordless_drill/materials/textures/cordless_drill.png
[0.143s] -- Up-to-date: /code/install/articubot_one/share/articubot_one/worlds/Dataset-of-Gazebo-Worlds-Models-and-Maps/worlds/factory/models/cordless_drill/model.config
[0.143s] -- Up-to-date: /code/install/articubot_one/share/articubot_one/worlds/Dataset-of-Gazebo-Worlds-Models-and-Maps/worlds/factory/models/cordless_drill/model-1_4.sdf
[0.143s] -- Up-to-date: /code/install/articubot_one/share/articubot_one/worlds/Dataset-of-Gazebo-Worlds-Models-and-Maps/worlds/factory/models/part3_ariac
[0.144s] -- Up-to-date: /code/install/articubot_one/share/articubot_one/worlds/Dataset-of-Gazebo-Worlds-Models-and-Maps/worlds/factory/models/part3_ariac/model.sdf
[0.145s] -- Up-to-date: /code/install/articubot_one/share/articubot_one/worlds/Dataset-of-Gazebo-Worlds-Models-and-Maps/worlds/factory/models/part3_ariac/model.config
[0.145s] -- Up-to-date: /code/install/articubot_one/share/articubot_one/worlds/Dataset-of-Gazebo-Worlds-Models-and-Maps/worlds/factory/models/ladder_75deg_0rails
[0.146s] -- Up-to-date: /code/install/articubot_one/share/articubot_one/worlds/Dataset-of-Gazebo-Worlds-Models-and-Maps/worlds/factory/models/ladder_75deg_0rails/model.sdf
[0.146s] -- Up-to-date: /code/install/articubot_one/share/articubot_one/worlds/Dataset-of-Gazebo-Worlds-Models-and-Maps/worlds/factory/models/ladder_75deg_0rails/model.config
[0.146s] -- Up-to-date: /code/install/articubot_one/share/articubot_one/worlds/Dataset-of-Gazebo-Worlds-Models-and-Maps/worlds/factory/models/ladder_75deg_0rails/model.rsdf
[0.146s] -- Up-to-date: /code/install/articubot_one/share/articubot_one/worlds/Dataset-of-Gazebo-Worlds-Models-and-Maps/worlds/factory/models/plastic_cup
[0.146s] -- Up-to-date: /code/install/articubot_one/share/articubot_one/worlds/Dataset-of-Gazebo-Worlds-Models-and-Maps/worlds/factory/models/plastic_cup/meshes
[0.147s] -- Up-to-date: /code/install/articubot_one/share/articubot_one/worlds/Dataset-of-Gazebo-Worlds-Models-and-Maps/worlds/factory/models/plastic_cup/meshes/plastic_cup.dae
[0.147s] -- Up-to-date: /code/install/articubot_one/share/articubot_one/worlds/Dataset-of-Gazebo-Worlds-Models-and-Maps/worlds/factory/models/plastic_cup/model.sdf
[0.147s] -- Up-to-date: /code/install/articubot_one/share/articubot_one/worlds/Dataset-of-Gazebo-Worlds-Models-and-Maps/worlds/factory/models/plastic_cup/model.config
[0.147s] -- Up-to-date: /code/install/articubot_one/share/articubot_one/worlds/Dataset-of-Gazebo-Worlds-Models-and-Maps/worlds/factory/models/plastic_cup/model.rsdf
[0.149s] -- Up-to-date: /code/install/articubot_one/share/articubot_one/worlds/Dataset-of-Gazebo-Worlds-Models-and-Maps/worlds/factory/models/swissranger_camera_ariac
[0.149s] -- Up-to-date: /code/install/articubot_one/share/articubot_one/worlds/Dataset-of-Gazebo-Worlds-Models-and-Maps/worlds/factory/models/swissranger_camera_ariac/meshes
[0.149s] -- Up-to-date: /code/install/articubot_one/share/articubot_one/worlds/Dataset-of-Gazebo-Worlds-Models-and-Maps/worlds/factory/models/swissranger_camera_ariac/meshes/SR4000.stl
[0.149s] -- Up-to-date: /code/install/articubot_one/share/articubot_one/worlds/Dataset-of-Gazebo-Worlds-Models-and-Maps/worlds/factory/models/swissranger_camera_ariac/meshes/collada
[0.149s] -- Up-to-date: /code/install/articubot_one/share/articubot_one/worlds/Dataset-of-Gazebo-Worlds-Models-and-Maps/worlds/factory/models/swissranger_camera_ariac/meshes/collada/SR4000.dae
[0.150s] -- Up-to-date: /code/install/articubot_one/share/articubot_one/worlds/Dataset-of-Gazebo-Worlds-Models-and-Maps/worlds/factory/models/swissranger_camera_ariac/model.sdf
[0.150s] -- Up-to-date: /code/install/articubot_one/share/articubot_one/worlds/Dataset-of-Gazebo-Worlds-Models-and-Maps/worlds/factory/models/swissranger_camera_ariac/model.config
[0.150s] -- Up-to-date: /code/install/articubot_one/share/articubot_one/worlds/Dataset-of-Gazebo-Worlds-Models-and-Maps/worlds/factory/models/drone_ariac
[0.150s] -- Up-to-date: /code/install/articubot_one/share/articubot_one/worlds/Dataset-of-Gazebo-Worlds-Models-and-Maps/worlds/factory/models/drone_ariac/meshes
[0.150s] -- Up-to-date: /code/install/articubot_one/share/articubot_one/worlds/Dataset-of-Gazebo-Worlds-Models-and-Maps/worlds/factory/models/drone_ariac/meshes/Drone.dae
[0.150s] -- Up-to-date: /code/install/articubot_one/share/articubot_one/worlds/Dataset-of-Gazebo-Worlds-Models-and-Maps/worlds/factory/models/drone_ariac/model.sdf
[0.150s] -- Up-to-date: /code/install/articubot_one/share/articubot_one/worlds/Dataset-of-Gazebo-Worlds-Models-and-Maps/worlds/factory/models/drone_ariac/materials
[0.150s] -- Up-to-date: /code/install/articubot_one/share/articubot_one/worlds/Dataset-of-Gazebo-Worlds-Models-and-Maps/worlds/factory/models/drone_ariac/materials/textures
[0.151s] -- Up-to-date: /code/install/articubot_one/share/articubot_one/worlds/Dataset-of-Gazebo-Worlds-Models-and-Maps/worlds/factory/models/drone_ariac/materials/textures/Drone.png
[0.151s] -- Up-to-date: /code/install/articubot_one/share/articubot_one/worlds/Dataset-of-Gazebo-Worlds-Models-and-Maps/worlds/factory/models/drone_ariac/model.config~HEAD
[0.151s] -- Up-to-date: /code/install/articubot_one/share/articubot_one/worlds/Dataset-of-Gazebo-Worlds-Models-and-Maps/worlds/factory/models/drone_ariac/model.config
[0.151s] -- Up-to-date: /code/install/articubot_one/share/articubot_one/worlds/Dataset-of-Gazebo-Worlds-Models-and-Maps/worlds/factory/models/conveyor_belt_ariac
[0.151s] -- Up-to-date: /code/install/articubot_one/share/articubot_one/worlds/Dataset-of-Gazebo-Worlds-Models-and-Maps/worlds/factory/models/conveyor_belt_ariac/model.sdf
[0.151s] -- Up-to-date: /code/install/articubot_one/share/articubot_one/worlds/Dataset-of-Gazebo-Worlds-Models-and-Maps/worlds/factory/models/conveyor_belt_ariac/model.config
[0.151s] -- Up-to-date: /code/install/articubot_one/share/articubot_one/worlds/Dataset-of-Gazebo-Worlds-Models-and-Maps/worlds/factory/models/shipping_container_ariac
[0.151s] -- Up-to-date: /code/install/articubot_one/share/articubot_one/worlds/Dataset-of-Gazebo-Worlds-Models-and-Maps/worlds/factory/models/shipping_container_ariac/meshes
[0.151s] -- Up-to-date: /code/install/articubot_one/share/articubot_one/worlds/Dataset-of-Gazebo-Worlds-Models-and-Maps/worlds/factory/models/shipping_container_ariac/meshes/ShippingContainer_Textured.mtl
[0.151s] -- Up-to-date: /code/install/articubot_one/share/articubot_one/worlds/Dataset-of-Gazebo-Worlds-Models-and-Maps/worlds/factory/models/shipping_container_ariac/meshes/ShippingContainer_Textured.obj
[0.151s] -- Up-to-date: /code/install/articubot_one/share/articubot_one/worlds/Dataset-of-Gazebo-Worlds-Models-and-Maps/worlds/factory/models/shipping_container_ariac/model.sdf
[0.151s] -- Up-to-date: /code/install/articubot_one/share/articubot_one/worlds/Dataset-of-Gazebo-Worlds-Models-and-Maps/worlds/factory/models/shipping_container_ariac/materials
[0.151s] -- Up-to-date: /code/install/articubot_one/share/articubot_one/worlds/Dataset-of-Gazebo-Worlds-Models-and-Maps/worlds/factory/models/shipping_container_ariac/materials/textures
[0.151s] -- Up-to-date: /code/install/articubot_one/share/articubot_one/worlds/Dataset-of-Gazebo-Worlds-Models-and-Maps/worlds/factory/models/shipping_container_ariac/materials/textures/ShippingContainer.png
[0.151s] -- Up-to-date: /code/install/articubot_one/share/articubot_one/worlds/Dataset-of-Gazebo-Worlds-Models-and-Maps/worlds/factory/models/shipping_container_ariac/model.config
[0.151s] -- Up-to-date: /code/install/articubot_one/share/articubot_one/worlds/Dataset-of-Gazebo-Worlds-Models-and-Maps/worlds/factory/models/table
[0.151s] -- Up-to-date: /code/install/articubot_one/share/articubot_one/worlds/Dataset-of-Gazebo-Worlds-Models-and-Maps/worlds/factory/models/table/model-1_3.sdf
[0.151s] -- Up-to-date: /code/install/articubot_one/share/articubot_one/worlds/Dataset-of-Gazebo-Worlds-Models-and-Maps/worlds/factory/models/table/model.sdf
[0.151s] -- Up-to-date: /code/install/articubot_one/share/articubot_one/worlds/Dataset-of-Gazebo-Worlds-Models-and-Maps/worlds/factory/models/table/model-1_2.sdf
[0.151s] -- Up-to-date: /code/install/articubot_one/share/articubot_one/worlds/Dataset-of-Gazebo-Worlds-Models-and-Maps/worlds/factory/models/table/model.config
[0.151s] -- Up-to-date: /code/install/articubot_one/share/articubot_one/worlds/Dataset-of-Gazebo-Worlds-Models-and-Maps/worlds/factory/models/table/model-1_4.sdf
[0.151s] -- Up-to-date: /code/install/articubot_one/share/articubot_one/worlds/Dataset-of-Gazebo-Worlds-Models-and-Maps/worlds/factory/models/shipping_container_conveyor_ariac
[0.151s] -- Up-to-date: /code/install/articubot_one/share/articubot_one/worlds/Dataset-of-Gazebo-Worlds-Models-and-Maps/worlds/factory/models/shipping_container_conveyor_ariac/meshes
[0.151s] -- Up-to-date: /code/install/articubot_one/share/articubot_one/worlds/Dataset-of-Gazebo-Worlds-Models-and-Maps/worlds/factory/models/shipping_container_conveyor_ariac/meshes/ShippingContainer_Textured.mtl
[0.151s] -- Up-to-date: /code/install/articubot_one/share/articubot_one/worlds/Dataset-of-Gazebo-Worlds-Models-and-Maps/worlds/factory/models/shipping_container_conveyor_ariac/meshes/ShippingContainer_Textured.obj
[0.151s] -- Up-to-date: /code/install/articubot_one/share/articubot_one/worlds/Dataset-of-Gazebo-Worlds-Models-and-Maps/worlds/factory/models/shipping_container_conveyor_ariac/model.sdf
[0.151s] -- Up-to-date: /code/install/articubot_one/share/articubot_one/worlds/Dataset-of-Gazebo-Worlds-Models-and-Maps/worlds/factory/models/shipping_container_conveyor_ariac/materials
[0.152s] -- Up-to-date: /code/install/articubot_one/share/articubot_one/worlds/Dataset-of-Gazebo-Worlds-Models-and-Maps/worlds/factory/models/shipping_container_conveyor_ariac/materials/textures
[0.152s] -- Up-to-date: /code/install/articubot_one/share/articubot_one/worlds/Dataset-of-Gazebo-Worlds-Models-and-Maps/worlds/factory/models/shipping_container_conveyor_ariac/materials/textures/ShippingContainer.png
[0.152s] -- Up-to-date: /code/install/articubot_one/share/articubot_one/worlds/Dataset-of-Gazebo-Worlds-Models-and-Maps/worlds/factory/models/shipping_container_conveyor_ariac/model.config
[0.152s] -- Up-to-date: /code/install/articubot_one/share/articubot_one/worlds/Dataset-of-Gazebo-Worlds-Models-and-Maps/worlds/factory/models/closed_box_ariac
[0.152s] -- Up-to-date: /code/install/articubot_one/share/articubot_one/worlds/Dataset-of-Gazebo-Worlds-Models-and-Maps/worlds/factory/models/closed_box_ariac/meshes
[0.152s] -- Up-to-date: /code/install/articubot_one/share/articubot_one/worlds/Dataset-of-Gazebo-Worlds-Models-and-Maps/worlds/factory/models/closed_box_ariac/meshes/closed_box.mtl
[0.152s] -- Up-to-date: /code/install/articubot_one/share/articubot_one/worlds/Dataset-of-Gazebo-Worlds-Models-and-Maps/worlds/factory/models/closed_box_ariac/meshes/closed_box.obj
[0.152s] -- Up-to-date: /code/install/articubot_one/share/articubot_one/worlds/Dataset-of-Gazebo-Worlds-Models-and-Maps/worlds/factory/models/closed_box_ariac/model.sdf
[0.152s] -- Up-to-date: /code/install/articubot_one/share/articubot_one/worlds/Dataset-of-Gazebo-Worlds-Models-and-Maps/worlds/factory/models/closed_box_ariac/materials
[0.152s] -- Up-to-date: /code/install/articubot_one/share/articubot_one/worlds/Dataset-of-Gazebo-Worlds-Models-and-Maps/worlds/factory/models/closed_box_ariac/materials/textures
[0.152s] -- Up-to-date: /code/install/articubot_one/share/articubot_one/worlds/Dataset-of-Gazebo-Worlds-Models-and-Maps/worlds/factory/models/closed_box_ariac/materials/textures/closed_box.png
[0.152s] -- Up-to-date: /code/install/articubot_one/share/articubot_one/worlds/Dataset-of-Gazebo-Worlds-Models-and-Maps/worlds/factory/models/closed_box_ariac/model.config
[0.152s] -- Up-to-date: /code/install/articubot_one/share/articubot_one/worlds/Dataset-of-Gazebo-Worlds-Models-and-Maps/worlds/factory/models/grey_wall
[0.152s] -- Up-to-date: /code/install/articubot_one/share/articubot_one/worlds/Dataset-of-Gazebo-Worlds-Models-and-Maps/worlds/factory/models/grey_wall/model-1_3.sdf
[0.153s] -- Up-to-date: /code/install/articubot_one/share/articubot_one/worlds/Dataset-of-Gazebo-Worlds-Models-and-Maps/worlds/factory/models/grey_wall/model.sdf
[0.153s] -- Up-to-date: /code/install/articubot_one/share/articubot_one/worlds/Dataset-of-Gazebo-Worlds-Models-and-Maps/worlds/factory/models/grey_wall/materials
[0.153s] -- Up-to-date: /code/install/articubot_one/share/articubot_one/worlds/Dataset-of-Gazebo-Worlds-Models-and-Maps/worlds/factory/models/grey_wall/materials/textures
[0.153s] -- Up-to-date: /code/install/articubot_one/share/articubot_one/worlds/Dataset-of-Gazebo-Worlds-Models-and-Maps/worlds/factory/models/grey_wall/materials/textures/grey_wall.png
[0.153s] -- Up-to-date: /code/install/articubot_one/share/articubot_one/worlds/Dataset-of-Gazebo-Worlds-Models-and-Maps/worlds/factory/models/grey_wall/materials/scripts
[0.153s] -- Up-to-date: /code/install/articubot_one/share/articubot_one/worlds/Dataset-of-Gazebo-Worlds-Models-and-Maps/worlds/factory/models/grey_wall/materials/scripts/grey_wall.material
[0.153s] -- Up-to-date: /code/install/articubot_one/share/articubot_one/worlds/Dataset-of-Gazebo-Worlds-Models-and-Maps/worlds/factory/models/grey_wall/model.config
[0.153s] -- Up-to-date: /code/install/articubot_one/share/articubot_one/worlds/Dataset-of-Gazebo-Worlds-Models-and-Maps/worlds/factory/models/grey_wall/model-1_4.sdf
[0.154s] -- Up-to-date: /code/install/articubot_one/share/articubot_one/worlds/Dataset-of-Gazebo-Worlds-Models-and-Maps/worlds/factory/models/sun
[0.154s] -- Up-to-date: /code/install/articubot_one/share/articubot_one/worlds/Dataset-of-Gazebo-Worlds-Models-and-Maps/worlds/factory/models/sun/model-1_3.sdf
[0.154s] -- Up-to-date: /code/install/articubot_one/share/articubot_one/worlds/Dataset-of-Gazebo-Worlds-Models-and-Maps/worlds/factory/models/sun/model.sdf
[0.154s] -- Up-to-date: /code/install/articubot_one/share/articubot_one/worlds/Dataset-of-Gazebo-Worlds-Models-and-Maps/worlds/factory/models/sun/model-1_2.sdf
[0.155s] -- Up-to-date: /code/install/articubot_one/share/articubot_one/worlds/Dataset-of-Gazebo-Worlds-Models-and-Maps/worlds/factory/models/sun/model.config
[0.155s] -- Up-to-date: /code/install/articubot_one/share/articubot_one/worlds/Dataset-of-Gazebo-Worlds-Models-and-Maps/worlds/factory/models/sun/model-1_4.sdf
[0.155s] -- Up-to-date: /code/install/articubot_one/share/articubot_one/worlds/Dataset-of-Gazebo-Worlds-Models-and-Maps/worlds/factory/models/drone_collection_zone_ariac
[0.155s] -- Up-to-date: /code/install/articubot_one/share/articubot_one/worlds/Dataset-of-Gazebo-Worlds-Models-and-Maps/worlds/factory/models/drone_collection_zone_ariac/model.sdf
[0.156s] -- Up-to-date: /code/install/articubot_one/share/articubot_one/worlds/Dataset-of-Gazebo-Worlds-Models-and-Maps/worlds/factory/models/drone_collection_zone_ariac/model.config
[0.156s] -- Up-to-date: /code/install/articubot_one/share/articubot_one/worlds/Dataset-of-Gazebo-Worlds-Models-and-Maps/worlds/factory/models/control_console
[0.156s] -- Up-to-date: /code/install/articubot_one/share/articubot_one/worlds/Dataset-of-Gazebo-Worlds-Models-and-Maps/worlds/factory/models/control_console/meshes
[0.156s] -- Up-to-date: /code/install/articubot_one/share/articubot_one/worlds/Dataset-of-Gazebo-Worlds-Models-and-Maps/worlds/factory/models/control_console/meshes/console.dae
[0.157s] -- Up-to-date: /code/install/articubot_one/share/articubot_one/worlds/Dataset-of-Gazebo-Worlds-Models-and-Maps/worlds/factory/models/control_console/model.sdf
[0.157s] -- Up-to-date: /code/install/articubot_one/share/articubot_one/worlds/Dataset-of-Gazebo-Worlds-Models-and-Maps/worlds/factory/models/control_console/materials
[0.157s] -- Up-to-date: /code/install/articubot_one/share/articubot_one/worlds/Dataset-of-Gazebo-Worlds-Models-and-Maps/worlds/factory/models/control_console/materials/textures
[0.157s] -- Up-to-date: /code/install/articubot_one/share/articubot_one/worlds/Dataset-of-Gazebo-Worlds-Models-and-Maps/worlds/factory/models/control_console/materials/textures/console.png
[0.157s] -- Up-to-date: /code/install/articubot_one/share/articubot_one/worlds/Dataset-of-Gazebo-Worlds-Models-and-Maps/worlds/factory/models/control_console/materials/textures/light.png
[0.157s] -- Up-to-date: /code/install/articubot_one/share/articubot_one/worlds/Dataset-of-Gazebo-Worlds-Models-and-Maps/worlds/factory/models/control_console/model.config
[0.157s] -- Up-to-date: /code/install/articubot_one/share/articubot_one/worlds/Dataset-of-Gazebo-Worlds-Models-and-Maps/worlds/factory/models/cabinet
[0.157s] -- Up-to-date: /code/install/articubot_one/share/articubot_one/worlds/Dataset-of-Gazebo-Worlds-Models-and-Maps/worlds/factory/models/cabinet/model-1_3.sdf
[0.157s] -- Up-to-date: /code/install/articubot_one/share/articubot_one/worlds/Dataset-of-Gazebo-Worlds-Models-and-Maps/worlds/factory/models/cabinet/model.sdf
[0.157s] -- Up-to-date: /code/install/articubot_one/share/articubot_one/worlds/Dataset-of-Gazebo-Worlds-Models-and-Maps/worlds/factory/models/cabinet/model-1_2.sdf
[0.157s] -- Up-to-date: /code/install/articubot_one/share/articubot_one/worlds/Dataset-of-Gazebo-Worlds-Models-and-Maps/worlds/factory/models/cabinet/model.config
[0.157s] -- Up-to-date: /code/install/articubot_one/share/articubot_one/worlds/Dataset-of-Gazebo-Worlds-Models-and-Maps/worlds/factory/models/cabinet/model-1_4.sdf
[0.157s] -- Up-to-date: /code/install/articubot_one/share/articubot_one/worlds/Dataset-of-Gazebo-Worlds-Models-and-Maps/worlds/factory/models/tube_2_25cm
[0.157s] -- Up-to-date: /code/install/articubot_one/share/articubot_one/worlds/Dataset-of-Gazebo-Worlds-Models-and-Maps/worlds/factory/models/tube_2_25cm/meshes
[0.157s] -- Up-to-date: /code/install/articubot_one/share/articubot_one/worlds/Dataset-of-Gazebo-Worlds-Models-and-Maps/worlds/factory/models/tube_2_25cm/meshes/tube_2_25.dae
[0.157s] -- Up-to-date: /code/install/articubot_one/share/articubot_one/worlds/Dataset-of-Gazebo-Worlds-Models-and-Maps/worlds/factory/models/tube_2_25cm/model.sdf
[0.157s] -- Up-to-date: /code/install/articubot_one/share/articubot_one/worlds/Dataset-of-Gazebo-Worlds-Models-and-Maps/worlds/factory/models/tube_2_25cm/model.config
[0.157s] -- Up-to-date: /code/install/articubot_one/share/articubot_one/worlds/Dataset-of-Gazebo-Worlds-Models-and-Maps/worlds/factory/models/tube_2_25cm/model.rsdf
[0.157s] -- Up-to-date: /code/install/articubot_one/share/articubot_one/worlds/Dataset-of-Gazebo-Worlds-Models-and-Maps/worlds/factory/models/part4_ariac
[0.157s] -- Up-to-date: /code/install/articubot_one/share/articubot_one/worlds/Dataset-of-Gazebo-Worlds-Models-and-Maps/worlds/factory/models/part4_ariac/model.sdf
[0.158s] -- Up-to-date: /code/install/articubot_one/share/articubot_one/worlds/Dataset-of-Gazebo-Worlds-Models-and-Maps/worlds/factory/models/part4_ariac/model.config
[0.158s] -- Up-to-date: /code/install/articubot_one/share/articubot_one/worlds/Dataset-of-Gazebo-Worlds-Models-and-Maps/worlds/factory/models/shipping_container_conveyor_tall_ariac
[0.158s] -- Up-to-date: /code/install/articubot_one/share/articubot_one/worlds/Dataset-of-Gazebo-Worlds-Models-and-Maps/worlds/factory/models/shipping_container_conveyor_tall_ariac/meshes
[0.158s] -- Up-to-date: /code/install/articubot_one/share/articubot_one/worlds/Dataset-of-Gazebo-Worlds-Models-and-Maps/worlds/factory/models/shipping_container_conveyor_tall_ariac/meshes/ShippingContainer_Textured.mtl
[0.158s] -- Up-to-date: /code/install/articubot_one/share/articubot_one/worlds/Dataset-of-Gazebo-Worlds-Models-and-Maps/worlds/factory/models/shipping_container_conveyor_tall_ariac/meshes/ShippingContainer_Textured.obj
[0.158s] -- Up-to-date: /code/install/articubot_one/share/articubot_one/worlds/Dataset-of-Gazebo-Worlds-Models-and-Maps/worlds/factory/models/shipping_container_conveyor_tall_ariac/model.sdf
[0.158s] -- Up-to-date: /code/install/articubot_one/share/articubot_one/worlds/Dataset-of-Gazebo-Worlds-Models-and-Maps/worlds/factory/models/shipping_container_conveyor_tall_ariac/materials
[0.158s] -- Up-to-date: /code/install/articubot_one/share/articubot_one/worlds/Dataset-of-Gazebo-Worlds-Models-and-Maps/worlds/factory/models/shipping_container_conveyor_tall_ariac/materials/textures
[0.158s] -- Up-to-date: /code/install/articubot_one/share/articubot_one/worlds/Dataset-of-Gazebo-Worlds-Models-and-Maps/worlds/factory/models/shipping_container_conveyor_tall_ariac/materials/textures/ShippingContainer.png
[0.158s] -- Up-to-date: /code/install/articubot_one/share/articubot_one/worlds/Dataset-of-Gazebo-Worlds-Models-and-Maps/worlds/factory/models/shipping_container_conveyor_tall_ariac/model.config
[0.158s] -- Up-to-date: /code/install/articubot_one/share/articubot_one/worlds/Dataset-of-Gazebo-Worlds-Models-and-Maps/worlds/factory/models/pulley_part_ariac
[0.158s] -- Up-to-date: /code/install/articubot_one/share/articubot_one/worlds/Dataset-of-Gazebo-Worlds-Models-and-Maps/worlds/factory/models/pulley_part_ariac/meshes
[0.158s] -- Up-to-date: /code/install/articubot_one/share/articubot_one/worlds/Dataset-of-Gazebo-Worlds-Models-and-Maps/worlds/factory/models/pulley_part_ariac/meshes/pulley.dae
[0.158s] -- Up-to-date: /code/install/articubot_one/share/articubot_one/worlds/Dataset-of-Gazebo-Worlds-Models-and-Maps/worlds/factory/models/pulley_part_ariac/model.sdf
[0.158s] -- Up-to-date: /code/install/articubot_one/share/articubot_one/worlds/Dataset-of-Gazebo-Worlds-Models-and-Maps/worlds/factory/models/pulley_part_ariac/model.config
[0.158s] -- Up-to-date: /code/install/articubot_one/share/articubot_one/worlds/Dataset-of-Gazebo-Worlds-Models-and-Maps/worlds/factory/models/piston_rod_part_ariac
[0.158s] -- Up-to-date: /code/install/articubot_one/share/articubot_one/worlds/Dataset-of-Gazebo-Worlds-Models-and-Maps/worlds/factory/models/piston_rod_part_ariac/meshes
[0.159s] -- Up-to-date: /code/install/articubot_one/share/articubot_one/worlds/Dataset-of-Gazebo-Worlds-Models-and-Maps/worlds/factory/models/piston_rod_part_ariac/meshes/piston_rod.dae
[0.159s] -- Up-to-date: /code/install/articubot_one/share/articubot_one/worlds/Dataset-of-Gazebo-Worlds-Models-and-Maps/worlds/factory/models/piston_rod_part_ariac/model.sdf
[0.159s] -- Up-to-date: /code/install/articubot_one/share/articubot_one/worlds/Dataset-of-Gazebo-Worlds-Models-and-Maps/worlds/factory/models/piston_rod_part_ariac/model.config
[0.159s] -- Up-to-date: /code/install/articubot_one/share/articubot_one/worlds/Dataset-of-Gazebo-Worlds-Models-and-Maps/worlds/factory/models/part2_ariac
[0.159s] -- Up-to-date: /code/install/articubot_one/share/articubot_one/worlds/Dataset-of-Gazebo-Worlds-Models-and-Maps/worlds/factory/models/part2_ariac/model.sdf
[0.159s] -- Up-to-date: /code/install/articubot_one/share/articubot_one/worlds/Dataset-of-Gazebo-Worlds-Models-and-Maps/worlds/factory/models/part2_ariac/model.config
[0.159s] -- Up-to-date: /code/install/articubot_one/share/articubot_one/worlds/Dataset-of-Gazebo-Worlds-Models-and-Maps/worlds/factory/models/yellow_bin_ariac
[0.159s] -- Up-to-date: /code/install/articubot_one/share/articubot_one/worlds/Dataset-of-Gazebo-Worlds-Models-and-Maps/worlds/factory/models/yellow_bin_ariac/meshes
[0.159s] -- Up-to-date: /code/install/articubot_one/share/articubot_one/worlds/Dataset-of-Gazebo-Worlds-Models-and-Maps/worlds/factory/models/yellow_bin_ariac/meshes/yellow_bin.mtl
[0.159s] -- Up-to-date: /code/install/articubot_one/share/articubot_one/worlds/Dataset-of-Gazebo-Worlds-Models-and-Maps/worlds/factory/models/yellow_bin_ariac/meshes/yellow_bin.obj
[0.159s] -- Up-to-date: /code/install/articubot_one/share/articubot_one/worlds/Dataset-of-Gazebo-Worlds-Models-and-Maps/worlds/factory/models/yellow_bin_ariac/model.sdf
[0.159s] -- Up-to-date: /code/install/articubot_one/share/articubot_one/worlds/Dataset-of-Gazebo-Worlds-Models-and-Maps/worlds/factory/models/yellow_bin_ariac/materials
[0.159s] -- Up-to-date: /code/install/articubot_one/share/articubot_one/worlds/Dataset-of-Gazebo-Worlds-Models-and-Maps/worlds/factory/models/yellow_bin_ariac/materials/textures
[0.159s] -- Up-to-date: /code/install/articubot_one/share/articubot_one/worlds/Dataset-of-Gazebo-Worlds-Models-and-Maps/worlds/factory/models/yellow_bin_ariac/materials/textures/yellow_bin.png
[0.159s] -- Up-to-date: /code/install/articubot_one/share/articubot_one/worlds/Dataset-of-Gazebo-Worlds-Models-and-Maps/worlds/factory/models/yellow_bin_ariac/model.config
[0.159s] -- Up-to-date: /code/install/articubot_one/share/articubot_one/worlds/Dataset-of-Gazebo-Worlds-Models-and-Maps/worlds/factory/models/logical_camera_ariac
[0.159s] -- Up-to-date: /code/install/articubot_one/share/articubot_one/worlds/Dataset-of-Gazebo-Worlds-Models-and-Maps/worlds/factory/models/logical_camera_ariac/meshes
[0.159s] -- Up-to-date: /code/install/articubot_one/share/articubot_one/worlds/Dataset-of-Gazebo-Worlds-Models-and-Maps/worlds/factory/models/logical_camera_ariac/meshes/camera.dae
[0.159s] -- Up-to-date: /code/install/articubot_one/share/articubot_one/worlds/Dataset-of-Gazebo-Worlds-Models-and-Maps/worlds/factory/models/logical_camera_ariac/model.sdf
[0.159s] -- Up-to-date: /code/install/articubot_one/share/articubot_one/worlds/Dataset-of-Gazebo-Worlds-Models-and-Maps/worlds/factory/models/logical_camera_ariac/materials
[0.159s] -- Up-to-date: /code/install/articubot_one/share/articubot_one/worlds/Dataset-of-Gazebo-Worlds-Models-and-Maps/worlds/factory/models/logical_camera_ariac/materials/textures
[0.160s] -- Up-to-date: /code/install/articubot_one/share/articubot_one/worlds/Dataset-of-Gazebo-Worlds-Models-and-Maps/worlds/factory/models/logical_camera_ariac/materials/textures/camera.png
[0.160s] -- Up-to-date: /code/install/articubot_one/share/articubot_one/worlds/Dataset-of-Gazebo-Worlds-Models-and-Maps/worlds/factory/models/logical_camera_ariac/model.config
[0.160s] -- Up-to-date: /code/install/articubot_one/share/articubot_one/worlds/Dataset-of-Gazebo-Worlds-Models-and-Maps/worlds/factory/models/shipping_container_short_ariac
[0.160s] -- Up-to-date: /code/install/articubot_one/share/articubot_one/worlds/Dataset-of-Gazebo-Worlds-Models-and-Maps/worlds/factory/models/shipping_container_short_ariac/meshes
[0.160s] -- Up-to-date: /code/install/articubot_one/share/articubot_one/worlds/Dataset-of-Gazebo-Worlds-Models-and-Maps/worlds/factory/models/shipping_container_short_ariac/meshes/ShippingContainer_Textured.mtl
[0.160s] -- Up-to-date: /code/install/articubot_one/share/articubot_one/worlds/Dataset-of-Gazebo-Worlds-Models-and-Maps/worlds/factory/models/shipping_container_short_ariac/meshes/ShippingContainer_Textured.obj
[0.160s] -- Up-to-date: /code/install/articubot_one/share/articubot_one/worlds/Dataset-of-Gazebo-Worlds-Models-and-Maps/worlds/factory/models/shipping_container_short_ariac/model.sdf
[0.160s] -- Up-to-date: /code/install/articubot_one/share/articubot_one/worlds/Dataset-of-Gazebo-Worlds-Models-and-Maps/worlds/factory/models/shipping_container_short_ariac/materials
[0.161s] -- Up-to-date: /code/install/articubot_one/share/articubot_one/worlds/Dataset-of-Gazebo-Worlds-Models-and-Maps/worlds/factory/models/shipping_container_short_ariac/materials/textures
[0.161s] -- Up-to-date: /code/install/articubot_one/share/articubot_one/worlds/Dataset-of-Gazebo-Worlds-Models-and-Maps/worlds/factory/models/shipping_container_short_ariac/materials/textures/ShippingContainer.png
[0.161s] -- Up-to-date: /code/install/articubot_one/share/articubot_one/worlds/Dataset-of-Gazebo-Worlds-Models-and-Maps/worlds/factory/models/shipping_container_short_ariac/model.config
[0.161s] -- Up-to-date: /code/install/articubot_one/share/articubot_one/worlds/Dataset-of-Gazebo-Worlds-Models-and-Maps/worlds/factory/models/hokuyo_ariac
[0.161s] -- Up-to-date: /code/install/articubot_one/share/articubot_one/worlds/Dataset-of-Gazebo-Worlds-Models-and-Maps/worlds/factory/models/hokuyo_ariac/meshes
[0.161s] -- Up-to-date: /code/install/articubot_one/share/articubot_one/worlds/Dataset-of-Gazebo-Worlds-Models-and-Maps/worlds/factory/models/hokuyo_ariac/meshes/hokuyo_convex.stl
[0.162s] -- Up-to-date: /code/install/articubot_one/share/articubot_one/worlds/Dataset-of-Gazebo-Worlds-Models-and-Maps/worlds/factory/models/hokuyo_ariac/meshes/hokuyo.dae
[0.162s] -- Up-to-date: /code/install/articubot_one/share/articubot_one/worlds/Dataset-of-Gazebo-Worlds-Models-and-Maps/worlds/factory/models/hokuyo_ariac/model.sdf
[0.162s] -- Up-to-date: /code/install/articubot_one/share/articubot_one/worlds/Dataset-of-Gazebo-Worlds-Models-and-Maps/worlds/factory/models/hokuyo_ariac/model.config
[0.162s] -- Up-to-date: /code/install/articubot_one/share/articubot_one/worlds/Dataset-of-Gazebo-Worlds-Models-and-Maps/worlds/factory/factory.jpg
[0.162s] -- Up-to-date: /code/install/articubot_one/share/articubot_one/worlds/Dataset-of-Gazebo-Worlds-Models-and-Maps/worlds/dynamic_obstacle
[0.162s] -- Up-to-date: /code/install/articubot_one/share/articubot_one/worlds/Dataset-of-Gazebo-Worlds-Models-and-Maps/worlds/dynamic_obstacle/model.sdf
[0.162s] -- Up-to-date: /code/install/articubot_one/share/articubot_one/worlds/Dataset-of-Gazebo-Worlds-Models-and-Maps/worlds/dynamic_obstacle/model.config
[0.162s] -- Up-to-date: /code/install/articubot_one/share/articubot_one/worlds/Dataset-of-Gazebo-Worlds-Models-and-Maps/worlds/dynamic_world
[0.162s] -- Up-to-date: /code/install/articubot_one/share/articubot_one/worlds/Dataset-of-Gazebo-Worlds-Models-and-Maps/worlds/dynamic_world/dynamic_room.jpg
[0.162s] -- Up-to-date: /code/install/articubot_one/share/articubot_one/worlds/Dataset-of-Gazebo-Worlds-Models-and-Maps/worlds/dynamic_world/world.model
[0.162s] -- Up-to-date: /code/install/articubot_one/share/articubot_one/worlds/Dataset-of-Gazebo-Worlds-Models-and-Maps/worlds/room_with_walls_2
[0.163s] -- Up-to-date: /code/install/articubot_one/share/articubot_one/worlds/Dataset-of-Gazebo-Worlds-Models-and-Maps/worlds/room_with_walls_2/map.yaml
[0.163s] -- Up-to-date: /code/install/articubot_one/share/articubot_one/worlds/Dataset-of-Gazebo-Worlds-Models-and-Maps/worlds/room_with_walls_2/room3
[0.163s] -- Up-to-date: /code/install/articubot_one/share/articubot_one/worlds/Dataset-of-Gazebo-Worlds-Models-and-Maps/worlds/room_with_walls_2/room3/model.sdf
[0.163s] -- Up-to-date: /code/install/articubot_one/share/articubot_one/worlds/Dataset-of-Gazebo-Worlds-Models-and-Maps/worlds/room_with_walls_2/room3/model.config
[0.163s] -- Up-to-date: /code/install/articubot_one/share/articubot_one/worlds/Dataset-of-Gazebo-Worlds-Models-and-Maps/worlds/room_with_walls_2/map_0.1m-px.png
[0.163s] -- Up-to-date: /code/install/articubot_one/share/articubot_one/worlds/Dataset-of-Gazebo-Worlds-Models-and-Maps/worlds/room_with_walls_2/map_0.05m-px.png
[0.163s] -- Up-to-date: /code/install/articubot_one/share/articubot_one/worlds/Dataset-of-Gazebo-Worlds-Models-and-Maps/worlds/empty_room
[0.163s] -- Up-to-date: /code/install/articubot_one/share/articubot_one/worlds/Dataset-of-Gazebo-Worlds-Models-and-Maps/worlds/empty_room/model.sdf
[0.164s] -- Up-to-date: /code/install/articubot_one/share/articubot_one/worlds/Dataset-of-Gazebo-Worlds-Models-and-Maps/worlds/empty_room/maps
[0.164s] -- Up-to-date: /code/install/articubot_one/share/articubot_one/worlds/Dataset-of-Gazebo-Worlds-Models-and-Maps/worlds/empty_room/maps/empty_room.pgm
[0.164s] -- Up-to-date: /code/install/articubot_one/share/articubot_one/worlds/Dataset-of-Gazebo-Worlds-Models-and-Maps/worlds/empty_room/maps/empty_room.png
[0.164s] -- Up-to-date: /code/install/articubot_one/share/articubot_one/worlds/Dataset-of-Gazebo-Worlds-Models-and-Maps/worlds/empty_room/model.config
[0.164s] -- Up-to-date: /code/install/articubot_one/share/articubot_one/worlds/Dataset-of-Gazebo-Worlds-Models-and-Maps/worlds/experiment_rooms
[0.164s] -- Up-to-date: /code/install/articubot_one/share/articubot_one/worlds/Dataset-of-Gazebo-Worlds-Models-and-Maps/worlds/experiment_rooms/pics
[0.164s] -- Up-to-date: /code/install/articubot_one/share/articubot_one/worlds/Dataset-of-Gazebo-Worlds-Models-and-Maps/worlds/experiment_rooms/pics/room1.png
[0.164s] -- Up-to-date: /code/install/articubot_one/share/articubot_one/worlds/Dataset-of-Gazebo-Worlds-Models-and-Maps/worlds/experiment_rooms/pics/room4.png
[0.164s] -- Up-to-date: /code/install/articubot_one/share/articubot_one/worlds/Dataset-of-Gazebo-Worlds-Models-and-Maps/worlds/experiment_rooms/pics/room2.png
[0.165s] -- Up-to-date: /code/install/articubot_one/share/articubot_one/worlds/Dataset-of-Gazebo-Worlds-Models-and-Maps/worlds/experiment_rooms/pics/room3.png
[0.166s] -- Up-to-date: /code/install/articubot_one/share/articubot_one/worlds/Dataset-of-Gazebo-Worlds-Models-and-Maps/worlds/experiment_rooms/worlds
[0.166s] -- Up-to-date: /code/install/articubot_one/share/articubot_one/worlds/Dataset-of-Gazebo-Worlds-Models-and-Maps/worlds/experiment_rooms/worlds/room3
[0.166s] -- Up-to-date: /code/install/articubot_one/share/articubot_one/worlds/Dataset-of-Gazebo-Worlds-Models-and-Maps/worlds/experiment_rooms/worlds/room3/map
[0.167s] -- Up-to-date: /code/install/articubot_one/share/articubot_one/worlds/Dataset-of-Gazebo-Worlds-Models-and-Maps/worlds/experiment_rooms/worlds/room3/map/room3.png
[0.167s] -- Up-to-date: /code/install/articubot_one/share/articubot_one/worlds/Dataset-of-Gazebo-Worlds-Models-and-Maps/worlds/experiment_rooms/worlds/room3/map/room3.yaml
[0.167s] -- Up-to-date: /code/install/articubot_one/share/articubot_one/worlds/Dataset-of-Gazebo-Worlds-Models-and-Maps/worlds/experiment_rooms/worlds/room3/room3.png
[0.167s] -- Up-to-date: /code/install/articubot_one/share/articubot_one/worlds/Dataset-of-Gazebo-Worlds-Models-and-Maps/worlds/experiment_rooms/worlds/room3/world_dynamic.model
[0.167s] -- Up-to-date: /code/install/articubot_one/share/articubot_one/worlds/Dataset-of-Gazebo-Worlds-Models-and-Maps/worlds/experiment_rooms/worlds/room3/world.model
[0.167s] -- Up-to-date: /code/install/articubot_one/share/articubot_one/worlds/Dataset-of-Gazebo-Worlds-Models-and-Maps/worlds/experiment_rooms/worlds/room4
[0.167s] -- Up-to-date: /code/install/articubot_one/share/articubot_one/worlds/Dataset-of-Gazebo-Worlds-Models-and-Maps/worlds/experiment_rooms/worlds/room4/room4.png
[0.167s] -- Up-to-date: /code/install/articubot_one/share/articubot_one/worlds/Dataset-of-Gazebo-Worlds-Models-and-Maps/worlds/experiment_rooms/worlds/room4/map
[0.167s] -- Up-to-date: /code/install/articubot_one/share/articubot_one/worlds/Dataset-of-Gazebo-Worlds-Models-and-Maps/worlds/experiment_rooms/worlds/room4/map/room4.png
[0.167s] -- Up-to-date: /code/install/articubot_one/share/articubot_one/worlds/Dataset-of-Gazebo-Worlds-Models-and-Maps/worlds/experiment_rooms/worlds/room4/map/room4.yaml
[0.167s] -- Up-to-date: /code/install/articubot_one/share/articubot_one/worlds/Dataset-of-Gazebo-Worlds-Models-and-Maps/worlds/experiment_rooms/worlds/room4/world_dynamic.model
[0.168s] -- Up-to-date: /code/install/articubot_one/share/articubot_one/worlds/Dataset-of-Gazebo-Worlds-Models-and-Maps/worlds/experiment_rooms/worlds/room4/world.model
[0.168s] -- Up-to-date: /code/install/articubot_one/share/articubot_one/worlds/Dataset-of-Gazebo-Worlds-Models-and-Maps/worlds/experiment_rooms/worlds/room1
[0.168s] -- Up-to-date: /code/install/articubot_one/share/articubot_one/worlds/Dataset-of-Gazebo-Worlds-Models-and-Maps/worlds/experiment_rooms/worlds/room1/map
[0.168s] -- Up-to-date: /code/install/articubot_one/share/articubot_one/worlds/Dataset-of-Gazebo-Worlds-Models-and-Maps/worlds/experiment_rooms/worlds/room1/map/room1.png
[0.168s] -- Up-to-date: /code/install/articubot_one/share/articubot_one/worlds/Dataset-of-Gazebo-Worlds-Models-and-Maps/worlds/experiment_rooms/worlds/room1/map/room1.yaml
[0.168s] -- Up-to-date: /code/install/articubot_one/share/articubot_one/worlds/Dataset-of-Gazebo-Worlds-Models-and-Maps/worlds/experiment_rooms/worlds/room1/world.model
[0.168s] -- Up-to-date: /code/install/articubot_one/share/articubot_one/worlds/Dataset-of-Gazebo-Worlds-Models-and-Maps/worlds/experiment_rooms/worlds/room2
[0.168s] -- Up-to-date: /code/install/articubot_one/share/articubot_one/worlds/Dataset-of-Gazebo-Worlds-Models-and-Maps/worlds/experiment_rooms/worlds/room2/map
[0.168s] -- Up-to-date: /code/install/articubot_one/share/articubot_one/worlds/Dataset-of-Gazebo-Worlds-Models-and-Maps/worlds/experiment_rooms/worlds/room2/map/room2.png
[0.168s] -- Up-to-date: /code/install/articubot_one/share/articubot_one/worlds/Dataset-of-Gazebo-Worlds-Models-and-Maps/worlds/experiment_rooms/worlds/room2/map/room2.yaml
[0.168s] -- Up-to-date: /code/install/articubot_one/share/articubot_one/worlds/Dataset-of-Gazebo-Worlds-Models-and-Maps/worlds/experiment_rooms/worlds/room2/world_dynamic.model
[0.169s] -- Up-to-date: /code/install/articubot_one/share/articubot_one/worlds/Dataset-of-Gazebo-Worlds-Models-and-Maps/worlds/experiment_rooms/worlds/room2/world.model
[0.169s] -- Up-to-date: /code/install/articubot_one/share/articubot_one/worlds/Dataset-of-Gazebo-Worlds-Models-and-Maps/worlds/experiment_rooms/README.md
[0.169s] -- Up-to-date: /code/install/articubot_one/share/articubot_one/worlds/Dataset-of-Gazebo-Worlds-Models-and-Maps/worlds/experiment_rooms/models
[0.169s] -- Up-to-date: /code/install/articubot_one/share/articubot_one/worlds/Dataset-of-Gazebo-Worlds-Models-and-Maps/worlds/experiment_rooms/models/dynamic_obstacle
[0.170s] -- Up-to-date: /code/install/articubot_one/share/articubot_one/worlds/Dataset-of-Gazebo-Worlds-Models-and-Maps/worlds/experiment_rooms/models/dynamic_obstacle/model.sdf
[0.170s] -- Up-to-date: /code/install/articubot_one/share/articubot_one/worlds/Dataset-of-Gazebo-Worlds-Models-and-Maps/worlds/experiment_rooms/models/dynamic_obstacle/model.config
[0.170s] -- Up-to-date: /code/install/articubot_one/share/articubot_one/worlds/Dataset-of-Gazebo-Worlds-Models-and-Maps/worlds/experiment_rooms/models/exp_empty_rooms
[0.171s] -- Up-to-date: /code/install/articubot_one/share/articubot_one/worlds/Dataset-of-Gazebo-Worlds-Models-and-Maps/worlds/experiment_rooms/models/exp_empty_rooms/model.sdf
[0.171s] -- Up-to-date: /code/install/articubot_one/share/articubot_one/worlds/Dataset-of-Gazebo-Worlds-Models-and-Maps/worlds/experiment_rooms/models/exp_empty_rooms/model.config
[0.171s] -- Up-to-date: /code/install/articubot_one/share/articubot_one/worlds/Dataset-of-Gazebo-Worlds-Models-and-Maps/worlds/experiment_rooms/experiment_rooms.png
[0.171s] -- Up-to-date: /code/install/articubot_one/share/articubot_one/worlds/Dataset-of-Gazebo-Worlds-Models-and-Maps/worlds/random_world
[0.171s] -- Up-to-date: /code/install/articubot_one/share/articubot_one/worlds/Dataset-of-Gazebo-Worlds-Models-and-Maps/worlds/random_world/media
[0.171s] -- Up-to-date: /code/install/articubot_one/share/articubot_one/worlds/Dataset-of-Gazebo-Worlds-Models-and-Maps/worlds/random_world/media/materials
[0.171s] -- Up-to-date: /code/install/articubot_one/share/articubot_one/worlds/Dataset-of-Gazebo-Worlds-Models-and-Maps/worlds/random_world/media/materials/texture
[0.172s] -- Up-to-date: /code/install/articubot_one/share/articubot_one/worlds/Dataset-of-Gazebo-Worlds-Models-and-Maps/worlds/random_world/media/materials/texture/random_world.png
[0.172s] -- Up-to-date: /code/install/articubot_one/share/articubot_one/worlds/Dataset-of-Gazebo-Worlds-Models-and-Maps/worlds/random_world/random_world.jpg
[0.172s] -- Up-to-date: /code/install/articubot_one/share/articubot_one/worlds/Dataset-of-Gazebo-Worlds-Models-and-Maps/worlds/random_world/model.sdf
[0.172s] -- Up-to-date: /code/install/articubot_one/share/articubot_one/worlds/Dataset-of-Gazebo-Worlds-Models-and-Maps/worlds/random_world/model.config
[0.172s] -- Up-to-date: /code/install/articubot_one/share/articubot_one/worlds/Dataset-of-Gazebo-Worlds-Models-and-Maps/worlds/office
[0.172s] -- Up-to-date: /code/install/articubot_one/share/articubot_one/worlds/Dataset-of-Gazebo-Worlds-Models-and-Maps/worlds/office/office_part2.zip
[0.172s] -- Up-to-date: /code/install/articubot_one/share/articubot_one/worlds/Dataset-of-Gazebo-Worlds-Models-and-Maps/worlds/office/office.jpg
[0.172s] -- Up-to-date: /code/install/articubot_one/share/articubot_one/worlds/Dataset-of-Gazebo-Worlds-Models-and-Maps/worlds/office/office_part1.zip
[0.172s] -- Up-to-date: /code/install/articubot_one/share/articubot_one/worlds/Dataset-of-Gazebo-Worlds-Models-and-Maps/worlds/turtlebot3_world
[0.172s] -- Up-to-date: /code/install/articubot_one/share/articubot_one/worlds/Dataset-of-Gazebo-Worlds-Models-and-Maps/worlds/turtlebot3_world/meshes
[0.172s] -- Up-to-date: /code/install/articubot_one/share/articubot_one/worlds/Dataset-of-Gazebo-Worlds-Models-and-Maps/worlds/turtlebot3_world/meshes/hexagon.dae
[0.173s] -- Up-to-date: /code/install/articubot_one/share/articubot_one/worlds/Dataset-of-Gazebo-Worlds-Models-and-Maps/worlds/turtlebot3_world/meshes/wall.dae
[0.173s] -- Up-to-date: /code/install/articubot_one/share/articubot_one/worlds/Dataset-of-Gazebo-Worlds-Models-and-Maps/worlds/turtlebot3_world/model.sdf
[0.173s] -- Up-to-date: /code/install/articubot_one/share/articubot_one/worlds/Dataset-of-Gazebo-Worlds-Models-and-Maps/worlds/turtlebot3_world/maps
[0.173s] -- Up-to-date: /code/install/articubot_one/share/articubot_one/worlds/Dataset-of-Gazebo-Worlds-Models-and-Maps/worlds/turtlebot3_world/maps/turtlebot3_world.pgm
[0.173s] -- Up-to-date: /code/install/articubot_one/share/articubot_one/worlds/Dataset-of-Gazebo-Worlds-Models-and-Maps/worlds/turtlebot3_world/maps/turtlebot3_world.yaml
[0.173s] -- Up-to-date: /code/install/articubot_one/share/articubot_one/worlds/Dataset-of-Gazebo-Worlds-Models-and-Maps/worlds/turtlebot3_world/tb_world.jpg
[0.173s] -- Up-to-date: /code/install/articubot_one/share/articubot_one/worlds/Dataset-of-Gazebo-Worlds-Models-and-Maps/worlds/turtlebot3_world/model.config
[0.173s] -- Up-to-date: /code/install/articubot_one/share/articubot_one/worlds/Dataset-of-Gazebo-Worlds-Models-and-Maps/worlds/turtlebot3_world/model-1_4.sdf
[0.173s] -- Up-to-date: /code/install/articubot_one/share/articubot_one/worlds/Dataset-of-Gazebo-Worlds-Models-and-Maps/worlds/small_house
[0.173s] -- Up-to-date: /code/install/articubot_one/share/articubot_one/worlds/Dataset-of-Gazebo-Worlds-Models-and-Maps/worlds/small_house/small_house.zip
[0.173s] -- Up-to-date: /code/install/articubot_one/share/articubot_one/worlds/Dataset-of-Gazebo-Worlds-Models-and-Maps/worlds/small_house/small_house.jpg
[0.173s] -- Up-to-date: /code/install/articubot_one/share/articubot_one/worlds/Dataset-of-Gazebo-Worlds-Models-and-Maps/README.md
[0.174s] -- Up-to-date: /code/install/articubot_one/share/articubot_one/worlds/obstacles.sdf
[0.174s] -- Up-to-date: /code/install/articubot_one/share/articubot_one/worlds/empty.world
[0.175s] -- Up-to-date: /code/install/articubot_one/share/articubot_one/worlds/obstacles.world
[0.175s] -- Up-to-date: /code/install/articubot_one/share/ament_index/resource_index/package_run_dependencies/articubot_one
[0.175s] -- Up-to-date: /code/install/articubot_one/share/ament_index/resource_index/parent_prefix_path/articubot_one
[0.175s] -- Up-to-date: /code/install/articubot_one/share/articubot_one/environment/ament_prefix_path.sh
[0.175s] -- Up-to-date: /code/install/articubot_one/share/articubot_one/environment/ament_prefix_path.dsv
[0.175s] -- Up-to-date: /code/install/articubot_one/share/articubot_one/environment/path.sh
[0.175s] -- Up-to-date: /code/install/articubot_one/share/articubot_one/environment/path.dsv
[0.175s] -- Up-to-date: /code/install/articubot_one/share/articubot_one/local_setup.bash
[0.175s] -- Up-to-date: /code/install/articubot_one/share/articubot_one/local_setup.sh
[0.175s] -- Up-to-date: /code/install/articubot_one/share/articubot_one/local_setup.zsh
[0.175s] -- Up-to-date: /code/install/articubot_one/share/articubot_one/local_setup.dsv
[0.175s] -- Installing: /code/install/articubot_one/share/articubot_one/package.dsv
[0.175s] -- Up-to-date: /code/install/articubot_one/share/ament_index/resource_index/packages/articubot_one
[0.176s] -- Up-to-date: /code/install/articubot_one/share/articubot_one/cmake/articubot_oneConfig.cmake
[0.176s] -- Up-to-date: /code/install/articubot_one/share/articubot_one/cmake/articubot_oneConfig-version.cmake
[0.176s] -- Up-to-date: /code/install/articubot_one/share/articubot_one/package.xml
[0.176s] Invoked command in '/code/build/articubot_one' returned '0': CMAKE_PREFIX_PATH=/opt/ros/humble /usr/bin/cmake --install /code/build/articubot_one
