[0.000000] (-) TimerEvent: {}
[0.001368] (articubot_one) JobQueued: {'identifier': 'articubot_one', 'dependencies': OrderedDict()}
[0.002216] (articubot_one) JobStarted: {'identifier': 'articubot_one'}
[0.102462] (-) TimerEvent: {}
[0.126668] (articubot_one) JobProgress: {'identifier': 'articubot_one', 'progress': 'cmake'}
[0.153632] (articubot_one) JobProgress: {'identifier': 'articubot_one', 'progress': 'build'}
[0.160775] (articubot_one) Command: {'cmd': ['/usr/bin/cmake', '--build', '/code/articubot_one/build/articubot_one', '--', '-j12', '-l12'], 'cwd': '/code/articubot_one/build/articubot_one', 'env': OrderedDict([('HOSTNAME', 'a7a037cba3ff'), ('SHLVL', '1'), ('LD_LIBRARY_PATH', '/usr/lib/aarch64-linux-gnu/gazebo-11/plugins:/opt/ros/foxy/opt/yaml_cpp_vendor/lib:/opt/ros/foxy/opt/rviz_ogre_vendor/lib:/opt/ros/foxy/lib/aarch64-linux-gnu:/opt/ros/foxy/lib'), ('HOME', '/root'), ('OLDPWD', '/'), ('ROS_PYTHON_VERSION', '3'), ('COLCON_PREFIX_PATH', '/code/articubot_one/install:/code/autonomous_vaccum/install'), ('ROS_DISTRO', 'foxy'), ('_', '/usr/bin/colcon'), ('ROS_VERSION', '2'), ('TERM', 'xterm'), ('ROS_LOCALHOST_ONLY', '0'), ('PATH', '/opt/ros/foxy/bin:/usr/local/sbin:/usr/local/bin:/usr/sbin:/usr/bin:/sbin:/bin'), ('DISPLAY', '10.22.48.243:0.0'), ('LANG', 'en_US.UTF-8'), ('AMENT_PREFIX_PATH', '/code/articubot_one/install/articubot_one:/code/autonomous_vaccum/install/my_bot:/opt/ros/foxy'), ('DEBIAN_FRONTEND', 'noninteractive'), ('PWD', '/code/articubot_one/build/articubot_one'), ('PYTHONPATH', '/opt/ros/foxy/lib/python3.8/site-packages'), ('COLCON', '1'), ('CMAKE_PREFIX_PATH', '/code/articubot_one/install/articubot_one:/code/autonomous_vaccum/install/my_bot:/opt/ros/foxy')]), 'shell': False}
[0.204123] (-) TimerEvent: {}
[0.304967] (-) TimerEvent: {}
[0.341550] (articubot_one) CommandEnded: {'returncode': 0}
[0.365669] (articubot_one) JobProgress: {'identifier': 'articubot_one', 'progress': 'install'}
[0.387963] (articubot_one) Command: {'cmd': ['/usr/bin/cmake', '--install', '/code/articubot_one/build/articubot_one'], 'cwd': '/code/articubot_one/build/articubot_one', 'env': OrderedDict([('HOSTNAME', 'a7a037cba3ff'), ('SHLVL', '1'), ('LD_LIBRARY_PATH', '/usr/lib/aarch64-linux-gnu/gazebo-11/plugins:/opt/ros/foxy/opt/yaml_cpp_vendor/lib:/opt/ros/foxy/opt/rviz_ogre_vendor/lib:/opt/ros/foxy/lib/aarch64-linux-gnu:/opt/ros/foxy/lib'), ('HOME', '/root'), ('OLDPWD', '/'), ('ROS_PYTHON_VERSION', '3'), ('COLCON_PREFIX_PATH', '/code/articubot_one/install:/code/autonomous_vaccum/install'), ('ROS_DISTRO', 'foxy'), ('_', '/usr/bin/colcon'), ('ROS_VERSION', '2'), ('TERM', 'xterm'), ('ROS_LOCALHOST_ONLY', '0'), ('PATH', '/opt/ros/foxy/bin:/usr/local/sbin:/usr/local/bin:/usr/sbin:/usr/bin:/sbin:/bin'), ('DISPLAY', '10.22.48.243:0.0'), ('LANG', 'en_US.UTF-8'), ('AMENT_PREFIX_PATH', '/code/articubot_one/install/articubot_one:/code/autonomous_vaccum/install/my_bot:/opt/ros/foxy'), ('DEBIAN_FRONTEND', 'noninteractive'), ('PWD', '/code/articubot_one/build/articubot_one'), ('PYTHONPATH', '/opt/ros/foxy/lib/python3.8/site-packages'), ('COLCON', '1'), ('CMAKE_PREFIX_PATH', '/code/articubot_one/install/articubot_one:/code/autonomous_vaccum/install/my_bot:/opt/ros/foxy')]), 'shell': False}
[0.403901] (articubot_one) StdoutLine: {'line': b'-- Install configuration: ""\n'}
[0.412630] (-) TimerEvent: {}
[0.413070] (articubot_one) StdoutLine: {'line': b'-- Up-to-date: /code/articubot_one/install/articubot_one/share/articubot_one/config\n'}
[0.436798] (articubot_one) StdoutLine: {'line': b'-- Up-to-date: /code/articubot_one/install/articubot_one/share/articubot_one/config/drive_bot.rviz\n'}
[0.452326] (articubot_one) StdoutLine: {'line': b'-- Up-to-date: /code/articubot_one/install/articubot_one/share/articubot_one/config/empty.yaml\n'}
[0.471359] (articubot_one) StdoutLine: {'line': b'-- Up-to-date: /code/articubot_one/install/articubot_one/share/articubot_one/config/gaz_ros2_ctl_use_sim.yaml\n'}
[0.489431] (articubot_one) StdoutLine: {'line': b'-- Up-to-date: /code/articubot_one/install/articubot_one/share/articubot_one/config/joystick.yaml\n'}
[0.505269] (articubot_one) StdoutLine: {'line': b'-- Up-to-date: /code/articubot_one/install/articubot_one/share/articubot_one/config/main.rviz\n'}
[0.513237] (-) TimerEvent: {}
[0.525817] (articubot_one) StdoutLine: {'line': b'-- Up-to-date: /code/articubot_one/install/articubot_one/share/articubot_one/config/map.rviz\n'}
[0.543473] (articubot_one) StdoutLine: {'line': b'-- Up-to-date: /code/articubot_one/install/articubot_one/share/articubot_one/config/my_controllers.yaml\n'}
[0.560102] (articubot_one) StdoutLine: {'line': b'-- Up-to-date: /code/articubot_one/install/articubot_one/share/articubot_one/config/twist_mux.yaml\n'}
[0.579778] (articubot_one) StdoutLine: {'line': b'-- Up-to-date: /code/articubot_one/install/articubot_one/share/articubot_one/config/view_bot.rviz\n'}
[0.594594] (articubot_one) StdoutLine: {'line': b'-- Up-to-date: /code/articubot_one/install/articubot_one/share/articubot_one/description\n'}
[0.614632] (-) TimerEvent: {}
[0.620840] (articubot_one) StdoutLine: {'line': b'-- Up-to-date: /code/articubot_one/install/articubot_one/share/articubot_one/description/camera.xacro\n'}
[0.641221] (articubot_one) StdoutLine: {'line': b'-- Up-to-date: /code/articubot_one/install/articubot_one/share/articubot_one/description/depth_camera.xacro\n'}
[0.659854] (articubot_one) StdoutLine: {'line': b'-- Up-to-date: /code/articubot_one/install/articubot_one/share/articubot_one/description/face.xacro\n'}
[0.678353] (articubot_one) StdoutLine: {'line': b'-- Up-to-date: /code/articubot_one/install/articubot_one/share/articubot_one/description/gazebo_control.xacro\n'}
[0.695088] (articubot_one) StdoutLine: {'line': b'-- Up-to-date: /code/articubot_one/install/articubot_one/share/articubot_one/description/inertial_macros.xacro\n'}
[0.712848] (articubot_one) StdoutLine: {'line': b'-- Up-to-date: /code/articubot_one/install/articubot_one/share/articubot_one/description/lidar.xacro\n'}
[0.714807] (-) TimerEvent: {}
[0.731121] (articubot_one) StdoutLine: {'line': b'-- Up-to-date: /code/articubot_one/install/articubot_one/share/articubot_one/description/robot.urdf.xacro\n'}
[0.748903] (articubot_one) StdoutLine: {'line': b'-- Up-to-date: /code/articubot_one/install/articubot_one/share/articubot_one/description/robot_core.xacro\n'}
[0.765719] (articubot_one) StdoutLine: {'line': b'-- Up-to-date: /code/articubot_one/install/articubot_one/share/articubot_one/description/ros2_control.xacro\n'}
[0.777433] (articubot_one) StdoutLine: {'line': b'-- Up-to-date: /code/articubot_one/install/articubot_one/share/articubot_one/launch\n'}
[0.801132] (articubot_one) StdoutLine: {'line': b'-- Up-to-date: /code/articubot_one/install/articubot_one/share/articubot_one/launch/ball_tracker.launch.py\n'}
[0.815861] (-) TimerEvent: {}
[0.819377] (articubot_one) StdoutLine: {'line': b'-- Up-to-date: /code/articubot_one/install/articubot_one/share/articubot_one/launch/camera.launch.py\n'}
[0.837539] (articubot_one) StdoutLine: {'line': b'-- Up-to-date: /code/articubot_one/install/articubot_one/share/articubot_one/launch/joystick.launch.py\n'}
[0.857200] (articubot_one) StdoutLine: {'line': b'-- Up-to-date: /code/articubot_one/install/articubot_one/share/articubot_one/launch/launch_robot.launch.py\n'}
[0.876338] (articubot_one) StdoutLine: {'line': b'-- Up-to-date: /code/articubot_one/install/articubot_one/share/articubot_one/launch/launch_sim.launch.py\n'}
[0.894327] (articubot_one) StdoutLine: {'line': b'-- Up-to-date: /code/articubot_one/install/articubot_one/share/articubot_one/launch/rplidar.launch.py\n'}
[0.910601] (articubot_one) StdoutLine: {'line': b'-- Up-to-date: /code/articubot_one/install/articubot_one/share/articubot_one/launch/rsp.launch.py\n'}
[0.916373] (-) TimerEvent: {}
[0.926496] (articubot_one) StdoutLine: {'line': b'-- Up-to-date: /code/articubot_one/install/articubot_one/share/articubot_one/worlds\n'}
[0.953778] (articubot_one) StdoutLine: {'line': b'-- Up-to-date: /code/articubot_one/install/articubot_one/share/articubot_one/worlds/empty.world\n'}
[0.974184] (articubot_one) StdoutLine: {'line': b'-- Up-to-date: /code/articubot_one/install/articubot_one/share/articubot_one/worlds/obstacles.world\n'}
[1.015425] (articubot_one) StdoutLine: {'line': b'-- Up-to-date: /code/articubot_one/install/articubot_one/share/ament_index/resource_index/package_run_dependencies/articubot_one\n'}
[1.016637] (-) TimerEvent: {}
[1.060988] (articubot_one) StdoutLine: {'line': b'-- Up-to-date: /code/articubot_one/install/articubot_one/share/ament_index/resource_index/parent_prefix_path/articubot_one\n'}
[1.082197] (articubot_one) StdoutLine: {'line': b'-- Up-to-date: /code/articubot_one/install/articubot_one/share/articubot_one/environment/ament_prefix_path.sh\n'}
[1.108049] (articubot_one) StdoutLine: {'line': b'-- Up-to-date: /code/articubot_one/install/articubot_one/share/articubot_one/environment/ament_prefix_path.dsv\n'}
[1.117350] (-) TimerEvent: {}
[1.127514] (articubot_one) StdoutLine: {'line': b'-- Up-to-date: /code/articubot_one/install/articubot_one/share/articubot_one/environment/path.sh\n'}
[1.153280] (articubot_one) StdoutLine: {'line': b'-- Up-to-date: /code/articubot_one/install/articubot_one/share/articubot_one/environment/path.dsv\n'}
[1.176416] (articubot_one) StdoutLine: {'line': b'-- Up-to-date: /code/articubot_one/install/articubot_one/share/articubot_one/local_setup.bash\n'}
[1.196847] (articubot_one) StdoutLine: {'line': b'-- Up-to-date: /code/articubot_one/install/articubot_one/share/articubot_one/local_setup.sh\n'}
[1.218176] (articubot_one) StdoutLine: {'line': b'-- Up-to-date: /code/articubot_one/install/articubot_one/share/articubot_one/local_setup.zsh\n'}
[1.219365] (-) TimerEvent: {}
[1.243947] (articubot_one) StdoutLine: {'line': b'-- Up-to-date: /code/articubot_one/install/articubot_one/share/articubot_one/local_setup.dsv\n'}
[1.269076] (articubot_one) StdoutLine: {'line': b'-- Installing: /code/articubot_one/install/articubot_one/share/articubot_one/package.dsv\n'}
[1.323069] (-) TimerEvent: {}
[1.371355] (articubot_one) StdoutLine: {'line': b'-- Up-to-date: /code/articubot_one/install/articubot_one/share/ament_index/resource_index/packages/articubot_one\n'}
[1.400643] (articubot_one) StdoutLine: {'line': b'-- Up-to-date: /code/articubot_one/install/articubot_one/share/articubot_one/cmake/articubot_oneConfig.cmake\n'}
[1.422241] (articubot_one) StdoutLine: {'line': b'-- Up-to-date: /code/articubot_one/install/articubot_one/share/articubot_one/cmake/articubot_oneConfig-version.cmake\n'}
[1.423491] (-) TimerEvent: {}
[1.445785] (articubot_one) StdoutLine: {'line': b'-- Up-to-date: /code/articubot_one/install/articubot_one/share/articubot_one/package.xml\n'}
[1.460604] (articubot_one) CommandEnded: {'returncode': 0}
[1.527760] (-) TimerEvent: {}
[1.637037] (-) TimerEvent: {}
[1.743357] (-) TimerEvent: {}
[1.851650] (-) TimerEvent: {}
[1.958243] (-) TimerEvent: {}
[2.065475] (-) TimerEvent: {}
[2.166766] (-) TimerEvent: {}
[2.203409] (articubot_one) JobEnded: {'identifier': 'articubot_one', 'rc': 0}
[2.230436] (-) EventReactorShutdown: {}
