[0.000000] (-) TimerEvent: {}
[0.000838] (articubot_one) JobQueued: {'identifier': 'articubot_one', 'dependencies': OrderedDict()}
[0.001163] (articubot_one) JobStarted: {'identifier': 'articubot_one'}
[0.098032] (-) TimerEvent: {}
[0.103663] (articubot_one) JobProgress: {'identifier': 'articubot_one', 'progress': 'cmake'}
[0.138824] (articubot_one) JobProgress: {'identifier': 'articubot_one', 'progress': 'build'}
[0.147432] (articubot_one) Command: {'cmd': ['/usr/bin/cmake', '--build', '/code/articubot_one/build/articubot_one', '--', '-j12', '-l12'], 'cwd': '/code/articubot_one/build/articubot_one', 'env': OrderedDict([('HOSTNAME', 'a7a037cba3ff'), ('SHLVL', '1'), ('LD_LIBRARY_PATH', '/usr/lib/aarch64-linux-gnu/gazebo-11/plugins:/opt/ros/foxy/opt/yaml_cpp_vendor/lib:/opt/ros/foxy/opt/rviz_ogre_vendor/lib:/opt/ros/foxy/lib/aarch64-linux-gnu:/opt/ros/foxy/lib'), ('HOME', '/root'), ('OLDPWD', '/code/articubot_one'), ('ROS_PYTHON_VERSION', '3'), ('COLCON_PREFIX_PATH', '/code/articubot_one/install'), ('ROS_DISTRO', 'foxy'), ('_', '/usr/bin/colcon'), ('ROS_VERSION', '2'), ('TERM', 'xterm'), ('ROS_LOCALHOST_ONLY', '0'), ('PATH', '/opt/ros/foxy/bin:/usr/local/sbin:/usr/local/bin:/usr/sbin:/usr/bin:/sbin:/bin'), ('DISPLAY', '10.22.48.243:0.0'), ('LANG', 'en_US.UTF-8'), ('AMENT_PREFIX_PATH', '/code/articubot_one/install/articubot_one:/opt/ros/foxy'), ('DEBIAN_FRONTEND', 'noninteractive'), ('PWD', '/code/articubot_one/build/articubot_one'), ('PYTHONPATH', '/opt/ros/foxy/lib/python3.8/site-packages'), ('COLCON', '1'), ('CMAKE_PREFIX_PATH', '/code/articubot_one/install/articubot_one:/opt/ros/foxy')]), 'shell': False}
[0.198358] (-) TimerEvent: {}
[0.299707] (-) TimerEvent: {}
[0.375905] (articubot_one) CommandEnded: {'returncode': 0}
[0.400107] (-) TimerEvent: {}
[0.407786] (articubot_one) JobProgress: {'identifier': 'articubot_one', 'progress': 'install'}
[0.435963] (articubot_one) Command: {'cmd': ['/usr/bin/cmake', '--install', '/code/articubot_one/build/articubot_one'], 'cwd': '/code/articubot_one/build/articubot_one', 'env': OrderedDict([('HOSTNAME', 'a7a037cba3ff'), ('SHLVL', '1'), ('LD_LIBRARY_PATH', '/usr/lib/aarch64-linux-gnu/gazebo-11/plugins:/opt/ros/foxy/opt/yaml_cpp_vendor/lib:/opt/ros/foxy/opt/rviz_ogre_vendor/lib:/opt/ros/foxy/lib/aarch64-linux-gnu:/opt/ros/foxy/lib'), ('HOME', '/root'), ('OLDPWD', '/code/articubot_one'), ('ROS_PYTHON_VERSION', '3'), ('COLCON_PREFIX_PATH', '/code/articubot_one/install'), ('ROS_DISTRO', 'foxy'), ('_', '/usr/bin/colcon'), ('ROS_VERSION', '2'), ('TERM', 'xterm'), ('ROS_LOCALHOST_ONLY', '0'), ('PATH', '/opt/ros/foxy/bin:/usr/local/sbin:/usr/local/bin:/usr/sbin:/usr/bin:/sbin:/bin'), ('DISPLAY', '10.22.48.243:0.0'), ('LANG', 'en_US.UTF-8'), ('AMENT_PREFIX_PATH', '/code/articubot_one/install/articubot_one:/opt/ros/foxy'), ('DEBIAN_FRONTEND', 'noninteractive'), ('PWD', '/code/articubot_one/build/articubot_one'), ('PYTHONPATH', '/opt/ros/foxy/lib/python3.8/site-packages'), ('COLCON', '1'), ('CMAKE_PREFIX_PATH', '/code/articubot_one/install/articubot_one:/opt/ros/foxy')]), 'shell': False}
[0.454267] (articubot_one) StdoutLine: {'line': b'-- Install configuration: ""\n'}
[0.465413] (articubot_one) StdoutLine: {'line': b'-- Up-to-date: /code/articubot_one/install/articubot_one/share/articubot_one/config\n'}
[0.500513] (-) TimerEvent: {}
[0.501394] (articubot_one) StdoutLine: {'line': b'-- Up-to-date: /code/articubot_one/install/articubot_one/share/articubot_one/config/drive_bot.rviz\n'}
[0.533894] (articubot_one) StdoutLine: {'line': b'-- Up-to-date: /code/articubot_one/install/articubot_one/share/articubot_one/config/empty.yaml\n'}
[0.567999] (articubot_one) StdoutLine: {'line': b'-- Up-to-date: /code/articubot_one/install/articubot_one/share/articubot_one/config/gaz_ros2_ctl_use_sim.yaml\n'}
[0.600912] (-) TimerEvent: {}
[0.601650] (articubot_one) StdoutLine: {'line': b'-- Up-to-date: /code/articubot_one/install/articubot_one/share/articubot_one/config/joystick.yaml\n'}
[0.636604] (articubot_one) StdoutLine: {'line': b'-- Up-to-date: /code/articubot_one/install/articubot_one/share/articubot_one/config/main.rviz\n'}
[0.668555] (articubot_one) StdoutLine: {'line': b'-- Up-to-date: /code/articubot_one/install/articubot_one/share/articubot_one/config/map.rviz\n'}
[0.701352] (-) TimerEvent: {}
[0.702709] (articubot_one) StdoutLine: {'line': b'-- Installing: /code/articubot_one/install/articubot_one/share/articubot_one/config/mapper_params_online_async.yaml\n'}
[0.801810] (-) TimerEvent: {}
[0.830150] (articubot_one) StdoutLine: {'line': b'-- Up-to-date: /code/articubot_one/install/articubot_one/share/articubot_one/config/my_controllers.yaml\n'}
[0.855731] (articubot_one) StdoutLine: {'line': b'-- Up-to-date: /code/articubot_one/install/articubot_one/share/articubot_one/config/twist_mux.yaml\n'}
[0.884731] (articubot_one) StdoutLine: {'line': b'-- Up-to-date: /code/articubot_one/install/articubot_one/share/articubot_one/config/view_bot.rviz\n'}
[0.902151] (-) TimerEvent: {}
[0.904195] (articubot_one) StdoutLine: {'line': b'-- Up-to-date: /code/articubot_one/install/articubot_one/share/articubot_one/description\n'}
[0.941068] (articubot_one) StdoutLine: {'line': b'-- Up-to-date: /code/articubot_one/install/articubot_one/share/articubot_one/description/camera.xacro\n'}
[0.967679] (articubot_one) StdoutLine: {'line': b'-- Up-to-date: /code/articubot_one/install/articubot_one/share/articubot_one/description/depth_camera.xacro\n'}
[0.994071] (articubot_one) StdoutLine: {'line': b'-- Up-to-date: /code/articubot_one/install/articubot_one/share/articubot_one/description/face.xacro\n'}
[1.002556] (-) TimerEvent: {}
[1.025218] (articubot_one) StdoutLine: {'line': b'-- Up-to-date: /code/articubot_one/install/articubot_one/share/articubot_one/description/gazebo_control.xacro\n'}
[1.058722] (articubot_one) StdoutLine: {'line': b'-- Up-to-date: /code/articubot_one/install/articubot_one/share/articubot_one/description/inertial_macros.xacro\n'}
[1.080871] (articubot_one) StdoutLine: {'line': b'-- Up-to-date: /code/articubot_one/install/articubot_one/share/articubot_one/description/lidar.xacro\n'}
[1.102056] (articubot_one) StdoutLine: {'line': b'-- Up-to-date: /code/articubot_one/install/articubot_one/share/articubot_one/description/robot.urdf.xacro\n'}
[1.104063] (-) TimerEvent: {}
[1.146326] (articubot_one) StdoutLine: {'line': b'-- Up-to-date: /code/articubot_one/install/articubot_one/share/articubot_one/description/robot_core.xacro\n'}
[1.169331] (articubot_one) StdoutLine: {'line': b'-- Up-to-date: /code/articubot_one/install/articubot_one/share/articubot_one/description/ros2_control.xacro\n'}
[1.189295] (articubot_one) StdoutLine: {'line': b'-- Up-to-date: /code/articubot_one/install/articubot_one/share/articubot_one/launch\n'}
[1.204328] (-) TimerEvent: {}
[1.229192] (articubot_one) StdoutLine: {'line': b'-- Up-to-date: /code/articubot_one/install/articubot_one/share/articubot_one/launch/ball_tracker.launch.py\n'}
[1.256501] (articubot_one) StdoutLine: {'line': b'-- Up-to-date: /code/articubot_one/install/articubot_one/share/articubot_one/launch/camera.launch.py\n'}
[1.284821] (articubot_one) StdoutLine: {'line': b'-- Up-to-date: /code/articubot_one/install/articubot_one/share/articubot_one/launch/joystick.launch.py\n'}
[1.304652] (-) TimerEvent: {}
[1.307580] (articubot_one) StdoutLine: {'line': b'-- Up-to-date: /code/articubot_one/install/articubot_one/share/articubot_one/launch/launch_robot.launch.py\n'}
[1.333436] (articubot_one) StdoutLine: {'line': b'-- Up-to-date: /code/articubot_one/install/articubot_one/share/articubot_one/launch/launch_sim.launch.py\n'}
[1.362509] (articubot_one) StdoutLine: {'line': b'-- Up-to-date: /code/articubot_one/install/articubot_one/share/articubot_one/launch/online_async_launch.py\n'}
[1.396422] (articubot_one) StdoutLine: {'line': b'-- Up-to-date: /code/articubot_one/install/articubot_one/share/articubot_one/launch/rplidar.launch.py\n'}
[1.404967] (-) TimerEvent: {}
[1.430386] (articubot_one) StdoutLine: {'line': b'-- Up-to-date: /code/articubot_one/install/articubot_one/share/articubot_one/launch/rsp.launch.py\n'}
[1.453939] (articubot_one) StdoutLine: {'line': b'-- Up-to-date: /code/articubot_one/install/articubot_one/share/articubot_one/worlds\n'}
[1.496103] (articubot_one) StdoutLine: {'line': b'-- Up-to-date: /code/articubot_one/install/articubot_one/share/articubot_one/worlds/empty.world\n'}
[1.505157] (-) TimerEvent: {}
[1.527284] (articubot_one) StdoutLine: {'line': b'-- Up-to-date: /code/articubot_one/install/articubot_one/share/articubot_one/worlds/obstacles.world\n'}
[1.578334] (articubot_one) StdoutLine: {'line': b'-- Up-to-date: /code/articubot_one/install/articubot_one/share/ament_index/resource_index/package_run_dependencies/articubot_one\n'}
[1.605403] (-) TimerEvent: {}
[1.637961] (articubot_one) StdoutLine: {'line': b'-- Up-to-date: /code/articubot_one/install/articubot_one/share/ament_index/resource_index/parent_prefix_path/articubot_one\n'}
[1.670870] (articubot_one) StdoutLine: {'line': b'-- Up-to-date: /code/articubot_one/install/articubot_one/share/articubot_one/environment/ament_prefix_path.sh\n'}
[1.705678] (-) TimerEvent: {}
[1.707352] (articubot_one) StdoutLine: {'line': b'-- Up-to-date: /code/articubot_one/install/articubot_one/share/articubot_one/environment/ament_prefix_path.dsv\n'}
[1.734113] (articubot_one) StdoutLine: {'line': b'-- Up-to-date: /code/articubot_one/install/articubot_one/share/articubot_one/environment/path.sh\n'}
[1.767453] (articubot_one) StdoutLine: {'line': b'-- Up-to-date: /code/articubot_one/install/articubot_one/share/articubot_one/environment/path.dsv\n'}
[1.799965] (articubot_one) StdoutLine: {'line': b'-- Up-to-date: /code/articubot_one/install/articubot_one/share/articubot_one/local_setup.bash\n'}
[1.805979] (-) TimerEvent: {}
[1.833156] (articubot_one) StdoutLine: {'line': b'-- Up-to-date: /code/articubot_one/install/articubot_one/share/articubot_one/local_setup.sh\n'}
[1.868042] (articubot_one) StdoutLine: {'line': b'-- Up-to-date: /code/articubot_one/install/articubot_one/share/articubot_one/local_setup.zsh\n'}
[1.904831] (articubot_one) StdoutLine: {'line': b'-- Up-to-date: /code/articubot_one/install/articubot_one/share/articubot_one/local_setup.dsv\n'}
[1.905990] (-) TimerEvent: {}
[1.933153] (articubot_one) StdoutLine: {'line': b'-- Installing: /code/articubot_one/install/articubot_one/share/articubot_one/package.dsv\n'}
[2.006208] (-) TimerEvent: {}
[2.046430] (articubot_one) StdoutLine: {'line': b'-- Up-to-date: /code/articubot_one/install/articubot_one/share/ament_index/resource_index/packages/articubot_one\n'}
[2.091286] (articubot_one) StdoutLine: {'line': b'-- Up-to-date: /code/articubot_one/install/articubot_one/share/articubot_one/cmake/articubot_oneConfig.cmake\n'}
[2.106555] (-) TimerEvent: {}
[2.121847] (articubot_one) StdoutLine: {'line': b'-- Up-to-date: /code/articubot_one/install/articubot_one/share/articubot_one/cmake/articubot_oneConfig-version.cmake\n'}
[2.156734] (articubot_one) StdoutLine: {'line': b'-- Up-to-date: /code/articubot_one/install/articubot_one/share/articubot_one/package.xml\n'}
[2.182402] (articubot_one) CommandEnded: {'returncode': 0}
[2.206998] (-) TimerEvent: {}
[2.310944] (-) TimerEvent: {}
[2.419065] (-) TimerEvent: {}
[2.520089] (-) TimerEvent: {}
[2.621016] (-) TimerEvent: {}
[2.721921] (-) TimerEvent: {}
[2.822920] (-) TimerEvent: {}
[2.923823] (-) TimerEvent: {}
[3.025128] (-) TimerEvent: {}
[3.126262] (-) TimerEvent: {}
[3.130367] (articubot_one) JobEnded: {'identifier': 'articubot_one', 'rc': 0}
[3.150181] (-) EventReactorShutdown: {}
