[0.074s] Invoking command in '/code/build/articubot_one': CMAKE_PREFIX_PATH=${CMAKE_PREFIX_PATH}:/opt/ros/humble /usr/bin/cmake /code/src/articubot_one -DAMENT_CMAKE_SYMLINK_INSTALL=1 -DCMAKE_INSTALL_PREFIX=/code/install/articubot_one
[0.233s] -- Found ament_cmake: 1.3.12 (/opt/ros/humble/share/ament_cmake/cmake)
[0.573s] -- Override CMake install command with custom implementation using symlinks instead of copying resources
[0.654s] -- Found ament_lint_auto: 0.12.14 (/opt/ros/humble/share/ament_lint_auto/cmake)
[0.834s] -- Added test 'copyright' to check source files copyright and LICENSE
[0.877s] -- Added test 'flake8' to check Python code syntax and style conventions
[0.880s] -- Added test 'lint_cmake' to check CMake code style
[0.882s] -- Added test 'pep257' to check Python code against some of the docstring style conventions in PEP 257
[0.896s] -- Added test 'xmllint' to check XML markup files
[0.905s] -- Configuring done
[0.975s] -- Generating done
[0.994s] -- Build files have been written to: /code/build/articubot_one
[1.015s] Invoked command in '/code/build/articubot_one' returned '0': CMAKE_PREFIX_PATH=${CMAKE_PREFIX_PATH}:/opt/ros/humble /usr/bin/cmake /code/src/articubot_one -DAMENT_CMAKE_SYMLINK_INSTALL=1 -DCMAKE_INSTALL_PREFIX=/code/install/articubot_one
[1.015s] Invoking command in '/code/build/articubot_one': CMAKE_PREFIX_PATH=${CMAKE_PREFIX_PATH}:/opt/ros/humble /usr/bin/cmake --build /code/build/articubot_one -- -j12 -l12
[1.097s] Invoked command in '/code/build/articubot_one' returned '0': CMAKE_PREFIX_PATH=${CMAKE_PREFIX_PATH}:/opt/ros/humble /usr/bin/cmake --build /code/build/articubot_one -- -j12 -l12
[1.116s] Invoking command in '/code/build/articubot_one': CMAKE_PREFIX_PATH=${CMAKE_PREFIX_PATH}:/opt/ros/humble /usr/bin/cmake --install /code/build/articubot_one
[1.129s] -- Install configuration: ""
[1.130s] -- Execute custom install script
[1.131s] -- Symlinking: /code/install/articubot_one/share/articubot_one/config/ball_tracker_params_robot.yaml
[1.147s] -- Symlinking: /code/install/articubot_one/share/articubot_one/config/ball_tracker_params_sim.yaml
[1.163s] -- Symlinking: /code/install/articubot_one/share/articubot_one/config/drive_bot.rviz
[1.179s] -- Symlinking: /code/install/articubot_one/share/articubot_one/config/empty.yaml
[1.187s] -- Symlinking: /code/install/articubot_one/share/articubot_one/config/gaz_ros2_ctl_use_sim.yaml
[1.201s] -- Symlinking: /code/install/articubot_one/share/articubot_one/config/gazebo_params.yaml
[1.216s] -- Symlinking: /code/install/articubot_one/share/articubot_one/config/joystick.yaml
[1.229s] -- Symlinking: /code/install/articubot_one/share/articubot_one/config/main.rviz
[1.244s] -- Symlinking: /code/install/articubot_one/share/articubot_one/config/map.rviz
[1.256s] -- Symlinking: /code/install/articubot_one/share/articubot_one/config/mapper_params_online_async.yaml
[1.271s] -- Symlinking: /code/install/articubot_one/share/articubot_one/config/my_controllers.yaml
[1.279s] -- Symlinking: /code/install/articubot_one/share/articubot_one/config/nav2_params.yaml
[1.293s] -- Symlinking: /code/install/articubot_one/share/articubot_one/config/twist_mux.yaml
[1.306s] -- Symlinking: /code/install/articubot_one/share/articubot_one/config/view_bot.rviz
[1.320s] -- Symlinking: /code/install/articubot_one/share/articubot_one/description/.lidar.xacro.swp
[1.344s] -- Symlinking: /code/install/articubot_one/share/articubot_one/description/camera.xacro
[1.359s] -- Symlinking: /code/install/articubot_one/share/articubot_one/description/depth_camera.xacro
[1.375s] -- Symlinking: /code/install/articubot_one/share/articubot_one/description/face.xacro
[1.389s] -- Symlinking: /code/install/articubot_one/share/articubot_one/description/gazebo_control.xacro
[1.401s] -- Symlinking: /code/install/articubot_one/share/articubot_one/description/inertial_macros.xacro
[1.415s] -- Symlinking: /code/install/articubot_one/share/articubot_one/description/lidar.xacro
[1.429s] -- Symlinking: /code/install/articubot_one/share/articubot_one/description/robot.urdf.xacro
[1.446s] -- Symlinking: /code/install/articubot_one/share/articubot_one/description/robot_core.xacro
[1.458s] -- Symlinking: /code/install/articubot_one/share/articubot_one/description/ros2_control.xacro
[1.471s] -- Symlinking: /code/install/articubot_one/share/articubot_one/launch/.launch_sim.launch.py.swp
[1.488s] -- Symlinking: /code/install/articubot_one/share/articubot_one/launch/ball_tracker.launch.py
[1.500s] -- Symlinking: /code/install/articubot_one/share/articubot_one/launch/camera.launch.py
[1.510s] -- Symlinking: /code/install/articubot_one/share/articubot_one/launch/joystick.launch.py
[1.525s] -- Symlinking: /code/install/articubot_one/share/articubot_one/launch/launch_robot.launch.py
[1.537s] -- Symlinking: /code/install/articubot_one/share/articubot_one/launch/launch_sim.launch.py
[1.554s] -- Symlinking: /code/install/articubot_one/share/articubot_one/launch/localization_launch.py
[1.567s] -- Symlinking: /code/install/articubot_one/share/articubot_one/launch/navigation_launch.py
[1.576s] -- Symlinking: /code/install/articubot_one/share/articubot_one/launch/online_async_launch.py
[1.589s] -- Symlinking: /code/install/articubot_one/share/articubot_one/launch/rplidar.launch.py
[1.600s] -- Symlinking: /code/install/articubot_one/share/articubot_one/launch/rsp.launch.py
[1.610s] -- Symlinking: /code/install/articubot_one/share/articubot_one/worlds/empty.world
[1.627s] -- Symlinking: /code/install/articubot_one/share/articubot_one/worlds/obstacles.sdf
[1.638s] -- Symlinking: /code/install/articubot_one/share/ament_index/resource_index/package_run_dependencies/articubot_one
[1.654s] -- Symlinking: /code/install/articubot_one/share/ament_index/resource_index/parent_prefix_path/articubot_one
[1.671s] -- Symlinking: /code/install/articubot_one/share/articubot_one/environment/ament_prefix_path.sh
[1.684s] -- Symlinking: /code/install/articubot_one/share/articubot_one/environment/ament_prefix_path.dsv
[1.694s] -- Symlinking: /code/install/articubot_one/share/articubot_one/environment/path.sh
[1.704s] -- Symlinking: /code/install/articubot_one/share/articubot_one/environment/path.dsv
[1.718s] -- Symlinking: /code/install/articubot_one/share/articubot_one/local_setup.bash
[1.731s] -- Symlinking: /code/install/articubot_one/share/articubot_one/local_setup.sh
[1.744s] -- Symlinking: /code/install/articubot_one/share/articubot_one/local_setup.zsh
[1.759s] -- Symlinking: /code/install/articubot_one/share/articubot_one/local_setup.dsv
[1.769s] -- Symlinking: /code/install/articubot_one/share/articubot_one/package.dsv
[1.783s] -- Symlinking: /code/install/articubot_one/share/ament_index/resource_index/packages/articubot_one
[1.795s] -- Symlinking: /code/install/articubot_one/share/articubot_one/cmake/articubot_oneConfig.cmake
[1.818s] -- Symlinking: /code/install/articubot_one/share/articubot_one/cmake/articubot_oneConfig-version.cmake
[1.826s] -- Symlinking: /code/install/articubot_one/share/articubot_one/package.xml
[1.839s] Invoked command in '/code/build/articubot_one' returned '0': CMAKE_PREFIX_PATH=${CMAKE_PREFIX_PATH}:/opt/ros/humble /usr/bin/cmake --install /code/build/articubot_one
