[0.179s] DEBUG:colcon:Command line arguments: ['/usr/bin/colcon', 'build']
[0.180s] DEBUG:colcon:Parsed command line arguments: Namespace(allow_overriding=[], ament_cmake_args=None, base_paths=['.'], build_base='build', catkin_cmake_args=None, catkin_skip_building_tests=False, cmake_args=None, cmake_clean_cache=False, cmake_clean_first=False, cmake_force_configure=False, cmake_target=None, cmake_target_skip_unavailable=False, continue_on_error=False, event_handlers=None, executor='parallel', ignore_user_meta=False, install_base='install', log_base=None, log_level=None, main=<bound method BuildVerb.main of <colcon_core.verb.build.BuildVerb object at 0xf0e5cf9a1880>>, merge_install=False, metas=['./colcon.meta'], packages_above=None, packages_above_and_dependencies=None, packages_above_depth=None, packages_end=None, packages_ignore=None, packages_ignore_regex=None, packages_select=None, packages_select_build_failed=False, packages_select_by_dep=None, packages_select_regex=None, packages_select_test_failures=False, packages_skip=None, packages_skip_build_finished=False, packages_skip_by_dep=None, packages_skip_regex=None, packages_skip_test_passed=False, packages_skip_up_to=None, packages_start=None, packages_up_to=None, packages_up_to_regex=None, parallel_workers=12, paths=None, symlink_install=False, test_result_base=None, verb_extension=<colcon_core.verb.build.BuildVerb object at 0xf0e5cf9a1880>, verb_name='build', verb_parser=<colcon_defaults.argument_parser.defaults.DefaultArgumentsDecorator object at 0xf0e5cf9d1340>)
[0.325s] Level 1:colcon.colcon_core.package_discovery:discover_packages(colcon_meta) check parameters
[0.327s] Level 1:colcon.colcon_core.package_discovery:discover_packages(recursive) check parameters
[0.327s] Level 1:colcon.colcon_core.package_discovery:discover_packages(ignore) check parameters
[0.328s] Level 1:colcon.colcon_core.package_discovery:discover_packages(path) check parameters
[0.328s] Level 1:colcon.colcon_core.package_discovery:discover_packages(colcon_meta) discover
[0.329s] Level 1:colcon.colcon_core.package_discovery:discover_packages(recursive) discover
[0.329s] INFO:colcon.colcon_core.package_discovery:Crawling recursively for packages in '/code/articubot_one'
[0.334s] Level 1:colcon.colcon_core.package_identification:_identify(.) by extensions ['ignore', 'ignore_ament_install']
[0.335s] Level 1:colcon.colcon_core.package_identification:_identify(.) by extension 'ignore'
[0.335s] Level 1:colcon.colcon_core.package_identification:_identify(.) by extension 'ignore_ament_install'
[0.337s] Level 1:colcon.colcon_core.package_identification:_identify(.) by extensions ['colcon_pkg']
[0.337s] Level 1:colcon.colcon_core.package_identification:_identify(.) by extension 'colcon_pkg'
[0.338s] Level 1:colcon.colcon_core.package_identification:_identify(.) by extensions ['colcon_meta']
[0.338s] Level 1:colcon.colcon_core.package_identification:_identify(.) by extension 'colcon_meta'
[0.339s] Level 1:colcon.colcon_core.package_identification:_identify(.) by extensions ['ros']
[0.339s] Level 1:colcon.colcon_core.package_identification:_identify(.) by extension 'ros'
[0.365s] DEBUG:colcon.colcon_core.package_identification:Package '.' with type 'ros.ament_cmake' and name 'articubot_one'
[0.365s] Level 1:colcon.colcon_core.package_discovery:discover_packages(recursive) using defaults
[0.366s] Level 1:colcon.colcon_core.package_discovery:discover_packages(ignore) discover
[0.366s] Level 1:colcon.colcon_core.package_discovery:discover_packages(ignore) using defaults
[0.366s] Level 1:colcon.colcon_core.package_discovery:discover_packages(path) discover
[0.366s] Level 1:colcon.colcon_core.package_discovery:discover_packages(path) using defaults
[0.387s] Level 1:colcon.colcon_core.package_discovery:discover_packages(prefix_path) check parameters
[0.387s] Level 1:colcon.colcon_core.package_discovery:discover_packages(prefix_path) discover
[0.443s] DEBUG:colcon.colcon_installed_package_information.package_discovery:Found 1 installed packages in /code/articubot_one/install
[0.446s] DEBUG:colcon.colcon_installed_package_information.package_discovery:Found 332 installed packages in /opt/ros/foxy
[0.448s] Level 1:colcon.colcon_core.package_discovery:discover_packages(prefix_path) using defaults
[0.538s] Level 5:colcon.colcon_core.verb:set package 'articubot_one' build argument 'cmake_args' from command line to 'None'
[0.538s] Level 5:colcon.colcon_core.verb:set package 'articubot_one' build argument 'cmake_target' from command line to 'None'
[0.539s] Level 5:colcon.colcon_core.verb:set package 'articubot_one' build argument 'cmake_target_skip_unavailable' from command line to 'False'
[0.539s] Level 5:colcon.colcon_core.verb:set package 'articubot_one' build argument 'cmake_clean_cache' from command line to 'False'
[0.539s] Level 5:colcon.colcon_core.verb:set package 'articubot_one' build argument 'cmake_clean_first' from command line to 'False'
[0.540s] Level 5:colcon.colcon_core.verb:set package 'articubot_one' build argument 'cmake_force_configure' from command line to 'False'
[0.540s] Level 5:colcon.colcon_core.verb:set package 'articubot_one' build argument 'ament_cmake_args' from command line to 'None'
[0.540s] Level 5:colcon.colcon_core.verb:set package 'articubot_one' build argument 'catkin_cmake_args' from command line to 'None'
[0.540s] Level 5:colcon.colcon_core.verb:set package 'articubot_one' build argument 'catkin_skip_building_tests' from command line to 'False'
[0.540s] DEBUG:colcon.colcon_core.verb:Building package 'articubot_one' with the following arguments: {'ament_cmake_args': None, 'build_base': '/code/articubot_one/build/articubot_one', 'catkin_cmake_args': None, 'catkin_skip_building_tests': False, 'cmake_args': None, 'cmake_clean_cache': False, 'cmake_clean_first': False, 'cmake_force_configure': False, 'cmake_target': None, 'cmake_target_skip_unavailable': False, 'install_base': '/code/articubot_one/install/articubot_one', 'merge_install': False, 'path': '/code/articubot_one', 'symlink_install': False, 'test_result_base': None}
[0.541s] INFO:colcon.colcon_core.executor:Executing jobs using 'parallel' executor
[0.543s] DEBUG:colcon.colcon_parallel_executor.executor.parallel:run_until_complete
[0.543s] INFO:colcon.colcon_ros.task.ament_cmake.build:Building ROS package in '/code/articubot_one' with build type 'ament_cmake'
[0.543s] INFO:colcon.colcon_cmake.task.cmake.build:Building CMake package in '/code/articubot_one'
[0.546s] INFO:colcon.colcon_core.plugin_system:Skipping extension 'colcon_core.shell.bat': Not used on non-Windows systems
[0.546s] INFO:colcon.colcon_core.shell:Skip shell extension 'powershell' for command environment: Not usable outside of PowerShell
[0.546s] DEBUG:colcon.colcon_core.shell:Skip shell extension 'dsv' for command environment
[0.677s] DEBUG:colcon.colcon_core.event_handler.log_command:Invoking command in '/code/articubot_one/build/articubot_one': CMAKE_PREFIX_PATH=${CMAKE_PREFIX_PATH}:/opt/ros/foxy /usr/bin/cmake --build /code/articubot_one/build/articubot_one -- -j12 -l12
[0.875s] DEBUG:colcon.colcon_core.event_handler.log_command:Invoked command in '/code/articubot_one/build/articubot_one' returned '0': CMAKE_PREFIX_PATH=${CMAKE_PREFIX_PATH}:/opt/ros/foxy /usr/bin/cmake --build /code/articubot_one/build/articubot_one -- -j12 -l12
[0.920s] DEBUG:colcon.colcon_core.event_handler.log_command:Invoking command in '/code/articubot_one/build/articubot_one': CMAKE_PREFIX_PATH=${CMAKE_PREFIX_PATH}:/opt/ros/foxy /usr/bin/cmake --install /code/articubot_one/build/articubot_one
[1.932s] Level 1:colcon.colcon_core.environment:create_environment_scripts_only(articubot_one)
[1.937s] Level 1:colcon.colcon_core.environment:checking '/code/articubot_one/install/articubot_one' for CMake module files
[1.941s] DEBUG:colcon.colcon_core.event_handler.log_command:Invoked command in '/code/articubot_one/build/articubot_one' returned '0': CMAKE_PREFIX_PATH=${CMAKE_PREFIX_PATH}:/opt/ros/foxy /usr/bin/cmake --install /code/articubot_one/build/articubot_one
[2.013s] Level 1:colcon.colcon_core.environment:checking '/code/articubot_one/install/articubot_one' for CMake config files
[2.049s] Level 1:colcon.colcon_core.shell:create_environment_hook('articubot_one', 'cmake_prefix_path')
[2.050s] INFO:colcon.colcon_core.shell:Creating environment hook '/code/articubot_one/install/articubot_one/share/articubot_one/hook/cmake_prefix_path.ps1'
[2.067s] INFO:colcon.colcon_core.shell:Creating environment descriptor '/code/articubot_one/install/articubot_one/share/articubot_one/hook/cmake_prefix_path.dsv'
[2.086s] INFO:colcon.colcon_core.shell:Creating environment hook '/code/articubot_one/install/articubot_one/share/articubot_one/hook/cmake_prefix_path.sh'
[2.106s] Level 1:colcon.colcon_core.environment:checking '/code/articubot_one/install/articubot_one/bin'
[2.107s] Level 1:colcon.colcon_core.environment:checking '/code/articubot_one/install/articubot_one/lib/pkgconfig/articubot_one.pc'
[2.108s] Level 1:colcon.colcon_core.environment:checking '/code/articubot_one/install/articubot_one/lib/python3.8/site-packages'
[2.108s] Level 1:colcon.colcon_core.environment:checking '/code/articubot_one/install/articubot_one/bin'
[2.109s] INFO:colcon.colcon_core.shell:Creating package script '/code/articubot_one/install/articubot_one/share/articubot_one/package.ps1'
[2.119s] INFO:colcon.colcon_core.shell:Creating package descriptor '/code/articubot_one/install/articubot_one/share/articubot_one/package.dsv'
[2.129s] INFO:colcon.colcon_core.shell:Creating package script '/code/articubot_one/install/articubot_one/share/articubot_one/package.sh'
[2.140s] INFO:colcon.colcon_core.shell:Creating package script '/code/articubot_one/install/articubot_one/share/articubot_one/package.bash'
[2.149s] INFO:colcon.colcon_core.shell:Creating package script '/code/articubot_one/install/articubot_one/share/articubot_one/package.zsh'
[2.158s] Level 1:colcon.colcon_core.environment:create_file_with_runtime_dependencies(/code/articubot_one/install/articubot_one/share/colcon-core/packages/articubot_one)
[2.203s] Level 1:colcon.colcon_core.environment:create_environment_scripts_only(articubot_one)
[2.203s] Level 1:colcon.colcon_core.environment:checking '/code/articubot_one/install/articubot_one' for CMake module files
[2.273s] Level 1:colcon.colcon_core.environment:checking '/code/articubot_one/install/articubot_one' for CMake config files
[2.349s] Level 1:colcon.colcon_core.shell:create_environment_hook('articubot_one', 'cmake_prefix_path')
[2.350s] INFO:colcon.colcon_core.shell:Creating environment hook '/code/articubot_one/install/articubot_one/share/articubot_one/hook/cmake_prefix_path.ps1'
[2.370s] INFO:colcon.colcon_core.shell:Creating environment descriptor '/code/articubot_one/install/articubot_one/share/articubot_one/hook/cmake_prefix_path.dsv'
[2.390s] INFO:colcon.colcon_core.shell:Creating environment hook '/code/articubot_one/install/articubot_one/share/articubot_one/hook/cmake_prefix_path.sh'
[2.418s] Level 1:colcon.colcon_core.environment:checking '/code/articubot_one/install/articubot_one/bin'
[2.420s] Level 1:colcon.colcon_core.environment:checking '/code/articubot_one/install/articubot_one/lib/pkgconfig/articubot_one.pc'
[2.421s] Level 1:colcon.colcon_core.environment:checking '/code/articubot_one/install/articubot_one/lib/python3.8/site-packages'
[2.422s] Level 1:colcon.colcon_core.environment:checking '/code/articubot_one/install/articubot_one/bin'
[2.423s] INFO:colcon.colcon_core.shell:Creating package script '/code/articubot_one/install/articubot_one/share/articubot_one/package.ps1'
[2.440s] INFO:colcon.colcon_core.shell:Creating package descriptor '/code/articubot_one/install/articubot_one/share/articubot_one/package.dsv'
[2.459s] INFO:colcon.colcon_core.shell:Creating package script '/code/articubot_one/install/articubot_one/share/articubot_one/package.sh'
[2.479s] INFO:colcon.colcon_core.shell:Creating package script '/code/articubot_one/install/articubot_one/share/articubot_one/package.bash'
[2.489s] INFO:colcon.colcon_core.shell:Creating package script '/code/articubot_one/install/articubot_one/share/articubot_one/package.zsh'
[2.503s] Level 1:colcon.colcon_core.environment:create_file_with_runtime_dependencies(/code/articubot_one/install/articubot_one/share/colcon-core/packages/articubot_one)
[2.515s] DEBUG:colcon.colcon_parallel_executor.executor.parallel:closing loop
[2.516s] DEBUG:colcon.colcon_parallel_executor.executor.parallel:loop closed
[2.517s] DEBUG:colcon.colcon_parallel_executor.executor.parallel:run_until_complete finished with '0'
[2.517s] DEBUG:colcon.colcon_core.event_reactor:joining thread
[2.553s] INFO:colcon.colcon_core.plugin_system:Skipping extension 'colcon_notification.desktop_notification.notify_send': Could not find 'notify-send'
[2.554s] INFO:colcon.colcon_core.plugin_system:Skipping extension 'colcon_notification.desktop_notification.terminal_notifier': Not used on non-Darwin systems
[2.554s] INFO:colcon.colcon_core.plugin_system:Skipping extension 'colcon_notification.desktop_notification.win32': Not used on non-Windows systems
[2.555s] INFO:colcon.colcon_notification.desktop_notification:Sending desktop notification using 'notify2'
[2.561s] DEBUG:colcon.colcon_notification.desktop_notification.notify2:Failed to initialize notify2: org.freedesktop.DBus.Error.Spawn.ExecFailed: /usr/bin/dbus-launch terminated abnormally without any error message
[2.562s] DEBUG:colcon.colcon_core.event_reactor:joined thread
[2.563s] INFO:colcon.colcon_core.shell:Creating prefix script '/code/articubot_one/install/local_setup.ps1'
[2.569s] INFO:colcon.colcon_core.shell:Creating prefix util module '/code/articubot_one/install/_local_setup_util_ps1.py'
[2.576s] INFO:colcon.colcon_core.shell:Creating prefix chain script '/code/articubot_one/install/setup.ps1'
[2.598s] INFO:colcon.colcon_core.shell:Creating prefix script '/code/articubot_one/install/local_setup.sh'
[2.605s] INFO:colcon.colcon_core.shell:Creating prefix util module '/code/articubot_one/install/_local_setup_util_sh.py'
[2.612s] INFO:colcon.colcon_core.shell:Creating prefix chain script '/code/articubot_one/install/setup.sh'
[2.630s] INFO:colcon.colcon_core.shell:Creating prefix script '/code/articubot_one/install/local_setup.bash'
[2.636s] INFO:colcon.colcon_core.shell:Creating prefix chain script '/code/articubot_one/install/setup.bash'
[2.653s] INFO:colcon.colcon_core.shell:Creating prefix script '/code/articubot_one/install/local_setup.zsh'
[2.660s] INFO:colcon.colcon_core.shell:Creating prefix chain script '/code/articubot_one/install/setup.zsh'
