[0.122s] Invoking command in '/code/articubot_one/build/articubot_one': CMAKE_PREFIX_PATH=${CMAKE_PREFIX_PATH}:/opt/ros/foxy /usr/bin/cmake --build /code/articubot_one/build/articubot_one -- -j12 -l12
[0.310s] Invoked command in '/code/articubot_one/build/articubot_one' returned '0': CMAKE_PREFIX_PATH=${CMAKE_PREFIX_PATH}:/opt/ros/foxy /usr/bin/cmake --build /code/articubot_one/build/articubot_one -- -j12 -l12
[0.379s] Invoking command in '/code/articubot_one/build/articubot_one': CMAKE_PREFIX_PATH=${CMAKE_PREFIX_PATH}:/opt/ros/foxy /usr/bin/cmake --install /code/articubot_one/build/articubot_one
[0.402s] -- Install configuration: ""
[0.412s] -- Up-to-date: /code/articubot_one/install/articubot_one/share/articubot_one/config
[0.451s] -- Up-to-date: /code/articubot_one/install/articubot_one/share/articubot_one/config/drive_bot.rviz
[0.479s] -- Up-to-date: /code/articubot_one/install/articubot_one/share/articubot_one/config/empty.yaml
[0.500s] -- Up-to-date: /code/articubot_one/install/articubot_one/share/articubot_one/config/gaz_ros2_ctl_use_sim.yaml
[0.522s] -- Up-to-date: /code/articubot_one/install/articubot_one/share/articubot_one/config/joystick.yaml
[0.539s] -- Up-to-date: /code/articubot_one/install/articubot_one/share/articubot_one/config/main.rviz
[0.559s] -- Up-to-date: /code/articubot_one/install/articubot_one/share/articubot_one/config/map.rviz
[0.580s] -- Up-to-date: /code/articubot_one/install/articubot_one/share/articubot_one/config/mapper_params_online_async.yaml
[0.610s] -- Up-to-date: /code/articubot_one/install/articubot_one/share/articubot_one/config/my_controllers.yaml
[0.636s] -- Up-to-date: /code/articubot_one/install/articubot_one/share/articubot_one/config/twist_mux.yaml
[0.663s] -- Up-to-date: /code/articubot_one/install/articubot_one/share/articubot_one/config/view_bot.rviz
[0.676s] -- Up-to-date: /code/articubot_one/install/articubot_one/share/articubot_one/description
[0.704s] -- Up-to-date: /code/articubot_one/install/articubot_one/share/articubot_one/description/camera.xacro
[0.723s] -- Up-to-date: /code/articubot_one/install/articubot_one/share/articubot_one/description/depth_camera.xacro
[0.740s] -- Up-to-date: /code/articubot_one/install/articubot_one/share/articubot_one/description/face.xacro
[0.756s] -- Up-to-date: /code/articubot_one/install/articubot_one/share/articubot_one/description/gazebo_control.xacro
[0.769s] -- Up-to-date: /code/articubot_one/install/articubot_one/share/articubot_one/description/inertial_macros.xacro
[0.783s] -- Up-to-date: /code/articubot_one/install/articubot_one/share/articubot_one/description/lidar.xacro
[0.796s] -- Up-to-date: /code/articubot_one/install/articubot_one/share/articubot_one/description/robot.urdf.xacro
[0.811s] -- Up-to-date: /code/articubot_one/install/articubot_one/share/articubot_one/description/robot_core.xacro
[0.829s] -- Up-to-date: /code/articubot_one/install/articubot_one/share/articubot_one/description/ros2_control.xacro
[0.845s] -- Up-to-date: /code/articubot_one/install/articubot_one/share/articubot_one/launch
[0.869s] -- Up-to-date: /code/articubot_one/install/articubot_one/share/articubot_one/launch/ball_tracker.launch.py
[0.891s] -- Up-to-date: /code/articubot_one/install/articubot_one/share/articubot_one/launch/camera.launch.py
[0.920s] -- Up-to-date: /code/articubot_one/install/articubot_one/share/articubot_one/launch/joystick.launch.py
[0.948s] -- Up-to-date: /code/articubot_one/install/articubot_one/share/articubot_one/launch/launch_robot.launch.py
[0.972s] -- Up-to-date: /code/articubot_one/install/articubot_one/share/articubot_one/launch/launch_sim.launch.py
[0.997s] -- Up-to-date: /code/articubot_one/install/articubot_one/share/articubot_one/launch/online_async_launch.py
[1.022s] -- Up-to-date: /code/articubot_one/install/articubot_one/share/articubot_one/launch/rplidar.launch.py
[1.049s] -- Up-to-date: /code/articubot_one/install/articubot_one/share/articubot_one/launch/rsp.launch.py
[1.059s] -- Up-to-date: /code/articubot_one/install/articubot_one/share/articubot_one/worlds
[1.081s] -- Up-to-date: /code/articubot_one/install/articubot_one/share/articubot_one/worlds/empty.world
[1.101s] -- Up-to-date: /code/articubot_one/install/articubot_one/share/articubot_one/worlds/obstacles.world
[1.146s] -- Up-to-date: /code/articubot_one/install/articubot_one/share/ament_index/resource_index/package_run_dependencies/articubot_one
[1.189s] -- Up-to-date: /code/articubot_one/install/articubot_one/share/ament_index/resource_index/parent_prefix_path/articubot_one
[1.206s] -- Up-to-date: /code/articubot_one/install/articubot_one/share/articubot_one/environment/ament_prefix_path.sh
[1.232s] -- Up-to-date: /code/articubot_one/install/articubot_one/share/articubot_one/environment/ament_prefix_path.dsv
[1.249s] -- Up-to-date: /code/articubot_one/install/articubot_one/share/articubot_one/environment/path.sh
[1.272s] -- Up-to-date: /code/articubot_one/install/articubot_one/share/articubot_one/environment/path.dsv
[1.293s] -- Up-to-date: /code/articubot_one/install/articubot_one/share/articubot_one/local_setup.bash
[1.312s] -- Up-to-date: /code/articubot_one/install/articubot_one/share/articubot_one/local_setup.sh
[1.335s] -- Up-to-date: /code/articubot_one/install/articubot_one/share/articubot_one/local_setup.zsh
[1.356s] -- Up-to-date: /code/articubot_one/install/articubot_one/share/articubot_one/local_setup.dsv
[1.374s] -- Installing: /code/articubot_one/install/articubot_one/share/articubot_one/package.dsv
[1.459s] -- Up-to-date: /code/articubot_one/install/articubot_one/share/ament_index/resource_index/packages/articubot_one
[1.489s] -- Up-to-date: /code/articubot_one/install/articubot_one/share/articubot_one/cmake/articubot_oneConfig.cmake
[1.510s] -- Up-to-date: /code/articubot_one/install/articubot_one/share/articubot_one/cmake/articubot_oneConfig-version.cmake
[1.525s] -- Up-to-date: /code/articubot_one/install/articubot_one/share/articubot_one/package.xml
[1.539s] Invoked command in '/code/articubot_one/build/articubot_one' returned '0': CMAKE_PREFIX_PATH=${CMAKE_PREFIX_PATH}:/opt/ros/foxy /usr/bin/cmake --install /code/articubot_one/build/articubot_one
