[0.134s] Invoking command in '/code/articubot_one/build/articubot_one': CMAKE_PREFIX_PATH=${CMAKE_PREFIX_PATH}:/opt/ros/foxy /usr/bin/cmake --build /code/articubot_one/build/articubot_one -- -j12 -l12
[0.319s] Invoked command in '/code/articubot_one/build/articubot_one' returned '0': CMAKE_PREFIX_PATH=${CMAKE_PREFIX_PATH}:/opt/ros/foxy /usr/bin/cmake --build /code/articubot_one/build/articubot_one -- -j12 -l12
[0.374s] Invoking command in '/code/articubot_one/build/articubot_one': CMAKE_PREFIX_PATH=${CMAKE_PREFIX_PATH}:/opt/ros/foxy /usr/bin/cmake --install /code/articubot_one/build/articubot_one
[0.394s] -- Install configuration: ""
[0.402s] -- Up-to-date: /code/articubot_one/install/articubot_one/share/articubot_one/config
[0.425s] -- Up-to-date: /code/articubot_one/install/articubot_one/share/articubot_one/config/drive_bot.rviz
[0.444s] -- Up-to-date: /code/articubot_one/install/articubot_one/share/articubot_one/config/empty.yaml
[0.464s] -- Up-to-date: /code/articubot_one/install/articubot_one/share/articubot_one/config/gaz_ros2_ctl_use_sim.yaml
[0.483s] -- Up-to-date: /code/articubot_one/install/articubot_one/share/articubot_one/config/joystick.yaml
[0.505s] -- Up-to-date: /code/articubot_one/install/articubot_one/share/articubot_one/config/main.rviz
[0.531s] -- Up-to-date: /code/articubot_one/install/articubot_one/share/articubot_one/config/map.rviz
[0.554s] -- Up-to-date: /code/articubot_one/install/articubot_one/share/articubot_one/config/mapper_params_online_async.yaml
[0.573s] -- Up-to-date: /code/articubot_one/install/articubot_one/share/articubot_one/config/my_controllers.yaml
[0.593s] -- Up-to-date: /code/articubot_one/install/articubot_one/share/articubot_one/config/twist_mux.yaml
[0.614s] -- Up-to-date: /code/articubot_one/install/articubot_one/share/articubot_one/config/view_bot.rviz
[0.629s] -- Up-to-date: /code/articubot_one/install/articubot_one/share/articubot_one/description
[0.648s] -- Up-to-date: /code/articubot_one/install/articubot_one/share/articubot_one/description/.robot_core.xacro.swp
[0.666s] -- Up-to-date: /code/articubot_one/install/articubot_one/share/articubot_one/description/camera.xacro
[0.686s] -- Up-to-date: /code/articubot_one/install/articubot_one/share/articubot_one/description/depth_camera.xacro
[0.702s] -- Up-to-date: /code/articubot_one/install/articubot_one/share/articubot_one/description/face.xacro
[0.720s] -- Up-to-date: /code/articubot_one/install/articubot_one/share/articubot_one/description/gazebo_control.xacro
[0.737s] -- Up-to-date: /code/articubot_one/install/articubot_one/share/articubot_one/description/inertial_macros.xacro
[0.756s] -- Up-to-date: /code/articubot_one/install/articubot_one/share/articubot_one/description/lidar.xacro
[0.780s] -- Up-to-date: /code/articubot_one/install/articubot_one/share/articubot_one/description/robot.urdf.xacro
[0.809s] -- Up-to-date: /code/articubot_one/install/articubot_one/share/articubot_one/description/robot_core.xacro
[0.832s] -- Up-to-date: /code/articubot_one/install/articubot_one/share/articubot_one/description/ros2_control.xacro
[0.849s] -- Up-to-date: /code/articubot_one/install/articubot_one/share/articubot_one/launch
[0.882s] -- Up-to-date: /code/articubot_one/install/articubot_one/share/articubot_one/launch/ball_tracker.launch.py
[0.912s] -- Up-to-date: /code/articubot_one/install/articubot_one/share/articubot_one/launch/camera.launch.py
[0.942s] -- Up-to-date: /code/articubot_one/install/articubot_one/share/articubot_one/launch/joystick.launch.py
[0.971s] -- Up-to-date: /code/articubot_one/install/articubot_one/share/articubot_one/launch/launch_robot.launch.py
[0.995s] -- Up-to-date: /code/articubot_one/install/articubot_one/share/articubot_one/launch/launch_sim.launch.py
[1.027s] -- Up-to-date: /code/articubot_one/install/articubot_one/share/articubot_one/launch/online_async_launch.py
[1.062s] -- Up-to-date: /code/articubot_one/install/articubot_one/share/articubot_one/launch/rplidar.launch.py
[1.092s] -- Up-to-date: /code/articubot_one/install/articubot_one/share/articubot_one/launch/rsp.launch.py
[1.109s] -- Up-to-date: /code/articubot_one/install/articubot_one/share/articubot_one/worlds
[1.143s] -- Up-to-date: /code/articubot_one/install/articubot_one/share/articubot_one/worlds/empty.world
[1.172s] -- Up-to-date: /code/articubot_one/install/articubot_one/share/articubot_one/worlds/obstacles.world
[1.209s] -- Up-to-date: /code/articubot_one/install/articubot_one/share/ament_index/resource_index/package_run_dependencies/articubot_one
[1.249s] -- Up-to-date: /code/articubot_one/install/articubot_one/share/ament_index/resource_index/parent_prefix_path/articubot_one
[1.265s] -- Up-to-date: /code/articubot_one/install/articubot_one/share/articubot_one/environment/ament_prefix_path.sh
[1.289s] -- Up-to-date: /code/articubot_one/install/articubot_one/share/articubot_one/environment/ament_prefix_path.dsv
[1.303s] -- Up-to-date: /code/articubot_one/install/articubot_one/share/articubot_one/environment/path.sh
[1.329s] -- Up-to-date: /code/articubot_one/install/articubot_one/share/articubot_one/environment/path.dsv
[1.351s] -- Up-to-date: /code/articubot_one/install/articubot_one/share/articubot_one/local_setup.bash
[1.369s] -- Up-to-date: /code/articubot_one/install/articubot_one/share/articubot_one/local_setup.sh
[1.389s] -- Up-to-date: /code/articubot_one/install/articubot_one/share/articubot_one/local_setup.zsh
[1.408s] -- Up-to-date: /code/articubot_one/install/articubot_one/share/articubot_one/local_setup.dsv
[1.429s] -- Installing: /code/articubot_one/install/articubot_one/share/articubot_one/package.dsv
[1.516s] -- Up-to-date: /code/articubot_one/install/articubot_one/share/ament_index/resource_index/packages/articubot_one
[1.542s] -- Up-to-date: /code/articubot_one/install/articubot_one/share/articubot_one/cmake/articubot_oneConfig.cmake
[1.561s] -- Up-to-date: /code/articubot_one/install/articubot_one/share/articubot_one/cmake/articubot_oneConfig-version.cmake
[1.578s] -- Up-to-date: /code/articubot_one/install/articubot_one/share/articubot_one/package.xml
[1.592s] Invoked command in '/code/articubot_one/build/articubot_one' returned '0': CMAKE_PREFIX_PATH=${CMAKE_PREFIX_PATH}:/opt/ros/foxy /usr/bin/cmake --install /code/articubot_one/build/articubot_one
