[0.532s] DEBUG:colcon:Command line arguments: ['/usr/bin/colcon', 'build', '--packages-select', 'articubot_one']
[0.532s] DEBUG:colcon:Parsed command line arguments: Namespace(log_base=None, log_level=None, verb_name='build', build_base='build', install_base='install', merge_install=False, symlink_install=False, test_result_base=None, continue_on_error=False, executor='parallel', parallel_workers=12, event_handlers=None, ignore_user_meta=False, metas=['./colcon.meta'], base_paths=['.'], packages_ignore=None, packages_ignore_regex=None, paths=None, packages_up_to=None, packages_up_to_regex=None, packages_above=None, packages_above_and_dependencies=None, packages_above_depth=None, packages_select_by_dep=None, packages_skip_by_dep=None, packages_skip_up_to=None, packages_select_build_failed=False, packages_skip_build_finished=False, packages_select_test_failures=False, packages_skip_test_passed=False, packages_select=['articubot_one'], packages_skip=None, packages_select_regex=None, packages_skip_regex=None, packages_start=None, packages_end=None, cmake_args=None, cmake_target=None, cmake_target_skip_unavailable=False, cmake_clean_cache=False, cmake_clean_first=False, cmake_force_configure=False, ament_cmake_args=None, catkin_cmake_args=None, catkin_skip_building_tests=False, mixin_files=None, mixin=None, verb_parser=<colcon_mixin.mixin.mixin_argument.MixinArgumentDecorator object at 0xf49fd455c7c0>, verb_extension=<colcon_core.verb.build.BuildVerb object at 0xf49fd46f2140>, main=<bound method BuildVerb.main of <colcon_core.verb.build.BuildVerb object at 0xf49fd46f2140>>, mixin_verb=('build',))
[1.179s] Level 1:colcon.colcon_core.package_discovery:discover_packages(colcon_meta) check parameters
[1.184s] INFO:colcon.colcon_metadata.package_discovery.colcon_meta:Using configuration from '/root/.colcon/metadata/default/Gazebo.meta'
[1.185s] INFO:colcon.colcon_metadata.package_discovery.colcon_meta:Using configuration from '/root/.colcon/metadata/default/fastdds.meta'
[1.185s] INFO:colcon.colcon_metadata.package_discovery.colcon_meta:Using configuration from '/root/.colcon/metadata/default/fastrtps.meta'
[1.185s] Level 1:colcon.colcon_core.package_discovery:discover_packages(recursive) check parameters
[1.185s] Level 1:colcon.colcon_core.package_discovery:discover_packages(ignore) check parameters
[1.185s] Level 1:colcon.colcon_core.package_discovery:discover_packages(path) check parameters
[1.185s] Level 1:colcon.colcon_core.package_discovery:discover_packages(colcon_meta) discover
[1.186s] Level 1:colcon.colcon_core.package_discovery:discover_packages(recursive) discover
[1.186s] INFO:colcon.colcon_core.package_discovery:Crawling recursively for packages in '/code'
[1.186s] Level 1:colcon.colcon_core.package_identification:_identify(.) by extensions ['ignore', 'ignore_ament_install']
[1.186s] Level 1:colcon.colcon_core.package_identification:_identify(.) by extension 'ignore'
[1.186s] Level 1:colcon.colcon_core.package_identification:_identify(.) by extension 'ignore_ament_install'
[1.186s] Level 1:colcon.colcon_core.package_identification:_identify(.) by extensions ['colcon_pkg']
[1.186s] Level 1:colcon.colcon_core.package_identification:_identify(.) by extension 'colcon_pkg'
[1.191s] Level 1:colcon.colcon_core.package_identification:_identify(.) by extensions ['colcon_meta']
[1.191s] Level 1:colcon.colcon_core.package_identification:_identify(.) by extension 'colcon_meta'
[1.191s] Level 1:colcon.colcon_core.package_identification:_identify(.) by extensions ['ros']
[1.191s] Level 1:colcon.colcon_core.package_identification:_identify(.) by extension 'ros'
[1.226s] Level 1:colcon.colcon_core.package_identification:_identify(.) by extensions ['cmake', 'python']
[1.226s] Level 1:colcon.colcon_core.package_identification:_identify(.) by extension 'cmake'
[1.226s] Level 1:colcon.colcon_core.package_identification:_identify(.) by extension 'python'
[1.226s] Level 1:colcon.colcon_core.package_identification:_identify(.) by extensions ['python_setup_py']
[1.226s] Level 1:colcon.colcon_core.package_identification:_identify(.) by extension 'python_setup_py'
[1.227s] Level 1:colcon.colcon_core.package_identification:_identify(build) by extensions ['ignore', 'ignore_ament_install']
[1.227s] Level 1:colcon.colcon_core.package_identification:_identify(build) by extension 'ignore'
[1.227s] Level 1:colcon.colcon_core.package_identification:_identify(build) ignored
[1.227s] Level 1:colcon.colcon_core.package_identification:_identify(install) by extensions ['ignore', 'ignore_ament_install']
[1.227s] Level 1:colcon.colcon_core.package_identification:_identify(install) by extension 'ignore'
[1.227s] Level 1:colcon.colcon_core.package_identification:_identify(install) ignored
[1.227s] Level 1:colcon.colcon_core.package_identification:_identify(log) by extensions ['ignore', 'ignore_ament_install']
[1.227s] Level 1:colcon.colcon_core.package_identification:_identify(log) by extension 'ignore'
[1.227s] Level 1:colcon.colcon_core.package_identification:_identify(log) ignored
[1.227s] Level 1:colcon.colcon_core.package_identification:_identify(src) by extensions ['ignore', 'ignore_ament_install']
[1.227s] Level 1:colcon.colcon_core.package_identification:_identify(src) by extension 'ignore'
[1.227s] Level 1:colcon.colcon_core.package_identification:_identify(src) by extension 'ignore_ament_install'
[1.228s] Level 1:colcon.colcon_core.package_identification:_identify(src) by extensions ['colcon_pkg']
[1.228s] Level 1:colcon.colcon_core.package_identification:_identify(src) by extension 'colcon_pkg'
[1.228s] Level 1:colcon.colcon_core.package_identification:_identify(src) by extensions ['colcon_meta']
[1.228s] Level 1:colcon.colcon_core.package_identification:_identify(src) by extension 'colcon_meta'
[1.228s] Level 1:colcon.colcon_core.package_identification:_identify(src) by extensions ['ros']
[1.228s] Level 1:colcon.colcon_core.package_identification:_identify(src) by extension 'ros'
[1.228s] Level 1:colcon.colcon_core.package_identification:_identify(src) by extensions ['cmake', 'python']
[1.228s] Level 1:colcon.colcon_core.package_identification:_identify(src) by extension 'cmake'
[1.228s] Level 1:colcon.colcon_core.package_identification:_identify(src) by extension 'python'
[1.228s] Level 1:colcon.colcon_core.package_identification:_identify(src) by extensions ['python_setup_py']
[1.228s] Level 1:colcon.colcon_core.package_identification:_identify(src) by extension 'python_setup_py'
[1.228s] Level 1:colcon.colcon_core.package_identification:_identify(src/articubot_one) by extensions ['ignore', 'ignore_ament_install']
[1.228s] Level 1:colcon.colcon_core.package_identification:_identify(src/articubot_one) by extension 'ignore'
[1.228s] Level 1:colcon.colcon_core.package_identification:_identify(src/articubot_one) by extension 'ignore_ament_install'
[1.229s] Level 1:colcon.colcon_core.package_identification:_identify(src/articubot_one) by extensions ['colcon_pkg']
[1.229s] Level 1:colcon.colcon_core.package_identification:_identify(src/articubot_one) by extension 'colcon_pkg'
[1.229s] Level 1:colcon.colcon_core.package_identification:_identify(src/articubot_one) by extensions ['colcon_meta']
[1.229s] Level 1:colcon.colcon_core.package_identification:_identify(src/articubot_one) by extension 'colcon_meta'
[1.229s] Level 1:colcon.colcon_core.package_identification:_identify(src/articubot_one) by extensions ['ros']
[1.229s] Level 1:colcon.colcon_core.package_identification:_identify(src/articubot_one) by extension 'ros'
[1.233s] DEBUG:colcon.colcon_core.package_identification:Package 'src/articubot_one' with type 'ros.ament_cmake' and name 'articubot_one'
[1.233s] Level 1:colcon.colcon_core.package_discovery:discover_packages(recursive) using defaults
[1.233s] Level 1:colcon.colcon_core.package_discovery:discover_packages(ignore) discover
[1.233s] Level 1:colcon.colcon_core.package_discovery:discover_packages(ignore) using defaults
[1.233s] Level 1:colcon.colcon_core.package_discovery:discover_packages(path) discover
[1.233s] Level 1:colcon.colcon_core.package_discovery:discover_packages(path) using defaults
[1.328s] Level 5:colcon.colcon_core.verb:set package 'articubot_one' build argument 'cmake_args' from command line to 'None'
[1.328s] Level 5:colcon.colcon_core.verb:set package 'articubot_one' build argument 'cmake_target' from command line to 'None'
[1.328s] Level 5:colcon.colcon_core.verb:set package 'articubot_one' build argument 'cmake_target_skip_unavailable' from command line to 'False'
[1.328s] Level 5:colcon.colcon_core.verb:set package 'articubot_one' build argument 'cmake_clean_cache' from command line to 'False'
[1.328s] Level 5:colcon.colcon_core.verb:set package 'articubot_one' build argument 'cmake_clean_first' from command line to 'False'
[1.328s] Level 5:colcon.colcon_core.verb:set package 'articubot_one' build argument 'cmake_force_configure' from command line to 'False'
[1.328s] Level 5:colcon.colcon_core.verb:set package 'articubot_one' build argument 'ament_cmake_args' from command line to 'None'
[1.328s] Level 5:colcon.colcon_core.verb:set package 'articubot_one' build argument 'catkin_cmake_args' from command line to 'None'
[1.328s] Level 5:colcon.colcon_core.verb:set package 'articubot_one' build argument 'catkin_skip_building_tests' from command line to 'False'
[1.328s] DEBUG:colcon.colcon_core.verb:Building package 'articubot_one' with the following arguments: {'ament_cmake_args': None, 'build_base': '/code/build/articubot_one', 'catkin_cmake_args': None, 'catkin_skip_building_tests': False, 'cmake_args': None, 'cmake_clean_cache': False, 'cmake_clean_first': False, 'cmake_force_configure': False, 'cmake_target': None, 'cmake_target_skip_unavailable': False, 'install_base': '/code/install/articubot_one', 'merge_install': False, 'path': '/code/src/articubot_one', 'symlink_install': False, 'test_result_base': None}
[1.328s] INFO:colcon.colcon_core.executor:Executing jobs using 'parallel' executor
[1.331s] DEBUG:colcon.colcon_parallel_executor.executor.parallel:run_until_complete
[1.331s] INFO:colcon.colcon_ros.task.ament_cmake.build:Building ROS package in '/code/src/articubot_one' with build type 'ament_cmake'
[1.331s] INFO:colcon.colcon_cmake.task.cmake.build:Building CMake package in '/code/src/articubot_one'
[1.336s] INFO:colcon.colcon_core.plugin_system:Skipping extension 'colcon_core.shell.bat': Not used on non-Windows systems
[1.336s] INFO:colcon.colcon_core.shell:Skip shell extension 'powershell' for command environment: Not usable outside of PowerShell
[1.336s] DEBUG:colcon.colcon_core.shell:Skip shell extension 'dsv' for command environment
[1.487s] DEBUG:colcon.colcon_core.event_handler.log_command:Invoking command in '/code/build/articubot_one': CMAKE_PREFIX_PATH=${CMAKE_PREFIX_PATH}:/opt/ros/humble /usr/bin/cmake --build /code/build/articubot_one -- -j12 -l12
[1.714s] DEBUG:colcon.colcon_core.event_handler.log_command:Invoked command in '/code/build/articubot_one' returned '0': CMAKE_PREFIX_PATH=${CMAKE_PREFIX_PATH}:/opt/ros/humble /usr/bin/cmake --build /code/build/articubot_one -- -j12 -l12
[1.762s] DEBUG:colcon.colcon_core.event_handler.log_command:Invoking command in '/code/build/articubot_one': CMAKE_PREFIX_PATH=${CMAKE_PREFIX_PATH}:/opt/ros/humble /usr/bin/cmake --install /code/build/articubot_one
[1.879s] Level 1:colcon.colcon_core.environment:create_environment_scripts_only(articubot_one)
[1.879s] DEBUG:colcon.colcon_core.event_handler.log_command:Invoked command in '/code/build/articubot_one' returned '0': CMAKE_PREFIX_PATH=${CMAKE_PREFIX_PATH}:/opt/ros/humble /usr/bin/cmake --install /code/build/articubot_one
[1.900s] Level 1:colcon.colcon_core.environment:checking '/code/install/articubot_one' for CMake module files
[1.901s] Level 1:colcon.colcon_core.environment:checking '/code/install/articubot_one' for CMake config files
[1.902s] Level 1:colcon.colcon_core.shell:create_environment_hook('articubot_one', 'cmake_prefix_path')
[1.902s] INFO:colcon.colcon_core.shell:Creating environment hook '/code/install/articubot_one/share/articubot_one/hook/cmake_prefix_path.ps1'
[1.904s] INFO:colcon.colcon_core.shell:Creating environment descriptor '/code/install/articubot_one/share/articubot_one/hook/cmake_prefix_path.dsv'
[1.904s] INFO:colcon.colcon_core.shell:Creating environment hook '/code/install/articubot_one/share/articubot_one/hook/cmake_prefix_path.sh'
[1.906s] Level 1:colcon.colcon_core.environment:checking '/code/install/articubot_one/bin'
[1.906s] Level 1:colcon.colcon_core.environment:checking '/code/install/articubot_one/lib/pkgconfig/articubot_one.pc'
[1.918s] Level 1:colcon.colcon_core.environment:checking '/code/install/articubot_one/lib/python3.10/site-packages'
[1.918s] Level 1:colcon.colcon_core.environment:checking '/code/install/articubot_one/bin'
[1.919s] INFO:colcon.colcon_core.shell:Creating package script '/code/install/articubot_one/share/articubot_one/package.ps1'
[1.926s] INFO:colcon.colcon_core.shell:Creating package descriptor '/code/install/articubot_one/share/articubot_one/package.dsv'
[1.927s] INFO:colcon.colcon_core.shell:Creating package script '/code/install/articubot_one/share/articubot_one/package.sh'
[1.928s] INFO:colcon.colcon_core.shell:Creating package script '/code/install/articubot_one/share/articubot_one/package.bash'
[1.929s] INFO:colcon.colcon_core.shell:Creating package script '/code/install/articubot_one/share/articubot_one/package.zsh'
[1.930s] Level 1:colcon.colcon_core.environment:create_file_with_runtime_dependencies(/code/install/articubot_one/share/colcon-core/packages/articubot_one)
[1.936s] Level 1:colcon.colcon_core.environment:create_environment_scripts_only(articubot_one)
[1.936s] Level 1:colcon.colcon_core.environment:checking '/code/install/articubot_one' for CMake module files
[1.936s] Level 1:colcon.colcon_core.environment:checking '/code/install/articubot_one' for CMake config files
[1.937s] Level 1:colcon.colcon_core.shell:create_environment_hook('articubot_one', 'cmake_prefix_path')
[1.937s] INFO:colcon.colcon_core.shell:Creating environment hook '/code/install/articubot_one/share/articubot_one/hook/cmake_prefix_path.ps1'
[1.937s] INFO:colcon.colcon_core.shell:Creating environment descriptor '/code/install/articubot_one/share/articubot_one/hook/cmake_prefix_path.dsv'
[1.940s] INFO:colcon.colcon_core.shell:Creating environment hook '/code/install/articubot_one/share/articubot_one/hook/cmake_prefix_path.sh'
[1.941s] Level 1:colcon.colcon_core.environment:checking '/code/install/articubot_one/bin'
[1.941s] Level 1:colcon.colcon_core.environment:checking '/code/install/articubot_one/lib/pkgconfig/articubot_one.pc'
[1.941s] Level 1:colcon.colcon_core.environment:checking '/code/install/articubot_one/lib/python3.10/site-packages'
[1.941s] Level 1:colcon.colcon_core.environment:checking '/code/install/articubot_one/bin'
[1.941s] INFO:colcon.colcon_core.shell:Creating package script '/code/install/articubot_one/share/articubot_one/package.ps1'
[1.942s] INFO:colcon.colcon_core.shell:Creating package descriptor '/code/install/articubot_one/share/articubot_one/package.dsv'
[1.944s] INFO:colcon.colcon_core.shell:Creating package script '/code/install/articubot_one/share/articubot_one/package.sh'
[1.949s] INFO:colcon.colcon_core.shell:Creating package script '/code/install/articubot_one/share/articubot_one/package.bash'
[1.950s] INFO:colcon.colcon_core.shell:Creating package script '/code/install/articubot_one/share/articubot_one/package.zsh'
[1.951s] Level 1:colcon.colcon_core.environment:create_file_with_runtime_dependencies(/code/install/articubot_one/share/colcon-core/packages/articubot_one)
[1.951s] DEBUG:colcon.colcon_parallel_executor.executor.parallel:closing loop
[1.951s] DEBUG:colcon.colcon_parallel_executor.executor.parallel:loop closed
[1.952s] DEBUG:colcon.colcon_parallel_executor.executor.parallel:run_until_complete finished with '0'
[1.952s] DEBUG:colcon.colcon_core.event_reactor:joining thread
[1.991s] INFO:colcon.colcon_core.plugin_system:Skipping extension 'colcon_notification.desktop_notification.notify_send': Could not find 'notify-send'
[1.991s] INFO:colcon.colcon_core.plugin_system:Skipping extension 'colcon_notification.desktop_notification.terminal_notifier': Not used on non-Darwin systems
[1.991s] INFO:colcon.colcon_core.plugin_system:Skipping extension 'colcon_notification.desktop_notification.win32': Not used on non-Windows systems
[1.991s] INFO:colcon.colcon_notification.desktop_notification:Sending desktop notification using 'notify2'
[2.003s] DEBUG:colcon.colcon_notification.desktop_notification.notify2:Failed to initialize notify2: org.freedesktop.DBus.Error.Spawn.ExecFailed: /usr/bin/dbus-launch terminated abnormally without any error message
[2.004s] DEBUG:colcon.colcon_core.event_reactor:joined thread
[2.014s] INFO:colcon.colcon_core.shell:Creating prefix script '/code/install/local_setup.ps1'
[2.016s] INFO:colcon.colcon_core.shell:Creating prefix util module '/code/install/_local_setup_util_ps1.py'
[2.023s] INFO:colcon.colcon_core.shell:Creating prefix chain script '/code/install/setup.ps1'
[2.036s] INFO:colcon.colcon_core.shell:Creating prefix script '/code/install/local_setup.sh'
[2.039s] INFO:colcon.colcon_core.shell:Creating prefix util module '/code/install/_local_setup_util_sh.py'
[2.043s] INFO:colcon.colcon_core.shell:Creating prefix chain script '/code/install/setup.sh'
[2.045s] INFO:colcon.colcon_core.shell:Creating prefix script '/code/install/local_setup.bash'
[2.048s] INFO:colcon.colcon_core.shell:Creating prefix chain script '/code/install/setup.bash'
[2.050s] INFO:colcon.colcon_core.shell:Creating prefix script '/code/install/local_setup.zsh'
[2.055s] INFO:colcon.colcon_core.shell:Creating prefix chain script '/code/install/setup.zsh'
