[0.066s] Invoking command in '/code/build/articubot_one': CMAKE_PREFIX_PATH=${CMAKE_PREFIX_PATH}:/opt/ros/humble /usr/bin/cmake --build /code/build/articubot_one -- -j12 -l12
[0.144s] Invoked command in '/code/build/articubot_one' returned '0': CMAKE_PREFIX_PATH=${CMAKE_PREFIX_PATH}:/opt/ros/humble /usr/bin/cmake --build /code/build/articubot_one -- -j12 -l12
[0.161s] Invoking command in '/code/build/articubot_one': CMAKE_PREFIX_PATH=${CMAKE_PREFIX_PATH}:/opt/ros/humble /usr/bin/cmake --install /code/build/articubot_one
[0.176s] -- Install configuration: ""
[0.176s] -- Up-to-date: /code/install/articubot_one/share/articubot_one/config
[0.176s] -- Up-to-date: /code/install/articubot_one/share/articubot_one/config/map.rviz
[0.176s] -- Up-to-date: /code/install/articubot_one/share/articubot_one/config/view_bot.rviz
[0.176s] -- Up-to-date: /code/install/articubot_one/share/articubot_one/config/main.rviz
[0.177s] -- Up-to-date: /code/install/articubot_one/share/articubot_one/config/joystick.yaml
[0.177s] -- Up-to-date: /code/install/articubot_one/share/articubot_one/config/ball_tracker_params_robot.yaml
[0.177s] -- Up-to-date: /code/install/articubot_one/share/articubot_one/config/twist_mux.yaml
[0.177s] -- Up-to-date: /code/install/articubot_one/share/articubot_one/config/empty.yaml
[0.177s] -- Up-to-date: /code/install/articubot_one/share/articubot_one/config/gaz_ros2_ctl_use_sim.yaml
[0.177s] -- Up-to-date: /code/install/articubot_one/share/articubot_one/config/drive_bot.rviz
[0.177s] -- Up-to-date: /code/install/articubot_one/share/articubot_one/config/gazebo_params.yaml
[0.178s] -- Up-to-date: /code/install/articubot_one/share/articubot_one/config/ball_tracker_params_sim.yaml
[0.180s] -- Up-to-date: /code/install/articubot_one/share/articubot_one/config/ekf.yaml
[0.181s] -- Up-to-date: /code/install/articubot_one/share/articubot_one/config/nav2_params.yaml
[0.181s] -- Up-to-date: /code/install/articubot_one/share/articubot_one/config/mapper_params_online_async.yaml
[0.181s] -- Up-to-date: /code/install/articubot_one/share/articubot_one/config/my_controllers.yaml
[0.181s] -- Up-to-date: /code/install/articubot_one/share/articubot_one/description
[0.181s] -- Up-to-date: /code/install/articubot_one/share/articubot_one/description/face.xacro
[0.181s] -- Up-to-date: /code/install/articubot_one/share/articubot_one/description/robot.urdf.xacro
[0.181s] -- Installing: /code/install/articubot_one/share/articubot_one/description/lidar.xacro
[0.181s] -- Up-to-date: /code/install/articubot_one/share/articubot_one/description/ros2_control.xacro
[0.181s] -- Up-to-date: /code/install/articubot_one/share/articubot_one/description/gazebo_control.xacro
[0.181s] -- Up-to-date: /code/install/articubot_one/share/articubot_one/description/robot_core.xacro
[0.182s] -- Up-to-date: /code/install/articubot_one/share/articubot_one/description/inertial_macros.xacro
[0.182s] -- Installing: /code/install/articubot_one/share/articubot_one/description/camera.xacro
[0.182s] -- Up-to-date: /code/install/articubot_one/share/articubot_one/description/depth_camera.xacro
[0.182s] -- Up-to-date: /code/install/articubot_one/share/articubot_one/launch
[0.183s] -- Up-to-date: /code/install/articubot_one/share/articubot_one/launch/navigation_launch.py
[0.183s] -- Up-to-date: /code/install/articubot_one/share/articubot_one/launch/joystick.launch.py
[0.183s] -- Up-to-date: /code/install/articubot_one/share/articubot_one/launch/camera.launch.py
[0.183s] -- Installing: /code/install/articubot_one/share/articubot_one/launch/launch_sim.launch.py
[0.183s] -- Up-to-date: /code/install/articubot_one/share/articubot_one/launch/launch_robot.launch.py
[0.183s] -- Up-to-date: /code/install/articubot_one/share/articubot_one/launch/rplidar.launch.py
[0.183s] -- Up-to-date: /code/install/articubot_one/share/articubot_one/launch/rsp.launch.py
[0.184s] -- Up-to-date: /code/install/articubot_one/share/articubot_one/launch/online_async_launch.py
[0.184s] -- Up-to-date: /code/install/articubot_one/share/articubot_one/launch/localization_launch.py
[0.184s] -- Up-to-date: /code/install/articubot_one/share/articubot_one/launch/ball_tracker.launch.py
[0.184s] -- Up-to-date: /code/install/articubot_one/share/articubot_one/worlds
[0.189s] -- Up-to-date: /code/install/articubot_one/share/articubot_one/worlds/empty.world
[0.189s] -- Up-to-date: /code/install/articubot_one/share/articubot_one/worlds/obstacles.world
[0.189s] -- Up-to-date: /code/install/articubot_one/share/ament_index/resource_index/package_run_dependencies/articubot_one
[0.189s] -- Up-to-date: /code/install/articubot_one/share/ament_index/resource_index/parent_prefix_path/articubot_one
[0.189s] -- Up-to-date: /code/install/articubot_one/share/articubot_one/environment/ament_prefix_path.sh
[0.189s] -- Up-to-date: /code/install/articubot_one/share/articubot_one/environment/ament_prefix_path.dsv
[0.189s] -- Up-to-date: /code/install/articubot_one/share/articubot_one/environment/path.sh
[0.189s] -- Up-to-date: /code/install/articubot_one/share/articubot_one/environment/path.dsv
[0.189s] -- Up-to-date: /code/install/articubot_one/share/articubot_one/local_setup.bash
[0.189s] -- Up-to-date: /code/install/articubot_one/share/articubot_one/local_setup.sh
[0.198s] -- Up-to-date: /code/install/articubot_one/share/articubot_one/local_setup.zsh
[0.200s] -- Up-to-date: /code/install/articubot_one/share/articubot_one/local_setup.dsv
[0.200s] -- Installing: /code/install/articubot_one/share/articubot_one/package.dsv
[0.213s] -- Up-to-date: /code/install/articubot_one/share/ament_index/resource_index/packages/articubot_one
[0.214s] -- Up-to-date: /code/install/articubot_one/share/articubot_one/cmake/articubot_oneConfig.cmake
[0.215s] -- Up-to-date: /code/install/articubot_one/share/articubot_one/cmake/articubot_oneConfig-version.cmake
[0.215s] -- Up-to-date: /code/install/articubot_one/share/articubot_one/package.xml
[0.216s] Invoked command in '/code/build/articubot_one' returned '0': CMAKE_PREFIX_PATH=${CMAKE_PREFIX_PATH}:/opt/ros/humble /usr/bin/cmake --install /code/build/articubot_one
