[0.297s] DEBUG:colcon:Command line arguments: ['/usr/bin/colcon', 'build']
[0.298s] DEBUG:colcon:Parsed command line arguments: Namespace(allow_overriding=[], ament_cmake_args=None, base_paths=['.'], build_base='build', catkin_cmake_args=None, catkin_skip_building_tests=False, cmake_args=None, cmake_clean_cache=False, cmake_clean_first=False, cmake_force_configure=False, cmake_target=None, cmake_target_skip_unavailable=False, continue_on_error=False, event_handlers=None, executor='parallel', ignore_user_meta=False, install_base='install', log_base=None, log_level=None, main=<bound method BuildVerb.main of <colcon_core.verb.build.BuildVerb object at 0xf8424cbd6a30>>, merge_install=False, metas=['./colcon.meta'], packages_above=None, packages_above_and_dependencies=None, packages_above_depth=None, packages_end=None, packages_ignore=None, packages_ignore_regex=None, packages_select=None, packages_select_build_failed=False, packages_select_by_dep=None, packages_select_regex=None, packages_select_test_failures=False, packages_skip=None, packages_skip_build_finished=False, packages_skip_by_dep=None, packages_skip_regex=None, packages_skip_test_passed=False, packages_skip_up_to=None, packages_start=None, packages_up_to=None, packages_up_to_regex=None, parallel_workers=12, paths=None, symlink_install=False, test_result_base=None, verb_extension=<colcon_core.verb.build.BuildVerb object at 0xf8424cbd6a30>, verb_name='build', verb_parser=<colcon_defaults.argument_parser.defaults.DefaultArgumentsDecorator object at 0xf8424cc064f0>)
[0.530s] Level 1:colcon.colcon_core.package_discovery:discover_packages(colcon_meta) check parameters
[0.531s] Level 1:colcon.colcon_core.package_discovery:discover_packages(recursive) check parameters
[0.532s] Level 1:colcon.colcon_core.package_discovery:discover_packages(ignore) check parameters
[0.532s] Level 1:colcon.colcon_core.package_discovery:discover_packages(path) check parameters
[0.533s] Level 1:colcon.colcon_core.package_discovery:discover_packages(colcon_meta) discover
[0.533s] Level 1:colcon.colcon_core.package_discovery:discover_packages(recursive) discover
[0.534s] INFO:colcon.colcon_core.package_discovery:Crawling recursively for packages in '/code/articubot_one'
[0.538s] Level 1:colcon.colcon_core.package_identification:_identify(.) by extensions ['ignore', 'ignore_ament_install']
[0.538s] Level 1:colcon.colcon_core.package_identification:_identify(.) by extension 'ignore'
[0.538s] Level 1:colcon.colcon_core.package_identification:_identify(.) by extension 'ignore_ament_install'
[0.539s] Level 1:colcon.colcon_core.package_identification:_identify(.) by extensions ['colcon_pkg']
[0.540s] Level 1:colcon.colcon_core.package_identification:_identify(.) by extension 'colcon_pkg'
[0.540s] Level 1:colcon.colcon_core.package_identification:_identify(.) by extensions ['colcon_meta']
[0.540s] Level 1:colcon.colcon_core.package_identification:_identify(.) by extension 'colcon_meta'
[0.541s] Level 1:colcon.colcon_core.package_identification:_identify(.) by extensions ['ros']
[0.541s] Level 1:colcon.colcon_core.package_identification:_identify(.) by extension 'ros'
[0.576s] DEBUG:colcon.colcon_core.package_identification:Package '.' with type 'ros.ament_cmake' and name 'articubot_one'
[0.576s] Level 1:colcon.colcon_core.package_discovery:discover_packages(recursive) using defaults
[0.577s] Level 1:colcon.colcon_core.package_discovery:discover_packages(ignore) discover
[0.577s] Level 1:colcon.colcon_core.package_discovery:discover_packages(ignore) using defaults
[0.578s] Level 1:colcon.colcon_core.package_discovery:discover_packages(path) discover
[0.579s] Level 1:colcon.colcon_core.package_discovery:discover_packages(path) using defaults
[0.613s] Level 1:colcon.colcon_core.package_discovery:discover_packages(prefix_path) check parameters
[0.613s] Level 1:colcon.colcon_core.package_discovery:discover_packages(prefix_path) discover
[0.675s] DEBUG:colcon.colcon_installed_package_information.package_discovery:Found 1 installed packages in /code/articubot_one/install
[0.678s] DEBUG:colcon.colcon_installed_package_information.package_discovery:Found 382 installed packages in /opt/ros/foxy
[0.681s] Level 1:colcon.colcon_core.package_discovery:discover_packages(prefix_path) using defaults
[0.847s] Level 5:colcon.colcon_core.verb:set package 'articubot_one' build argument 'cmake_args' from command line to 'None'
[0.848s] Level 5:colcon.colcon_core.verb:set package 'articubot_one' build argument 'cmake_target' from command line to 'None'
[0.849s] Level 5:colcon.colcon_core.verb:set package 'articubot_one' build argument 'cmake_target_skip_unavailable' from command line to 'False'
[0.852s] Level 5:colcon.colcon_core.verb:set package 'articubot_one' build argument 'cmake_clean_cache' from command line to 'False'
[0.853s] Level 5:colcon.colcon_core.verb:set package 'articubot_one' build argument 'cmake_clean_first' from command line to 'False'
[0.854s] Level 5:colcon.colcon_core.verb:set package 'articubot_one' build argument 'cmake_force_configure' from command line to 'False'
[0.855s] Level 5:colcon.colcon_core.verb:set package 'articubot_one' build argument 'ament_cmake_args' from command line to 'None'
[0.855s] Level 5:colcon.colcon_core.verb:set package 'articubot_one' build argument 'catkin_cmake_args' from command line to 'None'
[0.856s] Level 5:colcon.colcon_core.verb:set package 'articubot_one' build argument 'catkin_skip_building_tests' from command line to 'False'
[0.857s] DEBUG:colcon.colcon_core.verb:Building package 'articubot_one' with the following arguments: {'ament_cmake_args': None, 'build_base': '/code/articubot_one/build/articubot_one', 'catkin_cmake_args': None, 'catkin_skip_building_tests': False, 'cmake_args': None, 'cmake_clean_cache': False, 'cmake_clean_first': False, 'cmake_force_configure': False, 'cmake_target': None, 'cmake_target_skip_unavailable': False, 'install_base': '/code/articubot_one/install/articubot_one', 'merge_install': False, 'path': '/code/articubot_one', 'symlink_install': False, 'test_result_base': None}
[0.858s] INFO:colcon.colcon_core.executor:Executing jobs using 'parallel' executor
[0.861s] DEBUG:colcon.colcon_parallel_executor.executor.parallel:run_until_complete
[0.862s] INFO:colcon.colcon_ros.task.ament_cmake.build:Building ROS package in '/code/articubot_one' with build type 'ament_cmake'
[0.863s] INFO:colcon.colcon_cmake.task.cmake.build:Building CMake package in '/code/articubot_one'
[0.866s] INFO:colcon.colcon_core.plugin_system:Skipping extension 'colcon_core.shell.bat': Not used on non-Windows systems
[0.866s] INFO:colcon.colcon_core.shell:Skip shell extension 'powershell' for command environment: Not usable outside of PowerShell
[0.867s] DEBUG:colcon.colcon_core.shell:Skip shell extension 'dsv' for command environment
[1.182s] DEBUG:colcon.colcon_core.event_handler.log_command:Invoking command in '/code/articubot_one/build/articubot_one': CMAKE_PREFIX_PATH=${CMAKE_PREFIX_PATH}:/opt/ros/foxy /usr/bin/cmake --build /code/articubot_one/build/articubot_one -- -j12 -l12
[1.448s] DEBUG:colcon.colcon_core.event_handler.log_command:Invoked command in '/code/articubot_one/build/articubot_one' returned '0': CMAKE_PREFIX_PATH=${CMAKE_PREFIX_PATH}:/opt/ros/foxy /usr/bin/cmake --build /code/articubot_one/build/articubot_one -- -j12 -l12
[1.636s] DEBUG:colcon.colcon_core.event_handler.log_command:Invoking command in '/code/articubot_one/build/articubot_one': CMAKE_PREFIX_PATH=${CMAKE_PREFIX_PATH}:/opt/ros/foxy /usr/bin/cmake --install /code/articubot_one/build/articubot_one
[1.314s] Level 1:colcon.colcon_core.environment:create_environment_scripts_only(articubot_one)
[1.324s] Level 1:colcon.colcon_core.environment:checking '/code/articubot_one/install/articubot_one' for CMake module files
[1.329s] DEBUG:colcon.colcon_core.event_handler.log_command:Invoked command in '/code/articubot_one/build/articubot_one' returned '0': CMAKE_PREFIX_PATH=${CMAKE_PREFIX_PATH}:/opt/ros/foxy /usr/bin/cmake --install /code/articubot_one/build/articubot_one
[1.498s] Level 1:colcon.colcon_core.environment:checking '/code/articubot_one/install/articubot_one' for CMake config files
[1.626s] Level 1:colcon.colcon_core.shell:create_environment_hook('articubot_one', 'cmake_prefix_path')
[1.629s] INFO:colcon.colcon_core.shell:Creating environment hook '/code/articubot_one/install/articubot_one/share/articubot_one/hook/cmake_prefix_path.ps1'
[1.658s] INFO:colcon.colcon_core.shell:Creating environment descriptor '/code/articubot_one/install/articubot_one/share/articubot_one/hook/cmake_prefix_path.dsv'
[1.693s] INFO:colcon.colcon_core.shell:Creating environment hook '/code/articubot_one/install/articubot_one/share/articubot_one/hook/cmake_prefix_path.sh'
[1.738s] Level 1:colcon.colcon_core.environment:checking '/code/articubot_one/install/articubot_one/bin'
[1.740s] Level 1:colcon.colcon_core.environment:checking '/code/articubot_one/install/articubot_one/lib/pkgconfig/articubot_one.pc'
[1.743s] Level 1:colcon.colcon_core.environment:checking '/code/articubot_one/install/articubot_one/lib/python3.8/site-packages'
[1.745s] Level 1:colcon.colcon_core.environment:checking '/code/articubot_one/install/articubot_one/bin'
[1.748s] INFO:colcon.colcon_core.shell:Creating package script '/code/articubot_one/install/articubot_one/share/articubot_one/package.ps1'
[1.780s] INFO:colcon.colcon_core.shell:Creating package descriptor '/code/articubot_one/install/articubot_one/share/articubot_one/package.dsv'
[1.801s] INFO:colcon.colcon_core.shell:Creating package script '/code/articubot_one/install/articubot_one/share/articubot_one/package.sh'
[1.829s] INFO:colcon.colcon_core.shell:Creating package script '/code/articubot_one/install/articubot_one/share/articubot_one/package.bash'
[1.873s] INFO:colcon.colcon_core.shell:Creating package script '/code/articubot_one/install/articubot_one/share/articubot_one/package.zsh'
[1.917s] Level 1:colcon.colcon_core.environment:create_file_with_runtime_dependencies(/code/articubot_one/install/articubot_one/share/colcon-core/packages/articubot_one)
[1.981s] Level 1:colcon.colcon_core.environment:create_environment_scripts_only(articubot_one)
[1.982s] Level 1:colcon.colcon_core.environment:checking '/code/articubot_one/install/articubot_one' for CMake module files
[2.205s] Level 1:colcon.colcon_core.environment:checking '/code/articubot_one/install/articubot_one' for CMake config files
[2.314s] Level 1:colcon.colcon_core.shell:create_environment_hook('articubot_one', 'cmake_prefix_path')
[2.314s] INFO:colcon.colcon_core.shell:Creating environment hook '/code/articubot_one/install/articubot_one/share/articubot_one/hook/cmake_prefix_path.ps1'
[2.341s] INFO:colcon.colcon_core.shell:Creating environment descriptor '/code/articubot_one/install/articubot_one/share/articubot_one/hook/cmake_prefix_path.dsv'
[2.379s] INFO:colcon.colcon_core.shell:Creating environment hook '/code/articubot_one/install/articubot_one/share/articubot_one/hook/cmake_prefix_path.sh'
[2.434s] Level 1:colcon.colcon_core.environment:checking '/code/articubot_one/install/articubot_one/bin'
[2.437s] Level 1:colcon.colcon_core.environment:checking '/code/articubot_one/install/articubot_one/lib/pkgconfig/articubot_one.pc'
[2.441s] Level 1:colcon.colcon_core.environment:checking '/code/articubot_one/install/articubot_one/lib/python3.8/site-packages'
[2.443s] Level 1:colcon.colcon_core.environment:checking '/code/articubot_one/install/articubot_one/bin'
[2.446s] INFO:colcon.colcon_core.shell:Creating package script '/code/articubot_one/install/articubot_one/share/articubot_one/package.ps1'
[2.473s] INFO:colcon.colcon_core.shell:Creating package descriptor '/code/articubot_one/install/articubot_one/share/articubot_one/package.dsv'
[2.499s] INFO:colcon.colcon_core.shell:Creating package script '/code/articubot_one/install/articubot_one/share/articubot_one/package.sh'
[2.528s] INFO:colcon.colcon_core.shell:Creating package script '/code/articubot_one/install/articubot_one/share/articubot_one/package.bash'
[2.559s] INFO:colcon.colcon_core.shell:Creating package script '/code/articubot_one/install/articubot_one/share/articubot_one/package.zsh'
[2.582s] Level 1:colcon.colcon_core.environment:create_file_with_runtime_dependencies(/code/articubot_one/install/articubot_one/share/colcon-core/packages/articubot_one)
[2.607s] DEBUG:colcon.colcon_parallel_executor.executor.parallel:closing loop
[2.608s] DEBUG:colcon.colcon_parallel_executor.executor.parallel:loop closed
[2.608s] DEBUG:colcon.colcon_parallel_executor.executor.parallel:run_until_complete finished with '0'
[2.609s] DEBUG:colcon.colcon_core.event_reactor:joining thread
[2.636s] INFO:colcon.colcon_core.plugin_system:Skipping extension 'colcon_notification.desktop_notification.notify_send': Could not find 'notify-send'
[2.640s] INFO:colcon.colcon_core.plugin_system:Skipping extension 'colcon_notification.desktop_notification.terminal_notifier': Not used on non-Darwin systems
[2.640s] INFO:colcon.colcon_core.plugin_system:Skipping extension 'colcon_notification.desktop_notification.win32': Not used on non-Windows systems
[2.641s] INFO:colcon.colcon_notification.desktop_notification:Sending desktop notification using 'notify2'
[2.647s] DEBUG:colcon.colcon_notification.desktop_notification.notify2:Failed to initialize notify2: org.freedesktop.DBus.Error.Spawn.ExecFailed: /usr/bin/dbus-launch terminated abnormally without any error message
[2.651s] DEBUG:colcon.colcon_core.event_reactor:joined thread
[2.652s] INFO:colcon.colcon_core.shell:Creating prefix script '/code/articubot_one/install/local_setup.ps1'
[2.666s] INFO:colcon.colcon_core.shell:Creating prefix util module '/code/articubot_one/install/_local_setup_util_ps1.py'
[2.677s] INFO:colcon.colcon_core.shell:Creating prefix chain script '/code/articubot_one/install/setup.ps1'
[2.715s] INFO:colcon.colcon_core.shell:Creating prefix script '/code/articubot_one/install/local_setup.sh'
[2.729s] INFO:colcon.colcon_core.shell:Creating prefix util module '/code/articubot_one/install/_local_setup_util_sh.py'
[2.741s] INFO:colcon.colcon_core.shell:Creating prefix chain script '/code/articubot_one/install/setup.sh'
[2.789s] INFO:colcon.colcon_core.shell:Creating prefix script '/code/articubot_one/install/local_setup.bash'
[2.802s] INFO:colcon.colcon_core.shell:Creating prefix chain script '/code/articubot_one/install/setup.bash'
[2.854s] INFO:colcon.colcon_core.shell:Creating prefix script '/code/articubot_one/install/local_setup.zsh'
[2.870s] INFO:colcon.colcon_core.shell:Creating prefix chain script '/code/articubot_one/install/setup.zsh'
