[0.000000] (-) TimerEvent: {}
[0.000728] (articubot_one) JobQueued: {'identifier': 'articubot_one', 'dependencies': OrderedDict()}
[0.001368] (articubot_one) JobStarted: {'identifier': 'articubot_one'}
[0.097524] (-) TimerEvent: {}
[0.098189] (articubot_one) JobProgress: {'identifier': 'articubot_one', 'progress': 'cmake'}
[0.126708] (articubot_one) JobProgress: {'identifier': 'articubot_one', 'progress': 'build'}
[0.134096] (articubot_one) Command: {'cmd': ['/usr/bin/cmake', '--build', '/code/articubot_one/build/articubot_one', '--', '-j12', '-l12'], 'cwd': '/code/articubot_one/build/articubot_one', 'env': OrderedDict([('HOSTNAME', 'a7a037cba3ff'), ('SHLVL', '1'), ('LD_LIBRARY_PATH', '/usr/lib/aarch64-linux-gnu/gazebo-11/plugins:/opt/ros/foxy/opt/yaml_cpp_vendor/lib:/opt/ros/foxy/opt/rviz_ogre_vendor/lib:/opt/ros/foxy/lib/aarch64-linux-gnu:/opt/ros/foxy/lib'), ('HOME', '/root'), ('OLDPWD', '/code/articubot_one'), ('ROS_PYTHON_VERSION', '3'), ('COLCON_PREFIX_PATH', '/code/articubot_one/install'), ('ROS_DISTRO', 'foxy'), ('_', '/usr/bin/colcon'), ('ROS_VERSION', '2'), ('TERM', 'xterm'), ('ROS_LOCALHOST_ONLY', '0'), ('PATH', '/opt/ros/foxy/bin:/usr/local/sbin:/usr/local/bin:/usr/sbin:/usr/bin:/sbin:/bin'), ('DISPLAY', 'host.docker.internal:0'), ('LANG', 'en_US.UTF-8'), ('AMENT_PREFIX_PATH', '/code/articubot_one/install/articubot_one:/opt/ros/foxy'), ('DEBIAN_FRONTEND', 'noninteractive'), ('PWD', '/code/articubot_one/build/articubot_one'), ('PYTHONPATH', '/opt/ros/foxy/lib/python3.8/site-packages'), ('COLCON', '1'), ('CMAKE_PREFIX_PATH', '/code/articubot_one/install/articubot_one:/opt/ros/foxy')]), 'shell': False}
[0.197982] (-) TimerEvent: {}
[0.299531] (-) TimerEvent: {}
[0.355969] (articubot_one) CommandEnded: {'returncode': 0}
[0.381034] (articubot_one) JobProgress: {'identifier': 'articubot_one', 'progress': 'install'}
[0.400252] (-) TimerEvent: {}
[0.418992] (articubot_one) Command: {'cmd': ['/usr/bin/cmake', '--install', '/code/articubot_one/build/articubot_one'], 'cwd': '/code/articubot_one/build/articubot_one', 'env': OrderedDict([('HOSTNAME', 'a7a037cba3ff'), ('SHLVL', '1'), ('LD_LIBRARY_PATH', '/usr/lib/aarch64-linux-gnu/gazebo-11/plugins:/opt/ros/foxy/opt/yaml_cpp_vendor/lib:/opt/ros/foxy/opt/rviz_ogre_vendor/lib:/opt/ros/foxy/lib/aarch64-linux-gnu:/opt/ros/foxy/lib'), ('HOME', '/root'), ('OLDPWD', '/code/articubot_one'), ('ROS_PYTHON_VERSION', '3'), ('COLCON_PREFIX_PATH', '/code/articubot_one/install'), ('ROS_DISTRO', 'foxy'), ('_', '/usr/bin/colcon'), ('ROS_VERSION', '2'), ('TERM', 'xterm'), ('ROS_LOCALHOST_ONLY', '0'), ('PATH', '/opt/ros/foxy/bin:/usr/local/sbin:/usr/local/bin:/usr/sbin:/usr/bin:/sbin:/bin'), ('DISPLAY', 'host.docker.internal:0'), ('LANG', 'en_US.UTF-8'), ('AMENT_PREFIX_PATH', '/code/articubot_one/install/articubot_one:/opt/ros/foxy'), ('DEBIAN_FRONTEND', 'noninteractive'), ('PWD', '/code/articubot_one/build/articubot_one'), ('PYTHONPATH', '/opt/ros/foxy/lib/python3.8/site-packages'), ('COLCON', '1'), ('CMAKE_PREFIX_PATH', '/code/articubot_one/install/articubot_one:/opt/ros/foxy')]), 'shell': False}
[0.443926] (articubot_one) StdoutLine: {'line': b'-- Install configuration: ""\n'}
[0.453333] (articubot_one) StdoutLine: {'line': b'-- Up-to-date: /code/articubot_one/install/articubot_one/share/articubot_one/config\n'}
[0.480092] (articubot_one) StdoutLine: {'line': b'-- Up-to-date: /code/articubot_one/install/articubot_one/share/articubot_one/config/.mapper_params_online_async.yaml.swp\n'}
[0.502028] (-) TimerEvent: {}
[0.517836] (articubot_one) StdoutLine: {'line': b'-- Up-to-date: /code/articubot_one/install/articubot_one/share/articubot_one/config/drive_bot.rviz\n'}
[0.542101] (articubot_one) StdoutLine: {'line': b'-- Up-to-date: /code/articubot_one/install/articubot_one/share/articubot_one/config/empty.yaml\n'}
[0.569876] (articubot_one) StdoutLine: {'line': b'-- Up-to-date: /code/articubot_one/install/articubot_one/share/articubot_one/config/gaz_ros2_ctl_use_sim.yaml\n'}
[0.604147] (-) TimerEvent: {}
[0.606080] (articubot_one) StdoutLine: {'line': b'-- Up-to-date: /code/articubot_one/install/articubot_one/share/articubot_one/config/joystick.yaml\n'}
[0.647463] (articubot_one) StdoutLine: {'line': b'-- Up-to-date: /code/articubot_one/install/articubot_one/share/articubot_one/config/main.rviz\n'}
[0.675203] (articubot_one) StdoutLine: {'line': b'-- Up-to-date: /code/articubot_one/install/articubot_one/share/articubot_one/config/map.rviz\n'}
[0.701984] (articubot_one) StdoutLine: {'line': b'-- Up-to-date: /code/articubot_one/install/articubot_one/share/articubot_one/config/mapper_params_online_async.yaml\n'}
[0.704368] (-) TimerEvent: {}
[0.732329] (articubot_one) StdoutLine: {'line': b'-- Up-to-date: /code/articubot_one/install/articubot_one/share/articubot_one/config/my_controllers.yaml\n'}
[0.752543] (articubot_one) StdoutLine: {'line': b'-- Up-to-date: /code/articubot_one/install/articubot_one/share/articubot_one/config/twist_mux.yaml\n'}
[0.773484] (articubot_one) StdoutLine: {'line': b'-- Up-to-date: /code/articubot_one/install/articubot_one/share/articubot_one/config/view_bot.rviz\n'}
[0.800574] (articubot_one) StdoutLine: {'line': b'-- Up-to-date: /code/articubot_one/install/articubot_one/share/articubot_one/description\n'}
[0.804720] (-) TimerEvent: {}
[0.827899] (articubot_one) StdoutLine: {'line': b'-- Up-to-date: /code/articubot_one/install/articubot_one/share/articubot_one/description/.robot_core.xacro.swp\n'}
[0.850423] (articubot_one) StdoutLine: {'line': b'-- Up-to-date: /code/articubot_one/install/articubot_one/share/articubot_one/description/camera.xacro\n'}
[0.873257] (articubot_one) StdoutLine: {'line': b'-- Up-to-date: /code/articubot_one/install/articubot_one/share/articubot_one/description/depth_camera.xacro\n'}
[0.895483] (articubot_one) StdoutLine: {'line': b'-- Up-to-date: /code/articubot_one/install/articubot_one/share/articubot_one/description/face.xacro\n'}
[0.905601] (-) TimerEvent: {}
[0.918848] (articubot_one) StdoutLine: {'line': b'-- Up-to-date: /code/articubot_one/install/articubot_one/share/articubot_one/description/gazebo_control.xacro\n'}
[0.941720] (articubot_one) StdoutLine: {'line': b'-- Up-to-date: /code/articubot_one/install/articubot_one/share/articubot_one/description/inertial_macros.xacro\n'}
[0.963319] (articubot_one) StdoutLine: {'line': b'-- Up-to-date: /code/articubot_one/install/articubot_one/share/articubot_one/description/lidar.xacro\n'}
[0.993738] (articubot_one) StdoutLine: {'line': b'-- Up-to-date: /code/articubot_one/install/articubot_one/share/articubot_one/description/robot.urdf.xacro\n'}
[1.006712] (-) TimerEvent: {}
[1.025120] (articubot_one) StdoutLine: {'line': b'-- Up-to-date: /code/articubot_one/install/articubot_one/share/articubot_one/description/robot_core.xacro\n'}
[1.048476] (articubot_one) StdoutLine: {'line': b'-- Up-to-date: /code/articubot_one/install/articubot_one/share/articubot_one/description/ros2_control.xacro\n'}
[1.069280] (articubot_one) StdoutLine: {'line': b'-- Up-to-date: /code/articubot_one/install/articubot_one/share/articubot_one/launch\n'}
[1.106721] (articubot_one) StdoutLine: {'line': b'-- Up-to-date: /code/articubot_one/install/articubot_one/share/articubot_one/launch/ball_tracker.launch.py\n'}
[1.108454] (-) TimerEvent: {}
[1.132336] (articubot_one) StdoutLine: {'line': b'-- Up-to-date: /code/articubot_one/install/articubot_one/share/articubot_one/launch/camera.launch.py\n'}
[1.156400] (articubot_one) StdoutLine: {'line': b'-- Up-to-date: /code/articubot_one/install/articubot_one/share/articubot_one/launch/joystick.launch.py\n'}
[1.184134] (articubot_one) StdoutLine: {'line': b'-- Up-to-date: /code/articubot_one/install/articubot_one/share/articubot_one/launch/launch_robot.launch.py\n'}
[1.208846] (-) TimerEvent: {}
[1.213205] (articubot_one) StdoutLine: {'line': b'-- Up-to-date: /code/articubot_one/install/articubot_one/share/articubot_one/launch/launch_sim.launch.py\n'}
[1.242664] (articubot_one) StdoutLine: {'line': b'-- Up-to-date: /code/articubot_one/install/articubot_one/share/articubot_one/launch/online_async_launch.py\n'}
[1.266875] (articubot_one) StdoutLine: {'line': b'-- Up-to-date: /code/articubot_one/install/articubot_one/share/articubot_one/launch/rplidar.launch.py\n'}
[1.292544] (articubot_one) StdoutLine: {'line': b'-- Up-to-date: /code/articubot_one/install/articubot_one/share/articubot_one/launch/rsp.launch.py\n'}
[1.310444] (-) TimerEvent: {}
[1.321561] (articubot_one) StdoutLine: {'line': b'-- Up-to-date: /code/articubot_one/install/articubot_one/share/articubot_one/worlds\n'}
[1.369552] (articubot_one) StdoutLine: {'line': b'-- Up-to-date: /code/articubot_one/install/articubot_one/share/articubot_one/worlds/empty.world\n'}
[1.404820] (articubot_one) StdoutLine: {'line': b'-- Up-to-date: /code/articubot_one/install/articubot_one/share/articubot_one/worlds/obstacles.world\n'}
[1.410974] (-) TimerEvent: {}
[1.470362] (articubot_one) StdoutLine: {'line': b'-- Up-to-date: /code/articubot_one/install/articubot_one/share/ament_index/resource_index/package_run_dependencies/articubot_one\n'}
[1.514664] (-) TimerEvent: {}
[1.528563] (articubot_one) StdoutLine: {'line': b'-- Up-to-date: /code/articubot_one/install/articubot_one/share/ament_index/resource_index/parent_prefix_path/articubot_one\n'}
[1.555666] (articubot_one) StdoutLine: {'line': b'-- Up-to-date: /code/articubot_one/install/articubot_one/share/articubot_one/environment/ament_prefix_path.sh\n'}
[1.589105] (articubot_one) StdoutLine: {'line': b'-- Up-to-date: /code/articubot_one/install/articubot_one/share/articubot_one/environment/ament_prefix_path.dsv\n'}
[1.616900] (-) TimerEvent: {}
[1.623891] (articubot_one) StdoutLine: {'line': b'-- Up-to-date: /code/articubot_one/install/articubot_one/share/articubot_one/environment/path.sh\n'}
[1.657510] (articubot_one) StdoutLine: {'line': b'-- Up-to-date: /code/articubot_one/install/articubot_one/share/articubot_one/environment/path.dsv\n'}
[1.693245] (articubot_one) StdoutLine: {'line': b'-- Up-to-date: /code/articubot_one/install/articubot_one/share/articubot_one/local_setup.bash\n'}
[1.718930] (-) TimerEvent: {}
[1.743946] (articubot_one) StdoutLine: {'line': b'-- Up-to-date: /code/articubot_one/install/articubot_one/share/articubot_one/local_setup.sh\n'}
[1.772175] (articubot_one) StdoutLine: {'line': b'-- Up-to-date: /code/articubot_one/install/articubot_one/share/articubot_one/local_setup.zsh\n'}
[1.809842] (articubot_one) StdoutLine: {'line': b'-- Up-to-date: /code/articubot_one/install/articubot_one/share/articubot_one/local_setup.dsv\n'}
[1.819719] (-) TimerEvent: {}
[1.852839] (articubot_one) StdoutLine: {'line': b'-- Installing: /code/articubot_one/install/articubot_one/share/articubot_one/package.dsv\n'}
[1.925426] (-) TimerEvent: {}
[2.010791] (articubot_one) StdoutLine: {'line': b'-- Up-to-date: /code/articubot_one/install/articubot_one/share/ament_index/resource_index/packages/articubot_one\n'}
[2.026610] (-) TimerEvent: {}
[2.062470] (articubot_one) StdoutLine: {'line': b'-- Up-to-date: /code/articubot_one/install/articubot_one/share/articubot_one/cmake/articubot_oneConfig.cmake\n'}
[2.094420] (articubot_one) StdoutLine: {'line': b'-- Up-to-date: /code/articubot_one/install/articubot_one/share/articubot_one/cmake/articubot_oneConfig-version.cmake\n'}
[2.118711] (articubot_one) StdoutLine: {'line': b'-- Up-to-date: /code/articubot_one/install/articubot_one/share/articubot_one/package.xml\n'}
[2.127345] (-) TimerEvent: {}
[2.138914] (articubot_one) CommandEnded: {'returncode': 0}
[2.233200] (-) TimerEvent: {}
[2.342265] (-) TimerEvent: {}
[2.443406] (-) TimerEvent: {}
[2.545760] (-) TimerEvent: {}
[2.654788] (-) TimerEvent: {}
[2.765868] (-) TimerEvent: {}
[2.873672] (-) TimerEvent: {}
[2.982678] (-) TimerEvent: {}
[3.072991] (articubot_one) JobEnded: {'identifier': 'articubot_one', 'rc': 0}
[3.096403] (-) TimerEvent: {}
[3.097100] (-) EventReactorShutdown: {}
