[0.067s] Invoking command in '/code/build/articubot_one': CMAKE_PREFIX_PATH=${CMAKE_PREFIX_PATH}:/opt/ros/humble /usr/bin/cmake /code/src/articubot_one -DCMAKE_INSTALL_PREFIX=/code/install/articubot_one
[0.198s] -- The C compiler identification is GNU 11.4.0
[0.313s] -- The CXX compiler identification is GNU 11.4.0
[0.325s] -- Detecting C compiler ABI info
[0.488s] -- Detecting C compiler ABI info - done
[0.497s] -- Check for working C compiler: /usr/bin/cc - skipped
[0.498s] -- Detecting C compile features
[0.499s] -- Detecting C compile features - done
[0.502s] -- Detecting CXX compiler ABI info
[0.675s] -- Detecting CXX compiler ABI info - done
[0.684s] -- Check for working CXX compiler: /usr/bin/c++ - skipped
[0.685s] -- Detecting CXX compile features
[0.686s] -- Detecting CXX compile features - done
[0.693s] -- Found ament_cmake: 1.3.12 (/opt/ros/humble/share/ament_cmake/cmake)
[0.921s] -- Found Python3: /usr/bin/python3 (found version "3.10.12") found components: Interpreter 
[1.108s] -- Found ament_lint_auto: 0.12.14 (/opt/ros/humble/share/ament_lint_auto/cmake)
[1.276s] -- Added test 'copyright' to check source files copyright and LICENSE
[1.297s] -- Added test 'flake8' to check Python code syntax and style conventions
[1.301s] -- Added test 'lint_cmake' to check CMake code style
[1.301s] -- Added test 'pep257' to check Python code against some of the docstring style conventions in PEP 257
[1.309s] -- Added test 'xmllint' to check XML markup files
[1.314s] -- Configuring done
[1.354s] -- Generating done
[1.373s] -- Build files have been written to: /code/build/articubot_one
[1.385s] Invoked command in '/code/build/articubot_one' returned '0': CMAKE_PREFIX_PATH=${CMAKE_PREFIX_PATH}:/opt/ros/humble /usr/bin/cmake /code/src/articubot_one -DCMAKE_INSTALL_PREFIX=/code/install/articubot_one
[1.386s] Invoking command in '/code/build/articubot_one': CMAKE_PREFIX_PATH=${CMAKE_PREFIX_PATH}:/opt/ros/humble /usr/bin/cmake --build /code/build/articubot_one -- -j12 -l12
[1.466s] Invoked command in '/code/build/articubot_one' returned '0': CMAKE_PREFIX_PATH=${CMAKE_PREFIX_PATH}:/opt/ros/humble /usr/bin/cmake --build /code/build/articubot_one -- -j12 -l12
[1.491s] Invoking command in '/code/build/articubot_one': CMAKE_PREFIX_PATH=${CMAKE_PREFIX_PATH}:/opt/ros/humble /usr/bin/cmake --install /code/build/articubot_one
[1.498s] -- Install configuration: ""
[1.500s] -- Installing: /code/install/articubot_one/share/articubot_one/config
[1.501s] -- Installing: /code/install/articubot_one/share/articubot_one/config/map.rviz
[1.507s] -- Installing: /code/install/articubot_one/share/articubot_one/config/view_bot.rviz
[1.507s] -- Installing: /code/install/articubot_one/share/articubot_one/config/main.rviz
[1.507s] -- Installing: /code/install/articubot_one/share/articubot_one/config/joystick.yaml
[1.507s] -- Installing: /code/install/articubot_one/share/articubot_one/config/ball_tracker_params_robot.yaml
[1.507s] -- Installing: /code/install/articubot_one/share/articubot_one/config/twist_mux.yaml
[1.507s] -- Installing: /code/install/articubot_one/share/articubot_one/config/empty.yaml
[1.507s] -- Installing: /code/install/articubot_one/share/articubot_one/config/gaz_ros2_ctl_use_sim.yaml
[1.507s] -- Installing: /code/install/articubot_one/share/articubot_one/config/drive_bot.rviz
[1.508s] -- Installing: /code/install/articubot_one/share/articubot_one/config/gazebo_params.yaml
[1.509s] -- Installing: /code/install/articubot_one/share/articubot_one/config/ball_tracker_params_sim.yaml
[1.509s] -- Installing: /code/install/articubot_one/share/articubot_one/config/nav2_params.yaml
[1.514s] -- Installing: /code/install/articubot_one/share/articubot_one/config/mapper_params_online_async.yaml
[1.515s] -- Installing: /code/install/articubot_one/share/articubot_one/config/my_controllers.yaml
[1.515s] -- Installing: /code/install/articubot_one/share/articubot_one/description
[1.515s] -- Installing: /code/install/articubot_one/share/articubot_one/description/face.xacro
[1.516s] -- Installing: /code/install/articubot_one/share/articubot_one/description/robot.urdf.xacro
[1.516s] -- Installing: /code/install/articubot_one/share/articubot_one/description/lidar.xacro
[1.517s] -- Installing: /code/install/articubot_one/share/articubot_one/description/ros2_control.xacro
[1.518s] -- Installing: /code/install/articubot_one/share/articubot_one/description/gazebo_control.xacro
[1.519s] -- Installing: /code/install/articubot_one/share/articubot_one/description/robot_core.xacro
[1.520s] -- Installing: /code/install/articubot_one/share/articubot_one/description/inertial_macros.xacro
[1.521s] -- Installing: /code/install/articubot_one/share/articubot_one/description/.lidar.xacro.swp
[1.525s] -- Installing: /code/install/articubot_one/share/articubot_one/description/camera.xacro
[1.526s] -- Installing: /code/install/articubot_one/share/articubot_one/description/depth_camera.xacro
[1.527s] -- Installing: /code/install/articubot_one/share/articubot_one/launch
[1.530s] -- Installing: /code/install/articubot_one/share/articubot_one/launch/navigation_launch.py
[1.531s] -- Installing: /code/install/articubot_one/share/articubot_one/launch/joystick.launch.py
[1.531s] -- Installing: /code/install/articubot_one/share/articubot_one/launch/camera.launch.py
[1.533s] -- Installing: /code/install/articubot_one/share/articubot_one/launch/launch_sim.launch.py
[1.533s] -- Installing: /code/install/articubot_one/share/articubot_one/launch/launch_robot.launch.py
[1.534s] -- Installing: /code/install/articubot_one/share/articubot_one/launch/rplidar.launch.py
[1.536s] -- Installing: /code/install/articubot_one/share/articubot_one/launch/.launch_sim.launch.py.swp
[1.537s] -- Installing: /code/install/articubot_one/share/articubot_one/launch/rsp.launch.py
[1.543s] -- Installing: /code/install/articubot_one/share/articubot_one/launch/online_async_launch.py
[1.544s] -- Installing: /code/install/articubot_one/share/articubot_one/launch/localization_launch.py
[1.545s] -- Installing: /code/install/articubot_one/share/articubot_one/launch/ball_tracker.launch.py
[1.548s] -- Installing: /code/install/articubot_one/share/articubot_one/worlds
[1.548s] -- Installing: /code/install/articubot_one/share/articubot_one/worlds/frames_2025-12-27_18.52.45.gv
[1.549s] -- Installing: /code/install/articubot_one/share/articubot_one/worlds/obstacles.sdf
[1.549s] -- Installing: /code/install/articubot_one/share/articubot_one/worlds/frames_2025-12-27_18.52.45.pdf
[1.550s] -- Installing: /code/install/articubot_one/share/articubot_one/worlds/empty.world
[1.556s] -- Installing: /code/install/articubot_one/share/ament_index/resource_index/package_run_dependencies/articubot_one
[1.561s] -- Installing: /code/install/articubot_one/share/ament_index/resource_index/parent_prefix_path/articubot_one
[1.568s] -- Installing: /code/install/articubot_one/share/articubot_one/environment/ament_prefix_path.sh
[1.571s] -- Installing: /code/install/articubot_one/share/articubot_one/environment/ament_prefix_path.dsv
[1.571s] -- Installing: /code/install/articubot_one/share/articubot_one/environment/path.sh
[1.572s] -- Installing: /code/install/articubot_one/share/articubot_one/environment/path.dsv
[1.574s] -- Installing: /code/install/articubot_one/share/articubot_one/local_setup.bash
[1.577s] -- Installing: /code/install/articubot_one/share/articubot_one/local_setup.sh
[1.577s] -- Installing: /code/install/articubot_one/share/articubot_one/local_setup.zsh
[1.579s] -- Installing: /code/install/articubot_one/share/articubot_one/local_setup.dsv
[1.580s] -- Installing: /code/install/articubot_one/share/articubot_one/package.dsv
[1.585s] -- Installing: /code/install/articubot_one/share/ament_index/resource_index/packages/articubot_one
[1.586s] -- Installing: /code/install/articubot_one/share/articubot_one/cmake/articubot_oneConfig.cmake
[1.586s] -- Installing: /code/install/articubot_one/share/articubot_one/cmake/articubot_oneConfig-version.cmake
[1.587s] -- Installing: /code/install/articubot_one/share/articubot_one/package.xml
[1.591s] Invoked command in '/code/build/articubot_one' returned '0': CMAKE_PREFIX_PATH=${CMAKE_PREFIX_PATH}:/opt/ros/humble /usr/bin/cmake --install /code/build/articubot_one
