[0.727s] DEBUG:colcon:Command line arguments: ['/usr/bin/colcon', 'build']
[0.728s] DEBUG:colcon:Parsed command line arguments: Namespace(allow_overriding=[], ament_cmake_args=None, base_paths=['.'], build_base='build', catkin_cmake_args=None, catkin_skip_building_tests=False, cmake_args=None, cmake_clean_cache=False, cmake_clean_first=False, cmake_force_configure=False, cmake_target=None, cmake_target_skip_unavailable=False, continue_on_error=False, event_handlers=None, executor='parallel', ignore_user_meta=False, install_base='install', log_base=None, log_level=None, main=<bound method BuildVerb.main of <colcon_core.verb.build.BuildVerb object at 0xf87bd78238e0>>, merge_install=False, metas=['./colcon.meta'], packages_above=None, packages_above_and_dependencies=None, packages_above_depth=None, packages_end=None, packages_ignore=None, packages_ignore_regex=None, packages_select=None, packages_select_build_failed=False, packages_select_by_dep=None, packages_select_regex=None, packages_select_test_failures=False, packages_skip=None, packages_skip_build_finished=False, packages_skip_by_dep=None, packages_skip_regex=None, packages_skip_test_passed=False, packages_skip_up_to=None, packages_start=None, packages_up_to=None, packages_up_to_regex=None, parallel_workers=12, paths=None, symlink_install=False, test_result_base=None, verb_extension=<colcon_core.verb.build.BuildVerb object at 0xf87bd78238e0>, verb_name='build', verb_parser=<colcon_defaults.argument_parser.defaults.DefaultArgumentsDecorator object at 0xf87bd78533a0>)
[1.003s] Level 1:colcon.colcon_core.package_discovery:discover_packages(colcon_meta) check parameters
[1.004s] Level 1:colcon.colcon_core.package_discovery:discover_packages(recursive) check parameters
[1.004s] Level 1:colcon.colcon_core.package_discovery:discover_packages(ignore) check parameters
[1.004s] Level 1:colcon.colcon_core.package_discovery:discover_packages(path) check parameters
[1.004s] Level 1:colcon.colcon_core.package_discovery:discover_packages(colcon_meta) discover
[1.005s] Level 1:colcon.colcon_core.package_discovery:discover_packages(recursive) discover
[1.005s] INFO:colcon.colcon_core.package_discovery:Crawling recursively for packages in '/code/articubot_one'
[1.007s] Level 1:colcon.colcon_core.package_identification:_identify(.) by extensions ['ignore', 'ignore_ament_install']
[1.008s] Level 1:colcon.colcon_core.package_identification:_identify(.) by extension 'ignore'
[1.008s] Level 1:colcon.colcon_core.package_identification:_identify(.) by extension 'ignore_ament_install'
[1.009s] Level 1:colcon.colcon_core.package_identification:_identify(.) by extensions ['colcon_pkg']
[1.010s] Level 1:colcon.colcon_core.package_identification:_identify(.) by extension 'colcon_pkg'
[1.010s] Level 1:colcon.colcon_core.package_identification:_identify(.) by extensions ['colcon_meta']
[1.010s] Level 1:colcon.colcon_core.package_identification:_identify(.) by extension 'colcon_meta'
[1.011s] Level 1:colcon.colcon_core.package_identification:_identify(.) by extensions ['ros']
[1.011s] Level 1:colcon.colcon_core.package_identification:_identify(.) by extension 'ros'
[1.062s] DEBUG:colcon.colcon_core.package_identification:Package '.' with type 'ros.ament_cmake' and name 'articubot_one'
[1.063s] Level 1:colcon.colcon_core.package_discovery:discover_packages(recursive) using defaults
[1.063s] Level 1:colcon.colcon_core.package_discovery:discover_packages(ignore) discover
[1.064s] Level 1:colcon.colcon_core.package_discovery:discover_packages(ignore) using defaults
[1.064s] Level 1:colcon.colcon_core.package_discovery:discover_packages(path) discover
[1.065s] Level 1:colcon.colcon_core.package_discovery:discover_packages(path) using defaults
[1.112s] Level 1:colcon.colcon_core.package_discovery:discover_packages(prefix_path) check parameters
[1.112s] Level 1:colcon.colcon_core.package_discovery:discover_packages(prefix_path) discover
[1.119s] DEBUG:colcon.colcon_installed_package_information.package_discovery:Found 332 installed packages in /opt/ros/foxy
[1.122s] Level 1:colcon.colcon_core.package_discovery:discover_packages(prefix_path) using defaults
[1.236s] Level 5:colcon.colcon_core.verb:set package 'articubot_one' build argument 'cmake_args' from command line to 'None'
[1.236s] Level 5:colcon.colcon_core.verb:set package 'articubot_one' build argument 'cmake_target' from command line to 'None'
[1.237s] Level 5:colcon.colcon_core.verb:set package 'articubot_one' build argument 'cmake_target_skip_unavailable' from command line to 'False'
[1.237s] Level 5:colcon.colcon_core.verb:set package 'articubot_one' build argument 'cmake_clean_cache' from command line to 'False'
[1.237s] Level 5:colcon.colcon_core.verb:set package 'articubot_one' build argument 'cmake_clean_first' from command line to 'False'
[1.238s] Level 5:colcon.colcon_core.verb:set package 'articubot_one' build argument 'cmake_force_configure' from command line to 'False'
[1.238s] Level 5:colcon.colcon_core.verb:set package 'articubot_one' build argument 'ament_cmake_args' from command line to 'None'
[1.238s] Level 5:colcon.colcon_core.verb:set package 'articubot_one' build argument 'catkin_cmake_args' from command line to 'None'
[1.238s] Level 5:colcon.colcon_core.verb:set package 'articubot_one' build argument 'catkin_skip_building_tests' from command line to 'False'
[1.239s] DEBUG:colcon.colcon_core.verb:Building package 'articubot_one' with the following arguments: {'ament_cmake_args': None, 'build_base': '/code/articubot_one/build/articubot_one', 'catkin_cmake_args': None, 'catkin_skip_building_tests': False, 'cmake_args': None, 'cmake_clean_cache': False, 'cmake_clean_first': False, 'cmake_force_configure': False, 'cmake_target': None, 'cmake_target_skip_unavailable': False, 'install_base': '/code/articubot_one/install/articubot_one', 'merge_install': False, 'path': '/code/articubot_one', 'symlink_install': False, 'test_result_base': None}
[1.239s] INFO:colcon.colcon_core.executor:Executing jobs using 'parallel' executor
[1.241s] DEBUG:colcon.colcon_parallel_executor.executor.parallel:run_until_complete
[1.241s] INFO:colcon.colcon_ros.task.ament_cmake.build:Building ROS package in '/code/articubot_one' with build type 'ament_cmake'
[1.242s] INFO:colcon.colcon_cmake.task.cmake.build:Building CMake package in '/code/articubot_one'
[1.259s] INFO:colcon.colcon_core.plugin_system:Skipping extension 'colcon_core.shell.bat': Not used on non-Windows systems
[1.260s] INFO:colcon.colcon_core.shell:Skip shell extension 'powershell' for command environment: Not usable outside of PowerShell
[1.260s] DEBUG:colcon.colcon_core.shell:Skip shell extension 'dsv' for command environment
[1.424s] DEBUG:colcon.colcon_core.event_handler.log_command:Invoking command in '/code/articubot_one/build/articubot_one': CMAKE_PREFIX_PATH=/opt/ros/foxy /usr/bin/cmake --build /code/articubot_one/build/articubot_one -- -j12 -l12
[1.788s] DEBUG:colcon.colcon_core.event_handler.log_command:Invoked command in '/code/articubot_one/build/articubot_one' returned '0': CMAKE_PREFIX_PATH=/opt/ros/foxy /usr/bin/cmake --build /code/articubot_one/build/articubot_one -- -j12 -l12
[1.873s] DEBUG:colcon.colcon_core.event_handler.log_command:Invoking command in '/code/articubot_one/build/articubot_one': CMAKE_PREFIX_PATH=/opt/ros/foxy /usr/bin/cmake --install /code/articubot_one/build/articubot_one
[3.724s] Level 1:colcon.colcon_core.environment:create_environment_scripts_only(articubot_one)
[3.729s] DEBUG:colcon.colcon_core.event_handler.log_command:Invoked command in '/code/articubot_one/build/articubot_one' returned '0': CMAKE_PREFIX_PATH=/opt/ros/foxy /usr/bin/cmake --install /code/articubot_one/build/articubot_one
[3.736s] Level 1:colcon.colcon_core.environment:checking '/code/articubot_one/install/articubot_one' for CMake module files
[3.951s] Level 1:colcon.colcon_core.environment:checking '/code/articubot_one/install/articubot_one' for CMake config files
[4.046s] Level 1:colcon.colcon_core.shell:create_environment_hook('articubot_one', 'cmake_prefix_path')
[4.047s] INFO:colcon.colcon_core.shell:Creating environment hook '/code/articubot_one/install/articubot_one/share/articubot_one/hook/cmake_prefix_path.ps1'
[4.111s] INFO:colcon.colcon_core.shell:Creating environment descriptor '/code/articubot_one/install/articubot_one/share/articubot_one/hook/cmake_prefix_path.dsv'
[4.156s] INFO:colcon.colcon_core.shell:Creating environment hook '/code/articubot_one/install/articubot_one/share/articubot_one/hook/cmake_prefix_path.sh'
[4.204s] Level 1:colcon.colcon_core.environment:checking '/code/articubot_one/install/articubot_one/bin'
[4.207s] Level 1:colcon.colcon_core.environment:checking '/code/articubot_one/install/articubot_one/lib/pkgconfig/articubot_one.pc'
[4.210s] Level 1:colcon.colcon_core.environment:checking '/code/articubot_one/install/articubot_one/lib/python3.8/site-packages'
[4.213s] Level 1:colcon.colcon_core.environment:checking '/code/articubot_one/install/articubot_one/bin'
[4.216s] INFO:colcon.colcon_core.shell:Creating package script '/code/articubot_one/install/articubot_one/share/articubot_one/package.ps1'
[4.280s] INFO:colcon.colcon_core.shell:Creating package descriptor '/code/articubot_one/install/articubot_one/share/articubot_one/package.dsv'
[4.299s] INFO:colcon.colcon_core.shell:Creating package script '/code/articubot_one/install/articubot_one/share/articubot_one/package.sh'
[4.352s] INFO:colcon.colcon_core.shell:Creating package script '/code/articubot_one/install/articubot_one/share/articubot_one/package.bash'
[4.401s] INFO:colcon.colcon_core.shell:Creating package script '/code/articubot_one/install/articubot_one/share/articubot_one/package.zsh'
[4.442s] Level 1:colcon.colcon_core.environment:create_file_with_runtime_dependencies(/code/articubot_one/install/articubot_one/share/colcon-core/packages/articubot_one)
[4.484s] Level 1:colcon.colcon_core.environment:create_environment_scripts_only(articubot_one)
[4.485s] Level 1:colcon.colcon_core.environment:checking '/code/articubot_one/install/articubot_one' for CMake module files
[4.638s] Level 1:colcon.colcon_core.environment:checking '/code/articubot_one/install/articubot_one' for CMake config files
[4.739s] Level 1:colcon.colcon_core.shell:create_environment_hook('articubot_one', 'cmake_prefix_path')
[4.741s] INFO:colcon.colcon_core.shell:Creating environment hook '/code/articubot_one/install/articubot_one/share/articubot_one/hook/cmake_prefix_path.ps1'
[4.770s] INFO:colcon.colcon_core.shell:Creating environment descriptor '/code/articubot_one/install/articubot_one/share/articubot_one/hook/cmake_prefix_path.dsv'
[4.812s] INFO:colcon.colcon_core.shell:Creating environment hook '/code/articubot_one/install/articubot_one/share/articubot_one/hook/cmake_prefix_path.sh'
[4.866s] Level 1:colcon.colcon_core.environment:checking '/code/articubot_one/install/articubot_one/bin'
[4.870s] Level 1:colcon.colcon_core.environment:checking '/code/articubot_one/install/articubot_one/lib/pkgconfig/articubot_one.pc'
[4.874s] Level 1:colcon.colcon_core.environment:checking '/code/articubot_one/install/articubot_one/lib/python3.8/site-packages'
[4.877s] Level 1:colcon.colcon_core.environment:checking '/code/articubot_one/install/articubot_one/bin'
[4.885s] INFO:colcon.colcon_core.shell:Creating package script '/code/articubot_one/install/articubot_one/share/articubot_one/package.ps1'
[4.913s] INFO:colcon.colcon_core.shell:Creating package descriptor '/code/articubot_one/install/articubot_one/share/articubot_one/package.dsv'
[4.934s] INFO:colcon.colcon_core.shell:Creating package script '/code/articubot_one/install/articubot_one/share/articubot_one/package.sh'
[4.962s] INFO:colcon.colcon_core.shell:Creating package script '/code/articubot_one/install/articubot_one/share/articubot_one/package.bash'
[4.978s] INFO:colcon.colcon_core.shell:Creating package script '/code/articubot_one/install/articubot_one/share/articubot_one/package.zsh'
[4.996s] Level 1:colcon.colcon_core.environment:create_file_with_runtime_dependencies(/code/articubot_one/install/articubot_one/share/colcon-core/packages/articubot_one)
[5.013s] DEBUG:colcon.colcon_parallel_executor.executor.parallel:closing loop
[5.014s] DEBUG:colcon.colcon_parallel_executor.executor.parallel:loop closed
[5.014s] DEBUG:colcon.colcon_parallel_executor.executor.parallel:run_until_complete finished with '0'
[5.015s] DEBUG:colcon.colcon_core.event_reactor:joining thread
[5.074s] INFO:colcon.colcon_core.plugin_system:Skipping extension 'colcon_notification.desktop_notification.notify_send': Could not find 'notify-send'
[5.074s] INFO:colcon.colcon_core.plugin_system:Skipping extension 'colcon_notification.desktop_notification.terminal_notifier': Not used on non-Darwin systems
[5.075s] INFO:colcon.colcon_core.plugin_system:Skipping extension 'colcon_notification.desktop_notification.win32': Not used on non-Windows systems
[5.075s] INFO:colcon.colcon_notification.desktop_notification:Sending desktop notification using 'notify2'
[5.080s] DEBUG:colcon.colcon_notification.desktop_notification.notify2:Failed to initialize notify2: org.freedesktop.DBus.Error.Spawn.ExecFailed: /usr/bin/dbus-launch terminated abnormally without any error message
[5.082s] DEBUG:colcon.colcon_core.event_reactor:joined thread
[5.083s] INFO:colcon.colcon_core.shell:Creating prefix script '/code/articubot_one/install/local_setup.ps1'
[5.123s] INFO:colcon.colcon_core.shell:Creating prefix util module '/code/articubot_one/install/_local_setup_util_ps1.py'
[5.155s] INFO:colcon.colcon_core.shell:Creating prefix chain script '/code/articubot_one/install/setup.ps1'
[5.191s] INFO:colcon.colcon_core.shell:Creating prefix script '/code/articubot_one/install/local_setup.sh'
[5.219s] INFO:colcon.colcon_core.shell:Creating prefix util module '/code/articubot_one/install/_local_setup_util_sh.py'
[5.243s] INFO:colcon.colcon_core.shell:Creating prefix chain script '/code/articubot_one/install/setup.sh'
[5.264s] INFO:colcon.colcon_core.shell:Creating prefix script '/code/articubot_one/install/local_setup.bash'
[5.292s] INFO:colcon.colcon_core.shell:Creating prefix chain script '/code/articubot_one/install/setup.bash'
[5.317s] INFO:colcon.colcon_core.shell:Creating prefix script '/code/articubot_one/install/local_setup.zsh'
[5.342s] INFO:colcon.colcon_core.shell:Creating prefix chain script '/code/articubot_one/install/setup.zsh'
