[0.000000] (-) TimerEvent: {}
[0.001623] (articubot_one) JobQueued: {'identifier': 'articubot_one', 'dependencies': OrderedDict()}
[0.002925] (articubot_one) JobStarted: {'identifier': 'articubot_one'}
[0.089327] (articubot_one) JobProgress: {'identifier': 'articubot_one', 'progress': 'cmake'}
[0.089819] (-) TimerEvent: {}
[0.118492] (articubot_one) JobProgress: {'identifier': 'articubot_one', 'progress': 'build'}
[0.125818] (articubot_one) Command: {'cmd': ['/usr/bin/cmake', '--build', '/code/articubot_one/build/articubot_one', '--', '-j12', '-l12'], 'cwd': '/code/articubot_one/build/articubot_one', 'env': OrderedDict([('HOSTNAME', 'a7a037cba3ff'), ('SHLVL', '1'), ('LD_LIBRARY_PATH', '/usr/lib/aarch64-linux-gnu/gazebo-11/plugins:/opt/ros/foxy/opt/yaml_cpp_vendor/lib:/opt/ros/foxy/opt/rviz_ogre_vendor/lib:/opt/ros/foxy/lib/aarch64-linux-gnu:/opt/ros/foxy/lib'), ('HOME', '/root'), ('OLDPWD', '/code/articubot_one'), ('ROS_PYTHON_VERSION', '3'), ('COLCON_PREFIX_PATH', '/code/articubot_one/install'), ('ROS_DISTRO', 'foxy'), ('_', '/usr/bin/colcon'), ('ROS_VERSION', '2'), ('TERM', 'xterm'), ('ROS_LOCALHOST_ONLY', '0'), ('PATH', '/opt/ros/foxy/bin:/usr/local/sbin:/usr/local/bin:/usr/sbin:/usr/bin:/sbin:/bin'), ('DISPLAY', 'host.docker.internal:0'), ('LANG', 'en_US.UTF-8'), ('AMENT_PREFIX_PATH', '/code/articubot_one/install/articubot_one:/opt/ros/foxy'), ('DEBIAN_FRONTEND', 'noninteractive'), ('PWD', '/code/articubot_one/build/articubot_one'), ('PYTHONPATH', '/opt/ros/foxy/lib/python3.8/site-packages'), ('COLCON', '1'), ('CMAKE_PREFIX_PATH', '/code/articubot_one/install/articubot_one:/opt/ros/foxy')]), 'shell': False}
[0.190137] (-) TimerEvent: {}
[0.287910] (articubot_one) CommandEnded: {'returncode': 0}
[0.290271] (-) TimerEvent: {}
[0.322172] (articubot_one) JobProgress: {'identifier': 'articubot_one', 'progress': 'install'}
[0.347454] (articubot_one) Command: {'cmd': ['/usr/bin/cmake', '--install', '/code/articubot_one/build/articubot_one'], 'cwd': '/code/articubot_one/build/articubot_one', 'env': OrderedDict([('HOSTNAME', 'a7a037cba3ff'), ('SHLVL', '1'), ('LD_LIBRARY_PATH', '/usr/lib/aarch64-linux-gnu/gazebo-11/plugins:/opt/ros/foxy/opt/yaml_cpp_vendor/lib:/opt/ros/foxy/opt/rviz_ogre_vendor/lib:/opt/ros/foxy/lib/aarch64-linux-gnu:/opt/ros/foxy/lib'), ('HOME', '/root'), ('OLDPWD', '/code/articubot_one'), ('ROS_PYTHON_VERSION', '3'), ('COLCON_PREFIX_PATH', '/code/articubot_one/install'), ('ROS_DISTRO', 'foxy'), ('_', '/usr/bin/colcon'), ('ROS_VERSION', '2'), ('TERM', 'xterm'), ('ROS_LOCALHOST_ONLY', '0'), ('PATH', '/opt/ros/foxy/bin:/usr/local/sbin:/usr/local/bin:/usr/sbin:/usr/bin:/sbin:/bin'), ('DISPLAY', 'host.docker.internal:0'), ('LANG', 'en_US.UTF-8'), ('AMENT_PREFIX_PATH', '/code/articubot_one/install/articubot_one:/opt/ros/foxy'), ('DEBIAN_FRONTEND', 'noninteractive'), ('PWD', '/code/articubot_one/build/articubot_one'), ('PYTHONPATH', '/opt/ros/foxy/lib/python3.8/site-packages'), ('COLCON', '1'), ('CMAKE_PREFIX_PATH', '/code/articubot_one/install/articubot_one:/opt/ros/foxy')]), 'shell': False}
[0.365220] (articubot_one) StdoutLine: {'line': b'-- Install configuration: ""\n'}
[0.376291] (articubot_one) StdoutLine: {'line': b'-- Up-to-date: /code/articubot_one/install/articubot_one/share/articubot_one/config\n'}
[0.391522] (-) TimerEvent: {}
[0.409281] (articubot_one) StdoutLine: {'line': b'-- Up-to-date: /code/articubot_one/install/articubot_one/share/articubot_one/config/drive_bot.rviz\n'}
[0.431522] (articubot_one) StdoutLine: {'line': b'-- Up-to-date: /code/articubot_one/install/articubot_one/share/articubot_one/config/empty.yaml\n'}
[0.454398] (articubot_one) StdoutLine: {'line': b'-- Up-to-date: /code/articubot_one/install/articubot_one/share/articubot_one/config/gaz_ros2_ctl_use_sim.yaml\n'}
[0.477768] (articubot_one) StdoutLine: {'line': b'-- Up-to-date: /code/articubot_one/install/articubot_one/share/articubot_one/config/joystick.yaml\n'}
[0.492705] (-) TimerEvent: {}
[0.505451] (articubot_one) StdoutLine: {'line': b'-- Up-to-date: /code/articubot_one/install/articubot_one/share/articubot_one/config/main.rviz\n'}
[0.527896] (articubot_one) StdoutLine: {'line': b'-- Up-to-date: /code/articubot_one/install/articubot_one/share/articubot_one/config/map.rviz\n'}
[0.549253] (articubot_one) StdoutLine: {'line': b'-- Up-to-date: /code/articubot_one/install/articubot_one/share/articubot_one/config/mapper_params_online_async.yaml\n'}
[0.573849] (articubot_one) StdoutLine: {'line': b'-- Up-to-date: /code/articubot_one/install/articubot_one/share/articubot_one/config/my_controllers.yaml\n'}
[0.594368] (-) TimerEvent: {}
[0.596154] (articubot_one) StdoutLine: {'line': b'-- Up-to-date: /code/articubot_one/install/articubot_one/share/articubot_one/config/twist_mux.yaml\n'}
[0.625820] (articubot_one) StdoutLine: {'line': b'-- Up-to-date: /code/articubot_one/install/articubot_one/share/articubot_one/config/view_bot.rviz\n'}
[0.640964] (articubot_one) StdoutLine: {'line': b'-- Up-to-date: /code/articubot_one/install/articubot_one/share/articubot_one/description\n'}
[0.666193] (articubot_one) StdoutLine: {'line': b'-- Up-to-date: /code/articubot_one/install/articubot_one/share/articubot_one/description/.robot_core.xacro.swp\n'}
[0.686272] (articubot_one) StdoutLine: {'line': b'-- Up-to-date: /code/articubot_one/install/articubot_one/share/articubot_one/description/camera.xacro\n'}
[0.695100] (-) TimerEvent: {}
[0.707171] (articubot_one) StdoutLine: {'line': b'-- Up-to-date: /code/articubot_one/install/articubot_one/share/articubot_one/description/depth_camera.xacro\n'}
[0.728478] (articubot_one) StdoutLine: {'line': b'-- Up-to-date: /code/articubot_one/install/articubot_one/share/articubot_one/description/face.xacro\n'}
[0.750256] (articubot_one) StdoutLine: {'line': b'-- Up-to-date: /code/articubot_one/install/articubot_one/share/articubot_one/description/gazebo_control.xacro\n'}
[0.780110] (articubot_one) StdoutLine: {'line': b'-- Up-to-date: /code/articubot_one/install/articubot_one/share/articubot_one/description/inertial_macros.xacro\n'}
[0.796499] (-) TimerEvent: {}
[0.814562] (articubot_one) StdoutLine: {'line': b'-- Up-to-date: /code/articubot_one/install/articubot_one/share/articubot_one/description/lidar.xacro\n'}
[0.846334] (articubot_one) StdoutLine: {'line': b'-- Up-to-date: /code/articubot_one/install/articubot_one/share/articubot_one/description/robot.urdf.xacro\n'}
[0.877515] (articubot_one) StdoutLine: {'line': b'-- Up-to-date: /code/articubot_one/install/articubot_one/share/articubot_one/description/robot_core.xacro\n'}
[0.898213] (-) TimerEvent: {}
[0.913195] (articubot_one) StdoutLine: {'line': b'-- Up-to-date: /code/articubot_one/install/articubot_one/share/articubot_one/description/ros2_control.xacro\n'}
[0.939493] (articubot_one) StdoutLine: {'line': b'-- Up-to-date: /code/articubot_one/install/articubot_one/share/articubot_one/launch\n'}
[0.991569] (articubot_one) StdoutLine: {'line': b'-- Up-to-date: /code/articubot_one/install/articubot_one/share/articubot_one/launch/ball_tracker.launch.py\n'}
[0.998827] (-) TimerEvent: {}
[1.024747] (articubot_one) StdoutLine: {'line': b'-- Up-to-date: /code/articubot_one/install/articubot_one/share/articubot_one/launch/camera.launch.py\n'}
[1.048730] (articubot_one) StdoutLine: {'line': b'-- Up-to-date: /code/articubot_one/install/articubot_one/share/articubot_one/launch/joystick.launch.py\n'}
[1.073589] (articubot_one) StdoutLine: {'line': b'-- Up-to-date: /code/articubot_one/install/articubot_one/share/articubot_one/launch/launch_robot.launch.py\n'}
[1.101317] (-) TimerEvent: {}
[1.116681] (articubot_one) StdoutLine: {'line': b'-- Up-to-date: /code/articubot_one/install/articubot_one/share/articubot_one/launch/launch_sim.launch.py\n'}
[1.148445] (articubot_one) StdoutLine: {'line': b'-- Up-to-date: /code/articubot_one/install/articubot_one/share/articubot_one/launch/online_async_launch.py\n'}
[1.180081] (articubot_one) StdoutLine: {'line': b'-- Up-to-date: /code/articubot_one/install/articubot_one/share/articubot_one/launch/rplidar.launch.py\n'}
[1.203132] (-) TimerEvent: {}
[1.224726] (articubot_one) StdoutLine: {'line': b'-- Up-to-date: /code/articubot_one/install/articubot_one/share/articubot_one/launch/rsp.launch.py\n'}
[1.243746] (articubot_one) StdoutLine: {'line': b'-- Up-to-date: /code/articubot_one/install/articubot_one/share/articubot_one/worlds\n'}
[1.277536] (articubot_one) StdoutLine: {'line': b'-- Up-to-date: /code/articubot_one/install/articubot_one/share/articubot_one/worlds/empty.world\n'}
[1.301205] (articubot_one) StdoutLine: {'line': b'-- Up-to-date: /code/articubot_one/install/articubot_one/share/articubot_one/worlds/obstacles.world\n'}
[1.303283] (-) TimerEvent: {}
[1.355455] (articubot_one) StdoutLine: {'line': b'-- Up-to-date: /code/articubot_one/install/articubot_one/share/ament_index/resource_index/package_run_dependencies/articubot_one\n'}
[1.398371] (articubot_one) StdoutLine: {'line': b'-- Up-to-date: /code/articubot_one/install/articubot_one/share/ament_index/resource_index/parent_prefix_path/articubot_one\n'}
[1.403767] (-) TimerEvent: {}
[1.427818] (articubot_one) StdoutLine: {'line': b'-- Up-to-date: /code/articubot_one/install/articubot_one/share/articubot_one/environment/ament_prefix_path.sh\n'}
[1.460757] (articubot_one) StdoutLine: {'line': b'-- Up-to-date: /code/articubot_one/install/articubot_one/share/articubot_one/environment/ament_prefix_path.dsv\n'}
[1.486431] (articubot_one) StdoutLine: {'line': b'-- Up-to-date: /code/articubot_one/install/articubot_one/share/articubot_one/environment/path.sh\n'}
[1.505305] (-) TimerEvent: {}
[1.534957] (articubot_one) StdoutLine: {'line': b'-- Up-to-date: /code/articubot_one/install/articubot_one/share/articubot_one/environment/path.dsv\n'}
[1.566142] (articubot_one) StdoutLine: {'line': b'-- Up-to-date: /code/articubot_one/install/articubot_one/share/articubot_one/local_setup.bash\n'}
[1.606489] (-) TimerEvent: {}
[1.609789] (articubot_one) StdoutLine: {'line': b'-- Up-to-date: /code/articubot_one/install/articubot_one/share/articubot_one/local_setup.sh\n'}
[1.638342] (articubot_one) StdoutLine: {'line': b'-- Up-to-date: /code/articubot_one/install/articubot_one/share/articubot_one/local_setup.zsh\n'}
[1.663563] (articubot_one) StdoutLine: {'line': b'-- Up-to-date: /code/articubot_one/install/articubot_one/share/articubot_one/local_setup.dsv\n'}
[1.707916] (articubot_one) StdoutLine: {'line': b'-- Installing: /code/articubot_one/install/articubot_one/share/articubot_one/package.dsv\n'}
[1.709322] (-) TimerEvent: {}
[1.817717] (-) TimerEvent: {}
[1.839638] (articubot_one) StdoutLine: {'line': b'-- Up-to-date: /code/articubot_one/install/articubot_one/share/ament_index/resource_index/packages/articubot_one\n'}
[1.866898] (articubot_one) StdoutLine: {'line': b'-- Up-to-date: /code/articubot_one/install/articubot_one/share/articubot_one/cmake/articubot_oneConfig.cmake\n'}
[1.898374] (articubot_one) StdoutLine: {'line': b'-- Up-to-date: /code/articubot_one/install/articubot_one/share/articubot_one/cmake/articubot_oneConfig-version.cmake\n'}
[1.918246] (-) TimerEvent: {}
[1.951082] (articubot_one) StdoutLine: {'line': b'-- Up-to-date: /code/articubot_one/install/articubot_one/share/articubot_one/package.xml\n'}
[1.967094] (articubot_one) CommandEnded: {'returncode': 0}
[2.019965] (-) TimerEvent: {}
[2.128387] (-) TimerEvent: {}
[2.237003] (-) TimerEvent: {}
[2.345394] (-) TimerEvent: {}
[2.455801] (-) TimerEvent: {}
[2.564248] (-) TimerEvent: {}
[2.672586] (-) TimerEvent: {}
[2.783601] (-) TimerEvent: {}
[2.890021] (articubot_one) JobEnded: {'identifier': 'articubot_one', 'rc': 0}
[2.923659] (-) TimerEvent: {}
[2.924179] (-) EventReactorShutdown: {}
