[0.201s] DEBUG:colcon:Command line arguments: ['/usr/bin/colcon', 'build']
[0.202s] DEBUG:colcon:Parsed command line arguments: Namespace(allow_overriding=[], ament_cmake_args=None, base_paths=['.'], build_base='build', catkin_cmake_args=None, catkin_skip_building_tests=False, cmake_args=None, cmake_clean_cache=False, cmake_clean_first=False, cmake_force_configure=False, cmake_target=None, cmake_target_skip_unavailable=False, continue_on_error=False, event_handlers=None, executor='parallel', ignore_user_meta=False, install_base='install', log_base=None, log_level=None, main=<bound method BuildVerb.main of <colcon_core.verb.build.BuildVerb object at 0xfa368ceca880>>, merge_install=False, metas=['./colcon.meta'], packages_above=None, packages_above_and_dependencies=None, packages_above_depth=None, packages_end=None, packages_ignore=None, packages_ignore_regex=None, packages_select=None, packages_select_build_failed=False, packages_select_by_dep=None, packages_select_regex=None, packages_select_test_failures=False, packages_skip=None, packages_skip_build_finished=False, packages_skip_by_dep=None, packages_skip_regex=None, packages_skip_test_passed=False, packages_skip_up_to=None, packages_start=None, packages_up_to=None, packages_up_to_regex=None, parallel_workers=12, paths=None, symlink_install=False, test_result_base=None, verb_extension=<colcon_core.verb.build.BuildVerb object at 0xfa368ceca880>, verb_name='build', verb_parser=<colcon_defaults.argument_parser.defaults.DefaultArgumentsDecorator object at 0xfa368cefa340>)
[0.331s] Level 1:colcon.colcon_core.package_discovery:discover_packages(colcon_meta) check parameters
[0.332s] Level 1:colcon.colcon_core.package_discovery:discover_packages(recursive) check parameters
[0.332s] Level 1:colcon.colcon_core.package_discovery:discover_packages(ignore) check parameters
[0.332s] Level 1:colcon.colcon_core.package_discovery:discover_packages(path) check parameters
[0.333s] Level 1:colcon.colcon_core.package_discovery:discover_packages(colcon_meta) discover
[0.333s] Level 1:colcon.colcon_core.package_discovery:discover_packages(recursive) discover
[0.333s] INFO:colcon.colcon_core.package_discovery:Crawling recursively for packages in '/code/articubot_one'
[0.335s] Level 1:colcon.colcon_core.package_identification:_identify(.) by extensions ['ignore', 'ignore_ament_install']
[0.336s] Level 1:colcon.colcon_core.package_identification:_identify(.) by extension 'ignore'
[0.336s] Level 1:colcon.colcon_core.package_identification:_identify(.) by extension 'ignore_ament_install'
[0.337s] Level 1:colcon.colcon_core.package_identification:_identify(.) by extensions ['colcon_pkg']
[0.337s] Level 1:colcon.colcon_core.package_identification:_identify(.) by extension 'colcon_pkg'
[0.338s] Level 1:colcon.colcon_core.package_identification:_identify(.) by extensions ['colcon_meta']
[0.338s] Level 1:colcon.colcon_core.package_identification:_identify(.) by extension 'colcon_meta'
[0.339s] Level 1:colcon.colcon_core.package_identification:_identify(.) by extensions ['ros']
[0.339s] Level 1:colcon.colcon_core.package_identification:_identify(.) by extension 'ros'
[0.361s] DEBUG:colcon.colcon_core.package_identification:Package '.' with type 'ros.ament_cmake' and name 'articubot_one'
[0.362s] Level 1:colcon.colcon_core.package_discovery:discover_packages(recursive) using defaults
[0.362s] Level 1:colcon.colcon_core.package_discovery:discover_packages(ignore) discover
[0.362s] Level 1:colcon.colcon_core.package_discovery:discover_packages(ignore) using defaults
[0.362s] Level 1:colcon.colcon_core.package_discovery:discover_packages(path) discover
[0.363s] Level 1:colcon.colcon_core.package_discovery:discover_packages(path) using defaults
[0.380s] Level 1:colcon.colcon_core.package_discovery:discover_packages(prefix_path) check parameters
[0.380s] Level 1:colcon.colcon_core.package_discovery:discover_packages(prefix_path) discover
[0.429s] DEBUG:colcon.colcon_installed_package_information.package_discovery:Found 1 installed packages in /code/articubot_one/install
[0.431s] DEBUG:colcon.colcon_installed_package_information.package_discovery:Found 332 installed packages in /opt/ros/foxy
[0.433s] Level 1:colcon.colcon_core.package_discovery:discover_packages(prefix_path) using defaults
[0.534s] Level 5:colcon.colcon_core.verb:set package 'articubot_one' build argument 'cmake_args' from command line to 'None'
[0.534s] Level 5:colcon.colcon_core.verb:set package 'articubot_one' build argument 'cmake_target' from command line to 'None'
[0.535s] Level 5:colcon.colcon_core.verb:set package 'articubot_one' build argument 'cmake_target_skip_unavailable' from command line to 'False'
[0.535s] Level 5:colcon.colcon_core.verb:set package 'articubot_one' build argument 'cmake_clean_cache' from command line to 'False'
[0.535s] Level 5:colcon.colcon_core.verb:set package 'articubot_one' build argument 'cmake_clean_first' from command line to 'False'
[0.536s] Level 5:colcon.colcon_core.verb:set package 'articubot_one' build argument 'cmake_force_configure' from command line to 'False'
[0.536s] Level 5:colcon.colcon_core.verb:set package 'articubot_one' build argument 'ament_cmake_args' from command line to 'None'
[0.536s] Level 5:colcon.colcon_core.verb:set package 'articubot_one' build argument 'catkin_cmake_args' from command line to 'None'
[0.537s] Level 5:colcon.colcon_core.verb:set package 'articubot_one' build argument 'catkin_skip_building_tests' from command line to 'False'
[0.537s] DEBUG:colcon.colcon_core.verb:Building package 'articubot_one' with the following arguments: {'ament_cmake_args': None, 'build_base': '/code/articubot_one/build/articubot_one', 'catkin_cmake_args': None, 'catkin_skip_building_tests': False, 'cmake_args': None, 'cmake_clean_cache': False, 'cmake_clean_first': False, 'cmake_force_configure': False, 'cmake_target': None, 'cmake_target_skip_unavailable': False, 'install_base': '/code/articubot_one/install/articubot_one', 'merge_install': False, 'path': '/code/articubot_one', 'symlink_install': False, 'test_result_base': None}
[0.537s] INFO:colcon.colcon_core.executor:Executing jobs using 'parallel' executor
[0.539s] DEBUG:colcon.colcon_parallel_executor.executor.parallel:run_until_complete
[0.540s] INFO:colcon.colcon_ros.task.ament_cmake.build:Building ROS package in '/code/articubot_one' with build type 'ament_cmake'
[0.552s] INFO:colcon.colcon_cmake.task.cmake.build:Building CMake package in '/code/articubot_one'
[0.561s] INFO:colcon.colcon_core.plugin_system:Skipping extension 'colcon_core.shell.bat': Not used on non-Windows systems
[0.562s] INFO:colcon.colcon_core.shell:Skip shell extension 'powershell' for command environment: Not usable outside of PowerShell
[0.563s] DEBUG:colcon.colcon_core.shell:Skip shell extension 'dsv' for command environment
[0.698s] DEBUG:colcon.colcon_core.event_handler.log_command:Invoking command in '/code/articubot_one/build/articubot_one': CMAKE_PREFIX_PATH=${CMAKE_PREFIX_PATH}:/opt/ros/foxy /usr/bin/cmake --build /code/articubot_one/build/articubot_one -- -j12 -l12
[0.841s] DEBUG:colcon.colcon_core.event_handler.log_command:Invoked command in '/code/articubot_one/build/articubot_one' returned '0': CMAKE_PREFIX_PATH=${CMAKE_PREFIX_PATH}:/opt/ros/foxy /usr/bin/cmake --build /code/articubot_one/build/articubot_one -- -j12 -l12
[0.902s] DEBUG:colcon.colcon_core.event_handler.log_command:Invoking command in '/code/articubot_one/build/articubot_one': CMAKE_PREFIX_PATH=${CMAKE_PREFIX_PATH}:/opt/ros/foxy /usr/bin/cmake --install /code/articubot_one/build/articubot_one
[2.519s] Level 1:colcon.colcon_core.environment:create_environment_scripts_only(articubot_one)
[2.521s] DEBUG:colcon.colcon_core.event_handler.log_command:Invoked command in '/code/articubot_one/build/articubot_one' returned '0': CMAKE_PREFIX_PATH=${CMAKE_PREFIX_PATH}:/opt/ros/foxy /usr/bin/cmake --install /code/articubot_one/build/articubot_one
[2.524s] Level 1:colcon.colcon_core.environment:checking '/code/articubot_one/install/articubot_one' for CMake module files
[2.703s] Level 1:colcon.colcon_core.environment:checking '/code/articubot_one/install/articubot_one' for CMake config files
[2.778s] Level 1:colcon.colcon_core.shell:create_environment_hook('articubot_one', 'cmake_prefix_path')
[2.779s] INFO:colcon.colcon_core.shell:Creating environment hook '/code/articubot_one/install/articubot_one/share/articubot_one/hook/cmake_prefix_path.ps1'
[2.814s] INFO:colcon.colcon_core.shell:Creating environment descriptor '/code/articubot_one/install/articubot_one/share/articubot_one/hook/cmake_prefix_path.dsv'
[2.834s] INFO:colcon.colcon_core.shell:Creating environment hook '/code/articubot_one/install/articubot_one/share/articubot_one/hook/cmake_prefix_path.sh'
[2.861s] Level 1:colcon.colcon_core.environment:checking '/code/articubot_one/install/articubot_one/bin'
[2.863s] Level 1:colcon.colcon_core.environment:checking '/code/articubot_one/install/articubot_one/lib/pkgconfig/articubot_one.pc'
[2.866s] Level 1:colcon.colcon_core.environment:checking '/code/articubot_one/install/articubot_one/lib/python3.8/site-packages'
[2.868s] Level 1:colcon.colcon_core.environment:checking '/code/articubot_one/install/articubot_one/bin'
[2.870s] INFO:colcon.colcon_core.shell:Creating package script '/code/articubot_one/install/articubot_one/share/articubot_one/package.ps1'
[2.888s] INFO:colcon.colcon_core.shell:Creating package descriptor '/code/articubot_one/install/articubot_one/share/articubot_one/package.dsv'
[2.910s] INFO:colcon.colcon_core.shell:Creating package script '/code/articubot_one/install/articubot_one/share/articubot_one/package.sh'
[2.928s] INFO:colcon.colcon_core.shell:Creating package script '/code/articubot_one/install/articubot_one/share/articubot_one/package.bash'
[2.946s] INFO:colcon.colcon_core.shell:Creating package script '/code/articubot_one/install/articubot_one/share/articubot_one/package.zsh'
[2.975s] Level 1:colcon.colcon_core.environment:create_file_with_runtime_dependencies(/code/articubot_one/install/articubot_one/share/colcon-core/packages/articubot_one)
[3.037s] Level 1:colcon.colcon_core.environment:create_environment_scripts_only(articubot_one)
[3.038s] Level 1:colcon.colcon_core.environment:checking '/code/articubot_one/install/articubot_one' for CMake module files
[3.185s] Level 1:colcon.colcon_core.environment:checking '/code/articubot_one/install/articubot_one' for CMake config files
[3.272s] Level 1:colcon.colcon_core.shell:create_environment_hook('articubot_one', 'cmake_prefix_path')
[3.273s] INFO:colcon.colcon_core.shell:Creating environment hook '/code/articubot_one/install/articubot_one/share/articubot_one/hook/cmake_prefix_path.ps1'
[3.291s] INFO:colcon.colcon_core.shell:Creating environment descriptor '/code/articubot_one/install/articubot_one/share/articubot_one/hook/cmake_prefix_path.dsv'
[3.309s] INFO:colcon.colcon_core.shell:Creating environment hook '/code/articubot_one/install/articubot_one/share/articubot_one/hook/cmake_prefix_path.sh'
[3.334s] Level 1:colcon.colcon_core.environment:checking '/code/articubot_one/install/articubot_one/bin'
[3.336s] Level 1:colcon.colcon_core.environment:checking '/code/articubot_one/install/articubot_one/lib/pkgconfig/articubot_one.pc'
[3.339s] Level 1:colcon.colcon_core.environment:checking '/code/articubot_one/install/articubot_one/lib/python3.8/site-packages'
[3.342s] Level 1:colcon.colcon_core.environment:checking '/code/articubot_one/install/articubot_one/bin'
[3.345s] INFO:colcon.colcon_core.shell:Creating package script '/code/articubot_one/install/articubot_one/share/articubot_one/package.ps1'
[3.362s] INFO:colcon.colcon_core.shell:Creating package descriptor '/code/articubot_one/install/articubot_one/share/articubot_one/package.dsv'
[3.382s] INFO:colcon.colcon_core.shell:Creating package script '/code/articubot_one/install/articubot_one/share/articubot_one/package.sh'
[3.400s] INFO:colcon.colcon_core.shell:Creating package script '/code/articubot_one/install/articubot_one/share/articubot_one/package.bash'
[3.416s] INFO:colcon.colcon_core.shell:Creating package script '/code/articubot_one/install/articubot_one/share/articubot_one/package.zsh'
[3.431s] Level 1:colcon.colcon_core.environment:create_file_with_runtime_dependencies(/code/articubot_one/install/articubot_one/share/colcon-core/packages/articubot_one)
[3.442s] DEBUG:colcon.colcon_parallel_executor.executor.parallel:closing loop
[3.443s] DEBUG:colcon.colcon_parallel_executor.executor.parallel:loop closed
[3.444s] DEBUG:colcon.colcon_parallel_executor.executor.parallel:run_until_complete finished with '0'
[3.445s] DEBUG:colcon.colcon_core.event_reactor:joining thread
[3.490s] INFO:colcon.colcon_core.plugin_system:Skipping extension 'colcon_notification.desktop_notification.notify_send': Could not find 'notify-send'
[3.491s] INFO:colcon.colcon_core.plugin_system:Skipping extension 'colcon_notification.desktop_notification.terminal_notifier': Not used on non-Darwin systems
[3.492s] INFO:colcon.colcon_core.plugin_system:Skipping extension 'colcon_notification.desktop_notification.win32': Not used on non-Windows systems
[3.492s] INFO:colcon.colcon_notification.desktop_notification:Sending desktop notification using 'notify2'
[3.497s] DEBUG:colcon.colcon_notification.desktop_notification.notify2:Failed to initialize notify2: org.freedesktop.DBus.Error.Spawn.ExecFailed: /usr/bin/dbus-launch terminated abnormally without any error message
[3.498s] DEBUG:colcon.colcon_core.event_reactor:joined thread
[3.500s] INFO:colcon.colcon_core.shell:Creating prefix script '/code/articubot_one/install/local_setup.ps1'
[3.511s] INFO:colcon.colcon_core.shell:Creating prefix util module '/code/articubot_one/install/_local_setup_util_ps1.py'
[3.520s] INFO:colcon.colcon_core.shell:Creating prefix chain script '/code/articubot_one/install/setup.ps1'
[3.543s] INFO:colcon.colcon_core.shell:Creating prefix script '/code/articubot_one/install/local_setup.sh'
[3.550s] INFO:colcon.colcon_core.shell:Creating prefix util module '/code/articubot_one/install/_local_setup_util_sh.py'
[3.558s] INFO:colcon.colcon_core.shell:Creating prefix chain script '/code/articubot_one/install/setup.sh'
[3.580s] INFO:colcon.colcon_core.shell:Creating prefix script '/code/articubot_one/install/local_setup.bash'
[3.589s] INFO:colcon.colcon_core.shell:Creating prefix chain script '/code/articubot_one/install/setup.bash'
[3.620s] INFO:colcon.colcon_core.shell:Creating prefix script '/code/articubot_one/install/local_setup.zsh'
[3.631s] INFO:colcon.colcon_core.shell:Creating prefix chain script '/code/articubot_one/install/setup.zsh'
